#
# A fatal error has been detected by the Java Runtime Environment:
#
#  EXCEPTION_ACCESS_VIOLATION (0xc0000005) at pc=0x000000006a749683, pid=6860, tid=4960
#
# JRE version: Java(TM) SE Runtime Environment (8.0_91-b14) (build 1.8.0_91-b14)
# Java VM: Java HotSpot(TM) 64-Bit Server VM (25.91-b14 mixed mode windows-amd64 compressed oops)
# Problematic frame:
# C  [gdx-freetype64.dll+0x9683]
#
# Failed to write core dump. Minidumps are not enabled by default on client versions of Windows
#
# If you would like to submit a bug report, please visit:
#   http://bugreport.java.com/bugreport/crash.jsp
# The crash happened outside the Java Virtual Machine in native code.
# See problematic frame for where to report the bug.
#

---------------  T H R E A D  ---------------

Current thread (0x000000005aa13000):  JavaThread "LWJGL Application" [_thread_in_native, id=4960, stack(0x000000005f7f0000,0x000000005f8f0000)]

siginfo: ExceptionCode=0xc0000005, reading address 0x0000000000000054

Registers:
RAX=0x0000000000000000, RBX=0x00000000638c2bc0, RCX=0x0000000064bfd920, RDX=0x000000005f8eee78
RSP=0x000000005f8eeda0, RBP=0x000000005f8eee68, RSI=0x0000000064bfd920, RDI=0x0000000064b1fcb0
R8 =0x0000000064bfd920, R9 =0x00000000000000de, R10=0x0000000002887f08, R11=0x0000000058909d90
R12=0x0000000000000000, R13=0x00000000638c2bc0, R14=0x000000005f8eee90, R15=0x000000005aa13000
RIP=0x000000006a749683, EFLAGS=0x0000000000010202

Top of Stack: (sp=0x000000005f8eeda0)
0x000000005f8eeda0:   0000000000000000 00000000123049f8
0x000000005f8eedb0:   000000000000002a 0000000000000001
0x000000005f8eedc0:   0000000000001009 00000000638c2bc0
0x000000005f8eedd0:   0000000069e810d8 0000000002878331
0x000000005f8eede0:   000000005f8eee68 0000000002887f34
0x000000005f8eedf0:   0000000000000001 0000000000000000
0x000000005f8eee00:   000000005ebd5060 0000000000000000
0x000000005f8eee10:   0000000000001ae0 0000000180004ff7
0x000000005f8eee20:   000000005ebd5060 000000005f8eee28
0x000000005f8eee30:   0000000000000000 000000005f8eee90
0x000000005f8eee40:   00000000638c4620 0000000000000000
0x000000005f8eee50:   00000000638c2bc0 0000000000000000
0x000000005f8eee60:   000000005f8eee88 000000005f8eeed8
0x000000005f8eee70:   0000000002878331 00000000815c8d48
0x000000005f8eee80:   00000000028819b8 0000000064bfd920
0x000000005f8eee90:   0000000000000000 000000005f8eee98 

Instructions: (pc=0x000000006a749683)
0x000000006a749663:   53 48 83 ec 28 48 85 c9 48 89 ce 74 30 48 8b b9
0x000000006a749673:   90 00 00 00 48 85 ff 74 24 48 8b 81 d0 00 00 00
0x000000006a749683:   8b 48 54 8d 51 ff 89 50 54 31 c0 85 d2 7e 1e 48
0x000000006a749693:   83 c4 28 5b 5e 5f 5d c3 0f 1f 44 00 00 b8 23 00 


Register to memory mapping:

RAX=0x0000000000000000 is an unknown value
RBX={method} {0x00000000638c2bc8} 'doneFace' '(J)V' in 'com/badlogic/gdx/graphics/g2d/freetype/FreeType$Face'
RCX=0x0000000064bfd920 is an unknown value
RDX=0x000000005f8eee78 is pointing into the stack for thread: 0x000000005aa13000
RSP=0x000000005f8eeda0 is pointing into the stack for thread: 0x000000005aa13000
RBP=0x000000005f8eee68 is pointing into the stack for thread: 0x000000005aa13000
RSI=0x0000000064bfd920 is an unknown value
RDI=0x0000000064b1fcb0 is an unknown value
R8 =0x0000000064bfd920 is an unknown value
R9 =0x00000000000000de is an unknown value
R10=0x0000000002887f08 is at code_begin+840 in an Interpreter codelet
method entry point (kind = native)  [0x0000000002887bc0, 0x0000000002888520]  2400 bytes
R11=0x0000000058909d90 is an unknown value
R12=0x0000000000000000 is an unknown value
R13={method} {0x00000000638c2bc8} 'doneFace' '(J)V' in 'com/badlogic/gdx/graphics/g2d/freetype/FreeType$Face'
R14=0x000000005f8eee90 is pointing into the stack for thread: 0x000000005aa13000
R15=0x000000005aa13000 is a thread


Stack: [0x000000005f7f0000,0x000000005f8f0000],  sp=0x000000005f8eeda0,  free space=1019k
Native frames: (J=compiled Java code, j=interpreted, Vv=VM code, C=native code)
C  [gdx-freetype64.dll+0x9683]
C  0x0000000002887f34

Java frames: (J=compiled Java code, j=interpreted, Vv=VM code)
j  com.badlogic.gdx.graphics.g2d.freetype.FreeType$Face.doneFace(J)V+0
j  com.badlogic.gdx.graphics.g2d.freetype.FreeType$Face.dispose()V+4
j  com.badlogic.gdx.graphics.g2d.freetype.FreeTypeFontGenerator.dispose()V+4
j  com.mygdx.game.objects.GamePause.dispose()V+4
j  com.mygdx.game.states.GameState.dispose()V+390
j  com.mygdx.game.Manager.dispose()V+14
j  com.mygdx.game.Manager.changeState(I)V+1
J 3782 C2 com.mygdx.game.states.GameState.update(F)V (2214 bytes) @ 0x000000000385b400 [0x00000000038582c0+0x3140]
J 3948 C2 com.mygdx.game.KambojaMain.render()V (129 bytes) @ 0x0000000002dc85f8 [0x0000000002dc80e0+0x518]
j  com.badlogic.gdx.backends.lwjgl.LwjglApplication.mainLoop()V+684
j  com.badlogic.gdx.backends.lwjgl.LwjglApplication$1.run()V+27
v  ~StubRoutines::call_stub

---------------  P R O C E S S  ---------------

Java Threads: ( => current thread )
  0x000000005a8b3000 JavaThread "LWJGL Timer" daemon [_thread_blocked, id=3896, stack(0x0000000066650000,0x0000000066750000)]
  0x0000000001c9e800 JavaThread "DestroyJavaVM" [_thread_blocked, id=4060, stack(0x00000000024a0000,0x00000000025a0000)]
=>0x000000005aa13000 JavaThread "LWJGL Application" [_thread_in_native, id=4960, stack(0x000000005f7f0000,0x000000005f8f0000)]
  0x000000005a56f800 JavaThread "TimerQueue" daemon [_thread_blocked, id=5388, stack(0x000000005e9e0000,0x000000005eae0000)]
  0x000000005a536800 JavaThread "D3D Screen Updater" daemon [_thread_blocked, id=5216, stack(0x000000005d650000,0x000000005d750000)]
  0x000000005a41b000 JavaThread "AWT-Windows" daemon [_thread_in_native, id=1044, stack(0x000000005b030000,0x000000005b130000)]
  0x000000005a3be000 JavaThread "Java2D Disposer" daemon [_thread_blocked, id=2172, stack(0x000000005abd0000,0x000000005acd0000)]
  0x00000000597d7000 JavaThread "Service Thread" daemon [_thread_blocked, id=5656, stack(0x0000000059fe0000,0x000000005a0e0000)]
  0x0000000059758000 JavaThread "C1 CompilerThread2" daemon [_thread_blocked, id=5236, stack(0x0000000059e20000,0x0000000059f20000)]
  0x0000000059753000 JavaThread "C2 CompilerThread1" daemon [_thread_blocked, id=6524, stack(0x0000000059be0000,0x0000000059ce0000)]
  0x000000005757b800 JavaThread "C2 CompilerThread0" daemon [_thread_blocked, id=5232, stack(0x0000000059530000,0x0000000059630000)]
  0x0000000057579000 JavaThread "Attach Listener" daemon [_thread_blocked, id=5928, stack(0x0000000059650000,0x0000000059750000)]
  0x0000000057576000 JavaThread "Signal Dispatcher" daemon [_thread_blocked, id=6004, stack(0x0000000059360000,0x0000000059460000)]
  0x000000005755b800 JavaThread "Finalizer" daemon [_thread_blocked, id=5444, stack(0x00000000591e0000,0x00000000592e0000)]
  0x0000000057514800 JavaThread "Reference Handler" daemon [_thread_blocked, id=6148, stack(0x00000000585e0000,0x00000000586e0000)]

Other Threads:
  0x000000005750d000 VMThread [stack: 0x0000000059050000,0x0000000059150000] [id=4680]
  0x00000000597e6800 WatcherThread [stack: 0x000000005a1c0000,0x000000005a2c0000] [id=5532]

VM state:not at safepoint (normal execution)

VM Mutex/Monitor currently owned by a thread: None

Heap:
 PSYoungGen      total 25600K, used 23134K [0x00000000d5700000, 0x00000000d8900000, 0x0000000100000000)
  eden space 24576K, 90% used [0x00000000d5700000,0x00000000d6cb5d50,0x00000000d6f00000)
  from space 1024K, 88% used [0x00000000d6f80000,0x00000000d7061ad0,0x00000000d7080000)
  to   space 13312K, 0% used [0x00000000d7c00000,0x00000000d7c00000,0x00000000d8900000)
 ParOldGen       total 87552K, used 36573K [0x0000000080400000, 0x0000000085980000, 0x00000000d5700000)
  object space 87552K, 41% used [0x0000000080400000,0x00000000827b7770,0x0000000085980000)
 Metaspace       used 19255K, capacity 19491K, committed 19712K, reserved 1067008K
  class space    used 2173K, capacity 2235K, committed 2304K, reserved 1048576K

Card table byte_map: [0x0000000011c30000,0x0000000012030000] byte_map_base: 0x000000001182e000

Marking Bits: (ParMarkBitMap*) 0x0000000058ef2f70
 Begin Bits: [0x00000000127a0000, 0x0000000014790000)
 End Bits:   [0x0000000014790000, 0x0000000016780000)

Polling page: 0x0000000000140000

CodeCache: size=245760Kb used=14629Kb max_used=16368Kb free=231131Kb
 bounds [0x0000000002870000, 0x00000000038b0000, 0x0000000011870000]
 total_blobs=3982 nmethods=3217 adapters=676
 compilation: enabled

Compilation events (10 events):
Event: 150.665 Thread 0x0000000059758000 nmethod 3961 0x0000000003553610 code [0x00000000035537c0, 0x0000000003553e08]
Event: 150.665 Thread 0x0000000059758000 3962       3       java.util.ArrayList::toArray (12 bytes)
Event: 150.665 Thread 0x0000000059758000 nmethod 3962 0x0000000002ec1e50 code [0x0000000002ec1fc0, 0x0000000002ec2248]
Event: 150.681 Thread 0x000000005757b800 3963       4       java.util.Arrays::copyOf (46 bytes)
Event: 150.684 Thread 0x000000005757b800 nmethod 3963 0x0000000003294350 code [0x00000000032944a0, 0x00000000032947f8]
Event: 151.264 Thread 0x0000000059758000 3964       3       com.mygdx.game.objects.weapon.Molotov::endSound (1 bytes)
Event: 151.265 Thread 0x0000000059758000 nmethod 3964 0x0000000002d871d0 code [0x0000000002d87320, 0x0000000002d87470]
Event: 151.265 Thread 0x0000000059758000 3965       3       com.mygdx.game.objects.weapon.Shotgun::endSound (1 bytes)
Event: 151.265 Thread 0x0000000059758000 nmethod 3965 0x0000000002d60e50 code [0x0000000002d60fa0, 0x0000000002d610f0]
Event: 152.984 Thread 0x0000000059753000 3966       4       com.badlogic.gdx.utils.IntArray::clear (6 bytes)

GC Heap History (10 events):
Event: 125.714 GC heap before
{Heap before GC invocations=25 (full 3):
 PSYoungGen      total 27136K, used 17947K [0x00000000d5700000, 0x00000000d9180000, 0x0000000100000000)
  eden space 26112K, 65% used [0x00000000d5700000,0x00000000d67b8b60,0x00000000d7080000)
  from space 1024K, 80% used [0x00000000d7100000,0x00000000d71ce240,0x00000000d7200000)
  to   space 16896K, 0% used [0x00000000d8100000,0x00000000d8100000,0x00000000d9180000)
 ParOldGen       total 87552K, used 38831K [0x0000000080400000, 0x0000000085980000, 0x00000000d5700000)
  object space 87552K, 44% used [0x0000000080400000,0x00000000829ebca8,0x0000000085980000)
 Metaspace       used 19226K, capacity 19491K, committed 19712K, reserved 1067008K
  class space    used 2172K, capacity 2235K, committed 2304K, reserved 1048576K
Event: 125.716 GC heap after
Heap after GC invocations=25 (full 3):
 PSYoungGen      total 40960K, used 462K [0x00000000d5700000, 0x00000000d8f80000, 0x0000000100000000)
  eden space 26112K, 0% used [0x00000000d5700000,0x00000000d5700000,0x00000000d7080000)
  from space 14848K, 3% used [0x00000000d8100000,0x00000000d8173890,0x00000000d8f80000)
  to   space 15872K, 0% used [0x00000000d7080000,0x00000000d7080000,0x00000000d8000000)
 ParOldGen       total 87552K, used 38943K [0x0000000080400000, 0x0000000085980000, 0x00000000d5700000)
  object space 87552K, 44% used [0x0000000080400000,0x0000000082a07ca8,0x0000000085980000)
 Metaspace       used 19226K, capacity 19491K, committed 19712K, reserved 1067008K
  class space    used 2172K, capacity 2235K, committed 2304K, reserved 1048576K
}
Event: 125.716 GC heap before
{Heap before GC invocations=26 (full 4):
 PSYoungGen      total 40960K, used 462K [0x00000000d5700000, 0x00000000d8f80000, 0x0000000100000000)
  eden space 26112K, 0% used [0x00000000d5700000,0x00000000d5700000,0x00000000d7080000)
  from space 14848K, 3% used [0x00000000d8100000,0x00000000d8173890,0x00000000d8f80000)
  to   space 15872K, 0% used [0x00000000d7080000,0x00000000d7080000,0x00000000d8000000)
 ParOldGen       total 87552K, used 38943K [0x0000000080400000, 0x0000000085980000, 0x00000000d5700000)
  object space 87552K, 44% used [0x0000000080400000,0x0000000082a07ca8,0x0000000085980000)
 Metaspace       used 19226K, capacity 19491K, committed 19712K, reserved 1067008K
  class space    used 2172K, capacity 2235K, committed 2304K, reserved 1048576K
Event: 125.764 GC heap after
Heap after GC invocations=26 (full 4):
 PSYoungGen      total 40960K, used 0K [0x00000000d5700000, 0x00000000d8f80000, 0x0000000100000000)
  eden space 26112K, 0% used [0x00000000d5700000,0x00000000d5700000,0x00000000d7080000)
  from space 14848K, 0% used [0x00000000d8100000,0x00000000d8100000,0x00000000d8f80000)
  to   space 15872K, 0% used [0x00000000d7080000,0x00000000d7080000,0x00000000d8000000)
 ParOldGen       total 87552K, used 36389K [0x0000000080400000, 0x0000000085980000, 0x00000000d5700000)
  object space 87552K, 41% used [0x0000000080400000,0x0000000082789510,0x0000000085980000)
 Metaspace       used 19226K, capacity 19491K, committed 19712K, reserved 1067008K
  class space    used 2172K, capacity 2235K, committed 2304K, reserved 1048576K
}
Event: 132.190 GC heap before
{Heap before GC invocations=27 (full 4):
 PSYoungGen      total 40960K, used 26112K [0x00000000d5700000, 0x00000000d8f80000, 0x0000000100000000)
  eden space 26112K, 100% used [0x00000000d5700000,0x00000000d7080000,0x00000000d7080000)
  from space 14848K, 0% used [0x00000000d8100000,0x00000000d8100000,0x00000000d8f80000)
  to   space 15872K, 0% used [0x00000000d7080000,0x00000000d7080000,0x00000000d8000000)
 ParOldGen       total 87552K, used 36389K [0x0000000080400000, 0x0000000085980000, 0x00000000d5700000)
  object space 87552K, 41% used [0x0000000080400000,0x0000000082789510,0x0000000085980000)
 Metaspace       used 19238K, capacity 19491K, committed 19712K, reserved 1067008K
  class space    used 2172K, capacity 2235K, committed 2304K, reserved 1048576K
Event: 132.192 GC heap after
Heap after GC invocations=27 (full 4):
 PSYoungGen      total 26624K, used 746K [0x00000000d5700000, 0x00000000d8e00000, 0x0000000100000000)
  eden space 25600K, 0% used [0x00000000d5700000,0x00000000d5700000,0x00000000d7000000)
  from space 1024K, 72% used [0x00000000d7080000,0x00000000d713a9b0,0x00000000d7180000)
  to   space 15360K, 0% used [0x00000000d7f00000,0x00000000d7f00000,0x00000000d8e00000)
 ParOldGen       total 87552K, used 36397K [0x0000000080400000, 0x0000000085980000, 0x00000000d5700000)
  object space 87552K, 41% used [0x0000000080400000,0x000000008278b510,0x0000000085980000)
 Metaspace       used 19238K, capacity 19491K, committed 19712K, reserved 1067008K
  class space    used 2172K, capacity 2235K, committed 2304K, reserved 1048576K
}
Event: 138.362 GC heap before
{Heap before GC invocations=28 (full 4):
 PSYoungGen      total 26624K, used 26346K [0x00000000d5700000, 0x00000000d8e00000, 0x0000000100000000)
  eden space 25600K, 100% used [0x00000000d5700000,0x00000000d7000000,0x00000000d7000000)
  from space 1024K, 72% used [0x00000000d7080000,0x00000000d713a9b0,0x00000000d7180000)
  to   space 15360K, 0% used [0x00000000d7f00000,0x00000000d7f00000,0x00000000d8e00000)
 ParOldGen       total 87552K, used 36397K [0x0000000080400000, 0x0000000085980000, 0x00000000d5700000)
  object space 87552K, 41% used [0x0000000080400000,0x000000008278b510,0x0000000085980000)
 Metaspace       used 19251K, capacity 19491K, committed 19712K, reserved 1067008K
  class space    used 2173K, capacity 2235K, committed 2304K, reserved 1048576K
Event: 138.364 GC heap after
Heap after GC invocations=28 (full 4):
 PSYoungGen      total 37888K, used 1325K [0x00000000d5700000, 0x00000000d8b80000, 0x0000000100000000)
  eden space 25088K, 0% used [0x00000000d5700000,0x00000000d5700000,0x00000000d6f80000)
  from space 12800K, 10% used [0x00000000d7f00000,0x00000000d804b5a0,0x00000000d8b80000)
  to   space 14336K, 0% used [0x00000000d6f80000,0x00000000d6f80000,0x00000000d7d80000)
 ParOldGen       total 87552K, used 36485K [0x0000000080400000, 0x0000000085980000, 0x00000000d5700000)
  object space 87552K, 41% used [0x0000000080400000,0x00000000827a1510,0x0000000085980000)
 Metaspace       used 19251K, capacity 19491K, committed 19712K, reserved 1067008K
  class space    used 2173K, capacity 2235K, committed 2304K, reserved 1048576K
}
Event: 144.874 GC heap before
{Heap before GC invocations=29 (full 4):
 PSYoungGen      total 37888K, used 26413K [0x00000000d5700000, 0x00000000d8b80000, 0x0000000100000000)
  eden space 25088K, 100% used [0x00000000d5700000,0x00000000d6f80000,0x00000000d6f80000)
  from space 12800K, 10% used [0x00000000d7f00000,0x00000000d804b5a0,0x00000000d8b80000)
  to   space 14336K, 0% used [0x00000000d6f80000,0x00000000d6f80000,0x00000000d7d80000)
 ParOldGen       total 87552K, used 36485K [0x0000000080400000, 0x0000000085980000, 0x00000000d5700000)
  object space 87552K, 41% used [0x0000000080400000,0x00000000827a1510,0x0000000085980000)
 Metaspace       used 19254K, capacity 19491K, committed 19712K, reserved 1067008K
  class space    used 2173K, capacity 2235K, committed 2304K, reserved 1048576K
Event: 144.875 GC heap after
Heap after GC invocations=29 (full 4):
 PSYoungGen      total 25600K, used 902K [0x00000000d5700000, 0x00000000d8900000, 0x0000000100000000)
  eden space 24576K, 0% used [0x00000000d5700000,0x00000000d5700000,0x00000000d6f00000)
  from space 1024K, 88% used [0x00000000d6f80000,0x00000000d7061ad0,0x00000000d7080000)
  to   space 13312K, 0% used [0x00000000d7c00000,0x00000000d7c00000,0x00000000d8900000)
 ParOldGen       total 87552K, used 36573K [0x0000000080400000, 0x0000000085980000, 0x00000000d5700000)
  object space 87552K, 41% used [0x0000000080400000,0x00000000827b7770,0x0000000085980000)
 Metaspace       used 19254K, capacity 19491K, committed 19712K, reserved 1067008K
  class space    used 2173K, capacity 2235K, committed 2304K, reserved 1048576K
}

Deoptimization events (10 events):
Event: 86.371 Thread 0x000000005aa13000 Uncommon trap: reason=unstable_if action=reinterpret pc=0x00000000031550f4 method=com.google.gson.stream.JsonReader.decodeNumber([CII)Lcom/google/gson/stream/JsonToken; @ 212
Event: 86.415 Thread 0x000000005aa13000 Uncommon trap: reason=unstable_if action=reinterpret pc=0x000000000340a5ec method=com.mygdx.game.states.GameState.render(Lcom/badlogic/gdx/graphics/g2d/SpriteBatch;)V @ 226
Event: 86.415 Thread 0x000000005aa13000 Uncommon trap: reason=unstable_if action=reinterpret pc=0x0000000003721018 method=com.mygdx.game.states.GameState.render(Lcom/badlogic/gdx/graphics/g2d/SpriteBatch;)V @ 226
Event: 86.432 Thread 0x000000005aa13000 Uncommon trap: reason=unstable_if action=reinterpret pc=0x00000000032e5ae8 method=com.badlogic.gdx.graphics.glutils.IndexBufferObject.bind()V @ 35
Event: 86.433 Thread 0x000000005aa13000 Uncommon trap: reason=unstable_if action=reinterpret pc=0x00000000032db590 method=com.badlogic.gdx.graphics.glutils.IndexBufferObject.bind()V @ 35
Event: 86.627 Thread 0x000000005aa13000 Uncommon trap: reason=unstable_if action=reinterpret pc=0x000000000326c9b0 method=com.badlogic.gdx.graphics.g2d.SpriteBatch.draw(Lcom/badlogic/gdx/graphics/g2d/TextureRegion;FFFFFFFFF)V @ 175
Event: 88.989 Thread 0x000000005aa13000 Uncommon trap: reason=unstable_if action=reinterpret pc=0x00000000037f1c40 method=com.mygdx.game.states.GameState.update(F)V @ 827
Event: 90.988 Thread 0x000000005aa13000 Uncommon trap: reason=unstable_if action=reinterpret pc=0x0000000002ef5ea0 method=com.mygdx.game.objects.BotPlayer.update(F)V @ 453
Event: 104.670 Thread 0x000000005aa13000 Uncommon trap: reason=unstable_if action=reinterpret pc=0x00000000029a0000 method=com.mygdx.game.objects.weapon.Laser.render(Lcom/badlogic/gdx/graphics/g2d/SpriteBatch;)V @ 60
Event: 116.953 Thread 0x000000005aa13000 Uncommon trap: reason=unstable_if action=reinterpret pc=0x00000000038a2d90 method=com.mygdx.game.objects.BotPlayer.update(F)V @ 1122

Internal exceptions (10 events):
Event: 16.777 Thread 0x000000005aa13000 Implicit null exception at 0x0000000002e30705 to 0x0000000002e308b5
Event: 16.788 Thread 0x000000005aa13000 Implicit null exception at 0x000000000319e67e to 0x000000000319ea5d
Event: 16.804 Thread 0x000000005aa13000 Implicit null exception at 0x000000000319c109 to 0x000000000319c3fc
Event: 16.940 Thread 0x000000005aa13000 Implicit null exception at 0x00000000031f7296 to 0x00000000031f796d
Event: 16.954 Thread 0x000000005aa13000 Implicit null exception at 0x00000000031fe745 to 0x00000000031fee01
Event: 16.967 Thread 0x000000005aa13000 Implicit null exception at 0x00000000031ffb3d to 0x00000000032001c1
Event: 24.577 Thread 0x000000005aa13000 Implicit null exception at 0x0000000002d50c70 to 0x0000000002d53359
Event: 25.158 Thread 0x000000005aa13000 Implicit null exception at 0x0000000002df83da to 0x0000000002dfa579
Event: 50.250 Thread 0x000000005aa13000 Implicit null exception at 0x0000000002eff404 to 0x0000000002f02231
Event: 86.087 Thread 0x000000005aa13000 Implicit null exception at 0x00000000031d0bc9 to 0x00000000031d0e9d

Events (10 events):
Event: 132.192 Executing VM operation: ParallelGCFailedAllocation done
Event: 134.658 Thread 0x0000000059758000 flushing nmethod 0x0000000002d60e50
Event: 134.659 Thread 0x0000000059758000 flushing nmethod 0x0000000002e89f90
Event: 135.333 loading class java/net/Proxy
Event: 135.333 loading class java/net/Proxy done
Event: 135.359 Thread 0x000000005757b800 flushing nmethod 0x000000000307b490
Event: 138.362 Executing VM operation: ParallelGCFailedAllocation
Event: 138.364 Executing VM operation: ParallelGCFailedAllocation done
Event: 144.874 Executing VM operation: ParallelGCFailedAllocation
Event: 144.875 Executing VM operation: ParallelGCFailedAllocation done


Dynamic libraries:
0x000000013ff60000 - 0x000000013ff97000 	C:\Program Files\Java\jre1.8.0_91\bin\javaw.exe
0x00000000776d0000 - 0x000000007787a000 	C:\Windows\SYSTEM32\ntdll.dll
0x000007fefa7a0000 - 0x000007fefa7d3000 	C:\Program Files\AVAST Software\Avast\x64\aswhooka.dll
0x00000000774b0000 - 0x00000000775cf000 	C:\Windows\system32\kernel32.dll
0x000007fefd550000 - 0x000007fefd5ba000 	C:\Windows\system32\KERNELBASE.dll
0x000007fefd980000 - 0x000007fefda5b000 	C:\Windows\system32\ADVAPI32.dll
0x000007fefd8e0000 - 0x000007fefd97f000 	C:\Windows\system32\msvcrt.dll
0x000007fefe1f0000 - 0x000007fefe20f000 	C:\Windows\SYSTEM32\sechost.dll
0x000007fefdd30000 - 0x000007fefde5d000 	C:\Windows\system32\RPCRT4.dll
0x00000000775d0000 - 0x00000000776ca000 	C:\Windows\system32\USER32.dll
0x000007feff890000 - 0x000007feff8f7000 	C:\Windows\system32\GDI32.dll
0x000007fefd820000 - 0x000007fefd82e000 	C:\Windows\system32\LPK.dll
0x000007feff4f0000 - 0x000007feff5bb000 	C:\Windows\system32\USP10.dll
0x000007fefbdc0000 - 0x000007fefbfb4000 	C:\Windows\WinSxS\amd64_microsoft.windows.common-controls_6595b64144ccf1df_6.0.7601.18837_none_fa3b1e3d17594757\COMCTL32.dll
0x000007fefd860000 - 0x000007fefd8d1000 	C:\Windows\system32\SHLWAPI.dll
0x000007fefd830000 - 0x000007fefd85e000 	C:\Windows\system32\IMM32.DLL
0x000007feff3c0000 - 0x000007feff4c9000 	C:\Windows\system32\MSCTF.dll
0x0000000069d50000 - 0x0000000069e22000 	C:\Program Files\Java\jre1.8.0_91\bin\msvcr100.dll
0x00000000586e0000 - 0x0000000058f73000 	C:\Program Files\Java\jre1.8.0_91\bin\server\jvm.dll
0x000007feed210000 - 0x000007feed219000 	C:\Windows\system32\WSOCK32.dll
0x000007fefefa0000 - 0x000007fefefed000 	C:\Windows\system32\WS2_32.dll
0x000007fefda60000 - 0x000007fefda68000 	C:\Windows\system32\NSI.dll
0x000007fefb110000 - 0x000007fefb14b000 	C:\Windows\system32\WINMM.dll
0x000007fefc480000 - 0x000007fefc48c000 	C:\Windows\system32\VERSION.dll
0x00000000778a0000 - 0x00000000778a7000 	C:\Windows\system32\PSAPI.DLL
0x0000000071e90000 - 0x0000000071e9f000 	C:\Program Files\Java\jre1.8.0_91\bin\verify.dll
0x000000006a0e0000 - 0x000000006a109000 	C:\Program Files\Java\jre1.8.0_91\bin\java.dll
0x00000000712e0000 - 0x00000000712f6000 	C:\Program Files\Java\jre1.8.0_91\bin\zip.dll
0x000007fefe210000 - 0x000007fefef9b000 	C:\Windows\system32\SHELL32.dll
0x000007fefde60000 - 0x000007fefe05c000 	C:\Windows\system32\ole32.dll
0x000007fefd3c0000 - 0x000007fefd3cf000 	C:\Windows\system32\profapi.dll
0x00000000720c0000 - 0x0000000072258000 	C:\Program Files\Java\jre1.8.0_91\bin\awt.dll
0x000007fefdc50000 - 0x000007fefdd2a000 	C:\Windows\system32\OLEAUT32.dll
0x000007fefb9b0000 - 0x000007fefba06000 	C:\Windows\system32\uxtheme.dll
0x000007fefb5a0000 - 0x000007fefb5b8000 	C:\Windows\system32\dwmapi.dll
0x000007fefd220000 - 0x000007fefd22f000 	C:\Windows\system32\CRYPTBASE.dll
0x000007fee1020000 - 0x000007fee121f000 	C:\Windows\system32\d3d9.dll
0x000007fefbbd0000 - 0x000007fefbbd7000 	C:\Windows\system32\d3d8thk.dll
0x000007fedd440000 - 0x000007fede4ab000 	C:\Windows\system32\nvd3dumx.dll
0x000007fefbfc0000 - 0x000007fefbfec000 	C:\Windows\system32\powrprof.dll
0x000007fefda70000 - 0x000007fefdc47000 	C:\Windows\system32\SETUPAPI.dll
0x000007fefd690000 - 0x000007fefd6c6000 	C:\Windows\system32\CFGMGR32.dll
0x000007fefd630000 - 0x000007fefd64a000 	C:\Windows\system32\DEVOBJ.dll
0x000007fee5850000 - 0x000007fee5931000 	C:\Program Files (x86)\NVIDIA Corporation\3D Vision\nvSCPAPI64.dll
0x000007fee1540000 - 0x000007fee1716000 	C:\Windows\system32\nvspcap64.dll
0x000007fef9270000 - 0x000007fef92e1000 	C:\Windows\system32\WINHTTP.dll
0x000007fef9200000 - 0x000007fef9265000 	C:\Windows\system32\webio.dll
0x000007fef9cc0000 - 0x000007fefa075000 	C:\Windows\system32\nvapi64.dll
0x000007fefd190000 - 0x000007fefd1b5000 	C:\Windows\system32\SspiCli.dll
0x0000000071a20000 - 0x0000000071a67000 	C:\Program Files\Java\jre1.8.0_91\bin\fontmanager.dll
0x0000000072300000 - 0x000000007231a000 	C:\Program Files\Java\jre1.8.0_91\bin\net.dll
0x000007fefcb50000 - 0x000007fefcba5000 	C:\Windows\system32\mswsock.dll
0x000007fefcb40000 - 0x000007fefcb47000 	C:\Windows\System32\wship6.dll
0x00000000722e0000 - 0x00000000722f1000 	C:\Program Files\Java\jre1.8.0_91\bin\nio.dll
0x0000000071950000 - 0x0000000071992000 	C:\Program Files\Java\jre1.8.0_91\bin\t2k.dll
0x0000000065580000 - 0x0000000065616000 	C:\Users\Victor\AppData\Local\Temp\libgdxVictor\40f0d13c\gdx64.dll
0x000007fefcbb0000 - 0x000007fefcbc8000 	C:\Windows\system32\CRYPTSP.dll
0x000007fefc8b0000 - 0x000007fefc8f7000 	C:\Windows\system32\rsaenh.dll
0x000007fefd5c0000 - 0x000007fefd5de000 	C:\Windows\system32\USERENV.dll
0x000007fefae20000 - 0x000007fefae47000 	C:\Windows\system32\IPHLPAPI.DLL
0x000007fefae10000 - 0x000007fefae1b000 	C:\Windows\system32\WINNSI.DLL
0x000007fefad40000 - 0x000007fefad51000 	C:\Windows\system32\dhcpcsvc6.DLL
0x000007fefad20000 - 0x000007fefad38000 	C:\Windows\system32\dhcpcsvc.DLL
0x0000000180000000 - 0x0000000180053000 	C:\Users\Victor\AppData\Local\Temp\libgdxVictor\dc0f0009\lwjgl64.dll
0x000007fee3640000 - 0x000007fee375d000 	C:\Windows\system32\OPENGL32.dll
0x000007fef7e00000 - 0x000007fef7e2d000 	C:\Windows\system32\GLU32.dll
0x000007fee8920000 - 0x000007fee8a11000 	C:\Windows\system32\DDRAW.dll
0x000007fefa960000 - 0x000007fefa968000 	C:\Windows\system32\DCIMAN32.dll
0x00000000122e0000 - 0x0000000012344000 	C:\Users\Victor\AppData\Local\Temp\libgdxVictor\dc0f0009\OpenAL64.dll
0x000007fefd780000 - 0x000007fefd819000 	C:\Windows\system32\CLBCatQ.DLL
0x000007fefbb70000 - 0x000007fefbbbb000 	C:\Windows\System32\MMDevApi.dll
0x000007fefba30000 - 0x000007fefbb5c000 	C:\Windows\System32\PROPSYS.dll
0x000007fee57c0000 - 0x000007fee5848000 	C:\Windows\system32\dsound.dll
0x000007fefacd0000 - 0x000007fefad1f000 	C:\Windows\system32\AUDIOSES.DLL
0x000000005f8f0000 - 0x0000000061737000 	C:\Windows\system32\nvoglv64.DLL
0x000007fefc610000 - 0x000007fefc621000 	C:\Windows\system32\WTSAPI32.dll
0x000007fef7e30000 - 0x000007fef7f55000 	C:\Windows\system32\dbghelp.dll
0x000007fefd5f0000 - 0x000007fefd62b000 	C:\Windows\system32\WINTRUST.dll
0x000007fefd3e0000 - 0x000007fefd54d000 	C:\Windows\system32\CRYPT32.dll
0x000007fefd3d0000 - 0x000007fefd3df000 	C:\Windows\system32\MSASN1.dll
0x000007fefb530000 - 0x000007fefb55d000 	C:\Windows\system32\ntmarta.dll
0x000007feff900000 - 0x000007feff952000 	C:\Windows\system32\WLDAP32.dll
0x000007fefa2d0000 - 0x000007fefa36c000 	C:\Windows\system32\mscms.dll
0x000007fef7d70000 - 0x000007fef7db2000 	C:\Windows\system32\icm32.dll
0x000007fefd2d0000 - 0x000007fefd30d000 	C:\Windows\system32\WINSTA.dll
0x0000000068900000 - 0x0000000068a54000 	C:\Users\Victor\AppData\Local\Temp\libgdxVictor\703c426f\gdx-controllers-desktop64.dll
0x000007feeab30000 - 0x000007feeab6c000 	C:\Windows\system32\DINPUT8.dll
0x000007fefb5c0000 - 0x000007fefb5cb000 	C:\Windows\system32\HID.DLL
0x000000006a740000 - 0x000000006a7ed000 	C:\Users\Victor\AppData\Local\Temp\libgdxVictor\6fb08ec8\gdx-freetype64.dll
0x0000000059f20000 - 0x0000000059fdb000 	C:\Users\Victor\AppData\Local\Temp\libgdxVictor\ad04a22e\gdx-box2d64.dll

VM Arguments:
jvm_args: -Djava.library.path=D:\LIBGDX\libgdx\extensions\gdx-controllers\gdx-controllers-desktop-natives;D:\LIBGDX\libgdx\gdx-natives;D:\LIBGDX\libgdx\gdx-natives -Dfile.encoding=Cp1252 
java_command: com.mygdx.game.desktop.DesktopLauncher -Xmx4048m
java_class_path (initial): C:\Users\Victor\Games\Workspace\desktop\bin;C:\Users\Victor\.gradle\caches\modules-2\files-2.1\com.badlogicgames.gdx\gdx-backend-lwjgl\1.6.1\e3208559223c991f1db7220d5ddf3e5a12e5528f\gdx-backend-lwjgl-1.6.1.jar;C:\Users\Victor\.gradle\caches\modules-2\files-2.1\com.badlogicgames.gdx\gdx-platform\1.6.1\861f02e3f7f85423be6f9727ab12b03b40d39477\gdx-platform-1.6.1-natives-desktop.jar;C:\Users\Victor\.gradle\caches\modules-2\files-2.1\com.badlogicgames.gdx\gdx-box2d-platform\1.6.1\afe698dffa47134e4eeaaf674bd5ad3844e60ff0\gdx-box2d-platform-1.6.1-natives-desktop.jar;C:\Users\Victor\.gradle\caches\modules-2\files-2.1\com.badlogicgames.gdx\gdx-bullet-platform\1.6.1\e9a636bd871715f7e69c5e53f4cd2b4f0ef40a7d\gdx-bullet-platform-1.6.1-natives-desktop.jar;C:\Users\Victor\.gradle\caches\modules-2\files-2.1\com.badlogicgames.gdx\gdx-freetype-platform\1.6.1\a73fbc0f0873c7d30b8123371714f0cbcf32206e\gdx-freetype-platform-1.6.1-natives-desktop.jar;D:\LIBGDX\libgdx\extensions\gdx-controllers\gdx-controllers-desktop.jar;C:\Users\Victor\.gradle\caches\modules-2\files-2.1\com.badlogicgames.gdx\gdx-controllers-platform\1.6.1\758c616eb2c81f6043c5a73c22f8e2406bc6e750\gdx-controllers-platform-1.6.1-natives-desktop.jar;C:\Users\Victor\.gradle\caches\modules-2\files-2.1\com.badlogicgames.gdx\gdx-tools\1.6.1\f4fc6e4240d81c24b02a75c48f1685e6cf76435a\gdx-tools-1.6.1.jar;D:\LIBGDX\libgdx\gdx.jar;C:\Users\Victor\.gradle\caches\modules-2\files-2.1\com.badlogicgames.gdx\gdx-bullet\1.6.1\24124f7e16583d2a4f973c1b0f360c52ab259acf\gdx-bullet-1.6.1.jar;D:\LIBGDX\libgdx\extensions\gdx-controllers\gdx-controllers.jar;C:\Users\Victor\.gradle\caches\modules-2\files-2.1\org.lwjgl.lwjgl\lwjgl\2.9.2\a9d80fe5935c7a9149f6584d9777cfd471f65489\lwjgl-2.9.2.jar;C:\Users\Victor\.gradle\caches\modules-2\files-2.1\org.lwjgl.lwjgl\lwjgl_util\2.9.2\4b9e37300a87799856e0bd15ed81663cdb6b0947\lwjgl_util-2.9.2.jar;C:\Users\Victor\.gradle\caches\modules-2\files-2.1\com.badlogicgames.jlayer\jlayer\1.0.1
Launcher Type: SUN_STANDARD

Environment Variables:
JAVA_HOME=C:\Program Files (x86)\Java\jdk1.7.0_55
CLASSPATH=.;.;C:\PROGRA~2\JMF21~1.1E\lib\sound.jar;C:\PROGRA~2\JMF21~1.1E\lib\jmf.jar;C:\PROGRA~2\JMF21~1.1E\lib;C:\Program Files (x86)\ant\bin
PATH=C:\ProgramData\Oracle\Java\javapath;C:\Windows\system32;C:\Windows;C:\Windows\System32\Wbem;C:\Windows\System32\WindowsPowerShell\v1.0\;C:\Program Files (x86)\NVIDIA Corporation\PhysX\Common;C:\Program Files (x86)\Windows Kits\8.1\Windows Performance Toolkit\;C:\Program Files\Microsoft SQL Server\110\Tools\Binn\;C:\Program Files (x86)\Microsoft SDKs\TypeScript\1.0\;C:\Program Files\Microsoft SQL Server\120\Tools\Binn\;C:\Program Files\Java\jre1.8.0_71\bin;C:\Program Files\Java\jdk1.8.0_71\bin;C:\Program Files (x86)\GtkSharp\2.12\bin;C:\Program Files\Microsoft SQL Server\130\Tools\Binn\;C:\Program Files\MATLAB\R2016a\bin;C:\Program Files\SDL2;C:\Program Files\apache-maven-3.3.9\bin;C:\Program Files\Git\cmd;C:\Program Files (x86)\ant\bin;C:\Program Files (x86)\QuickTime\QTSystem\;C:\Program Files (x86)\Skype\Phone;C:\Program Files (x86)\Gradle\bin;C:\Program Files (x86)\CVSNT\
USERNAME=Victor
OS=Windows_NT
PROCESSOR_IDENTIFIER=Intel64 Family 6 Model 42 Stepping 7, GenuineIntel



---------------  S Y S T E M  ---------------

OS: Windows 7 , 64 bit Build 7601 (6.1.7601.23807)

CPU:total 4 (4 cores per cpu, 1 threads per core) family 6 model 42 stepping 7, cmov, cx8, fxsr, mmx, sse, sse2, sse3, ssse3, sse4.1, sse4.2, popcnt, avx, aes, clmul, tsc, tscinvbit

Memory: 4k page, physical 8370836k(5860200k free), swap 33424140k(29222220k free)

vm_info: Java HotSpot(TM) 64-Bit Server VM (25.91-b14) for windows-amd64 JRE (1.8.0_91-b14), built on Apr  1 2016 00:58:32 by "java_re" with MS VC++ 10.0 (VS2010)

time: Fri Jul 21 15:04:36 2017
elapsed time: 153 seconds (0d 0h 2m 33s)

