#
# A fatal error has been detected by the Java Runtime Environment:
#
#  EXCEPTION_ACCESS_VIOLATION (0xc0000005) at pc=0x000000005a9565b2, pid=3264, tid=2024
#
# JRE version: Java(TM) SE Runtime Environment (8.0_91-b14) (build 1.8.0_91-b14)
# Java VM: Java HotSpot(TM) 64-Bit Server VM (25.91-b14 mixed mode windows-amd64 compressed oops)
# Problematic frame:
# C  [gdx-box2d64.dll+0x265b2]
#
# Failed to write core dump. Minidumps are not enabled by default on client versions of Windows
#
# If you would like to submit a bug report, please visit:
#   http://bugreport.java.com/bugreport/crash.jsp
# The crash happened outside the Java Virtual Machine in native code.
# See problematic frame for where to report the bug.
#

---------------  T H R E A D  ---------------

Current thread (0x000000005a6ca000):  JavaThread "LWJGL Application" [_thread_in_native, id=2024, stack(0x000000005ef30000,0x000000005f030000)]

siginfo: ExceptionCode=0xc0000005, reading address 0x000000007819d84c

Registers:
RAX=0x000000008677c060, RBX=0x000000005a6ca1f8, RCX=0x0000000000000000, RDX=0x0000000058e77d50
RSP=0x000000005f02efd0, RBP=0x000000005f02f070, RSI=0x000000005f02f040, RDI=0x000000007819d840
R8 =0x000000008677c050, R9 =0x0000000000000001, R10=0x000000000000000c, R11=0x00000000862c6fd8
R12=0x0000000000000000, R13=0x00000000811a92d0, R14=0x000000005f02f060, R15=0x000000005a6ca000
RIP=0x000000005a9565b2, EFLAGS=0x0000000000010206

Top of Stack: (sp=0x000000005f02efd0)
0x000000005f02efd0:   000000005a6ca1f8 000000005f02f070
0x000000005f02efe0:   000000005f02f040 0000000000000000
0x000000005f02eff0:   000000000000011b 000000000000011b
0x000000005f02f000:   0000000000000124 000000000293020d
0x000000005f02f010:   000000000000011a 000000000000011a
0x000000005f02f020:   00000000d6280c38 d6280c380000002a
0x000000005f02f030:   000000008677bff8 00000000d6280c38
0x000000005f02f040:   000000008677c050 0000000000000000
0x000000005f02f050:   0000000000000000 0000000000000008
0x000000005f02f060:   0000000080f0d170 000000008078c920
0x000000005f02f070:   000000008677bff8 0000000003290780
0x000000005f02f080:   0000000000000000 0000000000000000
0x000000005f02f090:   0000000000000010 0000000080ee3a90
0x000000005f02f0a0:   ffffffff0000011b 000000008083cf78
0x000000005f02f0b0:   00000000d6280b38 bf8000003c8353ea
0x000000005f02f0c0:   41874c523f800000 00004e620000011c 

Instructions: (pc=0x000000005a9565b2)
0x000000005a956592:   53 48 83 ec 20 48 8b 01 48 89 cb 4c 89 c7 4c 89
0x000000005a9565a2:   ce 45 31 c0 4c 89 ca ff 90 f0 06 00 00 48 8b 13
0x000000005a9565b2:   f3 0f 10 4f 0c f3 0f 10 47 10 49 89 c0 45 31 c9
0x000000005a9565c2:   48 89 d9 f3 0f 11 08 4c 8b 92 f8 06 00 00 48 89 


Register to memory mapping:

RAX=0x000000008677c060 is pointing into object: 0x000000008677c050
[F 
 - klass: {type array float}
 - length: 4
RBX=0x000000005a6ca1f8 is an unknown value
RCX=0x0000000000000000 is an unknown value
RDX=0x0000000058e77d50 is an unknown value
RSP=0x000000005f02efd0 is pointing into the stack for thread: 0x000000005a6ca000
RBP=0x000000005f02f070 is pointing into the stack for thread: 0x000000005a6ca000
RSI=0x000000005f02f040 is pointing into the stack for thread: 0x000000005a6ca000
RDI=0x000000007819d840 is an unknown value
R8 =0x000000008677c050 is an oop
[F 
 - klass: {type array float}
 - length: 4
R9 =0x0000000000000001 is an unknown value
R10=0x000000000000000c is an unknown value
R11=0x00000000862c6fd8 is an oop
com.mygdx.game.objects.BotPlayer 
 - klass: 'com/mygdx/game/objects/BotPlayer'
R12=0x0000000000000000 is an unknown value
R13=0x00000000811a92d0 is an oop
com.mygdx.game.states.GameState 
 - klass: 'com/mygdx/game/states/GameState'
R14=0x000000005f02f060 is pointing into the stack for thread: 0x000000005a6ca000
R15=0x000000005a6ca000 is a thread


Stack: [0x000000005ef30000,0x000000005f030000],  sp=0x000000005f02efd0,  free space=1019k
Native frames: (J=compiled Java code, j=interpreted, Vv=VM code, C=native code)
C  [gdx-box2d64.dll+0x265b2]
C  0x000000000293020d

Java frames: (J=compiled Java code, j=interpreted, Vv=VM code)
J 2812  com.badlogic.gdx.physics.box2d.Body.jniGetPosition(J[F)V (0 bytes) @ 0x000000000293018f [0x0000000002930140+0x4f]
J 4328 C2 com.mygdx.game.objects.BotPlayer.update(F)V (1844 bytes) @ 0x0000000003290780 [0x000000000328f200+0x1580]
J 4064 C2 com.mygdx.game.states.GameState.update(F)V (2214 bytes) @ 0x0000000002d98fdc [0x0000000002d96e20+0x21bc]
J 3904 C2 com.mygdx.game.KambojaMain.render()V (129 bytes) @ 0x0000000003443a64 [0x0000000003443760+0x304]
j  com.badlogic.gdx.backends.lwjgl.LwjglApplication.mainLoop()V+684
j  com.badlogic.gdx.backends.lwjgl.LwjglApplication$1.run()V+27
v  ~StubRoutines::call_stub

---------------  P R O C E S S  ---------------

Java Threads: ( => current thread )
  0x000000005a127800 JavaThread "LWJGL Timer" daemon [_thread_blocked, id=7016, stack(0x0000000067cd0000,0x0000000067dd0000)]
  0x000000000211e800 JavaThread "DestroyJavaVM" [_thread_blocked, id=1232, stack(0x0000000002350000,0x0000000002450000)]
=>0x000000005a6ca000 JavaThread "LWJGL Application" [_thread_in_native, id=2024, stack(0x000000005ef30000,0x000000005f030000)]
  0x000000005a1ca000 JavaThread "TimerQueue" daemon [_thread_blocked, id=6480, stack(0x000000005e780000,0x000000005e880000)]
  0x000000005a1b7800 JavaThread "D3D Screen Updater" daemon [_thread_blocked, id=5760, stack(0x000000005dc40000,0x000000005dd40000)]
  0x000000005a085800 JavaThread "AWT-Windows" daemon [_thread_in_native, id=6948, stack(0x000000005aa90000,0x000000005ab90000)]
  0x000000005a084800 JavaThread "Java2D Disposer" daemon [_thread_blocked, id=5168, stack(0x000000005a830000,0x000000005a930000)]
  0x000000005964f800 JavaThread "Service Thread" daemon [_thread_blocked, id=7156, stack(0x0000000059e20000,0x0000000059f20000)]
  0x00000000595c8000 JavaThread "C1 CompilerThread2" daemon [_thread_blocked, id=5076, stack(0x0000000059c20000,0x0000000059d20000)]
  0x00000000595c1000 JavaThread "C2 CompilerThread1" daemon [_thread_blocked, id=5156, stack(0x0000000059b20000,0x0000000059c20000)]
  0x00000000577ab800 JavaThread "C2 CompilerThread0" daemon [_thread_blocked, id=2344, stack(0x00000000599b0000,0x0000000059ab0000)]
  0x00000000577a9000 JavaThread "Attach Listener" daemon [_thread_blocked, id=2428, stack(0x00000000594b0000,0x00000000595b0000)]
  0x00000000577a6000 JavaThread "Signal Dispatcher" daemon [_thread_blocked, id=924, stack(0x00000000593a0000,0x00000000594a0000)]
  0x000000005778b800 JavaThread "Finalizer" daemon [_thread_blocked, id=5252, stack(0x00000000590d0000,0x00000000591d0000)]
  0x0000000057744800 JavaThread "Reference Handler" daemon [_thread_blocked, id=5376, stack(0x00000000585e0000,0x00000000586e0000)]

Other Threads:
  0x000000005773d000 VMThread [stack: 0x00000000584d0000,0x00000000585d0000] [id=6488]
  0x0000000059656800 WatcherThread [stack: 0x0000000059260000,0x0000000059360000] [id=700]

VM state:not at safepoint (normal execution)

VM Mutex/Monitor currently owned by a thread: None

Heap:
 PSYoungGen      total 17408K, used 4619K [0x00000000d5700000, 0x00000000d7080000, 0x0000000100000000)
  eden space 11264K, 25% used [0x00000000d5700000,0x00000000d59da0a8,0x00000000d6200000)
  from space 6144K, 27% used [0x00000000d6200000,0x00000000d63a8bf0,0x00000000d6800000)
  to   space 6144K, 0% used [0x00000000d6a80000,0x00000000d6a80000,0x00000000d7080000)
 ParOldGen       total 120832K, used 104483K [0x0000000080400000, 0x0000000087a00000, 0x00000000d5700000)
  object space 120832K, 86% used [0x0000000080400000,0x0000000086a08df0,0x0000000087a00000)
 Metaspace       used 19349K, capacity 19619K, committed 19968K, reserved 1067008K
  class space    used 2173K, capacity 2235K, committed 2304K, reserved 1048576K

Card table byte_map: [0x0000000011ae0000,0x0000000011ee0000] byte_map_base: 0x00000000116de000

Marking Bits: (ParMarkBitMap*) 0x0000000058ef2f70
 Begin Bits: [0x00000000129d0000, 0x00000000149c0000)
 End Bits:   [0x00000000149c0000, 0x00000000169b0000)

Polling page: 0x0000000000140000

CodeCache: size=245760Kb used=13503Kb max_used=15913Kb free=232256Kb
 bounds [0x0000000002720000, 0x0000000003710000, 0x0000000011720000]
 total_blobs=4002 nmethods=3238 adapters=676
 compilation: enabled

Compilation events (10 events):
Event: 507.245 Thread 0x00000000595c8000 4373       3       java.util.Collections$EmptyList::iterator (4 bytes)
Event: 507.245 Thread 0x00000000595c8000 nmethod 4373 0x0000000002e9bf90 code [0x0000000002e9c100, 0x0000000002e9c2b0]
Event: 507.283 Thread 0x00000000595c8000 4375       3       com.google.gson.internal.Excluder::excludeClass (131 bytes)
Event: 507.285 Thread 0x00000000595c8000 nmethod 4375 0x000000000341aad0 code [0x000000000341af40, 0x000000000341d868]
Event: 507.288 Thread 0x00000000577ab800 4376       4       java.lang.Float::parseFloat (5 bytes)
Event: 507.289 Thread 0x00000000577ab800 nmethod 4376 0x00000000031550d0 code [0x0000000003155220, 0x00000000031552d8]
Event: 507.366 Thread 0x00000000595c8000 4377       3       java.io.OutputStream::flush (1 bytes)
Event: 507.366 Thread 0x00000000595c8000 nmethod 4377 0x000000000323dbd0 code [0x000000000323dd20, 0x000000000323de70]
Event: 507.782 Thread 0x00000000595c1000 4378       4       java.lang.Class::searchMethods (90 bytes)
Event: 507.788 Thread 0x00000000595c1000 nmethod 4378 0x0000000002fd0950 code [0x0000000002fd0ac0, 0x0000000002fd0f68]

GC Heap History (10 events):
Event: 503.944 GC heap before
{Heap before GC invocations=152 (full 17):
 PSYoungGen      total 15872K, used 10546K [0x00000000d5700000, 0x00000000d6d00000, 0x0000000100000000)
  eden space 9216K, 100% used [0x00000000d5700000,0x00000000d6000000,0x00000000d6000000)
  from space 6656K, 19% used [0x00000000d6680000,0x00000000d67ccaf0,0x00000000d6d00000)
  to   space 6656K, 0% used [0x00000000d6000000,0x00000000d6000000,0x00000000d6680000)
 ParOldGen       total 120832K, used 104483K [0x0000000080400000, 0x0000000087a00000, 0x00000000d5700000)
  object space 120832K, 86% used [0x0000000080400000,0x0000000086a08df0,0x0000000087a00000)
 Metaspace       used 19346K, capacity 19619K, committed 19968K, reserved 1067008K
  class space    used 2173K, capacity 2235K, committed 2304K, reserved 1048576K
Event: 503.945 GC heap after
Heap after GC invocations=152 (full 17):
 PSYoungGen      total 15872K, used 878K [0x00000000d5700000, 0x00000000d6d00000, 0x0000000100000000)
  eden space 9216K, 0% used [0x00000000d5700000,0x00000000d5700000,0x00000000d6000000)
  from space 6656K, 13% used [0x00000000d6000000,0x00000000d60db8a0,0x00000000d6680000)
  to   space 6656K, 0% used [0x00000000d6680000,0x00000000d6680000,0x00000000d6d00000)
 ParOldGen       total 120832K, used 104483K [0x0000000080400000, 0x0000000087a00000, 0x00000000d5700000)
  object space 120832K, 86% used [0x0000000080400000,0x0000000086a08df0,0x0000000087a00000)
 Metaspace       used 19346K, capacity 19619K, committed 19968K, reserved 1067008K
  class space    used 2173K, capacity 2235K, committed 2304K, reserved 1048576K
}
Event: 503.974 GC heap before
{Heap before GC invocations=153 (full 17):
 PSYoungGen      total 15872K, used 10094K [0x00000000d5700000, 0x00000000d6d00000, 0x0000000100000000)
  eden space 9216K, 100% used [0x00000000d5700000,0x00000000d6000000,0x00000000d6000000)
  from space 6656K, 13% used [0x00000000d6000000,0x00000000d60db8a0,0x00000000d6680000)
  to   space 6656K, 0% used [0x00000000d6680000,0x00000000d6680000,0x00000000d6d00000)
 ParOldGen       total 120832K, used 104483K [0x0000000080400000, 0x0000000087a00000, 0x00000000d5700000)
  object space 120832K, 86% used [0x0000000080400000,0x0000000086a08df0,0x0000000087a00000)
 Metaspace       used 19346K, capacity 19619K, committed 19968K, reserved 1067008K
  class space    used 2173K, capacity 2235K, committed 2304K, reserved 1048576K
Event: 503.977 GC heap after
Heap after GC invocations=153 (full 17):
 PSYoungGen      total 15872K, used 558K [0x00000000d5700000, 0x00000000d6f00000, 0x0000000100000000)
  eden space 9216K, 0% used [0x00000000d5700000,0x00000000d5700000,0x00000000d6000000)
  from space 6656K, 8% used [0x00000000d6680000,0x00000000d670b890,0x00000000d6d00000)
  to   space 6656K, 0% used [0x00000000d6000000,0x00000000d6000000,0x00000000d6680000)
 ParOldGen       total 120832K, used 104483K [0x0000000080400000, 0x0000000087a00000, 0x00000000d5700000)
  object space 120832K, 86% used [0x0000000080400000,0x0000000086a08df0,0x0000000087a00000)
 Metaspace       used 19346K, capacity 19619K, committed 19968K, reserved 1067008K
  class space    used 2173K, capacity 2235K, committed 2304K, reserved 1048576K
}
Event: 507.002 GC heap before
{Heap before GC invocations=154 (full 17):
 PSYoungGen      total 15872K, used 9774K [0x00000000d5700000, 0x00000000d6f00000, 0x0000000100000000)
  eden space 9216K, 100% used [0x00000000d5700000,0x00000000d6000000,0x00000000d6000000)
  from space 6656K, 8% used [0x00000000d6680000,0x00000000d670b890,0x00000000d6d00000)
  to   space 6656K, 0% used [0x00000000d6000000,0x00000000d6000000,0x00000000d6680000)
 ParOldGen       total 120832K, used 104483K [0x0000000080400000, 0x0000000087a00000, 0x00000000d5700000)
  object space 120832K, 86% used [0x0000000080400000,0x0000000086a08df0,0x0000000087a00000)
 Metaspace       used 19346K, capacity 19619K, committed 19968K, reserved 1067008K
  class space    used 2173K, capacity 2235K, committed 2304K, reserved 1048576K
Event: 507.003 GC heap after
Heap after GC invocations=154 (full 17):
 PSYoungGen      total 15872K, used 908K [0x00000000d5700000, 0x00000000d6f00000, 0x0000000100000000)
  eden space 9216K, 0% used [0x00000000d5700000,0x00000000d5700000,0x00000000d6000000)
  from space 6656K, 13% used [0x00000000d6000000,0x00000000d60e3130,0x00000000d6680000)
  to   space 6656K, 0% used [0x00000000d6880000,0x00000000d6880000,0x00000000d6f00000)
 ParOldGen       total 120832K, used 104483K [0x0000000080400000, 0x0000000087a00000, 0x00000000d5700000)
  object space 120832K, 86% used [0x0000000080400000,0x0000000086a08df0,0x0000000087a00000)
 Metaspace       used 19346K, capacity 19619K, committed 19968K, reserved 1067008K
  class space    used 2173K, capacity 2235K, committed 2304K, reserved 1048576K
}
Event: 507.076 GC heap before
{Heap before GC invocations=155 (full 17):
 PSYoungGen      total 15872K, used 10124K [0x00000000d5700000, 0x00000000d6f00000, 0x0000000100000000)
  eden space 9216K, 100% used [0x00000000d5700000,0x00000000d6000000,0x00000000d6000000)
  from space 6656K, 13% used [0x00000000d6000000,0x00000000d60e3130,0x00000000d6680000)
  to   space 6656K, 0% used [0x00000000d6880000,0x00000000d6880000,0x00000000d6f00000)
 ParOldGen       total 120832K, used 104483K [0x0000000080400000, 0x0000000087a00000, 0x00000000d5700000)
  object space 120832K, 86% used [0x0000000080400000,0x0000000086a08df0,0x0000000087a00000)
 Metaspace       used 19346K, capacity 19619K, committed 19968K, reserved 1067008K
  class space    used 2173K, capacity 2235K, committed 2304K, reserved 1048576K
Event: 507.077 GC heap after
Heap after GC invocations=155 (full 17):
 PSYoungGen      total 16896K, used 780K [0x00000000d5700000, 0x00000000d6e00000, 0x0000000100000000)
  eden space 11264K, 0% used [0x00000000d5700000,0x00000000d5700000,0x00000000d6200000)
  from space 5632K, 13% used [0x00000000d6880000,0x00000000d6943130,0x00000000d6e00000)
  to   space 6144K, 0% used [0x00000000d6200000,0x00000000d6200000,0x00000000d6800000)
 ParOldGen       total 120832K, used 104483K [0x0000000080400000, 0x0000000087a00000, 0x00000000d5700000)
  object space 120832K, 86% used [0x0000000080400000,0x0000000086a08df0,0x0000000087a00000)
 Metaspace       used 19346K, capacity 19619K, committed 19968K, reserved 1067008K
  class space    used 2173K, capacity 2235K, committed 2304K, reserved 1048576K
}
Event: 507.325 GC heap before
{Heap before GC invocations=156 (full 17):
 PSYoungGen      total 16896K, used 12044K [0x00000000d5700000, 0x00000000d6e00000, 0x0000000100000000)
  eden space 11264K, 100% used [0x00000000d5700000,0x00000000d6200000,0x00000000d6200000)
  from space 5632K, 13% used [0x00000000d6880000,0x00000000d6943130,0x00000000d6e00000)
  to   space 6144K, 0% used [0x00000000d6200000,0x00000000d6200000,0x00000000d6800000)
 ParOldGen       total 120832K, used 104483K [0x0000000080400000, 0x0000000087a00000, 0x00000000d5700000)
  object space 120832K, 86% used [0x0000000080400000,0x0000000086a08df0,0x0000000087a00000)
 Metaspace       used 19348K, capacity 19619K, committed 19968K, reserved 1067008K
  class space    used 2173K, capacity 2235K, committed 2304K, reserved 1048576K
Event: 507.326 GC heap after
Heap after GC invocations=156 (full 17):
 PSYoungGen      total 17408K, used 1698K [0x00000000d5700000, 0x00000000d7080000, 0x0000000100000000)
  eden space 11264K, 0% used [0x00000000d5700000,0x00000000d5700000,0x00000000d6200000)
  from space 6144K, 27% used [0x00000000d6200000,0x00000000d63a8bf0,0x00000000d6800000)
  to   space 6144K, 0% used [0x00000000d6a80000,0x00000000d6a80000,0x00000000d7080000)
 ParOldGen       total 120832K, used 104483K [0x0000000080400000, 0x0000000087a00000, 0x00000000d5700000)
  object space 120832K, 86% used [0x0000000080400000,0x0000000086a08df0,0x0000000087a00000)
 Metaspace       used 19348K, capacity 19619K, committed 19968K, reserved 1067008K
  class space    used 2173K, capacity 2235K, committed 2304K, reserved 1048576K
}

Deoptimization events (10 events):
Event: 383.465 Thread 0x000000005a6ca000 Uncommon trap: reason=unstable_if action=reinterpret pc=0x00000000034770dc method=com.mygdx.game.objects.CollisionListener.preSolve(Lcom/badlogic/gdx/physics/box2d/Contact;Lcom/badlogic/gdx/physics/box2d/Manifold;)V @ 701
Event: 430.719 Thread 0x000000005a6ca000 Uncommon trap: reason=array_check action=maybe_recompile pc=0x000000000325841c method=com.badlogic.gdx.utils.Array.removeIndex(I)Ljava/lang/Object; @ 99
Event: 441.851 Thread 0x000000005a6ca000 Uncommon trap: reason=unstable_if action=reinterpret pc=0x0000000003201338 method=com.mygdx.game.objects.BotPlayer.update(F)V @ 345
Event: 441.867 Thread 0x000000005a6ca000 Uncommon trap: reason=array_check action=maybe_recompile pc=0x0000000002cd4f7c method=com.badlogic.gdx.utils.Array.add(Ljava/lang/Object;)V @ 46
Event: 441.868 Thread 0x000000005a6ca000 Uncommon trap: reason=speculate_class_check action=maybe_recompile pc=0x0000000002a4ba88 method=com.badlogic.gdx.utils.Array.resize(I)[Ljava/lang/Object; @ 36
Event: 441.884 Thread 0x000000005a6ca000 Uncommon trap: reason=unstable_if action=reinterpret pc=0x0000000002d1eb5c method=com.badlogic.gdx.backends.lwjgl.audio.OpenALMusic.update()V @ 159
Event: 443.056 Thread 0x000000005a6ca000 Uncommon trap: reason=array_check action=maybe_recompile pc=0x000000000325841c method=com.badlogic.gdx.utils.Array.removeIndex(I)Ljava/lang/Object; @ 99
Event: 444.751 Thread 0x000000005a6ca000 Uncommon trap: reason=array_check action=maybe_recompile pc=0x000000000325841c method=com.badlogic.gdx.utils.Array.removeIndex(I)Ljava/lang/Object; @ 99
Event: 447.239 Thread 0x000000005a6ca000 Uncommon trap: reason=unstable_if action=reinterpret pc=0x0000000002cfdd18 method=java.lang.Math.max(DD)D @ 36
Event: 478.404 Thread 0x000000005a6ca000 Uncommon trap: reason=unstable_if action=reinterpret pc=0x000000000284b930 method=com.badlogic.gdx.utils.LongMap.get(J)Ljava/lang/Object; @ 71

Internal exceptions (10 events):
Event: 16.762 Thread 0x000000005a6ca000 Implicit null exception at 0x0000000002c78f54 to 0x0000000002c79121
Event: 16.772 Thread 0x000000005a6ca000 Implicit null exception at 0x000000000301cf7e to 0x000000000301d35d
Event: 16.779 Thread 0x000000005a6ca000 Implicit null exception at 0x000000000303dc7a to 0x000000000303de6d
Event: 16.917 Thread 0x000000005a6ca000 Implicit null exception at 0x0000000003089096 to 0x000000000308976d
Event: 16.928 Thread 0x000000005a6ca000 Implicit null exception at 0x0000000003081d85 to 0x0000000003082435
Event: 16.966 Thread 0x000000005a6ca000 Implicit null exception at 0x000000000308afbd to 0x000000000308b645
Event: 86.292 Thread 0x000000005a6ca000 Implicit null exception at 0x0000000002b8c909 to 0x0000000002b8cbdd
Event: 156.435 Thread 0x000000005a6ca000 Implicit null exception at 0x0000000002c7c57e to 0x0000000002c7c74d
Event: 226.601 Thread 0x000000005a6ca000 Implicit null exception at 0x00000000030d9103 to 0x00000000030d9a99
Event: 296.729 Thread 0x000000005a6ca000 Implicit null exception at 0x00000000032c396f to 0x00000000032c41bd

Events (10 events):
Event: 507.366 Thread 0x00000000595c8000 flushing nmethod 0x000000000344ba10
Event: 507.366 Thread 0x00000000595c8000 flushing nmethod 0x000000000344bdd0
Event: 507.366 Thread 0x00000000595c8000 flushing nmethod 0x000000000345a810
Event: 507.366 Thread 0x00000000595c8000 flushing nmethod 0x00000000034d6d50
Event: 507.366 Thread 0x00000000595c8000 flushing nmethod 0x000000000357bdd0
Event: 507.366 Thread 0x00000000595c8000 flushing nmethod 0x00000000035a9f50
Event: 507.366 Thread 0x00000000595c8000 flushing nmethod 0x000000000363d590
Event: 507.366 Thread 0x00000000595c8000 flushing nmethod 0x00000000036ab490
Event: 507.782 Thread 0x000000005a6ca000 DEOPT PACKING pc=0x0000000002f53b14 sp=0x000000005f02eed0
Event: 507.782 Thread 0x000000005a6ca000 DEOPT UNPACKING pc=0x000000000276787f sp=0x000000005f02ec28 mode 0


Dynamic libraries:
0x000000013ff60000 - 0x000000013ff97000 	C:\Program Files\Java\jre1.8.0_91\bin\javaw.exe
0x00000000776d0000 - 0x000000007787a000 	C:\Windows\SYSTEM32\ntdll.dll
0x000007fefa7a0000 - 0x000007fefa7d3000 	C:\Program Files\AVAST Software\Avast\x64\aswhooka.dll
0x00000000774b0000 - 0x00000000775cf000 	C:\Windows\system32\kernel32.dll
0x000007fefd550000 - 0x000007fefd5ba000 	C:\Windows\system32\KERNELBASE.dll
0x000007fefd980000 - 0x000007fefda5b000 	C:\Windows\system32\ADVAPI32.dll
0x000007fefd8e0000 - 0x000007fefd97f000 	C:\Windows\system32\msvcrt.dll
0x000007fefe1f0000 - 0x000007fefe20f000 	C:\Windows\SYSTEM32\sechost.dll
0x000007fefdd30000 - 0x000007fefde5d000 	C:\Windows\system32\RPCRT4.dll
0x00000000775d0000 - 0x00000000776ca000 	C:\Windows\system32\USER32.dll
0x000007feff890000 - 0x000007feff8f7000 	C:\Windows\system32\GDI32.dll
0x000007fefd820000 - 0x000007fefd82e000 	C:\Windows\system32\LPK.dll
0x000007feff4f0000 - 0x000007feff5bb000 	C:\Windows\system32\USP10.dll
0x000007fefbdc0000 - 0x000007fefbfb4000 	C:\Windows\WinSxS\amd64_microsoft.windows.common-controls_6595b64144ccf1df_6.0.7601.18837_none_fa3b1e3d17594757\COMCTL32.dll
0x000007fefd860000 - 0x000007fefd8d1000 	C:\Windows\system32\SHLWAPI.dll
0x000007fefd830000 - 0x000007fefd85e000 	C:\Windows\system32\IMM32.DLL
0x000007feff3c0000 - 0x000007feff4c9000 	C:\Windows\system32\MSCTF.dll
0x0000000069d50000 - 0x0000000069e22000 	C:\Program Files\Java\jre1.8.0_91\bin\msvcr100.dll
0x00000000586e0000 - 0x0000000058f73000 	C:\Program Files\Java\jre1.8.0_91\bin\server\jvm.dll
0x000007feed210000 - 0x000007feed219000 	C:\Windows\system32\WSOCK32.dll
0x000007fefefa0000 - 0x000007fefefed000 	C:\Windows\system32\WS2_32.dll
0x000007fefda60000 - 0x000007fefda68000 	C:\Windows\system32\NSI.dll
0x000007fefb110000 - 0x000007fefb14b000 	C:\Windows\system32\WINMM.dll
0x000007fefc480000 - 0x000007fefc48c000 	C:\Windows\system32\VERSION.dll
0x00000000778a0000 - 0x00000000778a7000 	C:\Windows\system32\PSAPI.DLL
0x0000000071e90000 - 0x0000000071e9f000 	C:\Program Files\Java\jre1.8.0_91\bin\verify.dll
0x000000006a0e0000 - 0x000000006a109000 	C:\Program Files\Java\jre1.8.0_91\bin\java.dll
0x00000000712e0000 - 0x00000000712f6000 	C:\Program Files\Java\jre1.8.0_91\bin\zip.dll
0x000007fefe210000 - 0x000007fefef9b000 	C:\Windows\system32\SHELL32.dll
0x000007fefde60000 - 0x000007fefe05c000 	C:\Windows\system32\ole32.dll
0x000007fefd3c0000 - 0x000007fefd3cf000 	C:\Windows\system32\profapi.dll
0x000000005dd40000 - 0x000000005ded8000 	C:\Program Files\Java\jre1.8.0_91\bin\awt.dll
0x000007fefdc50000 - 0x000007fefdd2a000 	C:\Windows\system32\OLEAUT32.dll
0x000007fefb9b0000 - 0x000007fefba06000 	C:\Windows\system32\uxtheme.dll
0x000007fefb5a0000 - 0x000007fefb5b8000 	C:\Windows\system32\dwmapi.dll
0x000007fefd220000 - 0x000007fefd22f000 	C:\Windows\system32\CRYPTBASE.dll
0x000007fee3760000 - 0x000007fee395f000 	C:\Windows\system32\d3d9.dll
0x000007fefa940000 - 0x000007fefa947000 	C:\Windows\system32\d3d8thk.dll
0x000007fedd440000 - 0x000007fede4ab000 	C:\Windows\system32\nvd3dumx.dll
0x000007fefbfc0000 - 0x000007fefbfec000 	C:\Windows\system32\powrprof.dll
0x000007fefda70000 - 0x000007fefdc47000 	C:\Windows\system32\SETUPAPI.dll
0x000007fefd690000 - 0x000007fefd6c6000 	C:\Windows\system32\CFGMGR32.dll
0x000007fefd630000 - 0x000007fefd64a000 	C:\Windows\system32\DEVOBJ.dll
0x000007fee8930000 - 0x000007fee8a11000 	C:\Program Files (x86)\NVIDIA Corporation\3D Vision\nvSCPAPI64.dll
0x000007fee57e0000 - 0x000007fee59b6000 	C:\Windows\system32\nvspcap64.dll
0x000007fef9270000 - 0x000007fef92e1000 	C:\Windows\system32\WINHTTP.dll
0x000007fef9200000 - 0x000007fef9265000 	C:\Windows\system32\webio.dll
0x000007fef9cc0000 - 0x000007fefa075000 	C:\Windows\system32\nvapi64.dll
0x000007fefd190000 - 0x000007fefd1b5000 	C:\Windows\system32\SspiCli.dll
0x0000000068c00000 - 0x0000000068c47000 	C:\Program Files\Java\jre1.8.0_91\bin\fontmanager.dll
0x0000000072300000 - 0x000000007231a000 	C:\Program Files\Java\jre1.8.0_91\bin\net.dll
0x000007fefcb50000 - 0x000007fefcba5000 	C:\Windows\system32\mswsock.dll
0x000007fefcb40000 - 0x000007fefcb47000 	C:\Windows\System32\wship6.dll
0x00000000722e0000 - 0x00000000722f1000 	C:\Program Files\Java\jre1.8.0_91\bin\nio.dll
0x000000006a110000 - 0x000000006a152000 	C:\Program Files\Java\jre1.8.0_91\bin\t2k.dll
0x0000000065580000 - 0x0000000065616000 	C:\Users\Victor\AppData\Local\Temp\libgdxVictor\40f0d13c\gdx64.dll
0x000007fefcbb0000 - 0x000007fefcbc8000 	C:\Windows\system32\CRYPTSP.dll
0x000007fefc8b0000 - 0x000007fefc8f7000 	C:\Windows\system32\rsaenh.dll
0x000007fefd5c0000 - 0x000007fefd5de000 	C:\Windows\system32\USERENV.dll
0x000007fefae20000 - 0x000007fefae47000 	C:\Windows\system32\IPHLPAPI.DLL
0x000007fefae10000 - 0x000007fefae1b000 	C:\Windows\system32\WINNSI.DLL
0x000007fefad40000 - 0x000007fefad51000 	C:\Windows\system32\dhcpcsvc6.DLL
0x000007fefad20000 - 0x000007fefad38000 	C:\Windows\system32\dhcpcsvc.DLL
0x0000000180000000 - 0x0000000180053000 	C:\Users\Victor\AppData\Local\Temp\libgdxVictor\dc0f0009\lwjgl64.dll
0x000007fee3640000 - 0x000007fee375d000 	C:\Windows\system32\OPENGL32.dll
0x000007fef7d90000 - 0x000007fef7dbd000 	C:\Windows\system32\GLU32.dll
0x000007fee10c0000 - 0x000007fee11b1000 	C:\Windows\system32\DDRAW.dll
0x000007fefbbd0000 - 0x000007fefbbd8000 	C:\Windows\system32\DCIMAN32.dll
0x0000000002250000 - 0x00000000022b4000 	C:\Users\Victor\AppData\Local\Temp\libgdxVictor\dc0f0009\OpenAL64.dll
0x000007fefd780000 - 0x000007fefd819000 	C:\Windows\system32\CLBCatQ.DLL
0x000007fefbb70000 - 0x000007fefbbbb000 	C:\Windows\System32\MMDevApi.dll
0x000007fefba30000 - 0x000007fefbb5c000 	C:\Windows\System32\PROPSYS.dll
0x000007fee2aa0000 - 0x000007fee2b28000 	C:\Windows\system32\dsound.dll
0x000007fefacd0000 - 0x000007fefad1f000 	C:\Windows\system32\AUDIOSES.DLL
0x00000000606c0000 - 0x0000000062507000 	C:\Windows\system32\nvoglv64.DLL
0x000007fefc610000 - 0x000007fefc621000 	C:\Windows\system32\WTSAPI32.dll
0x000007fef7e30000 - 0x000007fef7f55000 	C:\Windows\system32\dbghelp.dll
0x000007fefd5f0000 - 0x000007fefd62b000 	C:\Windows\system32\WINTRUST.dll
0x000007fefd3e0000 - 0x000007fefd54d000 	C:\Windows\system32\CRYPT32.dll
0x000007fefd3d0000 - 0x000007fefd3df000 	C:\Windows\system32\MSASN1.dll
0x000007fefb530000 - 0x000007fefb55d000 	C:\Windows\system32\ntmarta.dll
0x000007feff900000 - 0x000007feff952000 	C:\Windows\system32\WLDAP32.dll
0x000007fefa2d0000 - 0x000007fefa36c000 	C:\Windows\system32\mscms.dll
0x000007feeaa40000 - 0x000007feeaa82000 	C:\Windows\system32\icm32.dll
0x000007fefd2d0000 - 0x000007fefd30d000 	C:\Windows\system32\WINSTA.dll
0x0000000068900000 - 0x0000000068a54000 	C:\Users\Victor\AppData\Local\Temp\libgdxVictor\703c426f\gdx-controllers-desktop64.dll
0x000007feeaab0000 - 0x000007feeaaec000 	C:\Windows\system32\DINPUT8.dll
0x000007fefb5c0000 - 0x000007fefb5cb000 	C:\Windows\system32\HID.DLL
0x000000006a740000 - 0x000000006a7ed000 	C:\Users\Victor\AppData\Local\Temp\libgdxVictor\6fb08ec8\gdx-freetype64.dll
0x000000005a930000 - 0x000000005a9eb000 	C:\Users\Victor\AppData\Local\Temp\libgdxVictor\ad04a22e\gdx-box2d64.dll

VM Arguments:
jvm_args: -Djava.library.path=D:\LIBGDX\libgdx\extensions\gdx-controllers\gdx-controllers-desktop-natives;D:\LIBGDX\libgdx\gdx-natives;D:\LIBGDX\libgdx\gdx-natives -Dfile.encoding=Cp1252 
java_command: com.mygdx.game.desktop.DesktopLauncher -Xmx4048m
java_class_path (initial): C:\Users\Victor\Games\Workspace\desktop\bin;C:\Users\Victor\.gradle\caches\modules-2\files-2.1\com.badlogicgames.gdx\gdx-backend-lwjgl\1.6.1\e3208559223c991f1db7220d5ddf3e5a12e5528f\gdx-backend-lwjgl-1.6.1.jar;C:\Users\Victor\.gradle\caches\modules-2\files-2.1\com.badlogicgames.gdx\gdx-platform\1.6.1\861f02e3f7f85423be6f9727ab12b03b40d39477\gdx-platform-1.6.1-natives-desktop.jar;C:\Users\Victor\.gradle\caches\modules-2\files-2.1\com.badlogicgames.gdx\gdx-box2d-platform\1.6.1\afe698dffa47134e4eeaaf674bd5ad3844e60ff0\gdx-box2d-platform-1.6.1-natives-desktop.jar;C:\Users\Victor\.gradle\caches\modules-2\files-2.1\com.badlogicgames.gdx\gdx-bullet-platform\1.6.1\e9a636bd871715f7e69c5e53f4cd2b4f0ef40a7d\gdx-bullet-platform-1.6.1-natives-desktop.jar;C:\Users\Victor\.gradle\caches\modules-2\files-2.1\com.badlogicgames.gdx\gdx-freetype-platform\1.6.1\a73fbc0f0873c7d30b8123371714f0cbcf32206e\gdx-freetype-platform-1.6.1-natives-desktop.jar;D:\LIBGDX\libgdx\extensions\gdx-controllers\gdx-controllers-desktop.jar;C:\Users\Victor\.gradle\caches\modules-2\files-2.1\com.badlogicgames.gdx\gdx-controllers-platform\1.6.1\758c616eb2c81f6043c5a73c22f8e2406bc6e750\gdx-controllers-platform-1.6.1-natives-desktop.jar;C:\Users\Victor\.gradle\caches\modules-2\files-2.1\com.badlogicgames.gdx\gdx-tools\1.6.1\f4fc6e4240d81c24b02a75c48f1685e6cf76435a\gdx-tools-1.6.1.jar;D:\LIBGDX\libgdx\gdx.jar;C:\Users\Victor\.gradle\caches\modules-2\files-2.1\com.badlogicgames.gdx\gdx-bullet\1.6.1\24124f7e16583d2a4f973c1b0f360c52ab259acf\gdx-bullet-1.6.1.jar;D:\LIBGDX\libgdx\extensions\gdx-controllers\gdx-controllers.jar;C:\Users\Victor\.gradle\caches\modules-2\files-2.1\org.lwjgl.lwjgl\lwjgl\2.9.2\a9d80fe5935c7a9149f6584d9777cfd471f65489\lwjgl-2.9.2.jar;C:\Users\Victor\.gradle\caches\modules-2\files-2.1\org.lwjgl.lwjgl\lwjgl_util\2.9.2\4b9e37300a87799856e0bd15ed81663cdb6b0947\lwjgl_util-2.9.2.jar;C:\Users\Victor\.gradle\caches\modules-2\files-2.1\com.badlogicgames.jlayer\jlayer\1.0.1
Launcher Type: SUN_STANDARD

Environment Variables:
JAVA_HOME=C:\Program Files (x86)\Java\jdk1.7.0_55
CLASSPATH=.;.;C:\PROGRA~2\JMF21~1.1E\lib\sound.jar;C:\PROGRA~2\JMF21~1.1E\lib\jmf.jar;C:\PROGRA~2\JMF21~1.1E\lib;C:\Program Files (x86)\ant\bin
PATH=C:\ProgramData\Oracle\Java\javapath;C:\Windows\system32;C:\Windows;C:\Windows\System32\Wbem;C:\Windows\System32\WindowsPowerShell\v1.0\;C:\Program Files (x86)\NVIDIA Corporation\PhysX\Common;C:\Program Files (x86)\Windows Kits\8.1\Windows Performance Toolkit\;C:\Program Files\Microsoft SQL Server\110\Tools\Binn\;C:\Program Files (x86)\Microsoft SDKs\TypeScript\1.0\;C:\Program Files\Microsoft SQL Server\120\Tools\Binn\;C:\Program Files\Java\jre1.8.0_71\bin;C:\Program Files\Java\jdk1.8.0_71\bin;C:\Program Files (x86)\GtkSharp\2.12\bin;C:\Program Files\Microsoft SQL Server\130\Tools\Binn\;C:\Program Files\MATLAB\R2016a\bin;C:\Program Files\SDL2;C:\Program Files\apache-maven-3.3.9\bin;C:\Program Files\Git\cmd;C:\Program Files (x86)\ant\bin;C:\Program Files (x86)\QuickTime\QTSystem\;C:\Program Files (x86)\Skype\Phone;C:\Program Files (x86)\Gradle\bin;C:\Program Files (x86)\CVSNT\
USERNAME=Victor
OS=Windows_NT
PROCESSOR_IDENTIFIER=Intel64 Family 6 Model 42 Stepping 7, GenuineIntel



---------------  S Y S T E M  ---------------

OS: Windows 7 , 64 bit Build 7601 (6.1.7601.23807)

CPU:total 4 (4 cores per cpu, 1 threads per core) family 6 model 42 stepping 7, cmov, cx8, fxsr, mmx, sse, sse2, sse3, ssse3, sse4.1, sse4.2, popcnt, avx, aes, clmul, tsc, tscinvbit

Memory: 4k page, physical 8370836k(5559172k free), swap 33424140k(29048016k free)

vm_info: Java HotSpot(TM) 64-Bit Server VM (25.91-b14) for windows-amd64 JRE (1.8.0_91-b14), built on Apr  1 2016 00:58:32 by "java_re" with MS VC++ 10.0 (VS2010)

time: Fri Jul 21 20:26:00 2017
elapsed time: 511 seconds (0d 0h 8m 31s)

