#
# A fatal error has been detected by the Java Runtime Environment:
#
#  EXCEPTION_ACCESS_VIOLATION (0xc0000005) at pc=0x000000006a749683, pid=6200, tid=2836
#
# JRE version: Java(TM) SE Runtime Environment (8.0_91-b14) (build 1.8.0_91-b14)
# Java VM: Java HotSpot(TM) 64-Bit Server VM (25.91-b14 mixed mode windows-amd64 compressed oops)
# Problematic frame:
# C  [gdx-freetype64.dll+0x9683]
#
# Failed to write core dump. Minidumps are not enabled by default on client versions of Windows
#
# If you would like to submit a bug report, please visit:
#   http://bugreport.java.com/bugreport/crash.jsp
# The crash happened outside the Java Virtual Machine in native code.
# See problematic frame for where to report the bug.
#

---------------  T H R E A D  ---------------

Current thread (0x000000005a6a2000):  JavaThread "LWJGL Application" [_thread_in_native, id=2836, stack(0x000000005f8f0000,0x000000005f9f0000)]

siginfo: ExceptionCode=0xc0000005, reading address 0x0000000000000054

Registers:
RAX=0x0000000000000000, RBX=0x0000000063b02860, RCX=0x0000000064d11880, RDX=0x000000005f9ef188
RSP=0x000000005f9ef0b0, RBP=0x000000005f9ef178, RSI=0x0000000064d11880, RDI=0x0000000064befcb0
R8 =0x0000000064d11880, R9 =0x00000000000000de, R10=0x00000000027f7f08, R11=0x0000000058909d90
R12=0x0000000000000000, R13=0x0000000063b02860, R14=0x000000005f9ef1a0, R15=0x000000005a6a2000
RIP=0x000000006a749683, EFLAGS=0x0000000000010202

Top of Stack: (sp=0x000000005f9ef0b0)
0x000000005f9ef0b0:   0000000000000000 00000000591c49f8
0x000000005f9ef0c0:   000000000000002a 0000000000000001
0x000000005f9ef0d0:   000000005ec83df0 0000000063b02860
0x000000005f9ef0e0:   000000005a9dae40 00000000027e8331
0x000000005f9ef0f0:   000000005f9ef178 00000000027f7f34
0x000000005f9ef100:   0000000000000001 0000000000000000
0x000000005f9ef110:   000000005ec85060 0000000000000000
0x000000005f9ef120:   0000000000000d80 0000000180004ff7
0x000000005f9ef130:   000000005ec85060 000000005f9ef138
0x000000005f9ef140:   0000000000000000 000000005f9ef1a0
0x000000005f9ef150:   0000000063b042c0 0000000000000000
0x000000005f9ef160:   0000000063b02860 0000000000000000
0x000000005f9ef170:   000000005f9ef198 000000005f9ef1e8
0x000000005f9ef180:   00000000027e8331 00000000806cc830
0x000000005f9ef190:   00000000027f19b8 0000000064d11880
0x000000005f9ef1a0:   0000000000000000 000000005f9ef1a8 

Instructions: (pc=0x000000006a749683)
0x000000006a749663:   53 48 83 ec 28 48 85 c9 48 89 ce 74 30 48 8b b9
0x000000006a749673:   90 00 00 00 48 85 ff 74 24 48 8b 81 d0 00 00 00
0x000000006a749683:   8b 48 54 8d 51 ff 89 50 54 31 c0 85 d2 7e 1e 48
0x000000006a749693:   83 c4 28 5b 5e 5f 5d c3 0f 1f 44 00 00 b8 23 00 


Register to memory mapping:

RAX=0x0000000000000000 is an unknown value
RBX={method} {0x0000000063b02868} 'doneFace' '(J)V' in 'com/badlogic/gdx/graphics/g2d/freetype/FreeType$Face'
RCX=0x0000000064d11880 is an unknown value
RDX=0x000000005f9ef188 is pointing into the stack for thread: 0x000000005a6a2000
RSP=0x000000005f9ef0b0 is pointing into the stack for thread: 0x000000005a6a2000
RBP=0x000000005f9ef178 is pointing into the stack for thread: 0x000000005a6a2000
RSI=0x0000000064d11880 is an unknown value
RDI=0x0000000064befcb0 is an unknown value
R8 =0x0000000064d11880 is an unknown value
R9 =0x00000000000000de is an unknown value
R10=0x00000000027f7f08 is at code_begin+840 in an Interpreter codelet
method entry point (kind = native)  [0x00000000027f7bc0, 0x00000000027f8520]  2400 bytes
R11=0x0000000058909d90 is an unknown value
R12=0x0000000000000000 is an unknown value
R13={method} {0x0000000063b02868} 'doneFace' '(J)V' in 'com/badlogic/gdx/graphics/g2d/freetype/FreeType$Face'
R14=0x000000005f9ef1a0 is pointing into the stack for thread: 0x000000005a6a2000
R15=0x000000005a6a2000 is a thread


Stack: [0x000000005f8f0000,0x000000005f9f0000],  sp=0x000000005f9ef0b0,  free space=1020k
Native frames: (J=compiled Java code, j=interpreted, Vv=VM code, C=native code)
C  [gdx-freetype64.dll+0x9683]
C  0x00000000027f7f34

Java frames: (J=compiled Java code, j=interpreted, Vv=VM code)
j  com.badlogic.gdx.graphics.g2d.freetype.FreeType$Face.doneFace(J)V+0
j  com.badlogic.gdx.graphics.g2d.freetype.FreeType$Face.dispose()V+4
j  com.badlogic.gdx.graphics.g2d.freetype.FreeTypeFontGenerator.dispose()V+4
j  com.mygdx.game.objects.GamePause.dispose()V+4
j  com.mygdx.game.states.GameState.dispose()V+382
j  com.mygdx.game.Manager.dispose()V+14
j  com.mygdx.game.Manager.changeState(I)V+1
J 3765 C2 com.mygdx.game.states.GameState.update(F)V (2214 bytes) @ 0x0000000003213468 [0x00000000032104c0+0x2fa8]
J 3760 C2 com.mygdx.game.KambojaMain.render()V (129 bytes) @ 0x00000000033bfe64 [0x00000000033bfb60+0x304]
j  com.badlogic.gdx.backends.lwjgl.LwjglApplication.mainLoop()V+684
j  com.badlogic.gdx.backends.lwjgl.LwjglApplication$1.run()V+27
v  ~StubRoutines::call_stub

---------------  P R O C E S S  ---------------

Java Threads: ( => current thread )
  0x000000005fca6000 JavaThread "LWJGL Timer" daemon [_thread_blocked, id=5392, stack(0x0000000067f60000,0x0000000068060000)]
  0x000000000221e800 JavaThread "DestroyJavaVM" [_thread_blocked, id=4368, stack(0x0000000002410000,0x0000000002510000)]
=>0x000000005a6a2000 JavaThread "LWJGL Application" [_thread_in_native, id=2836, stack(0x000000005f8f0000,0x000000005f9f0000)]
  0x000000005a5e3000 JavaThread "TimerQueue" daemon [_thread_blocked, id=5320, stack(0x000000005ea90000,0x000000005eb90000)]
  0x000000005a162800 JavaThread "D3D Screen Updater" daemon [_thread_blocked, id=6296, stack(0x000000005e370000,0x000000005e470000)]
  0x0000000059fd1000 JavaThread "AWT-Windows" daemon [_thread_in_native, id=1296, stack(0x000000005aa80000,0x000000005ab80000)]
  0x0000000059fcf800 JavaThread "Java2D Disposer" daemon [_thread_blocked, id=6484, stack(0x000000005a720000,0x000000005a820000)]
  0x000000005940a800 JavaThread "Service Thread" daemon [_thread_blocked, id=4196, stack(0x0000000059c50000,0x0000000059d50000)]
  0x0000000059377000 JavaThread "C1 CompilerThread2" daemon [_thread_blocked, id=3792, stack(0x0000000059a80000,0x0000000059b80000)]
  0x00000000574be800 JavaThread "C2 CompilerThread1" daemon [_thread_blocked, id=3596, stack(0x0000000059980000,0x0000000059a80000)]
  0x00000000574bb800 JavaThread "C2 CompilerThread0" daemon [_thread_blocked, id=3848, stack(0x0000000059760000,0x0000000059860000)]
  0x00000000574b9000 JavaThread "Attach Listener" daemon [_thread_blocked, id=5060, stack(0x0000000058580000,0x0000000058680000)]
  0x00000000574b6000 JavaThread "Signal Dispatcher" daemon [_thread_blocked, id=5704, stack(0x0000000058f90000,0x0000000059090000)]
  0x000000005749b800 JavaThread "Finalizer" daemon [_thread_blocked, id=6396, stack(0x0000000059260000,0x0000000059360000)]
  0x0000000057454800 JavaThread "Reference Handler" daemon [_thread_blocked, id=3256, stack(0x00000000590a0000,0x00000000591a0000)]

Other Threads:
  0x000000005744d000 VMThread [stack: 0x0000000058480000,0x0000000058580000] [id=5472]
  0x000000005941a000 WatcherThread [stack: 0x0000000059de0000,0x0000000059ee0000] [id=2460]

VM state:not at safepoint (normal execution)

VM Mutex/Monitor currently owned by a thread: None

Heap:
 PSYoungGen      total 34816K, used 23014K [0x00000000d5700000, 0x00000000d8580000, 0x0000000100000000)
  eden space 23040K, 98% used [0x00000000d5700000,0x00000000d6d0e078,0x00000000d6d80000)
  from space 11776K, 3% used [0x00000000d7a00000,0x00000000d7a6b890,0x00000000d8580000)
  to   space 12288K, 0% used [0x00000000d6d80000,0x00000000d6d80000,0x00000000d7980000)
 ParOldGen       total 87552K, used 22439K [0x0000000080400000, 0x0000000085980000, 0x00000000d5700000)
  object space 87552K, 25% used [0x0000000080400000,0x00000000819e9cf0,0x0000000085980000)
 Metaspace       used 19173K, capacity 19427K, committed 19712K, reserved 1067008K
  class space    used 2172K, capacity 2235K, committed 2304K, reserved 1048576K

Card table byte_map: [0x0000000011ba0000,0x0000000011fa0000] byte_map_base: 0x000000001179e000

Marking Bits: (ParMarkBitMap*) 0x0000000058ef2f70
 Begin Bits: [0x00000000126e0000, 0x00000000146d0000)
 End Bits:   [0x00000000146d0000, 0x00000000166c0000)

Polling page: 0x0000000000250000

CodeCache: size=245760Kb used=13748Kb max_used=15307Kb free=232011Kb
 bounds [0x00000000027e0000, 0x0000000003750000, 0x00000000117e0000]
 total_blobs=3732 nmethods=2967 adapters=676
 compilation: enabled

Compilation events (10 events):
Event: 153.157 Thread 0x0000000059377000 3783       3       java.util.ArrayList::addAll (54 bytes)
Event: 153.158 Thread 0x0000000059377000 nmethod 3783 0x00000000032e3590 code [0x00000000032e3740, 0x00000000032e3d88]
Event: 153.158 Thread 0x0000000059377000 3784       3       java.util.ArrayList::toArray (12 bytes)
Event: 153.158 Thread 0x0000000059377000 nmethod 3784 0x0000000002b19990 code [0x0000000002b19b00, 0x0000000002b19d88]
Event: 153.757 Thread 0x0000000059377000 3785       3       com.mygdx.game.objects.weapon.Laser::endSound (1 bytes)
Event: 153.757 Thread 0x0000000059377000 nmethod 3785 0x0000000003246990 code [0x0000000003246ae0, 0x0000000003246c30]
Event: 153.907 Thread 0x0000000059377000 3786       3       com.mygdx.game.objects.weapon.Pistol::endSound (1 bytes)
Event: 153.907 Thread 0x0000000059377000 nmethod 3786 0x0000000002d4d8d0 code [0x0000000002d4da20, 0x0000000002d4db70]
Event: 155.477 Thread 0x0000000059377000 3787       3       com.badlogic.gdx.utils.IntArray::clear (6 bytes)
Event: 155.477 Thread 0x0000000059377000 nmethod 3787 0x0000000002e58150 code [0x0000000002e582a0, 0x0000000002e583f0]

GC Heap History (10 events):
Event: 105.905 GC heap before
{Heap before GC invocations=26 (full 3):
 PSYoungGen      total 36352K, used 23040K [0x00000000d5700000, 0x00000000d8880000, 0x0000000100000000)
  eden space 23040K, 100% used [0x00000000d5700000,0x00000000d6d80000,0x00000000d6d80000)
  from space 13312K, 0% used [0x00000000d7b80000,0x00000000d7b80000,0x00000000d8880000)
  to   space 13824K, 0% used [0x00000000d6d80000,0x00000000d6d80000,0x00000000d7b00000)
 ParOldGen       total 87552K, used 24217K [0x0000000080400000, 0x0000000085980000, 0x00000000d5700000)
  object space 87552K, 27% used [0x0000000080400000,0x0000000081ba6490,0x0000000085980000)
 Metaspace       used 19165K, capacity 19427K, committed 19712K, reserved 1067008K
  class space    used 2172K, capacity 2235K, committed 2304K, reserved 1048576K
Event: 105.907 GC heap after
Heap after GC invocations=26 (full 3):
 PSYoungGen      total 23552K, used 508K [0x00000000d5700000, 0x00000000d8780000, 0x0000000100000000)
  eden space 23040K, 0% used [0x00000000d5700000,0x00000000d5700000,0x00000000d6d80000)
  from space 512K, 99% used [0x00000000d6d80000,0x00000000d6dff120,0x00000000d6e00000)
  to   space 13312K, 0% used [0x00000000d7a80000,0x00000000d7a80000,0x00000000d8780000)
 ParOldGen       total 87552K, used 24217K [0x0000000080400000, 0x0000000085980000, 0x00000000d5700000)
  object space 87552K, 27% used [0x0000000080400000,0x0000000081ba6490,0x0000000085980000)
 Metaspace       used 19165K, capacity 19427K, committed 19712K, reserved 1067008K
  class space    used 2172K, capacity 2235K, committed 2304K, reserved 1048576K
}
Event: 119.503 GC heap before
{Heap before GC invocations=27 (full 3):
 PSYoungGen      total 23552K, used 23548K [0x00000000d5700000, 0x00000000d8780000, 0x0000000100000000)
  eden space 23040K, 100% used [0x00000000d5700000,0x00000000d6d80000,0x00000000d6d80000)
  from space 512K, 99% used [0x00000000d6d80000,0x00000000d6dff120,0x00000000d6e00000)
  to   space 13312K, 0% used [0x00000000d7a80000,0x00000000d7a80000,0x00000000d8780000)
 ParOldGen       total 87552K, used 24217K [0x0000000080400000, 0x0000000085980000, 0x00000000d5700000)
  object space 87552K, 27% used [0x0000000080400000,0x0000000081ba6490,0x0000000085980000)
 Metaspace       used 19167K, capacity 19427K, committed 19712K, reserved 1067008K
  class space    used 2172K, capacity 2235K, committed 2304K, reserved 1048576K
Event: 119.505 GC heap after
Heap after GC invocations=27 (full 3):
 PSYoungGen      total 36352K, used 444K [0x00000000d5700000, 0x00000000d8780000, 0x0000000100000000)
  eden space 23040K, 0% used [0x00000000d5700000,0x00000000d5700000,0x00000000d6d80000)
  from space 13312K, 3% used [0x00000000d7a80000,0x00000000d7aef120,0x00000000d8780000)
  to   space 13312K, 0% used [0x00000000d6d80000,0x00000000d6d80000,0x00000000d7a80000)
 ParOldGen       total 87552K, used 24329K [0x0000000080400000, 0x0000000085980000, 0x00000000d5700000)
  object space 87552K, 27% used [0x0000000080400000,0x0000000081bc2490,0x0000000085980000)
 Metaspace       used 19167K, capacity 19427K, committed 19712K, reserved 1067008K
  class space    used 2172K, capacity 2235K, committed 2304K, reserved 1048576K
}
Event: 125.756 GC heap before
{Heap before GC invocations=28 (full 3):
 PSYoungGen      total 36352K, used 16135K [0x00000000d5700000, 0x00000000d8780000, 0x0000000100000000)
  eden space 23040K, 68% used [0x00000000d5700000,0x00000000d6652d38,0x00000000d6d80000)
  from space 13312K, 3% used [0x00000000d7a80000,0x00000000d7aef120,0x00000000d8780000)
  to   space 13312K, 0% used [0x00000000d6d80000,0x00000000d6d80000,0x00000000d7a80000)
 ParOldGen       total 87552K, used 24329K [0x0000000080400000, 0x0000000085980000, 0x00000000d5700000)
  object space 87552K, 27% used [0x0000000080400000,0x0000000081bc2490,0x0000000085980000)
 Metaspace       used 19167K, capacity 19427K, committed 19712K, reserved 1067008K
  class space    used 2172K, capacity 2235K, committed 2304K, reserved 1048576K
Event: 125.757 GC heap after
Heap after GC invocations=28 (full 3):
 PSYoungGen      total 23552K, used 320K [0x00000000d5700000, 0x00000000d8680000, 0x0000000100000000)
  eden space 23040K, 0% used [0x00000000d5700000,0x00000000d5700000,0x00000000d6d80000)
  from space 512K, 62% used [0x00000000d6d80000,0x00000000d6dd0000,0x00000000d6e00000)
  to   space 12800K, 0% used [0x00000000d7a00000,0x00000000d7a00000,0x00000000d8680000)
 ParOldGen       total 87552K, used 24385K [0x0000000080400000, 0x0000000085980000, 0x00000000d5700000)
  object space 87552K, 27% used [0x0000000080400000,0x0000000081bd0490,0x0000000085980000)
 Metaspace       used 19167K, capacity 19427K, committed 19712K, reserved 1067008K
  class space    used 2172K, capacity 2235K, committed 2304K, reserved 1048576K
}
Event: 125.757 GC heap before
{Heap before GC invocations=29 (full 4):
 PSYoungGen      total 23552K, used 320K [0x00000000d5700000, 0x00000000d8680000, 0x0000000100000000)
  eden space 23040K, 0% used [0x00000000d5700000,0x00000000d5700000,0x00000000d6d80000)
  from space 512K, 62% used [0x00000000d6d80000,0x00000000d6dd0000,0x00000000d6e00000)
  to   space 12800K, 0% used [0x00000000d7a00000,0x00000000d7a00000,0x00000000d8680000)
 ParOldGen       total 87552K, used 24385K [0x0000000080400000, 0x0000000085980000, 0x00000000d5700000)
  object space 87552K, 27% used [0x0000000080400000,0x0000000081bd0490,0x0000000085980000)
 Metaspace       used 19167K, capacity 19427K, committed 19712K, reserved 1067008K
  class space    used 2172K, capacity 2235K, committed 2304K, reserved 1048576K
Event: 125.804 GC heap after
Heap after GC invocations=29 (full 4):
 PSYoungGen      total 23552K, used 0K [0x00000000d5700000, 0x00000000d8680000, 0x0000000100000000)
  eden space 23040K, 0% used [0x00000000d5700000,0x00000000d5700000,0x00000000d6d80000)
  from space 512K, 0% used [0x00000000d6d80000,0x00000000d6d80000,0x00000000d6e00000)
  to   space 12800K, 0% used [0x00000000d7a00000,0x00000000d7a00000,0x00000000d8680000)
 ParOldGen       total 87552K, used 22439K [0x0000000080400000, 0x0000000085980000, 0x00000000d5700000)
  object space 87552K, 25% used [0x0000000080400000,0x00000000819e9cf0,0x0000000085980000)
 Metaspace       used 19167K, capacity 19427K, committed 19712K, reserved 1067008K
  class space    used 2172K, capacity 2235K, committed 2304K, reserved 1048576K
}
Event: 141.103 GC heap before
{Heap before GC invocations=30 (full 4):
 PSYoungGen      total 23552K, used 23040K [0x00000000d5700000, 0x00000000d8680000, 0x0000000100000000)
  eden space 23040K, 100% used [0x00000000d5700000,0x00000000d6d80000,0x00000000d6d80000)
  from space 512K, 0% used [0x00000000d6d80000,0x00000000d6d80000,0x00000000d6e00000)
  to   space 12800K, 0% used [0x00000000d7a00000,0x00000000d7a00000,0x00000000d8680000)
 ParOldGen       total 87552K, used 22439K [0x0000000080400000, 0x0000000085980000, 0x00000000d5700000)
  object space 87552K, 25% used [0x0000000080400000,0x00000000819e9cf0,0x0000000085980000)
 Metaspace       used 19169K, capacity 19427K, committed 19712K, reserved 1067008K
  class space    used 2172K, capacity 2235K, committed 2304K, reserved 1048576K
Event: 141.104 GC heap after
Heap after GC invocations=30 (full 4):
 PSYoungGen      total 34816K, used 430K [0x00000000d5700000, 0x00000000d8580000, 0x0000000100000000)
  eden space 23040K, 0% used [0x00000000d5700000,0x00000000d5700000,0x00000000d6d80000)
  from space 11776K, 3% used [0x00000000d7a00000,0x00000000d7a6b890,0x00000000d8580000)
  to   space 12288K, 0% used [0x00000000d6d80000,0x00000000d6d80000,0x00000000d7980000)
 ParOldGen       total 87552K, used 22439K [0x0000000080400000, 0x0000000085980000, 0x00000000d5700000)
  object space 87552K, 25% used [0x0000000080400000,0x00000000819e9cf0,0x0000000085980000)
 Metaspace       used 19169K, capacity 19427K, committed 19712K, reserved 1067008K
  class space    used 2172K, capacity 2235K, committed 2304K, reserved 1048576K
}

Deoptimization events (10 events):
Event: 99.921 Thread 0x000000005a6a2000 Uncommon trap: reason=unstable_if action=reinterpret pc=0x00000000034e06b8 method=com.mygdx.game.states.GameState.render(Lcom/badlogic/gdx/graphics/g2d/SpriteBatch;)V @ 647
Event: 100.121 Thread 0x000000005a6a2000 Uncommon trap: reason=unstable_if action=reinterpret pc=0x00000000033e72b0 method=com.mygdx.game.objects.Player.renderGUI(Lcom/badlogic/gdx/graphics/g2d/SpriteBatch;)V @ 456
Event: 100.407 Thread 0x000000005a6a2000 Uncommon trap: reason=unstable_if action=reinterpret pc=0x00000000030c57e4 method=com.badlogic.gdx.utils.Pool.free(Ljava/lang/Object;)V @ 25
Event: 122.756 Thread 0x000000005a6a2000 Uncommon trap: reason=unstable_if action=reinterpret pc=0x00000000034356a4 method=com.mygdx.game.objects.weapon.Pistol.update(F)V @ 19
Event: 123.686 Thread 0x000000005a6a2000 Uncommon trap: reason=unstable_if action=reinterpret pc=0x00000000032effe0 method=com.mygdx.game.objects.BotPlayer.update(F)V @ 1137
Event: 123.690 Thread 0x000000005a6a2000 Uncommon trap: reason=unstable_if action=reinterpret pc=0x00000000036df000 method=com.mygdx.game.objects.BotPlayer.update(F)V @ 1137
Event: 134.392 Thread 0x000000005a6a2000 Uncommon trap: reason=unstable_if action=reinterpret pc=0x0000000002e226f0 method=com.mygdx.game.states.GameState.update(F)V @ 1424
Event: 145.002 Thread 0x000000005a6a2000 Uncommon trap: reason=unstable_if action=reinterpret pc=0x00000000034cbba8 method=com.mygdx.game.states.GameState.render(Lcom/badlogic/gdx/graphics/g2d/SpriteBatch;)V @ 544
Event: 145.007 Thread 0x000000005a6a2000 Uncommon trap: reason=unstable_if action=reinterpret pc=0x0000000002eec008 method=com.mygdx.game.objects.BotPlayer.update(F)V @ 531
Event: 145.007 Thread 0x000000005a6a2000 Uncommon trap: reason=unstable_if action=reinterpret pc=0x000000000325ffb4 method=com.mygdx.game.objects.Player.update(F)V @ 617

Internal exceptions (10 events):
Event: 19.505 Thread 0x000000005a6a2000 Exception <a 'java/lang/ArrayIndexOutOfBoundsException': 18> (0x00000000d6205df8) thrown at [C:\re\workspace\8-2-build-windows-amd64-cygwin\jdk8u91\6644\hotspot\src\share\vm\interpreter\interpreterRuntime.cpp, line 366]
Event: 37.652 Thread 0x000000005a6a2000 Implicit null exception at 0x0000000002d2f08d to 0x0000000002d2f601
Event: 38.148 Thread 0x000000005a6a2000 Implicit null exception at 0x0000000002c9e3d1 to 0x0000000002c9e8dd
Event: 38.204 Thread 0x000000005a6a2000 Implicit null exception at 0x0000000002cd8063 to 0x0000000002cd846d
Event: 88.593 Thread 0x000000005a6a2000 Implicit null exception at 0x00000000033fd96b to 0x00000000033fdc31
Event: 88.980 Thread 0x000000005a6a2000 Implicit null exception at 0x0000000002d79186 to 0x0000000002d793a9
Event: 88.981 Thread 0x000000005a6a2000 Implicit null exception at 0x0000000002d4ebd4 to 0x0000000002d4eda1
Event: 88.997 Thread 0x000000005a6a2000 Implicit null exception at 0x0000000002b18d7d to 0x0000000002b19071
Event: 89.008 Thread 0x000000005a6a2000 Implicit null exception at 0x00000000032dec45 to 0x00000000032def9d
Event: 89.012 Thread 0x000000005a6a2000 Implicit null exception at 0x000000000297b3bf to 0x000000000297c441

Events (10 events):
Event: 145.924 Thread 0x000000005a6a2000 DEOPT PACKING pc=0x000000000364e338 sp=0x000000005f9ef050
Event: 145.924 Thread 0x000000005a6a2000 DEOPT UNPACKING pc=0x000000000282787f sp=0x000000005f9ef0f0 mode 0
Event: 146.024 Thread 0x000000005a6a2000 DEOPT PACKING pc=0x000000000364e338 sp=0x000000005f9ef050
Event: 146.024 Thread 0x000000005a6a2000 DEOPT UNPACKING pc=0x000000000282787f sp=0x000000005f9ef0f0 mode 0
Event: 146.241 Thread 0x000000005a6a2000 DEOPT PACKING pc=0x000000000353f7d2 sp=0x000000005f9ef230
Event: 146.241 Thread 0x000000005a6a2000 DEOPT UNPACKING pc=0x000000000282787f sp=0x000000005f9ef080 mode 0
Event: 146.607 Thread 0x000000005a6a2000 DEOPT PACKING pc=0x000000000353f7d2 sp=0x000000005f9ef230
Event: 146.607 Thread 0x000000005a6a2000 DEOPT UNPACKING pc=0x000000000282787f sp=0x000000005f9ef080 mode 0
Event: 146.991 Thread 0x000000005a6a2000 DEOPT PACKING pc=0x000000000353f7d2 sp=0x000000005f9ef230
Event: 146.991 Thread 0x000000005a6a2000 DEOPT UNPACKING pc=0x000000000282787f sp=0x000000005f9ef080 mode 0


Dynamic libraries:
0x000000013ff60000 - 0x000000013ff97000 	C:\Program Files\Java\jre1.8.0_91\bin\javaw.exe
0x00000000776d0000 - 0x000000007787a000 	C:\Windows\SYSTEM32\ntdll.dll
0x000007fefa7a0000 - 0x000007fefa7d3000 	C:\Program Files\AVAST Software\Avast\x64\aswhooka.dll
0x00000000774b0000 - 0x00000000775cf000 	C:\Windows\system32\kernel32.dll
0x000007fefd550000 - 0x000007fefd5ba000 	C:\Windows\system32\KERNELBASE.dll
0x000007fefd980000 - 0x000007fefda5b000 	C:\Windows\system32\ADVAPI32.dll
0x000007fefd8e0000 - 0x000007fefd97f000 	C:\Windows\system32\msvcrt.dll
0x000007fefe1f0000 - 0x000007fefe20f000 	C:\Windows\SYSTEM32\sechost.dll
0x000007fefdd30000 - 0x000007fefde5d000 	C:\Windows\system32\RPCRT4.dll
0x00000000775d0000 - 0x00000000776ca000 	C:\Windows\system32\USER32.dll
0x000007feff890000 - 0x000007feff8f7000 	C:\Windows\system32\GDI32.dll
0x000007fefd820000 - 0x000007fefd82e000 	C:\Windows\system32\LPK.dll
0x000007feff4f0000 - 0x000007feff5bb000 	C:\Windows\system32\USP10.dll
0x000007fefbdc0000 - 0x000007fefbfb4000 	C:\Windows\WinSxS\amd64_microsoft.windows.common-controls_6595b64144ccf1df_6.0.7601.18837_none_fa3b1e3d17594757\COMCTL32.dll
0x000007fefd860000 - 0x000007fefd8d1000 	C:\Windows\system32\SHLWAPI.dll
0x000007fefd830000 - 0x000007fefd85e000 	C:\Windows\system32\IMM32.DLL
0x000007feff3c0000 - 0x000007feff4c9000 	C:\Windows\system32\MSCTF.dll
0x0000000069d50000 - 0x0000000069e22000 	C:\Program Files\Java\jre1.8.0_91\bin\msvcr100.dll
0x00000000586e0000 - 0x0000000058f73000 	C:\Program Files\Java\jre1.8.0_91\bin\server\jvm.dll
0x000007feed210000 - 0x000007feed219000 	C:\Windows\system32\WSOCK32.dll
0x000007fefefa0000 - 0x000007fefefed000 	C:\Windows\system32\WS2_32.dll
0x000007fefda60000 - 0x000007fefda68000 	C:\Windows\system32\NSI.dll
0x000007fefb110000 - 0x000007fefb14b000 	C:\Windows\system32\WINMM.dll
0x000007fefc480000 - 0x000007fefc48c000 	C:\Windows\system32\VERSION.dll
0x00000000778a0000 - 0x00000000778a7000 	C:\Windows\system32\PSAPI.DLL
0x0000000071e90000 - 0x0000000071e9f000 	C:\Program Files\Java\jre1.8.0_91\bin\verify.dll
0x000000006a0e0000 - 0x000000006a109000 	C:\Program Files\Java\jre1.8.0_91\bin\java.dll
0x00000000712e0000 - 0x00000000712f6000 	C:\Program Files\Java\jre1.8.0_91\bin\zip.dll
0x000007fefe210000 - 0x000007fefef9b000 	C:\Windows\system32\SHELL32.dll
0x000007fefde60000 - 0x000007fefe05c000 	C:\Windows\system32\ole32.dll
0x000007fefd3c0000 - 0x000007fefd3cf000 	C:\Windows\system32\profapi.dll
0x00000000720c0000 - 0x0000000072258000 	C:\Program Files\Java\jre1.8.0_91\bin\awt.dll
0x000007fefdc50000 - 0x000007fefdd2a000 	C:\Windows\system32\OLEAUT32.dll
0x000007fefb9b0000 - 0x000007fefba06000 	C:\Windows\system32\uxtheme.dll
0x000007fefb5a0000 - 0x000007fefb5b8000 	C:\Windows\system32\dwmapi.dll
0x000007fefd220000 - 0x000007fefd22f000 	C:\Windows\system32\CRYPTBASE.dll
0x000007fee1520000 - 0x000007fee171f000 	C:\Windows\system32\d3d9.dll
0x000007fefbbd0000 - 0x000007fefbbd7000 	C:\Windows\system32\d3d8thk.dll
0x000007fedd440000 - 0x000007fede4ab000 	C:\Windows\system32\nvd3dumx.dll
0x000007fefbfc0000 - 0x000007fefbfec000 	C:\Windows\system32\powrprof.dll
0x000007fefda70000 - 0x000007fefdc47000 	C:\Windows\system32\SETUPAPI.dll
0x000007fefd690000 - 0x000007fefd6c6000 	C:\Windows\system32\CFGMGR32.dll
0x000007fefd630000 - 0x000007fefd64a000 	C:\Windows\system32\DEVOBJ.dll
0x000007fee3720000 - 0x000007fee3801000 	C:\Program Files (x86)\NVIDIA Corporation\3D Vision\nvSCPAPI64.dll
0x000007fee1340000 - 0x000007fee1516000 	C:\Windows\system32\nvspcap64.dll
0x000007fef9270000 - 0x000007fef92e1000 	C:\Windows\system32\WINHTTP.dll
0x000007fef9200000 - 0x000007fef9265000 	C:\Windows\system32\webio.dll
0x000007fef9cc0000 - 0x000007fefa075000 	C:\Windows\system32\nvapi64.dll
0x000007fefd190000 - 0x000007fefd1b5000 	C:\Windows\system32\SspiCli.dll
0x0000000071a20000 - 0x0000000071a67000 	C:\Program Files\Java\jre1.8.0_91\bin\fontmanager.dll
0x0000000072300000 - 0x000000007231a000 	C:\Program Files\Java\jre1.8.0_91\bin\net.dll
0x000007fefcb50000 - 0x000007fefcba5000 	C:\Windows\system32\mswsock.dll
0x000007fefcb40000 - 0x000007fefcb47000 	C:\Windows\System32\wship6.dll
0x00000000722e0000 - 0x00000000722f1000 	C:\Program Files\Java\jre1.8.0_91\bin\nio.dll
0x0000000071950000 - 0x0000000071992000 	C:\Program Files\Java\jre1.8.0_91\bin\t2k.dll
0x0000000065580000 - 0x0000000065616000 	C:\Users\Victor\AppData\Local\Temp\libgdxVictor\40f0d13c\gdx64.dll
0x000007fefcbb0000 - 0x000007fefcbc8000 	C:\Windows\system32\CRYPTSP.dll
0x000007fefc8b0000 - 0x000007fefc8f7000 	C:\Windows\system32\rsaenh.dll
0x000007fefd5c0000 - 0x000007fefd5de000 	C:\Windows\system32\USERENV.dll
0x000007fefae20000 - 0x000007fefae47000 	C:\Windows\system32\IPHLPAPI.DLL
0x000007fefae10000 - 0x000007fefae1b000 	C:\Windows\system32\WINNSI.DLL
0x000007fefad40000 - 0x000007fefad51000 	C:\Windows\system32\dhcpcsvc6.DLL
0x000007fefad20000 - 0x000007fefad38000 	C:\Windows\system32\dhcpcsvc.DLL
0x0000000180000000 - 0x0000000180053000 	C:\Users\Victor\AppData\Local\Temp\libgdxVictor\dc0f0009\lwjgl64.dll
0x000007fee3600000 - 0x000007fee371d000 	C:\Windows\system32\OPENGL32.dll
0x000007fefa750000 - 0x000007fefa77d000 	C:\Windows\system32\GLU32.dll
0x000007fee8920000 - 0x000007fee8a11000 	C:\Windows\system32\DDRAW.dll
0x000007fefbbc0000 - 0x000007fefbbc8000 	C:\Windows\system32\DCIMAN32.dll
0x00000000591a0000 - 0x0000000059204000 	C:\Users\Victor\AppData\Local\Temp\libgdxVictor\dc0f0009\OpenAL64.dll
0x000007fefd780000 - 0x000007fefd819000 	C:\Windows\system32\CLBCatQ.DLL
0x000007fefbb70000 - 0x000007fefbbbb000 	C:\Windows\System32\MMDevApi.dll
0x000007fefba30000 - 0x000007fefbb5c000 	C:\Windows\System32\PROPSYS.dll
0x000007fee2aa0000 - 0x000007fee2b28000 	C:\Windows\system32\dsound.dll
0x000007fefacd0000 - 0x000007fefad1f000 	C:\Windows\system32\AUDIOSES.DLL
0x00000000609c0000 - 0x0000000062807000 	C:\Windows\system32\nvoglv64.DLL
0x000007fefc610000 - 0x000007fefc621000 	C:\Windows\system32\WTSAPI32.dll
0x000007fef7e30000 - 0x000007fef7f55000 	C:\Windows\system32\dbghelp.dll
0x000007fefd5f0000 - 0x000007fefd62b000 	C:\Windows\system32\WINTRUST.dll
0x000007fefd3e0000 - 0x000007fefd54d000 	C:\Windows\system32\CRYPT32.dll
0x000007fefd3d0000 - 0x000007fefd3df000 	C:\Windows\system32\MSASN1.dll
0x000007fefb530000 - 0x000007fefb55d000 	C:\Windows\system32\ntmarta.dll
0x000007feff900000 - 0x000007feff952000 	C:\Windows\system32\WLDAP32.dll
0x000007fefa2d0000 - 0x000007fefa36c000 	C:\Windows\system32\mscms.dll
0x000007fef7d70000 - 0x000007fef7db2000 	C:\Windows\system32\icm32.dll
0x000007fefd2d0000 - 0x000007fefd30d000 	C:\Windows\system32\WINSTA.dll
0x0000000068900000 - 0x0000000068a54000 	C:\Users\Victor\AppData\Local\Temp\libgdxVictor\703c426f\gdx-controllers-desktop64.dll
0x000007feed9f0000 - 0x000007feeda2c000 	C:\Windows\system32\DINPUT8.dll
0x000007fefb5c0000 - 0x000007fefb5cb000 	C:\Windows\system32\HID.DLL
0x000000006a740000 - 0x000000006a7ed000 	C:\Users\Victor\AppData\Local\Temp\libgdxVictor\6fb08ec8\gdx-freetype64.dll
0x000000005b4e0000 - 0x000000005b59b000 	C:\Users\Victor\AppData\Local\Temp\libgdxVictor\ad04a22e\gdx-box2d64.dll

VM Arguments:
jvm_args: -Djava.library.path=D:\LIBGDX\libgdx\extensions\gdx-controllers\gdx-controllers-desktop-natives;D:\LIBGDX\libgdx\gdx-natives;D:\LIBGDX\libgdx\gdx-natives -Dfile.encoding=Cp1252 
java_command: com.mygdx.game.desktop.DesktopLauncher -Xmx4048m
java_class_path (initial): C:\Users\Victor\Games\Workspace\desktop\bin;C:\Users\Victor\.gradle\caches\modules-2\files-2.1\com.badlogicgames.gdx\gdx-backend-lwjgl\1.6.1\e3208559223c991f1db7220d5ddf3e5a12e5528f\gdx-backend-lwjgl-1.6.1.jar;C:\Users\Victor\.gradle\caches\modules-2\files-2.1\com.badlogicgames.gdx\gdx-platform\1.6.1\861f02e3f7f85423be6f9727ab12b03b40d39477\gdx-platform-1.6.1-natives-desktop.jar;C:\Users\Victor\.gradle\caches\modules-2\files-2.1\com.badlogicgames.gdx\gdx-box2d-platform\1.6.1\afe698dffa47134e4eeaaf674bd5ad3844e60ff0\gdx-box2d-platform-1.6.1-natives-desktop.jar;C:\Users\Victor\.gradle\caches\modules-2\files-2.1\com.badlogicgames.gdx\gdx-bullet-platform\1.6.1\e9a636bd871715f7e69c5e53f4cd2b4f0ef40a7d\gdx-bullet-platform-1.6.1-natives-desktop.jar;C:\Users\Victor\.gradle\caches\modules-2\files-2.1\com.badlogicgames.gdx\gdx-freetype-platform\1.6.1\a73fbc0f0873c7d30b8123371714f0cbcf32206e\gdx-freetype-platform-1.6.1-natives-desktop.jar;D:\LIBGDX\libgdx\extensions\gdx-controllers\gdx-controllers-desktop.jar;C:\Users\Victor\.gradle\caches\modules-2\files-2.1\com.badlogicgames.gdx\gdx-controllers-platform\1.6.1\758c616eb2c81f6043c5a73c22f8e2406bc6e750\gdx-controllers-platform-1.6.1-natives-desktop.jar;C:\Users\Victor\.gradle\caches\modules-2\files-2.1\com.badlogicgames.gdx\gdx-tools\1.6.1\f4fc6e4240d81c24b02a75c48f1685e6cf76435a\gdx-tools-1.6.1.jar;D:\LIBGDX\libgdx\gdx.jar;C:\Users\Victor\.gradle\caches\modules-2\files-2.1\com.badlogicgames.gdx\gdx-bullet\1.6.1\24124f7e16583d2a4f973c1b0f360c52ab259acf\gdx-bullet-1.6.1.jar;D:\LIBGDX\libgdx\extensions\gdx-controllers\gdx-controllers.jar;C:\Users\Victor\.gradle\caches\modules-2\files-2.1\org.lwjgl.lwjgl\lwjgl\2.9.2\a9d80fe5935c7a9149f6584d9777cfd471f65489\lwjgl-2.9.2.jar;C:\Users\Victor\.gradle\caches\modules-2\files-2.1\org.lwjgl.lwjgl\lwjgl_util\2.9.2\4b9e37300a87799856e0bd15ed81663cdb6b0947\lwjgl_util-2.9.2.jar;C:\Users\Victor\.gradle\caches\modules-2\files-2.1\com.badlogicgames.jlayer\jlayer\1.0.1
Launcher Type: SUN_STANDARD

Environment Variables:
JAVA_HOME=C:\Program Files (x86)\Java\jdk1.7.0_55
CLASSPATH=.;.;C:\PROGRA~2\JMF21~1.1E\lib\sound.jar;C:\PROGRA~2\JMF21~1.1E\lib\jmf.jar;C:\PROGRA~2\JMF21~1.1E\lib;C:\Program Files (x86)\ant\bin
PATH=C:\ProgramData\Oracle\Java\javapath;C:\Windows\system32;C:\Windows;C:\Windows\System32\Wbem;C:\Windows\System32\WindowsPowerShell\v1.0\;C:\Program Files (x86)\NVIDIA Corporation\PhysX\Common;C:\Program Files (x86)\Windows Kits\8.1\Windows Performance Toolkit\;C:\Program Files\Microsoft SQL Server\110\Tools\Binn\;C:\Program Files (x86)\Microsoft SDKs\TypeScript\1.0\;C:\Program Files\Microsoft SQL Server\120\Tools\Binn\;C:\Program Files\Java\jre1.8.0_71\bin;C:\Program Files\Java\jdk1.8.0_71\bin;C:\Program Files (x86)\GtkSharp\2.12\bin;C:\Program Files\Microsoft SQL Server\130\Tools\Binn\;C:\Program Files\MATLAB\R2016a\bin;C:\Program Files\SDL2;C:\Program Files\apache-maven-3.3.9\bin;C:\Program Files\Git\cmd;C:\Program Files (x86)\ant\bin;C:\Program Files (x86)\QuickTime\QTSystem\;C:\Program Files (x86)\Skype\Phone;C:\Program Files (x86)\Gradle\bin;C:\Program Files (x86)\CVSNT\
USERNAME=Victor
OS=Windows_NT
PROCESSOR_IDENTIFIER=Intel64 Family 6 Model 42 Stepping 7, GenuineIntel



---------------  S Y S T E M  ---------------

OS: Windows 7 , 64 bit Build 7601 (6.1.7601.23807)

CPU:total 4 (4 cores per cpu, 1 threads per core) family 6 model 42 stepping 7, cmov, cx8, fxsr, mmx, sse, sse2, sse3, ssse3, sse4.1, sse4.2, popcnt, avx, aes, clmul, tsc, tscinvbit

Memory: 4k page, physical 8370836k(5941292k free), swap 33424140k(29292792k free)

vm_info: Java HotSpot(TM) 64-Bit Server VM (25.91-b14) for windows-amd64 JRE (1.8.0_91-b14), built on Apr  1 2016 00:58:32 by "java_re" with MS VC++ 10.0 (VS2010)

time: Fri Jul 21 14:41:12 2017
elapsed time: 155 seconds (0d 0h 2m 35s)

