#
# A fatal error has been detected by the Java Runtime Environment:
#
#  EXCEPTION_ACCESS_VIOLATION (0xc0000005) at pc=0x0000000058fc6622, pid=2356, tid=4984
#
# JRE version: Java(TM) SE Runtime Environment (8.0_91-b14) (build 1.8.0_91-b14)
# Java VM: Java HotSpot(TM) 64-Bit Server VM (25.91-b14 mixed mode windows-amd64 compressed oops)
# Problematic frame:
# C  [gdx-box2d64.dll+0x26622]
#
# Failed to write core dump. Minidumps are not enabled by default on client versions of Windows
#
# If you would like to submit a bug report, please visit:
#   http://bugreport.java.com/bugreport/crash.jsp
# The crash happened outside the Java Virtual Machine in native code.
# See problematic frame for where to report the bug.
#

---------------  T H R E A D  ---------------

Current thread (0x000000005aafb000):  JavaThread "LWJGL Application" [_thread_in_native, id=4984, stack(0x000000005f420000,0x000000005f520000)]

siginfo: ExceptionCode=0xc0000005, reading address 0x0000000119591edc

Registers:
RAX=0x000000009176e050, RBX=0x000000005aafb1f8, RCX=0x0000000000000000, RDX=0x0000000058e77d50
RSP=0x000000005f51f230, RBP=0x000000005f51f2d0, RSI=0x000000005f51f2a0, RDI=0x0000000119591eb0
R8 =0x000000009176e040, R9 =0x0000000000000001, R10=0x000000000000000c, R11=0x0000000090491c38
R12=0x0000000000000000, R13=0x0000000080cfb098, R14=0x0000000080cfb0b8, R15=0x000000005aafb000
RIP=0x0000000058fc6622, EFLAGS=0x0000000000010202

Top of Stack: (sp=0x000000005f51f230)
0x000000005f51f230:   000000005aafb1f8 000000005f51f2d0
0x000000005f51f240:   000000005f51f2a0 0000000000000000
0x000000005f51f250:   000000009176e0c0 0000000000000000
0x000000005f51f260:   0000000016fc78a8 00000000032f7d4d
0x000000005f51f270:   0000000091770e08 0000000000000000
0x000000005f51f280:   d571695800000009 0000001380426450
0x000000005f51f290:   000000009176dfe8 00000000d5716958
0x000000005f51f2a0:   000000009176e040 0000000080c14af8
0x000000005f51f2b0:   0000000000000031 0000000000000000
0x000000005f51f2c0:   0000000000000031 0000000000000008
0x000000005f51f2d0:   000000009176dfe8 00000000034616cc
0x000000005f51f2e0:   0000000080df4170 0000000000000000
0x000000005f51f2f0:   0000000000000000 0000000000000000
0x000000005f51f300:   bf800000000001a5 0000000092493830
0x000000005f51f310:   3f8000003c8308f5 0000000016deda48
0x000000005f51f320:   00000000807e5148 00010e1b000001a7 

Instructions: (pc=0x0000000058fc6622)
0x0000000058fc6602:   53 48 83 ec 20 48 8b 01 48 89 cb 4c 89 c7 4c 89
0x0000000058fc6612:   ce 45 31 c0 4c 89 ca ff 90 f0 06 00 00 48 8b 13
0x0000000058fc6622:   f3 0f 10 4f 2c f3 0f 10 47 30 49 89 c0 45 31 c9
0x0000000058fc6632:   48 89 d9 f3 0f 11 08 4c 8b 92 f8 06 00 00 48 89 


Register to memory mapping:

RAX=0x000000009176e050 is pointing into object: 0x000000009176e040
[F 
 - klass: {type array float}
 - length: 4
RBX=0x000000005aafb1f8 is an unknown value
RCX=0x0000000000000000 is an unknown value
RDX=0x0000000058e77d50 is an unknown value
RSP=0x000000005f51f230 is pointing into the stack for thread: 0x000000005aafb000
RBP=0x000000005f51f2d0 is pointing into the stack for thread: 0x000000005aafb000
RSI=0x000000005f51f2a0 is pointing into the stack for thread: 0x000000005aafb000
RDI=0x0000000119591eb0 is an unknown value
R8 =0x000000009176e040 is an oop
[F 
 - klass: {type array float}
 - length: 4
R9 =0x0000000000000001 is an unknown value
R10=0x000000000000000c is an unknown value
R11=0x0000000090491c38 is an oop
com.mygdx.game.objects.BotPlayer 
 - klass: 'com/mygdx/game/objects/BotPlayer'
R12=0x0000000000000000 is an unknown value
R13=0x0000000080cfb098 is an oop
java.io.PrintStream 
 - klass: 'java/io/PrintStream'
R14=0x0000000080cfb0b8 is an oop
java.io.BufferedOutputStream 
 - klass: 'java/io/BufferedOutputStream'
R15=0x000000005aafb000 is a thread


Stack: [0x000000005f420000,0x000000005f520000],  sp=0x000000005f51f230,  free space=1020k
Native frames: (J=compiled Java code, j=interpreted, Vv=VM code, C=native code)
C  [gdx-box2d64.dll+0x26622]
C  0x00000000032f7d4d

Java frames: (J=compiled Java code, j=interpreted, Vv=VM code)
J 2596  com.badlogic.gdx.physics.box2d.Body.jniGetWorldCenter(J[F)V (0 bytes) @ 0x00000000032f7ccf [0x00000000032f7c80+0x4f]
J 4432 C2 com.mygdx.game.objects.BotPlayer.update(F)V (2103 bytes) @ 0x00000000034616cc [0x000000000345f940+0x1d8c]
J 3655 C2 com.mygdx.game.states.GameState.update(F)V (2214 bytes) @ 0x000000000387d63c [0x000000000387b420+0x221c]
J 3834 C2 com.mygdx.game.KambojaMain.render()V (129 bytes) @ 0x000000000348c9cc [0x000000000348c6c0+0x30c]
J 4589% C1 com.badlogic.gdx.backends.lwjgl.LwjglApplication.mainLoop()V (862 bytes) @ 0x0000000003558f44 [0x00000000035548a0+0x46a4]
j  com.badlogic.gdx.backends.lwjgl.LwjglApplication$1.run()V+27
v  ~StubRoutines::call_stub

---------------  P R O C E S S  ---------------

Java Threads: ( => current thread )
  0x000000005a6ef000 JavaThread "LWJGL Timer" daemon [_thread_blocked, id=3712, stack(0x0000000067970000,0x0000000067a70000)]
  0x000000000227e800 JavaThread "DestroyJavaVM" [_thread_blocked, id=4892, stack(0x0000000002530000,0x0000000002630000)]
=>0x000000005aafb000 JavaThread "LWJGL Application" [_thread_in_native, id=4984, stack(0x000000005f420000,0x000000005f520000)]
  0x000000005a650000 JavaThread "TimerQueue" daemon [_thread_blocked, id=3820, stack(0x000000005e510000,0x000000005e610000)]
  0x000000005a640000 JavaThread "D3D Screen Updater" daemon [_thread_blocked, id=6728, stack(0x000000005dda0000,0x000000005dea0000)]
  0x000000005a51f800 JavaThread "AWT-Windows" daemon [_thread_in_native, id=7160, stack(0x000000005acf0000,0x000000005adf0000)]
  0x000000005a4b1000 JavaThread "Java2D Disposer" daemon [_thread_blocked, id=5804, stack(0x000000005a040000,0x000000005a140000)]
  0x0000000059971000 JavaThread "Service Thread" daemon [_thread_blocked, id=6060, stack(0x000000005a150000,0x000000005a250000)]
  0x0000000059903800 JavaThread "C1 CompilerThread2" daemon [_thread_blocked, id=3624, stack(0x0000000059f10000,0x000000005a010000)]
  0x0000000059902000 JavaThread "C2 CompilerThread1" daemon [_thread_blocked, id=7024, stack(0x0000000059e10000,0x0000000059f10000)]
  0x00000000577dc800 JavaThread "C2 CompilerThread0" daemon [_thread_blocked, id=5244, stack(0x00000000596c0000,0x00000000597c0000)]
  0x00000000577da000 JavaThread "Attach Listener" daemon [_thread_blocked, id=6624, stack(0x0000000059800000,0x0000000059900000)]
  0x00000000577d7000 JavaThread "Signal Dispatcher" daemon [_thread_blocked, id=4368, stack(0x00000000595a0000,0x00000000596a0000)]
  0x00000000577be800 JavaThread "Finalizer" daemon [_thread_blocked, id=3864, stack(0x0000000059480000,0x0000000059580000)]
  0x0000000057775800 JavaThread "Reference Handler" daemon [_thread_blocked, id=5772, stack(0x0000000059250000,0x0000000059350000)]

Other Threads:
  0x000000005776e000 VMThread [stack: 0x00000000590a0000,0x00000000591a0000] [id=5380]
  0x00000000599a0800 WatcherThread [stack: 0x000000005a2b0000,0x000000005a3b0000] [id=3208]

VM state:not at safepoint (normal execution)

VM Mutex/Monitor currently owned by a thread: None

Heap:
 PSYoungGen      total 12800K, used 172K [0x00000000d5700000, 0x00000000d6780000, 0x0000000100000000)
  eden space 8704K, 1% used [0x00000000d5700000,0x00000000d572b0e8,0x00000000d5f80000)
  from space 4096K, 0% used [0x00000000d5f80000,0x00000000d5f80000,0x00000000d6380000)
  to   space 4096K, 0% used [0x00000000d6380000,0x00000000d6380000,0x00000000d6780000)
 ParOldGen       total 335360K, used 296653K [0x0000000080400000, 0x0000000094b80000, 0x00000000d5700000)
  object space 335360K, 88% used [0x0000000080400000,0x00000000925b3798,0x0000000094b80000)
 Metaspace       used 19497K, capacity 19753K, committed 19968K, reserved 1067008K
  class space    used 2172K, capacity 2236K, committed 2304K, reserved 1048576K

Card table byte_map: [0x0000000011cc0000,0x00000000120c0000] byte_map_base: 0x00000000118be000

Marking Bits: (ParMarkBitMap*) 0x0000000058ef2f70
 Begin Bits: [0x0000000012a00000, 0x00000000149f0000)
 End Bits:   [0x00000000149f0000, 0x00000000169e0000)

Polling page: 0x0000000000240000

CodeCache: size=245760Kb used=14407Kb max_used=15352Kb free=231352Kb
 bounds [0x0000000002900000, 0x00000000039a0000, 0x0000000011900000]
 total_blobs=4163 nmethods=3400 adapters=674
 compilation: enabled

Compilation events (10 events):
Event: 1498.994 Thread 0x00000000577dc800 4718       4       java.util.HashMap::containsKey (18 bytes)
Event: 1498.998 Thread 0x00000000577dc800 nmethod 4718 0x0000000003376d50 code [0x0000000003376ec0, 0x00000000033772b8]
Event: 1502.062 Thread 0x0000000059902000 4719       4       com.badlogic.gdx.utils.ObjectMap$MapIterator::<init> (19 bytes)
Event: 1502.067 Thread 0x0000000059902000 nmethod 4719 0x0000000002aa7f90 code [0x0000000002aa80e0, 0x0000000002aa8398]
Event: 1502.284 Thread 0x0000000059903800 4721       3       com.badlogic.gdx.graphics.g2d.BitmapFont$BitmapFontData::<init> (273 bytes)
Event: 1502.284 Thread 0x0000000059903800 nmethod 4721 0x0000000002a2c850 code [0x0000000002a2c9c0, 0x0000000002a2ceb0]
Event: 1502.284 Thread 0x0000000059903800 4722       3       com.badlogic.gdx.graphics.g2d.freetype.FreeTypeFontGenerator::generateFont (87 bytes)
Event: 1502.285 Thread 0x0000000059903800 nmethod 4722 0x0000000002e54e90 code [0x0000000002e55040, 0x0000000002e55668]
Event: 1502.345 Thread 0x0000000059903800 4728       3       com.badlogic.gdx.graphics.g2d.BitmapFontCache::<init> (146 bytes)
Event: 1502.346 Thread 0x0000000059903800 nmethod 4728 0x0000000003166b90 code [0x0000000003166dc0, 0x0000000003167d58]

GC Heap History (10 events):
Event: 1501.986 GC heap before
{Heap before GC invocations=933 (full 57):
 PSYoungGen      total 11776K, used 8114K [0x00000000d5700000, 0x00000000d6700000, 0x0000000100000000)
  eden space 7168K, 97% used [0x00000000d5700000,0x00000000d5dd4ed0,0x00000000d5e00000)
  from space 4608K, 24% used [0x00000000d5e00000,0x00000000d5f17ce0,0x00000000d6280000)
  to   space 4608K, 0% used [0x00000000d6280000,0x00000000d6280000,0x00000000d6700000)
 ParOldGen       total 335360K, used 297062K [0x0000000080400000, 0x0000000094b80000, 0x00000000d5700000)
  object space 335360K, 88% used [0x0000000080400000,0x0000000092619820,0x0000000094b80000)
 Metaspace       used 19497K, capacity 19753K, committed 19968K, reserved 1067008K
  class space    used 2172K, capacity 2236K, committed 2304K, reserved 1048576K
Event: 1501.988 GC heap after
Heap after GC invocations=933 (full 57):
 PSYoungGen      total 10752K, used 833K [0x00000000d5700000, 0x00000000d6600000, 0x0000000100000000)
  eden space 7168K, 0% used [0x00000000d5700000,0x00000000d5700000,0x00000000d5e00000)
  from space 3584K, 23% used [0x00000000d6280000,0x00000000d6350440,0x00000000d6600000)
  to   space 4096K, 0% used [0x00000000d5e00000,0x00000000d5e00000,0x00000000d6200000)
 ParOldGen       total 335360K, used 297156K [0x0000000080400000, 0x0000000094b80000, 0x00000000d5700000)
  object space 335360K, 88% used [0x0000000080400000,0x00000000926310b0,0x0000000094b80000)
 Metaspace       used 19497K, capacity 19753K, committed 19968K, reserved 1067008K
  class space    used 2172K, capacity 2236K, committed 2304K, reserved 1048576K
}
Event: 1502.040 GC heap before
{Heap before GC invocations=934 (full 57):
 PSYoungGen      total 10752K, used 8001K [0x00000000d5700000, 0x00000000d6600000, 0x0000000100000000)
  eden space 7168K, 100% used [0x00000000d5700000,0x00000000d5e00000,0x00000000d5e00000)
  from space 3584K, 23% used [0x00000000d6280000,0x00000000d6350440,0x00000000d6600000)
  to   space 4096K, 0% used [0x00000000d5e00000,0x00000000d5e00000,0x00000000d6200000)
 ParOldGen       total 335360K, used 297156K [0x0000000080400000, 0x0000000094b80000, 0x00000000d5700000)
  object space 335360K, 88% used [0x0000000080400000,0x00000000926310b0,0x0000000094b80000)
 Metaspace       used 19497K, capacity 19753K, committed 19968K, reserved 1067008K
  class space    used 2172K, capacity 2236K, committed 2304K, reserved 1048576K
Event: 1502.042 GC heap after
Heap after GC invocations=934 (full 57):
 PSYoungGen      total 11264K, used 416K [0x00000000d5700000, 0x00000000d6880000, 0x0000000100000000)
  eden space 7168K, 0% used [0x00000000d5700000,0x00000000d5700000,0x00000000d5e00000)
  from space 4096K, 10% used [0x00000000d5e00000,0x00000000d5e68010,0x00000000d6200000)
  to   space 4608K, 0% used [0x00000000d6400000,0x00000000d6400000,0x00000000d6880000)
 ParOldGen       total 335360K, used 297268K [0x0000000080400000, 0x0000000094b80000, 0x00000000d5700000)
  object space 335360K, 88% used [0x0000000080400000,0x000000009264d0b0,0x0000000094b80000)
 Metaspace       used 19497K, capacity 19753K, committed 19968K, reserved 1067008K
  class space    used 2172K, capacity 2236K, committed 2304K, reserved 1048576K
}
Event: 1502.233 GC heap before
{Heap before GC invocations=935 (full 57):
 PSYoungGen      total 11264K, used 7579K [0x00000000d5700000, 0x00000000d6880000, 0x0000000100000000)
  eden space 7168K, 99% used [0x00000000d5700000,0x00000000d5dfece8,0x00000000d5e00000)
  from space 4096K, 10% used [0x00000000d5e00000,0x00000000d5e68010,0x00000000d6200000)
  to   space 4608K, 0% used [0x00000000d6400000,0x00000000d6400000,0x00000000d6880000)
 ParOldGen       total 335360K, used 297268K [0x0000000080400000, 0x0000000094b80000, 0x00000000d5700000)
  object space 335360K, 88% used [0x0000000080400000,0x000000009264d0b0,0x0000000094b80000)
 Metaspace       used 19497K, capacity 19753K, committed 19968K, reserved 1067008K
  class space    used 2172K, capacity 2236K, committed 2304K, reserved 1048576K
Event: 1502.235 GC heap after
Heap after GC invocations=935 (full 57):
 PSYoungGen      total 12288K, used 842K [0x00000000d5700000, 0x00000000d6780000, 0x0000000100000000)
  eden space 8704K, 0% used [0x00000000d5700000,0x00000000d5700000,0x00000000d5f80000)
  from space 3584K, 23% used [0x00000000d6400000,0x00000000d64d29b0,0x00000000d6780000)
  to   space 4096K, 0% used [0x00000000d5f80000,0x00000000d5f80000,0x00000000d6380000)
 ParOldGen       total 335360K, used 297276K [0x0000000080400000, 0x0000000094b80000, 0x00000000d5700000)
  object space 335360K, 88% used [0x0000000080400000,0x000000009264f0b0,0x0000000094b80000)
 Metaspace       used 19497K, capacity 19753K, committed 19968K, reserved 1067008K
  class space    used 2172K, capacity 2236K, committed 2304K, reserved 1048576K
}
Event: 1505.883 GC heap before
{Heap before GC invocations=936 (full 57):
 PSYoungGen      total 12288K, used 6271K [0x00000000d5700000, 0x00000000d6780000, 0x0000000100000000)
  eden space 8704K, 62% used [0x00000000d5700000,0x00000000d5c4d608,0x00000000d5f80000)
  from space 3584K, 23% used [0x00000000d6400000,0x00000000d64d29b0,0x00000000d6780000)
  to   space 4096K, 0% used [0x00000000d5f80000,0x00000000d5f80000,0x00000000d6380000)
 ParOldGen       total 335360K, used 297276K [0x0000000080400000, 0x0000000094b80000, 0x00000000d5700000)
  object space 335360K, 88% used [0x0000000080400000,0x000000009264f0b0,0x0000000094b80000)
 Metaspace       used 19497K, capacity 19753K, committed 19968K, reserved 1067008K
  class space    used 2172K, capacity 2236K, committed 2304K, reserved 1048576K
Event: 1505.884 GC heap after
Heap after GC invocations=936 (full 57):
 PSYoungGen      total 12800K, used 536K [0x00000000d5700000, 0x00000000d6780000, 0x0000000100000000)
  eden space 8704K, 0% used [0x00000000d5700000,0x00000000d5700000,0x00000000d5f80000)
  from space 4096K, 13% used [0x00000000d5f80000,0x00000000d6006240,0x00000000d6380000)
  to   space 4096K, 0% used [0x00000000d6380000,0x00000000d6380000,0x00000000d6780000)
 ParOldGen       total 335360K, used 298022K [0x0000000080400000, 0x0000000094b80000, 0x00000000d5700000)
  object space 335360K, 88% used [0x0000000080400000,0x0000000092709b10,0x0000000094b80000)
 Metaspace       used 19497K, capacity 19753K, committed 19968K, reserved 1067008K
  class space    used 2172K, capacity 2236K, committed 2304K, reserved 1048576K
}
Event: 1505.884 GC heap before
{Heap before GC invocations=937 (full 58):
 PSYoungGen      total 12800K, used 536K [0x00000000d5700000, 0x00000000d6780000, 0x0000000100000000)
  eden space 8704K, 0% used [0x00000000d5700000,0x00000000d5700000,0x00000000d5f80000)
  from space 4096K, 13% used [0x00000000d5f80000,0x00000000d6006240,0x00000000d6380000)
  to   space 4096K, 0% used [0x00000000d6380000,0x00000000d6380000,0x00000000d6780000)
 ParOldGen       total 335360K, used 298022K [0x0000000080400000, 0x0000000094b80000, 0x00000000d5700000)
  object space 335360K, 88% used [0x0000000080400000,0x0000000092709b10,0x0000000094b80000)
 Metaspace       used 19497K, capacity 19753K, committed 19968K, reserved 1067008K
  class space    used 2172K, capacity 2236K, committed 2304K, reserved 1048576K
Event: 1505.962 GC heap after
Heap after GC invocations=937 (full 58):
 PSYoungGen      total 12800K, used 0K [0x00000000d5700000, 0x00000000d6780000, 0x0000000100000000)
  eden space 8704K, 0% used [0x00000000d5700000,0x00000000d5700000,0x00000000d5f80000)
  from space 4096K, 0% used [0x00000000d5f80000,0x00000000d5f80000,0x00000000d6380000)
  to   space 4096K, 0% used [0x00000000d6380000,0x00000000d6380000,0x00000000d6780000)
 ParOldGen       total 335360K, used 296653K [0x0000000080400000, 0x0000000094b80000, 0x00000000d5700000)
  object space 335360K, 88% used [0x0000000080400000,0x00000000925b3798,0x0000000094b80000)
 Metaspace       used 19497K, capacity 19753K, committed 19968K, reserved 1067008K
  class space    used 2172K, capacity 2236K, committed 2304K, reserved 1048576K
}

Deoptimization events (10 events):
Event: 699.136 Thread 0x000000005aafb000 Uncommon trap: reason=predicate action=maybe_recompile pc=0x00000000031b04a0 method=java.util.AbstractCollection.toArray([Ljava/lang/Object;)[Ljava/lang/Object; @ 49
Event: 699.136 Thread 0x000000005aafb000 Uncommon trap: reason=array_check action=maybe_recompile pc=0x0000000003158aa8 method=java.util.AbstractCollection.toArray([Ljava/lang/Object;)[Ljava/lang/Object; @ 119
Event: 699.136 Thread 0x000000005aafb000 Uncommon trap: reason=array_check action=maybe_recompile pc=0x0000000003158aa8 method=java.util.AbstractCollection.toArray([Ljava/lang/Object;)[Ljava/lang/Object; @ 119
Event: 699.137 Thread 0x000000005aafb000 Uncommon trap: reason=array_check action=maybe_recompile pc=0x0000000003158aa8 method=java.util.AbstractCollection.toArray([Ljava/lang/Object;)[Ljava/lang/Object; @ 119
Event: 899.991 Thread 0x000000005aafb000 Uncommon trap: reason=unstable_if action=reinterpret pc=0x000000000312a5a4 method=com.badlogic.gdx.utils.ObjectMap.put_internal(Ljava/lang/Object;Ljava/lang/Object;)Ljava/lang/Object; @ 160
Event: 900.349 Thread 0x000000005aafb000 Uncommon trap: reason=unstable_if action=reinterpret pc=0x0000000003262ae4 method=java.nio.Bits.tryReserveMemory(JI)Z @ 29
Event: 1140.936 Thread 0x000000005aafb000 Uncommon trap: reason=null_check action=make_not_entrant pc=0x000000000312a940 method=com.google.gson.internal.Excluder.isAnonymousOrLocal(Ljava/lang/Class;)Z @ 4
Event: 1378.456 Thread 0x000000005aafb000 Uncommon trap: reason=unstable_if action=reinterpret pc=0x000000000365767c method=sun.misc.FloatingDecimal$BinaryToASCIIBuffer.dtoa(IJIZ)V @ 122
Event: 1378.456 Thread 0x000000005aafb000 Uncommon trap: reason=unstable_if action=reinterpret pc=0x0000000002da0940 method=sun.misc.FloatingDecimal$BinaryToASCIIBuffer.getChars([C)I @ 56
Event: 1378.456 Thread 0x000000005aafb000 Uncommon trap: reason=unstable_if action=reinterpret pc=0x0000000002ca0e50 method=sun.misc.FloatingDecimal.getBinaryToASCIIConverter(F)Lsun/misc/FloatingDecimal$BinaryToASCIIConverter; @ 9

Internal exceptions (10 events):
Event: 18.012 Thread 0x000000005aafb000 Implicit null exception at 0x000000000320ee09 to 0x000000000320f0fc
Event: 18.307 Thread 0x000000005aafb000 Implicit null exception at 0x0000000003250356 to 0x0000000003250a2d
Event: 18.330 Thread 0x000000005aafb000 Implicit null exception at 0x000000000324d005 to 0x000000000324d6c1
Event: 18.354 Thread 0x000000005aafb000 Implicit null exception at 0x000000000325863d to 0x0000000003258cc1
Event: 56.352 Thread 0x000000005aafb000 Implicit null exception at 0x0000000002a0e409 to 0x0000000002a0e6dd
Event: 96.531 Thread 0x000000005aafb000 Implicit null exception at 0x0000000002a299fe to 0x0000000002a29bcd
Event: 101.498 Thread 0x000000005aafb000 Implicit null exception at 0x0000000002fbbfca to 0x0000000002fbfe71
Event: 257.189 Thread 0x000000005aafb000 Implicit null exception at 0x000000000310a671 to 0x000000000310aef1
Event: 297.370 Thread 0x000000005aafb000 Implicit null exception at 0x0000000003056939 to 0x0000000003056ff5
Event: 1378.455 Thread 0x000000005aafb000 Exception <a 'java/lang/ArrayIndexOutOfBoundsException'> (0x00000000d6482da0) thrown at [C:\re\workspace\8-2-build-windows-amd64-cygwin\jdk8u91\6644\hotspot\src\share\vm\runtime\sharedRuntime.cpp, line 605]

Events (10 events):
Event: 1499.814 Executing VM operation: ParallelGCFailedAllocation done
Event: 1501.986 Executing VM operation: ParallelGCFailedAllocation
Event: 1501.988 Executing VM operation: ParallelGCFailedAllocation done
Event: 1502.040 Executing VM operation: ParallelGCFailedAllocation
Event: 1502.042 Executing VM operation: ParallelGCFailedAllocation done
Event: 1502.067 Thread 0x0000000059902000 flushing nmethod 0x00000000031c0b50
Event: 1502.233 Executing VM operation: ParallelGCFailedAllocation
Event: 1502.235 Executing VM operation: ParallelGCFailedAllocation done
Event: 1505.883 Executing VM operation: ParallelGCSystemGC
Event: 1505.962 Executing VM operation: ParallelGCSystemGC done


Dynamic libraries:
0x000000013ff60000 - 0x000000013ff97000 	C:\Program Files\Java\jre1.8.0_91\bin\javaw.exe
0x00000000776d0000 - 0x000000007787a000 	C:\Windows\SYSTEM32\ntdll.dll
0x000007fefa7a0000 - 0x000007fefa7d3000 	C:\Program Files\AVAST Software\Avast\x64\aswhooka.dll
0x00000000774b0000 - 0x00000000775cf000 	C:\Windows\system32\kernel32.dll
0x000007fefd550000 - 0x000007fefd5ba000 	C:\Windows\system32\KERNELBASE.dll
0x000007fefd980000 - 0x000007fefda5b000 	C:\Windows\system32\ADVAPI32.dll
0x000007fefd8e0000 - 0x000007fefd97f000 	C:\Windows\system32\msvcrt.dll
0x000007fefe1f0000 - 0x000007fefe20f000 	C:\Windows\SYSTEM32\sechost.dll
0x000007fefdd30000 - 0x000007fefde5d000 	C:\Windows\system32\RPCRT4.dll
0x00000000775d0000 - 0x00000000776ca000 	C:\Windows\system32\USER32.dll
0x000007feff890000 - 0x000007feff8f7000 	C:\Windows\system32\GDI32.dll
0x000007fefd820000 - 0x000007fefd82e000 	C:\Windows\system32\LPK.dll
0x000007feff4f0000 - 0x000007feff5bb000 	C:\Windows\system32\USP10.dll
0x000007fefbdc0000 - 0x000007fefbfb4000 	C:\Windows\WinSxS\amd64_microsoft.windows.common-controls_6595b64144ccf1df_6.0.7601.18837_none_fa3b1e3d17594757\COMCTL32.dll
0x000007fefd860000 - 0x000007fefd8d1000 	C:\Windows\system32\SHLWAPI.dll
0x000007fefd830000 - 0x000007fefd85e000 	C:\Windows\system32\IMM32.DLL
0x000007feff3c0000 - 0x000007feff4c9000 	C:\Windows\system32\MSCTF.dll
0x0000000069d50000 - 0x0000000069e22000 	C:\Program Files\Java\jre1.8.0_91\bin\msvcr100.dll
0x00000000586e0000 - 0x0000000058f73000 	C:\Program Files\Java\jre1.8.0_91\bin\server\jvm.dll
0x000007feed210000 - 0x000007feed219000 	C:\Windows\system32\WSOCK32.dll
0x000007fefefa0000 - 0x000007fefefed000 	C:\Windows\system32\WS2_32.dll
0x000007fefda60000 - 0x000007fefda68000 	C:\Windows\system32\NSI.dll
0x000007fefb110000 - 0x000007fefb14b000 	C:\Windows\system32\WINMM.dll
0x000007fefc480000 - 0x000007fefc48c000 	C:\Windows\system32\VERSION.dll
0x00000000778a0000 - 0x00000000778a7000 	C:\Windows\system32\PSAPI.DLL
0x0000000071e90000 - 0x0000000071e9f000 	C:\Program Files\Java\jre1.8.0_91\bin\verify.dll
0x000000006a0e0000 - 0x000000006a109000 	C:\Program Files\Java\jre1.8.0_91\bin\java.dll
0x00000000712e0000 - 0x00000000712f6000 	C:\Program Files\Java\jre1.8.0_91\bin\zip.dll
0x000007fefe210000 - 0x000007fefef9b000 	C:\Windows\system32\SHELL32.dll
0x000007fefde60000 - 0x000007fefe05c000 	C:\Windows\system32\ole32.dll
0x000007fefd3c0000 - 0x000007fefd3cf000 	C:\Windows\system32\profapi.dll
0x00000000720c0000 - 0x0000000072258000 	C:\Program Files\Java\jre1.8.0_91\bin\awt.dll
0x000007fefdc50000 - 0x000007fefdd2a000 	C:\Windows\system32\OLEAUT32.dll
0x000007fefb9b0000 - 0x000007fefba06000 	C:\Windows\system32\uxtheme.dll
0x000007fefb5a0000 - 0x000007fefb5b8000 	C:\Windows\system32\dwmapi.dll
0x000007fefd220000 - 0x000007fefd22f000 	C:\Windows\system32\CRYPTBASE.dll
0x000007fee0fc0000 - 0x000007fee11bf000 	C:\Windows\system32\d3d9.dll
0x000007fefbbd0000 - 0x000007fefbbd7000 	C:\Windows\system32\d3d8thk.dll
0x000007fedc3d0000 - 0x000007fedd43b000 	C:\Windows\system32\nvd3dumx.dll
0x000007fefbfc0000 - 0x000007fefbfec000 	C:\Windows\system32\powrprof.dll
0x000007fefda70000 - 0x000007fefdc47000 	C:\Windows\system32\SETUPAPI.dll
0x000007fefd690000 - 0x000007fefd6c6000 	C:\Windows\system32\CFGMGR32.dll
0x000007fefd630000 - 0x000007fefd64a000 	C:\Windows\system32\DEVOBJ.dll
0x000007fee3870000 - 0x000007fee3951000 	C:\Program Files (x86)\NVIDIA Corporation\3D Vision\nvSCPAPI64.dll
0x000007fee3690000 - 0x000007fee3866000 	C:\Windows\system32\nvspcap64.dll
0x000007fef9270000 - 0x000007fef92e1000 	C:\Windows\system32\WINHTTP.dll
0x000007fef9200000 - 0x000007fef9265000 	C:\Windows\system32\webio.dll
0x000007fef9cc0000 - 0x000007fefa075000 	C:\Windows\system32\nvapi64.dll
0x000007fefd190000 - 0x000007fefd1b5000 	C:\Windows\system32\SspiCli.dll
0x0000000072070000 - 0x00000000720b7000 	C:\Program Files\Java\jre1.8.0_91\bin\fontmanager.dll
0x0000000072300000 - 0x000000007231a000 	C:\Program Files\Java\jre1.8.0_91\bin\net.dll
0x000007fefcb50000 - 0x000007fefcba5000 	C:\Windows\system32\mswsock.dll
0x000007fefcb40000 - 0x000007fefcb47000 	C:\Windows\System32\wship6.dll
0x00000000722e0000 - 0x00000000722f1000 	C:\Program Files\Java\jre1.8.0_91\bin\nio.dll
0x0000000072020000 - 0x0000000072062000 	C:\Program Files\Java\jre1.8.0_91\bin\t2k.dll
0x0000000065580000 - 0x0000000065616000 	C:\Users\Victor\AppData\Local\Temp\libgdxVictor\40f0d13c\gdx64.dll
0x000007fefcbb0000 - 0x000007fefcbc8000 	C:\Windows\system32\CRYPTSP.dll
0x000007fefc8b0000 - 0x000007fefc8f7000 	C:\Windows\system32\rsaenh.dll
0x000007fefd5c0000 - 0x000007fefd5de000 	C:\Windows\system32\USERENV.dll
0x000007fefae20000 - 0x000007fefae47000 	C:\Windows\system32\IPHLPAPI.DLL
0x000007fefae10000 - 0x000007fefae1b000 	C:\Windows\system32\WINNSI.DLL
0x000007fefad40000 - 0x000007fefad51000 	C:\Windows\system32\dhcpcsvc6.DLL
0x000007fefad20000 - 0x000007fefad38000 	C:\Windows\system32\dhcpcsvc.DLL
0x0000000180000000 - 0x0000000180053000 	C:\Users\Victor\AppData\Local\Temp\libgdxVictor\dc0f0009\lwjgl64.dll
0x000007fee1380000 - 0x000007fee149d000 	C:\Windows\system32\OPENGL32.dll
0x000007fef7e00000 - 0x000007fef7e2d000 	C:\Windows\system32\GLU32.dll
0x000007fee8920000 - 0x000007fee8a11000 	C:\Windows\system32\DDRAW.dll
0x000007fefbbc0000 - 0x000007fefbbc8000 	C:\Windows\system32\DCIMAN32.dll
0x000000005e810000 - 0x000000005e874000 	C:\Users\Victor\AppData\Local\Temp\libgdxVictor\dc0f0009\OpenAL64.dll
0x000007fefd780000 - 0x000007fefd819000 	C:\Windows\system32\CLBCatQ.DLL
0x000007fefbb70000 - 0x000007fefbbbb000 	C:\Windows\System32\MMDevApi.dll
0x000007fefba30000 - 0x000007fefbb5c000 	C:\Windows\System32\PROPSYS.dll
0x000007fee3600000 - 0x000007fee3688000 	C:\Windows\system32\dsound.dll
0x000007fefacd0000 - 0x000007fefad1f000 	C:\Windows\system32\AUDIOSES.DLL
0x00000000604f0000 - 0x0000000062337000 	C:\Windows\system32\nvoglv64.DLL
0x000007fefc610000 - 0x000007fefc621000 	C:\Windows\system32\WTSAPI32.dll
0x000007fef7e30000 - 0x000007fef7f55000 	C:\Windows\system32\dbghelp.dll
0x000007fefd5f0000 - 0x000007fefd62b000 	C:\Windows\system32\WINTRUST.dll
0x000007fefd3e0000 - 0x000007fefd54d000 	C:\Windows\system32\CRYPT32.dll
0x000007fefd3d0000 - 0x000007fefd3df000 	C:\Windows\system32\MSASN1.dll
0x000007fefb530000 - 0x000007fefb55d000 	C:\Windows\system32\ntmarta.dll
0x000007feff900000 - 0x000007feff952000 	C:\Windows\system32\WLDAP32.dll
0x000007fefa2d0000 - 0x000007fefa36c000 	C:\Windows\system32\mscms.dll
0x000007fef7d70000 - 0x000007fef7db2000 	C:\Windows\system32\icm32.dll
0x000007fefd2d0000 - 0x000007fefd30d000 	C:\Windows\system32\WINSTA.dll
0x0000000068900000 - 0x0000000068a54000 	C:\Users\Victor\AppData\Local\Temp\libgdxVictor\703c426f\gdx-controllers-desktop64.dll
0x000007feed9f0000 - 0x000007feeda2c000 	C:\Windows\system32\DINPUT8.dll
0x000007fefb5c0000 - 0x000007fefb5cb000 	C:\Windows\system32\HID.DLL
0x000000006a740000 - 0x000000006a7ed000 	C:\Users\Victor\AppData\Local\Temp\libgdxVictor\6fb08ec8\gdx-freetype64.dll
0x0000000058fa0000 - 0x000000005905b000 	C:\Users\Victor\AppData\Local\Temp\libgdxVictor\ad04a22e\gdx-box2d64.dll

VM Arguments:
jvm_args: -Djava.library.path=D:\LIBGDX\libgdx\extensions\gdx-controllers\gdx-controllers-desktop-natives;D:\LIBGDX\libgdx\gdx-natives;D:\LIBGDX\libgdx\gdx-natives -Dfile.encoding=Cp1252 
java_command: com.mygdx.game.desktop.DesktopLauncher -Xmx4048m
java_class_path (initial): C:\Users\Victor\Games\Workspace\desktop\bin;C:\Users\Victor\.gradle\caches\modules-2\files-2.1\com.badlogicgames.gdx\gdx-backend-lwjgl\1.6.1\e3208559223c991f1db7220d5ddf3e5a12e5528f\gdx-backend-lwjgl-1.6.1.jar;C:\Users\Victor\.gradle\caches\modules-2\files-2.1\com.badlogicgames.gdx\gdx-platform\1.6.1\861f02e3f7f85423be6f9727ab12b03b40d39477\gdx-platform-1.6.1-natives-desktop.jar;C:\Users\Victor\.gradle\caches\modules-2\files-2.1\com.badlogicgames.gdx\gdx-box2d-platform\1.6.1\afe698dffa47134e4eeaaf674bd5ad3844e60ff0\gdx-box2d-platform-1.6.1-natives-desktop.jar;C:\Users\Victor\.gradle\caches\modules-2\files-2.1\com.badlogicgames.gdx\gdx-bullet-platform\1.6.1\e9a636bd871715f7e69c5e53f4cd2b4f0ef40a7d\gdx-bullet-platform-1.6.1-natives-desktop.jar;C:\Users\Victor\.gradle\caches\modules-2\files-2.1\com.badlogicgames.gdx\gdx-freetype-platform\1.6.1\a73fbc0f0873c7d30b8123371714f0cbcf32206e\gdx-freetype-platform-1.6.1-natives-desktop.jar;D:\LIBGDX\libgdx\extensions\gdx-controllers\gdx-controllers-desktop.jar;C:\Users\Victor\.gradle\caches\modules-2\files-2.1\com.badlogicgames.gdx\gdx-controllers-platform\1.6.1\758c616eb2c81f6043c5a73c22f8e2406bc6e750\gdx-controllers-platform-1.6.1-natives-desktop.jar;C:\Users\Victor\.gradle\caches\modules-2\files-2.1\com.badlogicgames.gdx\gdx-tools\1.6.1\f4fc6e4240d81c24b02a75c48f1685e6cf76435a\gdx-tools-1.6.1.jar;D:\LIBGDX\libgdx\gdx.jar;C:\Users\Victor\.gradle\caches\modules-2\files-2.1\com.badlogicgames.gdx\gdx-bullet\1.6.1\24124f7e16583d2a4f973c1b0f360c52ab259acf\gdx-bullet-1.6.1.jar;D:\LIBGDX\libgdx\extensions\gdx-controllers\gdx-controllers.jar;C:\Users\Victor\.gradle\caches\modules-2\files-2.1\org.lwjgl.lwjgl\lwjgl\2.9.2\a9d80fe5935c7a9149f6584d9777cfd471f65489\lwjgl-2.9.2.jar;C:\Users\Victor\.gradle\caches\modules-2\files-2.1\org.lwjgl.lwjgl\lwjgl_util\2.9.2\4b9e37300a87799856e0bd15ed81663cdb6b0947\lwjgl_util-2.9.2.jar;C:\Users\Victor\.gradle\caches\modules-2\files-2.1\com.badlogicgames.jlayer\jlayer\1.0.1
Launcher Type: SUN_STANDARD

Environment Variables:
JAVA_HOME=C:\Program Files (x86)\Java\jdk1.7.0_55
CLASSPATH=.;.;C:\PROGRA~2\JMF21~1.1E\lib\sound.jar;C:\PROGRA~2\JMF21~1.1E\lib\jmf.jar;C:\PROGRA~2\JMF21~1.1E\lib;C:\Program Files (x86)\ant\bin
PATH=C:\ProgramData\Oracle\Java\javapath;C:\Windows\system32;C:\Windows;C:\Windows\System32\Wbem;C:\Windows\System32\WindowsPowerShell\v1.0\;C:\Program Files (x86)\NVIDIA Corporation\PhysX\Common;C:\Program Files (x86)\Windows Kits\8.1\Windows Performance Toolkit\;C:\Program Files\Microsoft SQL Server\110\Tools\Binn\;C:\Program Files (x86)\Microsoft SDKs\TypeScript\1.0\;C:\Program Files\Microsoft SQL Server\120\Tools\Binn\;C:\Program Files\Java\jre1.8.0_71\bin;C:\Program Files\Java\jdk1.8.0_71\bin;C:\Program Files (x86)\GtkSharp\2.12\bin;C:\Program Files\Microsoft SQL Server\130\Tools\Binn\;C:\Program Files\MATLAB\R2016a\bin;C:\Program Files\SDL2;C:\Program Files\apache-maven-3.3.9\bin;C:\Program Files\Git\cmd;C:\Program Files (x86)\ant\bin;C:\Program Files (x86)\QuickTime\QTSystem\;C:\Program Files (x86)\Skype\Phone;C:\Program Files (x86)\Gradle\bin;C:\Program Files (x86)\CVSNT\
USERNAME=Victor
OS=Windows_NT
PROCESSOR_IDENTIFIER=Intel64 Family 6 Model 42 Stepping 7, GenuineIntel



---------------  S Y S T E M  ---------------

OS: Windows 7 , 64 bit Build 7601 (6.1.7601.23807)

CPU:total 4 (4 cores per cpu, 1 threads per core) family 6 model 42 stepping 7, cmov, cx8, fxsr, mmx, sse, sse2, sse3, ssse3, sse4.1, sse4.2, popcnt, avx, aes, clmul, tsc, tscinvbit

Memory: 4k page, physical 8370836k(4866088k free), swap 33424140k(28323748k free)

vm_info: Java HotSpot(TM) 64-Bit Server VM (25.91-b14) for windows-amd64 JRE (1.8.0_91-b14), built on Apr  1 2016 00:58:32 by "java_re" with MS VC++ 10.0 (VS2010)

time: Fri Jul 21 23:51:16 2017
elapsed time: 1506 seconds (0d 0h 25m 6s)

