#
# A fatal error has been detected by the Java Runtime Environment:
#
#  EXCEPTION_ACCESS_VIOLATION (0xc0000005) at pc=0x000000006a749683, pid=6608, tid=2384
#
# JRE version: Java(TM) SE Runtime Environment (8.0_91-b14) (build 1.8.0_91-b14)
# Java VM: Java HotSpot(TM) 64-Bit Server VM (25.91-b14 mixed mode windows-amd64 compressed oops)
# Problematic frame:
# C  [gdx-freetype64.dll+0x9683]
#
# Failed to write core dump. Minidumps are not enabled by default on client versions of Windows
#
# If you would like to submit a bug report, please visit:
#   http://bugreport.java.com/bugreport/crash.jsp
# The crash happened outside the Java Virtual Machine in native code.
# See problematic frame for where to report the bug.
#

---------------  T H R E A D  ---------------

Current thread (0x000000005a7af000):  JavaThread "LWJGL Application" [_thread_in_native, id=2384, stack(0x000000005f450000,0x000000005f550000)]

siginfo: ExceptionCode=0xc0000005, reading address 0xffffffffffffffff

Registers:
RAX=0x00a3ffffffffffff, RBX=0x0000000063902860, RCX=0x0000000064d5d920, RDX=0x000000005f54ebe8
RSP=0x000000005f54eb10, RBP=0x000000005f54ebd8, RSI=0x0000000064d5d920, RDI=0xffffffffffffffff
R8 =0x0000000064d5d920, R9 =0x00000000000000de, R10=0x0000000002877f08, R11=0x0000000058909d90
R12=0x0000000000000000, R13=0x0000000063902860, R14=0x000000005f54ec00, R15=0x000000005a7af000
RIP=0x000000006a749683, EFLAGS=0x0000000000010286

Top of Stack: (sp=0x000000005f54eb10)
0x000000005f54eb10:   0000000000000000 00000000594249f8
0x000000005f54eb20:   000000000000002a 0000000000000001
0x000000005f54eb30:   0000000000001009 0000000063902860
0x000000005f54eb40:   000000006406a9e0 0000000002868331
0x000000005f54eb50:   000000005f54ebd8 0000000002877f34
0x000000005f54eb60:   0000000000000001 0000000000000000
0x000000005f54eb70:   000000005eb65060 0000000000000000
0x000000005f54eb80:   00000000000005b8 0000000180004ff7
0x000000005f54eb90:   000000005eb65060 000000005f54eb98
0x000000005f54eba0:   0000000000000000 000000005f54ec00
0x000000005f54ebb0:   00000000639042c0 0000000000000000
0x000000005f54ebc0:   0000000063902860 0000000000000000
0x000000005f54ebd0:   000000005f54ebf8 000000005f54ec48
0x000000005f54ebe0:   0000000002868331 0000000080bc44b8
0x000000005f54ebf0:   00000000028719b8 0000000064d5d920
0x000000005f54ec00:   0000000000000000 000000005f54ec08 

Instructions: (pc=0x000000006a749683)
0x000000006a749663:   53 48 83 ec 28 48 85 c9 48 89 ce 74 30 48 8b b9
0x000000006a749673:   90 00 00 00 48 85 ff 74 24 48 8b 81 d0 00 00 00
0x000000006a749683:   8b 48 54 8d 51 ff 89 50 54 31 c0 85 d2 7e 1e 48
0x000000006a749693:   83 c4 28 5b 5e 5f 5d c3 0f 1f 44 00 00 b8 23 00 


Register to memory mapping:

RAX=0x00a3ffffffffffff is an unknown value
RBX={method} {0x0000000063902868} 'doneFace' '(J)V' in 'com/badlogic/gdx/graphics/g2d/freetype/FreeType$Face'
RCX=0x0000000064d5d920 is an unknown value
RDX=0x000000005f54ebe8 is pointing into the stack for thread: 0x000000005a7af000
RSP=0x000000005f54eb10 is pointing into the stack for thread: 0x000000005a7af000
RBP=0x000000005f54ebd8 is pointing into the stack for thread: 0x000000005a7af000
RSI=0x0000000064d5d920 is an unknown value
RDI=0xffffffffffffffff is an unknown value
R8 =0x0000000064d5d920 is an unknown value
R9 =0x00000000000000de is an unknown value
R10=0x0000000002877f08 is at code_begin+840 in an Interpreter codelet
method entry point (kind = native)  [0x0000000002877bc0, 0x0000000002878520]  2400 bytes
R11=0x0000000058909d90 is an unknown value
R12=0x0000000000000000 is an unknown value
R13={method} {0x0000000063902868} 'doneFace' '(J)V' in 'com/badlogic/gdx/graphics/g2d/freetype/FreeType$Face'
R14=0x000000005f54ec00 is pointing into the stack for thread: 0x000000005a7af000
R15=0x000000005a7af000 is a thread


Stack: [0x000000005f450000,0x000000005f550000],  sp=0x000000005f54eb10,  free space=1018k
Native frames: (J=compiled Java code, j=interpreted, Vv=VM code, C=native code)
C  [gdx-freetype64.dll+0x9683]
C  0x0000000002877f34

Java frames: (J=compiled Java code, j=interpreted, Vv=VM code)
j  com.badlogic.gdx.graphics.g2d.freetype.FreeType$Face.doneFace(J)V+0
j  com.badlogic.gdx.graphics.g2d.freetype.FreeType$Face.dispose()V+4
j  com.badlogic.gdx.graphics.g2d.freetype.FreeTypeFontGenerator.dispose()V+4
j  com.mygdx.game.objects.GamePause.dispose()V+4
j  com.mygdx.game.states.GameState.dispose()V+382
j  com.mygdx.game.Manager.dispose()V+14
j  com.mygdx.game.Manager.changeState(I)V+1
J 3697 C2 com.mygdx.game.states.GameState.update(F)V (2214 bytes) @ 0x0000000003636848 [0x0000000003633740+0x3108]
J 3851 C2 com.mygdx.game.KambojaMain.render()V (129 bytes) @ 0x0000000003501c0c [0x0000000003501900+0x30c]
j  com.badlogic.gdx.backends.lwjgl.LwjglApplication.mainLoop()V+684
j  com.badlogic.gdx.backends.lwjgl.LwjglApplication$1.run()V+27
v  ~StubRoutines::call_stub

---------------  P R O C E S S  ---------------

Java Threads: ( => current thread )
  0x000000005fa03000 JavaThread "LWJGL Timer" daemon [_thread_blocked, id=5360, stack(0x0000000067ea0000,0x0000000067fa0000)]
  0x000000000229e800 JavaThread "DestroyJavaVM" [_thread_blocked, id=4800, stack(0x0000000002490000,0x0000000002590000)]
=>0x000000005a7af000 JavaThread "LWJGL Application" [_thread_in_native, id=2384, stack(0x000000005f450000,0x000000005f550000)]
  0x000000005a302800 JavaThread "TimerQueue" daemon [_thread_blocked, id=6148, stack(0x000000005e970000,0x000000005ea70000)]
  0x000000005a2eb000 JavaThread "D3D Screen Updater" daemon [_thread_blocked, id=6880, stack(0x000000005e2e0000,0x000000005e3e0000)]
  0x000000005a1c5000 JavaThread "AWT-Windows" daemon [_thread_in_native, id=5116, stack(0x000000005ac80000,0x000000005ad80000)]
  0x000000005a1c2000 JavaThread "Java2D Disposer" daemon [_thread_blocked, id=5704, stack(0x000000005a870000,0x000000005a970000)]
  0x00000000598cf000 JavaThread "Service Thread" daemon [_thread_blocked, id=5328, stack(0x0000000059e50000,0x0000000059f50000)]
  0x0000000059847800 JavaThread "C1 CompilerThread2" daemon [_thread_blocked, id=4776, stack(0x00000000591d0000,0x00000000592d0000)]
  0x0000000059846800 JavaThread "C2 CompilerThread1" daemon [_thread_blocked, id=6848, stack(0x0000000059d30000,0x0000000059e30000)]
  0x00000000577be800 JavaThread "C2 CompilerThread0" daemon [_thread_blocked, id=6980, stack(0x0000000059740000,0x0000000059840000)]
  0x00000000577b8800 JavaThread "Attach Listener" daemon [_thread_blocked, id=7032, stack(0x00000000594d0000,0x00000000595d0000)]
  0x00000000577b5000 JavaThread "Signal Dispatcher" daemon [_thread_blocked, id=7160, stack(0x0000000058590000,0x0000000058690000)]
  0x000000005779d800 JavaThread "Finalizer" daemon [_thread_blocked, id=1424, stack(0x0000000059300000,0x0000000059400000)]
  0x0000000057754800 JavaThread "Reference Handler" daemon [_thread_blocked, id=3848, stack(0x0000000058f80000,0x0000000059080000)]

Other Threads:
  0x000000005774d000 VMThread [stack: 0x00000000590c0000,0x00000000591c0000] [id=6636]
  0x00000000598e6800 WatcherThread [stack: 0x0000000059f70000,0x000000005a070000] [id=4404]

VM state:not at safepoint (normal execution)

VM Mutex/Monitor currently owned by a thread: None

Heap:
 PSYoungGen      total 32256K, used 7787K [0x00000000d5700000, 0x00000000d8500000, 0x0000000100000000)
  eden space 18432K, 37% used [0x00000000d5700000,0x00000000d5dcdfe8,0x00000000d6900000)
  from space 13824K, 5% used [0x00000000d7780000,0x00000000d784ce20,0x00000000d8500000)
  to   space 14336K, 0% used [0x00000000d6900000,0x00000000d6900000,0x00000000d7700000)
 ParOldGen       total 87552K, used 33912K [0x0000000080400000, 0x0000000085980000, 0x00000000d5700000)
  object space 87552K, 38% used [0x0000000080400000,0x000000008251e220,0x0000000085980000)
 Metaspace       used 19220K, capacity 19495K, committed 19712K, reserved 1067008K
  class space    used 2172K, capacity 2235K, committed 2304K, reserved 1048576K

Card table byte_map: [0x0000000011c20000,0x0000000012020000] byte_map_base: 0x000000001181e000

Marking Bits: (ParMarkBitMap*) 0x0000000058ef2f70
 Begin Bits: [0x00000000129e0000, 0x00000000149d0000)
 End Bits:   [0x00000000149d0000, 0x00000000169c0000)

Polling page: 0x00000000001d0000

CodeCache: size=245760Kb used=13501Kb max_used=15715Kb free=232258Kb
 bounds [0x0000000002860000, 0x00000000037e0000, 0x0000000011860000]
 total_blobs=3807 nmethods=3043 adapters=676
 compilation: enabled

Compilation events (10 events):
Event: 150.197 Thread 0x0000000059847800 3865       3       com.badlogic.gdx.backends.lwjgl.audio.OpenALMusic::stop (64 bytes)
Event: 150.198 Thread 0x0000000059847800 nmethod 3865 0x0000000002bce990 code [0x0000000002bceb20, 0x0000000002bcee88]
Event: 150.264 Thread 0x0000000059847800 3866       3       com.mygdx.game.objects.weapon.Flamethrower::endSound (9 bytes)
Event: 150.265 Thread 0x0000000059847800 nmethod 3866 0x0000000002c7fa10 code [0x0000000002c7fb80, 0x0000000002c7fdc8]
Event: 150.297 Thread 0x0000000059847800 3867       3       java.util.ArrayList::addAll (54 bytes)
Event: 150.298 Thread 0x0000000059847800 nmethod 3867 0x0000000002a68f10 code [0x0000000002a690c0, 0x0000000002a69708]
Event: 150.298 Thread 0x0000000059847800 3868       3       java.util.ArrayList::toArray (12 bytes)
Event: 150.298 Thread 0x0000000059847800 nmethod 3868 0x0000000002c0eb50 code [0x0000000002c0ecc0, 0x0000000002c0ef48]
Event: 152.247 Thread 0x0000000059847800 3870       3       com.badlogic.gdx.controllers.desktop.OisControllers$OisController$1::axisMoved (116 bytes)
Event: 152.248 Thread 0x0000000059847800 nmethod 3870 0x000000000347b690 code [0x000000000347b920, 0x000000000347c918]

GC Heap History (10 events):
Event: 124.177 GC heap before
{Heap before GC invocations=20 (full 3):
 PSYoungGen      total 34816K, used 19473K [0x00000000d5700000, 0x00000000d8a00000, 0x0000000100000000)
  eden space 18432K, 100% used [0x00000000d5700000,0x00000000d6900000,0x00000000d6900000)
  from space 16384K, 6% used [0x00000000d7a00000,0x00000000d7b046c0,0x00000000d8a00000)
  to   space 16896K, 0% used [0x00000000d6900000,0x00000000d6900000,0x00000000d7980000)
 ParOldGen       total 87552K, used 36664K [0x0000000080400000, 0x0000000085980000, 0x00000000d5700000)
  object space 87552K, 41% used [0x0000000080400000,0x00000000827ce3d8,0x0000000085980000)
 Metaspace       used 19209K, capacity 19495K, committed 19712K, reserved 1067008K
  class space    used 2172K, capacity 2235K, committed 2304K, reserved 1048576K
Event: 124.178 GC heap after
Heap after GC invocations=20 (full 3):
 PSYoungGen      total 19456K, used 1021K [0x00000000d5700000, 0x00000000d8900000, 0x0000000100000000)
  eden space 18432K, 0% used [0x00000000d5700000,0x00000000d5700000,0x00000000d6900000)
  from space 1024K, 99% used [0x00000000d6900000,0x00000000d69ff6c0,0x00000000d6a00000)
  to   space 16384K, 0% used [0x00000000d7900000,0x00000000d7900000,0x00000000d8900000)
 ParOldGen       total 87552K, used 36840K [0x0000000080400000, 0x0000000085980000, 0x00000000d5700000)
  object space 87552K, 42% used [0x0000000080400000,0x00000000827fa3d8,0x0000000085980000)
 Metaspace       used 19209K, capacity 19495K, committed 19712K, reserved 1067008K
  class space    used 2172K, capacity 2235K, committed 2304K, reserved 1048576K
}
Event: 124.805 GC heap before
{Heap before GC invocations=21 (full 3):
 PSYoungGen      total 19456K, used 1759K [0x00000000d5700000, 0x00000000d8900000, 0x0000000100000000)
  eden space 18432K, 4% used [0x00000000d5700000,0x00000000d57b8928,0x00000000d6900000)
  from space 1024K, 99% used [0x00000000d6900000,0x00000000d69ff6c0,0x00000000d6a00000)
  to   space 16384K, 0% used [0x00000000d7900000,0x00000000d7900000,0x00000000d8900000)
 ParOldGen       total 87552K, used 36840K [0x0000000080400000, 0x0000000085980000, 0x00000000d5700000)
  object space 87552K, 42% used [0x0000000080400000,0x00000000827fa3d8,0x0000000085980000)
 Metaspace       used 19209K, capacity 19495K, committed 19712K, reserved 1067008K
  class space    used 2172K, capacity 2235K, committed 2304K, reserved 1048576K
Event: 124.806 GC heap after
Heap after GC invocations=21 (full 3):
 PSYoungGen      total 33792K, used 128K [0x00000000d5700000, 0x00000000d8800000, 0x0000000100000000)
  eden space 18432K, 0% used [0x00000000d5700000,0x00000000d5700000,0x00000000d6900000)
  from space 15360K, 0% used [0x00000000d7900000,0x00000000d7920000,0x00000000d8800000)
  to   space 15872K, 0% used [0x00000000d6900000,0x00000000d6900000,0x00000000d7880000)
 ParOldGen       total 87552K, used 37403K [0x0000000080400000, 0x0000000085980000, 0x00000000d5700000)
  object space 87552K, 42% used [0x0000000080400000,0x0000000082886c28,0x0000000085980000)
 Metaspace       used 19209K, capacity 19495K, committed 19712K, reserved 1067008K
  class space    used 2172K, capacity 2235K, committed 2304K, reserved 1048576K
}
Event: 124.806 GC heap before
{Heap before GC invocations=22 (full 4):
 PSYoungGen      total 33792K, used 128K [0x00000000d5700000, 0x00000000d8800000, 0x0000000100000000)
  eden space 18432K, 0% used [0x00000000d5700000,0x00000000d5700000,0x00000000d6900000)
  from space 15360K, 0% used [0x00000000d7900000,0x00000000d7920000,0x00000000d8800000)
  to   space 15872K, 0% used [0x00000000d6900000,0x00000000d6900000,0x00000000d7880000)
 ParOldGen       total 87552K, used 37403K [0x0000000080400000, 0x0000000085980000, 0x00000000d5700000)
  object space 87552K, 42% used [0x0000000080400000,0x0000000082886c28,0x0000000085980000)
 Metaspace       used 19209K, capacity 19495K, committed 19712K, reserved 1067008K
  class space    used 2172K, capacity 2235K, committed 2304K, reserved 1048576K
Event: 124.844 GC heap after
Heap after GC invocations=22 (full 4):
 PSYoungGen      total 33792K, used 0K [0x00000000d5700000, 0x00000000d8800000, 0x0000000100000000)
  eden space 18432K, 0% used [0x00000000d5700000,0x00000000d5700000,0x00000000d6900000)
  from space 15360K, 0% used [0x00000000d7900000,0x00000000d7900000,0x00000000d8800000)
  to   space 15872K, 0% used [0x00000000d6900000,0x00000000d6900000,0x00000000d7880000)
 ParOldGen       total 87552K, used 33824K [0x0000000080400000, 0x0000000085980000, 0x00000000d5700000)
  object space 87552K, 38% used [0x0000000080400000,0x0000000082508220,0x0000000085980000)
 Metaspace       used 19209K, capacity 19495K, committed 19712K, reserved 1067008K
  class space    used 2172K, capacity 2235K, committed 2304K, reserved 1048576K
}
Event: 134.221 GC heap before
{Heap before GC invocations=23 (full 4):
 PSYoungGen      total 33792K, used 18432K [0x00000000d5700000, 0x00000000d8800000, 0x0000000100000000)
  eden space 18432K, 100% used [0x00000000d5700000,0x00000000d6900000,0x00000000d6900000)
  from space 15360K, 0% used [0x00000000d7900000,0x00000000d7900000,0x00000000d8800000)
  to   space 15872K, 0% used [0x00000000d6900000,0x00000000d6900000,0x00000000d7880000)
 ParOldGen       total 87552K, used 33824K [0x0000000080400000, 0x0000000085980000, 0x00000000d5700000)
  object space 87552K, 38% used [0x0000000080400000,0x0000000082508220,0x0000000085980000)
 Metaspace       used 19212K, capacity 19495K, committed 19712K, reserved 1067008K
  class space    used 2172K, capacity 2235K, committed 2304K, reserved 1048576K
Event: 134.222 GC heap after
Heap after GC invocations=23 (full 4):
 PSYoungGen      total 19456K, used 819K [0x00000000d5700000, 0x00000000d8600000, 0x0000000100000000)
  eden space 18432K, 0% used [0x00000000d5700000,0x00000000d5700000,0x00000000d6900000)
  from space 1024K, 80% used [0x00000000d6900000,0x00000000d69cce20,0x00000000d6a00000)
  to   space 14848K, 0% used [0x00000000d7780000,0x00000000d7780000,0x00000000d8600000)
 ParOldGen       total 87552K, used 33832K [0x0000000080400000, 0x0000000085980000, 0x00000000d5700000)
  object space 87552K, 38% used [0x0000000080400000,0x000000008250a220,0x0000000085980000)
 Metaspace       used 19212K, capacity 19495K, committed 19712K, reserved 1067008K
  class space    used 2172K, capacity 2235K, committed 2304K, reserved 1048576K
}
Event: 145.921 GC heap before
{Heap before GC invocations=24 (full 4):
 PSYoungGen      total 19456K, used 19251K [0x00000000d5700000, 0x00000000d8600000, 0x0000000100000000)
  eden space 18432K, 100% used [0x00000000d5700000,0x00000000d6900000,0x00000000d6900000)
  from space 1024K, 80% used [0x00000000d6900000,0x00000000d69cce20,0x00000000d6a00000)
  to   space 14848K, 0% used [0x00000000d7780000,0x00000000d7780000,0x00000000d8600000)
 ParOldGen       total 87552K, used 33832K [0x0000000080400000, 0x0000000085980000, 0x00000000d5700000)
  object space 87552K, 38% used [0x0000000080400000,0x000000008250a220,0x0000000085980000)
 Metaspace       used 19218K, capacity 19495K, committed 19712K, reserved 1067008K
  class space    used 2172K, capacity 2235K, committed 2304K, reserved 1048576K
Event: 145.922 GC heap after
Heap after GC invocations=24 (full 4):
 PSYoungGen      total 32256K, used 819K [0x00000000d5700000, 0x00000000d8500000, 0x0000000100000000)
  eden space 18432K, 0% used [0x00000000d5700000,0x00000000d5700000,0x00000000d6900000)
  from space 13824K, 5% used [0x00000000d7780000,0x00000000d784ce20,0x00000000d8500000)
  to   space 14336K, 0% used [0x00000000d6900000,0x00000000d6900000,0x00000000d7700000)
 ParOldGen       total 87552K, used 33912K [0x0000000080400000, 0x0000000085980000, 0x00000000d5700000)
  object space 87552K, 38% used [0x0000000080400000,0x000000008251e220,0x0000000085980000)
 Metaspace       used 19218K, capacity 19495K, committed 19712K, reserved 1067008K
  class space    used 2172K, capacity 2235K, committed 2304K, reserved 1048576K
}

Deoptimization events (10 events):
Event: 91.173 Thread 0x000000005a7af000 Uncommon trap: reason=unstable_if action=reinterpret pc=0x00000000032d1ec0 method=com.mygdx.game.states.GameState.render(Lcom/badlogic/gdx/graphics/g2d/SpriteBatch;)V @ 499
Event: 91.186 Thread 0x000000005a7af000 Uncommon trap: reason=unstable_if action=reinterpret pc=0x00000000034b73fc method=com.mygdx.game.objects.BotPlayer.update(F)V @ 1684
Event: 96.155 Thread 0x000000005a7af000 Uncommon trap: reason=unstable_if action=reinterpret pc=0x000000000335b87c method=com.mygdx.game.states.GameState.render(Lcom/badlogic/gdx/graphics/g2d/SpriteBatch;)V @ 468
Event: 110.071 Thread 0x000000005a7af000 Uncommon trap: reason=unstable_if action=reinterpret pc=0x0000000002ec9a9c method=com.mygdx.game.objects.BotPlayer.update(F)V @ 1148
Event: 110.705 Thread 0x000000005a7af000 Uncommon trap: reason=array_check action=maybe_recompile pc=0x0000000002da531c method=com.badlogic.gdx.utils.Array.removeIndex(I)Ljava/lang/Object; @ 99
Event: 110.707 Thread 0x000000005a7af000 Uncommon trap: reason=array_check action=maybe_recompile pc=0x0000000002de0f7c method=com.badlogic.gdx.utils.Array.add(Ljava/lang/Object;)V @ 46
Event: 125.537 Thread 0x000000005a7af000 Uncommon trap: reason=unstable_if action=reinterpret pc=0x0000000003507034 method=com.mygdx.game.objects.BotPlayer.update(F)V @ 1060
Event: 125.538 Thread 0x000000005a7af000 Uncommon trap: reason=unstable_if action=reinterpret pc=0x00000000034ee41c method=com.mygdx.game.objects.BotPlayer.update(F)V @ 1684
Event: 128.149 Thread 0x000000005a7af000 Uncommon trap: reason=array_check action=maybe_recompile pc=0x0000000002da531c method=com.badlogic.gdx.utils.Array.removeIndex(I)Ljava/lang/Object; @ 99
Event: 149.647 Thread 0x000000005a7af000 Uncommon trap: reason=array_check action=maybe_recompile pc=0x0000000002da531c method=com.badlogic.gdx.utils.Array.removeIndex(I)Ljava/lang/Object; @ 99

Internal exceptions (10 events):
Event: 15.984 Thread 0x000000005a7af000 Exception <a 'java/lang/ArrayIndexOutOfBoundsException': 18> (0x00000000d68a49c8) thrown at [C:\re\workspace\8-2-build-windows-amd64-cygwin\jdk8u91\6644\hotspot\src\share\vm\interpreter\interpreterRuntime.cpp, line 366]
Event: 16.205 Thread 0x000000005a7af000 Implicit null exception at 0x0000000002dc9646 to 0x0000000002dc9869
Event: 16.205 Thread 0x000000005a7af000 Implicit null exception at 0x0000000002dbaf54 to 0x0000000002dbb121
Event: 16.206 Thread 0x000000005a7af000 Implicit null exception at 0x0000000002e1fb85 to 0x0000000002e1fd35
Event: 16.215 Thread 0x000000005a7af000 Implicit null exception at 0x000000000311667e to 0x0000000003116a5d
Event: 16.300 Thread 0x000000005a7af000 Implicit null exception at 0x000000000314e449 to 0x000000000314ed21
Event: 16.374 Thread 0x000000005a7af000 Implicit null exception at 0x0000000003166b56 to 0x000000000316722d
Event: 16.386 Thread 0x000000005a7af000 Implicit null exception at 0x0000000003167ec5 to 0x0000000003168575
Event: 16.399 Thread 0x000000005a7af000 Implicit null exception at 0x000000000316ca3d to 0x000000000316d0c1
Event: 85.736 Thread 0x000000005a7af000 Implicit null exception at 0x0000000002af9c09 to 0x0000000002af9edd

Events (10 events):
Event: 145.897 Thread 0x0000000059847800 flushing nmethod 0x00000000034ab310
Event: 145.897 Thread 0x0000000059847800 flushing nmethod 0x00000000034bedd0
Event: 145.897 Thread 0x0000000059847800 flushing nmethod 0x0000000003720e50
Event: 145.897 Thread 0x0000000059847800 flushing nmethod 0x000000000373a110
Event: 145.897 Thread 0x0000000059847800 flushing nmethod 0x00000000037bdf90
Event: 145.921 Executing VM operation: ParallelGCFailedAllocation
Event: 145.922 Executing VM operation: ParallelGCFailedAllocation done
Event: 149.647 Thread 0x000000005a7af000 Uncommon trap: trap_request=0xffffffd6 fr.pc=0x0000000002da531c
Event: 149.647 Thread 0x000000005a7af000 DEOPT PACKING pc=0x0000000002da531c sp=0x000000005f54ec70
Event: 149.647 Thread 0x000000005a7af000 DEOPT UNPACKING pc=0x00000000028a582a sp=0x000000005f54ec18 mode 2


Dynamic libraries:
0x000000013ff60000 - 0x000000013ff97000 	C:\Program Files\Java\jre1.8.0_91\bin\javaw.exe
0x00000000776d0000 - 0x000000007787a000 	C:\Windows\SYSTEM32\ntdll.dll
0x000007fefa7a0000 - 0x000007fefa7d3000 	C:\Program Files\AVAST Software\Avast\x64\aswhooka.dll
0x00000000774b0000 - 0x00000000775cf000 	C:\Windows\system32\kernel32.dll
0x000007fefd550000 - 0x000007fefd5ba000 	C:\Windows\system32\KERNELBASE.dll
0x000007fefd980000 - 0x000007fefda5b000 	C:\Windows\system32\ADVAPI32.dll
0x000007fefd8e0000 - 0x000007fefd97f000 	C:\Windows\system32\msvcrt.dll
0x000007fefe1f0000 - 0x000007fefe20f000 	C:\Windows\SYSTEM32\sechost.dll
0x000007fefdd30000 - 0x000007fefde5d000 	C:\Windows\system32\RPCRT4.dll
0x00000000775d0000 - 0x00000000776ca000 	C:\Windows\system32\USER32.dll
0x000007feff890000 - 0x000007feff8f7000 	C:\Windows\system32\GDI32.dll
0x000007fefd820000 - 0x000007fefd82e000 	C:\Windows\system32\LPK.dll
0x000007feff4f0000 - 0x000007feff5bb000 	C:\Windows\system32\USP10.dll
0x000007fefbdc0000 - 0x000007fefbfb4000 	C:\Windows\WinSxS\amd64_microsoft.windows.common-controls_6595b64144ccf1df_6.0.7601.18837_none_fa3b1e3d17594757\COMCTL32.dll
0x000007fefd860000 - 0x000007fefd8d1000 	C:\Windows\system32\SHLWAPI.dll
0x000007fefd830000 - 0x000007fefd85e000 	C:\Windows\system32\IMM32.DLL
0x000007feff3c0000 - 0x000007feff4c9000 	C:\Windows\system32\MSCTF.dll
0x0000000069d50000 - 0x0000000069e22000 	C:\Program Files\Java\jre1.8.0_91\bin\msvcr100.dll
0x00000000586e0000 - 0x0000000058f73000 	C:\Program Files\Java\jre1.8.0_91\bin\server\jvm.dll
0x000007feed210000 - 0x000007feed219000 	C:\Windows\system32\WSOCK32.dll
0x000007fefefa0000 - 0x000007fefefed000 	C:\Windows\system32\WS2_32.dll
0x000007fefda60000 - 0x000007fefda68000 	C:\Windows\system32\NSI.dll
0x000007fefb110000 - 0x000007fefb14b000 	C:\Windows\system32\WINMM.dll
0x000007fefc480000 - 0x000007fefc48c000 	C:\Windows\system32\VERSION.dll
0x00000000778a0000 - 0x00000000778a7000 	C:\Windows\system32\PSAPI.DLL
0x0000000071e90000 - 0x0000000071e9f000 	C:\Program Files\Java\jre1.8.0_91\bin\verify.dll
0x000000006a0e0000 - 0x000000006a109000 	C:\Program Files\Java\jre1.8.0_91\bin\java.dll
0x00000000712e0000 - 0x00000000712f6000 	C:\Program Files\Java\jre1.8.0_91\bin\zip.dll
0x000007fefe210000 - 0x000007fefef9b000 	C:\Windows\system32\SHELL32.dll
0x000007fefde60000 - 0x000007fefe05c000 	C:\Windows\system32\ole32.dll
0x000007fefd3c0000 - 0x000007fefd3cf000 	C:\Windows\system32\profapi.dll
0x00000000720c0000 - 0x0000000072258000 	C:\Program Files\Java\jre1.8.0_91\bin\awt.dll
0x000007fefdc50000 - 0x000007fefdd2a000 	C:\Windows\system32\OLEAUT32.dll
0x000007fefb9b0000 - 0x000007fefba06000 	C:\Windows\system32\uxtheme.dll
0x000007fefb5a0000 - 0x000007fefb5b8000 	C:\Windows\system32\dwmapi.dll
0x000007fefd220000 - 0x000007fefd22f000 	C:\Windows\system32\CRYPTBASE.dll
0x000007fee1520000 - 0x000007fee171f000 	C:\Windows\system32\d3d9.dll
0x000007fefbbd0000 - 0x000007fefbbd7000 	C:\Windows\system32\d3d8thk.dll
0x000007fedd440000 - 0x000007fede4ab000 	C:\Windows\system32\nvd3dumx.dll
0x000007fefbfc0000 - 0x000007fefbfec000 	C:\Windows\system32\powrprof.dll
0x000007fefda70000 - 0x000007fefdc47000 	C:\Windows\system32\SETUPAPI.dll
0x000007fefd690000 - 0x000007fefd6c6000 	C:\Windows\system32\CFGMGR32.dll
0x000007fefd630000 - 0x000007fefd64a000 	C:\Windows\system32\DEVOBJ.dll
0x000007fee58d0000 - 0x000007fee59b1000 	C:\Program Files (x86)\NVIDIA Corporation\3D Vision\nvSCPAPI64.dll
0x000007fee1040000 - 0x000007fee1216000 	C:\Windows\system32\nvspcap64.dll
0x000007fef9270000 - 0x000007fef92e1000 	C:\Windows\system32\WINHTTP.dll
0x000007fef9200000 - 0x000007fef9265000 	C:\Windows\system32\webio.dll
0x000007fef9cc0000 - 0x000007fefa075000 	C:\Windows\system32\nvapi64.dll
0x000007fefd190000 - 0x000007fefd1b5000 	C:\Windows\system32\SspiCli.dll
0x0000000071a20000 - 0x0000000071a67000 	C:\Program Files\Java\jre1.8.0_91\bin\fontmanager.dll
0x0000000072300000 - 0x000000007231a000 	C:\Program Files\Java\jre1.8.0_91\bin\net.dll
0x000007fefcb50000 - 0x000007fefcba5000 	C:\Windows\system32\mswsock.dll
0x000007fefcb40000 - 0x000007fefcb47000 	C:\Windows\System32\wship6.dll
0x00000000722e0000 - 0x00000000722f1000 	C:\Program Files\Java\jre1.8.0_91\bin\nio.dll
0x0000000071950000 - 0x0000000071992000 	C:\Program Files\Java\jre1.8.0_91\bin\t2k.dll
0x0000000065580000 - 0x0000000065616000 	C:\Users\Victor\AppData\Local\Temp\libgdxVictor\40f0d13c\gdx64.dll
0x000007fefcbb0000 - 0x000007fefcbc8000 	C:\Windows\system32\CRYPTSP.dll
0x000007fefc8b0000 - 0x000007fefc8f7000 	C:\Windows\system32\rsaenh.dll
0x000007fefd5c0000 - 0x000007fefd5de000 	C:\Windows\system32\USERENV.dll
0x000007fefae20000 - 0x000007fefae47000 	C:\Windows\system32\IPHLPAPI.DLL
0x000007fefae10000 - 0x000007fefae1b000 	C:\Windows\system32\WINNSI.DLL
0x000007fefad40000 - 0x000007fefad51000 	C:\Windows\system32\dhcpcsvc6.DLL
0x000007fefad20000 - 0x000007fefad38000 	C:\Windows\system32\dhcpcsvc.DLL
0x0000000180000000 - 0x0000000180053000 	C:\Users\Victor\AppData\Local\Temp\libgdxVictor\dc0f0009\lwjgl64.dll
0x000007fee0f20000 - 0x000007fee103d000 	C:\Windows\system32\OPENGL32.dll
0x000007fef7e00000 - 0x000007fef7e2d000 	C:\Windows\system32\GLU32.dll
0x000007fee8920000 - 0x000007fee8a11000 	C:\Windows\system32\DDRAW.dll
0x000007fefa960000 - 0x000007fefa968000 	C:\Windows\system32\DCIMAN32.dll
0x0000000059400000 - 0x0000000059464000 	C:\Users\Victor\AppData\Local\Temp\libgdxVictor\dc0f0009\OpenAL64.dll
0x000007fefd780000 - 0x000007fefd819000 	C:\Windows\system32\CLBCatQ.DLL
0x000007fefbb70000 - 0x000007fefbbbb000 	C:\Windows\System32\MMDevApi.dll
0x000007fefba30000 - 0x000007fefbb5c000 	C:\Windows\System32\PROPSYS.dll
0x000007fee5840000 - 0x000007fee58c8000 	C:\Windows\system32\dsound.dll
0x000007fefacd0000 - 0x000007fefad1f000 	C:\Windows\system32\AUDIOSES.DLL
0x0000000060660000 - 0x00000000624a7000 	C:\Windows\system32\nvoglv64.DLL
0x000007fefc610000 - 0x000007fefc621000 	C:\Windows\system32\WTSAPI32.dll
0x000007fef7e30000 - 0x000007fef7f55000 	C:\Windows\system32\dbghelp.dll
0x000007fefd5f0000 - 0x000007fefd62b000 	C:\Windows\system32\WINTRUST.dll
0x000007fefd3e0000 - 0x000007fefd54d000 	C:\Windows\system32\CRYPT32.dll
0x000007fefd3d0000 - 0x000007fefd3df000 	C:\Windows\system32\MSASN1.dll
0x000007fefb530000 - 0x000007fefb55d000 	C:\Windows\system32\ntmarta.dll
0x000007feff900000 - 0x000007feff952000 	C:\Windows\system32\WLDAP32.dll
0x000007fefa2d0000 - 0x000007fefa36c000 	C:\Windows\system32\mscms.dll
0x000007fef7d70000 - 0x000007fef7db2000 	C:\Windows\system32\icm32.dll
0x000007fefd2d0000 - 0x000007fefd30d000 	C:\Windows\system32\WINSTA.dll
0x0000000068900000 - 0x0000000068a54000 	C:\Users\Victor\AppData\Local\Temp\libgdxVictor\703c426f\gdx-controllers-desktop64.dll
0x000007feeaab0000 - 0x000007feeaaec000 	C:\Windows\system32\DINPUT8.dll
0x000007fefb5c0000 - 0x000007fefb5cb000 	C:\Windows\system32\HID.DLL
0x000000006a740000 - 0x000000006a7ed000 	C:\Users\Victor\AppData\Local\Temp\libgdxVictor\6fb08ec8\gdx-freetype64.dll
0x000000005a970000 - 0x000000005aa2b000 	C:\Users\Victor\AppData\Local\Temp\libgdxVictor\ad04a22e\gdx-box2d64.dll

VM Arguments:
jvm_args: -Djava.library.path=D:\LIBGDX\libgdx\extensions\gdx-controllers\gdx-controllers-desktop-natives;D:\LIBGDX\libgdx\gdx-natives;D:\LIBGDX\libgdx\gdx-natives -Dfile.encoding=Cp1252 
java_command: com.mygdx.game.desktop.DesktopLauncher -Xmx4048m
java_class_path (initial): C:\Users\Victor\Games\Workspace\desktop\bin;C:\Users\Victor\.gradle\caches\modules-2\files-2.1\com.badlogicgames.gdx\gdx-backend-lwjgl\1.6.1\e3208559223c991f1db7220d5ddf3e5a12e5528f\gdx-backend-lwjgl-1.6.1.jar;C:\Users\Victor\.gradle\caches\modules-2\files-2.1\com.badlogicgames.gdx\gdx-platform\1.6.1\861f02e3f7f85423be6f9727ab12b03b40d39477\gdx-platform-1.6.1-natives-desktop.jar;C:\Users\Victor\.gradle\caches\modules-2\files-2.1\com.badlogicgames.gdx\gdx-box2d-platform\1.6.1\afe698dffa47134e4eeaaf674bd5ad3844e60ff0\gdx-box2d-platform-1.6.1-natives-desktop.jar;C:\Users\Victor\.gradle\caches\modules-2\files-2.1\com.badlogicgames.gdx\gdx-bullet-platform\1.6.1\e9a636bd871715f7e69c5e53f4cd2b4f0ef40a7d\gdx-bullet-platform-1.6.1-natives-desktop.jar;C:\Users\Victor\.gradle\caches\modules-2\files-2.1\com.badlogicgames.gdx\gdx-freetype-platform\1.6.1\a73fbc0f0873c7d30b8123371714f0cbcf32206e\gdx-freetype-platform-1.6.1-natives-desktop.jar;D:\LIBGDX\libgdx\extensions\gdx-controllers\gdx-controllers-desktop.jar;C:\Users\Victor\.gradle\caches\modules-2\files-2.1\com.badlogicgames.gdx\gdx-controllers-platform\1.6.1\758c616eb2c81f6043c5a73c22f8e2406bc6e750\gdx-controllers-platform-1.6.1-natives-desktop.jar;C:\Users\Victor\.gradle\caches\modules-2\files-2.1\com.badlogicgames.gdx\gdx-tools\1.6.1\f4fc6e4240d81c24b02a75c48f1685e6cf76435a\gdx-tools-1.6.1.jar;D:\LIBGDX\libgdx\gdx.jar;C:\Users\Victor\.gradle\caches\modules-2\files-2.1\com.badlogicgames.gdx\gdx-bullet\1.6.1\24124f7e16583d2a4f973c1b0f360c52ab259acf\gdx-bullet-1.6.1.jar;D:\LIBGDX\libgdx\extensions\gdx-controllers\gdx-controllers.jar;C:\Users\Victor\.gradle\caches\modules-2\files-2.1\org.lwjgl.lwjgl\lwjgl\2.9.2\a9d80fe5935c7a9149f6584d9777cfd471f65489\lwjgl-2.9.2.jar;C:\Users\Victor\.gradle\caches\modules-2\files-2.1\org.lwjgl.lwjgl\lwjgl_util\2.9.2\4b9e37300a87799856e0bd15ed81663cdb6b0947\lwjgl_util-2.9.2.jar;C:\Users\Victor\.gradle\caches\modules-2\files-2.1\com.badlogicgames.jlayer\jlayer\1.0.1
Launcher Type: SUN_STANDARD

Environment Variables:
JAVA_HOME=C:\Program Files (x86)\Java\jdk1.7.0_55
CLASSPATH=.;.;C:\PROGRA~2\JMF21~1.1E\lib\sound.jar;C:\PROGRA~2\JMF21~1.1E\lib\jmf.jar;C:\PROGRA~2\JMF21~1.1E\lib;C:\Program Files (x86)\ant\bin
PATH=C:\ProgramData\Oracle\Java\javapath;C:\Windows\system32;C:\Windows;C:\Windows\System32\Wbem;C:\Windows\System32\WindowsPowerShell\v1.0\;C:\Program Files (x86)\NVIDIA Corporation\PhysX\Common;C:\Program Files (x86)\Windows Kits\8.1\Windows Performance Toolkit\;C:\Program Files\Microsoft SQL Server\110\Tools\Binn\;C:\Program Files (x86)\Microsoft SDKs\TypeScript\1.0\;C:\Program Files\Microsoft SQL Server\120\Tools\Binn\;C:\Program Files\Java\jre1.8.0_71\bin;C:\Program Files\Java\jdk1.8.0_71\bin;C:\Program Files (x86)\GtkSharp\2.12\bin;C:\Program Files\Microsoft SQL Server\130\Tools\Binn\;C:\Program Files\MATLAB\R2016a\bin;C:\Program Files\SDL2;C:\Program Files\apache-maven-3.3.9\bin;C:\Program Files\Git\cmd;C:\Program Files (x86)\ant\bin;C:\Program Files (x86)\QuickTime\QTSystem\;C:\Program Files (x86)\Skype\Phone;C:\Program Files (x86)\Gradle\bin;C:\Program Files (x86)\CVSNT\
USERNAME=Victor
OS=Windows_NT
PROCESSOR_IDENTIFIER=Intel64 Family 6 Model 42 Stepping 7, GenuineIntel



---------------  S Y S T E M  ---------------

OS: Windows 7 , 64 bit Build 7601 (6.1.7601.23807)

CPU:total 4 (4 cores per cpu, 1 threads per core) family 6 model 42 stepping 7, cmov, cx8, fxsr, mmx, sse, sse2, sse3, ssse3, sse4.1, sse4.2, popcnt, avx, aes, clmul, tsc, tscinvbit

Memory: 4k page, physical 8370836k(5899016k free), swap 33424140k(29267292k free)

vm_info: Java HotSpot(TM) 64-Bit Server VM (25.91-b14) for windows-amd64 JRE (1.8.0_91-b14), built on Apr  1 2016 00:58:32 by "java_re" with MS VC++ 10.0 (VS2010)

time: Fri Jul 21 14:54:51 2017
elapsed time: 152 seconds (0d 0h 2m 32s)

