#
# A fatal error has been detected by the Java Runtime Environment:
#
#  EXCEPTION_ACCESS_VIOLATION (0xc0000005) at pc=0x0000000066bcbd0d, pid=7924, tid=7080
#
# JRE version: Java(TM) SE Runtime Environment (8.0_91-b14) (build 1.8.0_91-b14)
# Java VM: Java HotSpot(TM) 64-Bit Server VM (25.91-b14 mixed mode windows-amd64 compressed oops)
# Problematic frame:
# C  [gdx-box2d64.dll+0xbd0d]
#
# Failed to write core dump. Minidumps are not enabled by default on client versions of Windows
#
# If you would like to submit a bug report, please visit:
#   http://bugreport.java.com/bugreport/crash.jsp
# The crash happened outside the Java Virtual Machine in native code.
# See problematic frame for where to report the bug.
#

---------------  T H R E A D  ---------------

Current thread (0x00000000593b6800):  JavaThread "LWJGL Application" [_thread_in_native, id=7080, stack(0x000000005b3d0000,0x000000005b4d0000)]

siginfo: ExceptionCode=0xc0000005, reading address 0x00000002645fe0b0

Registers:
RAX=0x00000002645fe0b0, RBX=0x000000005f965430, RCX=0x000000005f965400, RDX=0x00000000000000b8
RSP=0x000000005b4cd5c0, RBP=0x0000000000000006, RSI=0x000000005f965400, RDI=0x000000005b4cd680
R8 =0x000000005f965400, R9 =0x0000000000000002, R10=0x0000000000000000, R11=0x0000000000000001
R12=0x0000000000000000, R13=0x0000000060888ff8, R14=0x000000005b4cd928, R15=0x00000000593b6800
RIP=0x0000000066bcbd0d, EFLAGS=0x0000000000010202

Top of Stack: (sp=0x000000005b4cd5c0)
0x000000005b4cd5c0:   401517818a5a7bee 0000000002934b66
0x000000005b4cd5d0:   3fff85c7fee45109 00000000d66658c0
0x000000005b4cd5e0:   bfeb1a3fd392f174 000000005f965400
0x000000005b4cd5f0:   0000000000000001 000000005b4cd680
0x000000005b4cd600:   000000005b4cd7a0 0000000000000000
0x000000005b4cd610:   0000000060888ff8 0000000066be2483
0x000000005b4cd620:   0000000000000000 3febaebbc0000000
0x000000005b4cd630:   0000000000000000 0000000000000003
0x000000005b4cd640:   0000000000000001 0000000000000001
0x000000005b4cd650:   0000000000000001 0000000066be8616
0x000000005b4cd660:   0000000000000000 0000000000000000
0x000000005b4cd670:   0000000000000000 0000000000000001
0x000000005b4cd680:   40ee864700000002 000000004125b507
0x000000005b4cd690:   bff8da7b409368c7 0000000000000000
0x000000005b4cd6a0:   0100010100000000 0000000000000001
0x000000005b4cd6b0:   0000000000000000 000000003f800000 

Instructions: (pc=0x0000000066bcbd0d)
0x0000000066bcbced:   48 8d 05 6c a3 05 00 0f b6 1c 18 80 fb 0d 0f b6
0x0000000066bcbcfd:   eb 77 21 48 8d 1c de 48 8b 43 10 48 85 c0 74 3a
0x0000000066bcbd0d:   48 8b 10 48 89 53 10 48 83 c4 28 5b 5e 5f 5d 41
0x0000000066bcbd1d:   5c 41 5d c3 48 8d 15 18 9e 04 00 48 8d 0d 99 9e 


Register to memory mapping:

RAX=0x00000002645fe0b0 is an unknown value
RBX=0x000000005f965430 is an unknown value
RCX=0x000000005f965400 is an unknown value
RDX=0x00000000000000b8 is an unknown value
RSP=0x000000005b4cd5c0 is pointing into the stack for thread: 0x00000000593b6800
RBP=0x0000000000000006 is an unknown value
RSI=0x000000005f965400 is an unknown value
RDI=0x000000005b4cd680 is pointing into the stack for thread: 0x00000000593b6800
R8 =0x000000005f965400 is an unknown value
R9 =0x0000000000000002 is an unknown value
R10=0x0000000000000000 is an unknown value
R11=0x0000000000000001 is an unknown value
R12=0x0000000000000000 is an unknown value
R13=0x0000000060888ff8 is pointing into metadata
R14=0x000000005b4cd928 is pointing into the stack for thread: 0x00000000593b6800
R15=0x00000000593b6800 is a thread


Stack: [0x000000005b3d0000,0x000000005b4d0000],  sp=0x000000005b4cd5c0,  free space=1013k
Native frames: (J=compiled Java code, j=interpreted, Vv=VM code, C=native code)
C  [gdx-box2d64.dll+0xbd0d]
C  [gdx-box2d64.dll+0x22483]
C  [gdx-box2d64.dll+0x28616]
C  0x0000000002ecb164

Java frames: (J=compiled Java code, j=interpreted, Vv=VM code)
J 1301  com.badlogic.gdx.physics.box2d.World.jniCreateBody(JIFFFFFFFFZZZZZF)J (0 bytes) @ 0x0000000002ecb0e6 [0x0000000002ecb040+0xa6]
J 1300 C1 com.badlogic.gdx.physics.box2d.World.createBody(Lcom/badlogic/gdx/physics/box2d/BodyDef;)Lcom/badlogic/gdx/physics/box2d/Body; (120 bytes) @ 0x0000000002eca8dc [0x0000000002eca740+0x19c]
j  com.mygdx.game.objects.weapon.Molotov.shoot()V+195
J 1594 C1 com.mygdx.game.objects.Player.axisMoved(Lcom/badlogic/gdx/controllers/Controller;IF)Z (340 bytes) @ 0x000000000313c1fc [0x000000000313ba40+0x7bc]
J 1578 C1 com.mygdx.game.states.GameState.axisMoved(Lcom/badlogic/gdx/controllers/Controller;IF)Z (78 bytes) @ 0x000000000310e614 [0x000000000310dd80+0x894]
J 1187 C1 com.badlogic.gdx.controllers.desktop.OisControllers$OisController$1.axisMoved(Lcom/badlogic/gdx/controllers/desktop/ois/OisJoystick;IF)V (116 bytes) @ 0x0000000002e4c704 [0x0000000002e4c180+0x584]
J 1186 C1 com.badlogic.gdx.controllers.desktop.ois.OisJoystick.axisMoved(II)V (44 bytes) @ 0x0000000002e46bcc [0x0000000002e46a80+0x14c]
v  ~StubRoutines::call_stub
J 978  com.badlogic.gdx.controllers.desktop.ois.OisJoystick.update(JLcom/badlogic/gdx/controllers/desktop/ois/OisJoystick;)V (0 bytes) @ 0x0000000002cc11cf [0x0000000002cc1180+0x4f]
J 1114 C1 com.badlogic.gdx.controllers.desktop.ois.Ois.update()V (36 bytes) @ 0x0000000002d80a44 [0x0000000002d806e0+0x364]
J 1113 C1 com.badlogic.gdx.controllers.desktop.OisControllers$1.run()V (196 bytes) @ 0x0000000002dbfa94 [0x0000000002dbf240+0x854]
J 1090 C1 com.badlogic.gdx.backends.lwjgl.LwjglApplication.executeRunnables()Z (98 bytes) @ 0x0000000002d788ec [0x0000000002d78400+0x4ec]
j  com.badlogic.gdx.backends.lwjgl.LwjglApplication.mainLoop()V+544
j  com.badlogic.gdx.backends.lwjgl.LwjglApplication$1.run()V+27
v  ~StubRoutines::call_stub

---------------  P R O C E S S  ---------------

Java Threads: ( => current thread )
  0x000000005a033000 JavaThread "LWJGL Timer" daemon [_thread_blocked, id=4552, stack(0x0000000060ae0000,0x0000000060be0000)]
  0x000000005a0c9800 JavaThread "AWT-Windows" daemon [_thread_in_native, id=6696, stack(0x000000005e670000,0x000000005e770000)]
  0x000000005a069800 JavaThread "Java2D Disposer" daemon [_thread_blocked, id=7912, stack(0x000000005e460000,0x000000005e560000)]
  0x000000000234e800 JavaThread "DestroyJavaVM" [_thread_blocked, id=6344, stack(0x0000000002550000,0x0000000002650000)]
=>0x00000000593b6800 JavaThread "LWJGL Application" [_thread_in_native, id=7080, stack(0x000000005b3d0000,0x000000005b4d0000)]
  0x000000005904a800 JavaThread "Service Thread" daemon [_thread_blocked, id=8104, stack(0x0000000059760000,0x0000000059860000)]
  0x0000000058fe2000 JavaThread "C1 CompilerThread2" daemon [_thread_blocked, id=5496, stack(0x0000000059590000,0x0000000059690000)]
  0x0000000058fc1000 JavaThread "C2 CompilerThread1" daemon [_thread_blocked, id=8064, stack(0x0000000058b00000,0x0000000058c00000)]
  0x00000000578a9800 JavaThread "C2 CompilerThread0" daemon [_thread_blocked, id=1568, stack(0x0000000058ec0000,0x0000000058fc0000)]
  0x00000000578a6800 JavaThread "Attach Listener" daemon [_thread_blocked, id=7640, stack(0x0000000058d90000,0x0000000058e90000)]
  0x00000000578a3800 JavaThread "Signal Dispatcher" daemon [_thread_blocked, id=7336, stack(0x0000000058880000,0x0000000058980000)]
  0x000000005788c000 JavaThread "Finalizer" daemon [_thread_blocked, id=7216, stack(0x0000000058c10000,0x0000000058d10000)]
  0x0000000057844800 JavaThread "Reference Handler" daemon [_thread_blocked, id=7376, stack(0x0000000058990000,0x0000000058a90000)]

Other Threads:
  0x000000005783d000 VMThread [stack: 0x0000000058750000,0x0000000058850000] [id=6224]
  0x0000000059063800 WatcherThread [stack: 0x0000000059910000,0x0000000059a10000] [id=1332]

VM state:not at safepoint (normal execution)

VM Mutex/Monitor currently owned by a thread: None

Heap:
 PSYoungGen      total 38400K, used 29054K [0x00000000d5700000, 0x00000000d8180000, 0x0000000100000000)
  eden space 33280K, 87% used [0x00000000d5700000,0x00000000d735fa50,0x00000000d7780000)
  from space 5120K, 0% used [0x00000000d7c80000,0x00000000d7c80000,0x00000000d8180000)
  to   space 5120K, 0% used [0x00000000d7780000,0x00000000d7780000,0x00000000d7c80000)
 ParOldGen       total 87552K, used 0K [0x0000000080400000, 0x0000000085980000, 0x00000000d5700000)
  object space 87552K, 0% used [0x0000000080400000,0x0000000080400000,0x0000000085980000)
 Metaspace       used 10259K, capacity 10431K, committed 10624K, reserved 1058816K
  class space    used 988K, capacity 1056K, committed 1152K, reserved 1048576K

Card table byte_map: [0x0000000011ce0000,0x00000000120e0000] byte_map_base: 0x00000000118de000

Marking Bits: (ParMarkBitMap*) 0x00000000704f2f70
 Begin Bits: [0x0000000012ad0000, 0x0000000014ac0000)
 End Bits:   [0x0000000014ac0000, 0x0000000016ab0000)

Polling page: 0x0000000000140000

CodeCache: size=245760Kb used=8531Kb max_used=8550Kb free=237228Kb
 bounds [0x0000000002920000, 0x0000000003190000, 0x0000000011920000]
 total_blobs=2154 nmethods=1591 adapters=476
 compilation: enabled

Compilation events (10 events):
Event: 27.153 Thread 0x00000000578a9800 1593       4       java.util.ArrayList$Itr::next (66 bytes)
Event: 27.154 Thread 0x00000000578a9800 nmethod 1593 0x0000000002a1f950 code [0x0000000002a1faa0, 0x0000000002a1fbb8]
Event: 27.619 Thread 0x0000000058fe2000 1594       3       com.mygdx.game.objects.Player::axisMoved (340 bytes)
Event: 27.620 Thread 0x0000000058fe2000 nmethod 1594 0x000000000313b690 code [0x000000000313ba40, 0x000000000313d358]
Event: 27.636 Thread 0x0000000058fc1000 1595       4       com.mygdx.game.states.GameState::update (1316 bytes)
Event: 27.758 Thread 0x0000000058fc1000 nmethod 1595 0x0000000003175a10 code [0x0000000003176180, 0x000000000317b038]
Event: 28.135 Thread 0x00000000578a9800 1596       4       box2dLight.PositionalLight::render (91 bytes)
Event: 28.137 Thread 0x00000000578a9800 nmethod 1596 0x0000000002a31f90 code [0x0000000002a32100, 0x0000000002a32278]
Event: 28.452 Thread 0x0000000058fe2000 1598       3       sun.misc.URLClassPath::findResource (47 bytes)
Event: 28.453 Thread 0x0000000058fe2000 nmethod 1598 0x0000000003175350 code [0x00000000031754e0, 0x0000000003175888]

GC Heap History (0 events):
No events

Deoptimization events (10 events):
Event: 18.182 Thread 0x00000000593b6800 Uncommon trap: reason=unstable_if action=reinterpret pc=0x0000000002c79498 method=com.badlogic.gdx.graphics.Mesh.render(Lcom/badlogic/gdx/graphics/glutils/ShaderProgram;IIIZ)V @ 32
Event: 18.205 Thread 0x00000000593b6800 Uncommon trap: reason=unstable_if action=reinterpret pc=0x0000000002c6fe04 method=com.badlogic.gdx.graphics.glutils.VertexBufferObject.bind(Lcom/badlogic/gdx/graphics/glutils/ShaderProgram;[I)V @ 20
Event: 22.886 Thread 0x00000000593b6800 Uncommon trap: reason=unstable_if action=reinterpret pc=0x0000000003025cc8 method=com.mygdx.game.states.GameState.update(F)V @ 463
Event: 23.958 Thread 0x00000000593b6800 Uncommon trap: reason=unstable_if action=reinterpret pc=0x0000000002fc2370 method=com.mygdx.game.objects.Block.render(Lcom/badlogic/gdx/graphics/g2d/SpriteBatch;)Z @ 23
Event: 23.976 Thread 0x00000000593b6800 Uncommon trap: reason=unstable_if action=reinterpret pc=0x0000000002f9fa30 method=com.mygdx.game.objects.Block.render(Lcom/badlogic/gdx/graphics/g2d/SpriteBatch;)Z @ 23
Event: 23.976 Thread 0x00000000593b6800 Uncommon trap: reason=unstable_if action=reinterpret pc=0x0000000002f0ed5c method=com.mygdx.game.objects.Block.render(Lcom/badlogic/gdx/graphics/g2d/SpriteBatch;)Z @ 23
Event: 24.291 Thread 0x00000000593b6800 Uncommon trap: reason=unstable_if action=reinterpret pc=0x00000000030d6b8c method=com.mygdx.game.objects.Block.render(Lcom/badlogic/gdx/graphics/g2d/SpriteBatch;)Z @ 87
Event: 24.786 Thread 0x00000000593b6800 Uncommon trap: reason=unstable_if action=reinterpret pc=0x00000000030e884c method=com.badlogic.gdx.graphics.g2d.ParticleEmitter.updateParticle(Lcom/badlogic/gdx/graphics/g2d/ParticleEmitter$Particle;FI)Z @ 10
Event: 24.821 Thread 0x00000000593b6800 Uncommon trap: reason=unstable_if action=reinterpret pc=0x0000000002d825cc method=com.badlogic.gdx.utils.Array.add(Ljava/lang/Object;)V @ 11
Event: 25.802 Thread 0x00000000593b6800 Uncommon trap: reason=unstable_if action=reinterpret pc=0x000000000312f7f0 method=com.mygdx.game.states.GameState.update(F)V @ 136

Internal exceptions (10 events):
Event: 0.322 Thread 0x000000000234e800 Exception <a 'java/security/PrivilegedActionException'> (0x00000000d5b5a760) thrown at [C:\re\workspace\8-2-build-windows-amd64-cygwin\jdk8u91\6644\hotspot\src\share\vm\prims\jvm.cpp, line 1386]
Event: 0.322 Thread 0x000000000234e800 Exception <a 'java/security/PrivilegedActionException'> (0x00000000d5b5b8d0) thrown at [C:\re\workspace\8-2-build-windows-amd64-cygwin\jdk8u91\6644\hotspot\src\share\vm\prims\jvm.cpp, line 1386]
Event: 0.323 Thread 0x000000000234e800 Exception <a 'java/security/PrivilegedActionException'> (0x00000000d5b60a38) thrown at [C:\re\workspace\8-2-build-windows-amd64-cygwin\jdk8u91\6644\hotspot\src\share\vm\prims\jvm.cpp, line 1386]
Event: 0.323 Thread 0x000000000234e800 Exception <a 'java/security/PrivilegedActionException'> (0x00000000d5b61690) thrown at [C:\re\workspace\8-2-build-windows-amd64-cygwin\jdk8u91\6644\hotspot\src\share\vm\prims\jvm.cpp, line 1386]
Event: 0.323 Thread 0x000000000234e800 Exception <a 'java/security/PrivilegedActionException'> (0x00000000d5b622b8) thrown at [C:\re\workspace\8-2-build-windows-amd64-cygwin\jdk8u91\6644\hotspot\src\share\vm\prims\jvm.cpp, line 1386]
Event: 0.780 Thread 0x00000000593b6800 Exception <a 'java/io/FileNotFoundException'> (0x00000000d6347420) thrown at [C:\re\workspace\8-2-build-windows-amd64-cygwin\jdk8u91\6644\hotspot\src\share\vm\prims\jni.cpp, line 709]
Event: 0.809 Thread 0x00000000593b6800 Exception <a 'java/lang/NoSuchFieldError': method resolution failed> (0x00000000d6414598) thrown at [C:\re\workspace\8-2-build-windows-amd64-cygwin\jdk8u91\6644\hotspot\src\share\vm\prims\methodHandles.cpp, line 1146]
Event: 0.811 Thread 0x00000000593b6800 Exception <a 'java/lang/NoSuchFieldError': method resolution failed> (0x00000000d6421888) thrown at [C:\re\workspace\8-2-build-windows-amd64-cygwin\jdk8u91\6644\hotspot\src\share\vm\prims\methodHandles.cpp, line 1146]
Event: 0.844 Thread 0x00000000593b6800 Exception <a 'java/io/FileNotFoundException'> (0x00000000d64b2d98) thrown at [C:\re\workspace\8-2-build-windows-amd64-cygwin\jdk8u91\6644\hotspot\src\share\vm\prims\jni.cpp, line 709]
Event: 11.135 Thread 0x00000000593b6800 Implicit null exception at 0x0000000002cf92a0 to 0x0000000002cf9b8d

Events (10 events):
Event: 26.336 Thread 0x00000000593b6800 DEOPT PACKING pc=0x00000000031660ce sp=0x000000005b4ced70
Event: 26.336 Thread 0x00000000593b6800 DEOPT UNPACKING pc=0x000000000296787f sp=0x000000005b4ceca8 mode 0
Event: 26.652 Thread 0x00000000593b6800 DEOPT PACKING pc=0x00000000031660ce sp=0x000000005b4ced70
Event: 26.652 Thread 0x00000000593b6800 DEOPT UNPACKING pc=0x000000000296787f sp=0x000000005b4ceca8 mode 0
Event: 26.986 Thread 0x00000000593b6800 DEOPT PACKING pc=0x00000000031660ce sp=0x000000005b4ced70
Event: 26.986 Thread 0x00000000593b6800 DEOPT UNPACKING pc=0x000000000296787f sp=0x000000005b4ceca8 mode 0
Event: 27.303 Thread 0x00000000593b6800 DEOPT PACKING pc=0x00000000031660ce sp=0x000000005b4ced70
Event: 27.303 Thread 0x00000000593b6800 DEOPT UNPACKING pc=0x000000000296787f sp=0x000000005b4ceca8 mode 0
Event: 27.636 Thread 0x00000000593b6800 DEOPT PACKING pc=0x00000000031660ce sp=0x000000005b4ced70
Event: 27.636 Thread 0x00000000593b6800 DEOPT UNPACKING pc=0x000000000296787f sp=0x000000005b4ceca8 mode 0


Dynamic libraries:
0x000000013f2a0000 - 0x000000013f2d7000 	C:\Program Files\Java\jre1.8.0_91\bin\javaw.exe
0x0000000077960000 - 0x0000000077b0a000 	C:\Windows\SYSTEM32\ntdll.dll
0x000007fef4e20000 - 0x000007fef4e53000 	C:\Program Files\AVAST Software\Avast\x64\aswhooka.dll
0x0000000077740000 - 0x000000007785f000 	C:\Windows\system32\kernel32.dll
0x000007fefd980000 - 0x000007fefd9ea000 	C:\Windows\system32\KERNELBASE.dll
0x000007feffb10000 - 0x000007feffbeb000 	C:\Windows\system32\ADVAPI32.dll
0x000007feff420000 - 0x000007feff4bf000 	C:\Windows\system32\msvcrt.dll
0x000007feff6f0000 - 0x000007feff70f000 	C:\Windows\SYSTEM32\sechost.dll
0x000007fefded0000 - 0x000007fefdffd000 	C:\Windows\system32\RPCRT4.dll
0x0000000077860000 - 0x000000007795a000 	C:\Windows\system32\USER32.dll
0x000007fefdb60000 - 0x000007fefdbc7000 	C:\Windows\system32\GDI32.dll
0x000007fefdec0000 - 0x000007fefdece000 	C:\Windows\system32\LPK.dll
0x000007feff710000 - 0x000007feff7da000 	C:\Windows\system32\USP10.dll
0x000007fefc050000 - 0x000007fefc244000 	C:\Windows\WinSxS\amd64_microsoft.windows.common-controls_6595b64144ccf1df_6.0.7601.18837_none_fa3b1e3d17594757\COMCTL32.dll
0x000007feffbf0000 - 0x000007feffc61000 	C:\Windows\system32\SHLWAPI.dll
0x000007feff3f0000 - 0x000007feff41e000 	C:\Windows\system32\IMM32.DLL
0x000007feff240000 - 0x000007feff349000 	C:\Windows\system32\MSCTF.dll
0x0000000079430000 - 0x0000000079502000 	C:\Program Files\Java\jre1.8.0_91\bin\msvcr100.dll
0x000000006fce0000 - 0x0000000070573000 	C:\Program Files\Java\jre1.8.0_91\bin\server\jvm.dll
0x000007fef4ff0000 - 0x000007fef4ff9000 	C:\Windows\system32\WSOCK32.dll
0x000007fefdb10000 - 0x000007fefdb5d000 	C:\Windows\system32\WS2_32.dll
0x000007fefdeb0000 - 0x000007fefdeb8000 	C:\Windows\system32\NSI.dll
0x000007fefb150000 - 0x000007fefb18b000 	C:\Windows\system32\WINMM.dll
0x000007fefc710000 - 0x000007fefc71c000 	C:\Windows\system32\VERSION.dll
0x0000000077b30000 - 0x0000000077b37000 	C:\Windows\system32\PSAPI.DLL
0x000000006fa50000 - 0x000000006fa5f000 	C:\Program Files\Java\jre1.8.0_91\bin\verify.dll
0x000000006dc90000 - 0x000000006dcb9000 	C:\Program Files\Java\jre1.8.0_91\bin\java.dll
0x000000006dc70000 - 0x000000006dc86000 	C:\Program Files\Java\jre1.8.0_91\bin\zip.dll
0x000007fefe4b0000 - 0x000007feff23a000 	C:\Windows\system32\SHELL32.dll
0x000007fefdcb0000 - 0x000007fefdeac000 	C:\Windows\system32\ole32.dll
0x000007fefd650000 - 0x000007fefd65f000 	C:\Windows\system32\profapi.dll
0x0000000065580000 - 0x0000000065616000 	C:\Users\Victor\AppData\Local\Temp\libgdxVictor\40f0d13c\gdx64.dll
0x000007fefce80000 - 0x000007fefce98000 	C:\Windows\system32\CRYPTSP.dll
0x000007fefcb80000 - 0x000007fefcbc7000 	C:\Windows\system32\rsaenh.dll
0x000007fefd800000 - 0x000007fefd81e000 	C:\Windows\system32\USERENV.dll
0x000007fefd4f0000 - 0x000007fefd4ff000 	C:\Windows\system32\CRYPTBASE.dll
0x000000006f5a0000 - 0x000000006f5ba000 	C:\Program Files\Java\jre1.8.0_91\bin\net.dll
0x000007fefce20000 - 0x000007fefce75000 	C:\Windows\system32\mswsock.dll
0x000007fefce10000 - 0x000007fefce17000 	C:\Windows\System32\wship6.dll
0x000007fefac80000 - 0x000007fefaca7000 	C:\Windows\system32\IPHLPAPI.DLL
0x000007fefac60000 - 0x000007fefac6b000 	C:\Windows\system32\WINNSI.DLL
0x000007fefa9f0000 - 0x000007fefaa01000 	C:\Windows\system32\dhcpcsvc6.DLL
0x000007fefa9d0000 - 0x000007fefa9e8000 	C:\Windows\system32\dhcpcsvc.DLL
0x000000006f340000 - 0x000000006f351000 	C:\Program Files\Java\jre1.8.0_91\bin\nio.dll
0x0000000180000000 - 0x0000000180053000 	C:\Users\Victor\AppData\Local\Temp\libgdxVictor\dc0f0009\lwjgl64.dll
0x000007fedd890000 - 0x000007fedd9ad000 	C:\Windows\system32\OPENGL32.dll
0x000007fef1630000 - 0x000007fef165d000 	C:\Windows\system32\GLU32.dll
0x000007feed2f0000 - 0x000007feed3e1000 	C:\Windows\system32\DDRAW.dll
0x000007fefa8f0000 - 0x000007fefa8f8000 	C:\Windows\system32\DCIMAN32.dll
0x000007fefe000000 - 0x000007fefe1d7000 	C:\Windows\system32\SETUPAPI.dll
0x000007fefd830000 - 0x000007fefd866000 	C:\Windows\system32\CFGMGR32.dll
0x000007fefdbd0000 - 0x000007fefdcaa000 	C:\Windows\system32\OLEAUT32.dll
0x000007fefd9f0000 - 0x000007fefda0a000 	C:\Windows\system32\DEVOBJ.dll
0x000007fefb980000 - 0x000007fefb998000 	C:\Windows\system32\dwmapi.dll
0x00000000002c0000 - 0x0000000000324000 	C:\Users\Victor\AppData\Local\Temp\libgdxVictor\dc0f0009\OpenAL64.dll
0x000007fefbff0000 - 0x000007fefc046000 	C:\Windows\system32\uxtheme.dll
0x000007feff350000 - 0x000007feff3e9000 	C:\Windows\system32\CLBCatQ.DLL
0x000007fefbe30000 - 0x000007fefbf5c000 	C:\Windows\System32\PROPSYS.dll
0x000007fefd920000 - 0x000007fefd95b000 	C:\Windows\system32\WINTRUST.dll
0x000007fefd680000 - 0x000007fefd7ed000 	C:\Windows\system32\CRYPT32.dll
0x000007fefd660000 - 0x000007fefd66f000 	C:\Windows\system32\MSASN1.dll
0x000007feed260000 - 0x000007feed2e8000 	C:\Windows\system32\dsound.dll
0x000007fefb9a0000 - 0x000007fefb9cc000 	C:\Windows\system32\POWRPROF.dll
0x000007fefba80000 - 0x000007fefbacb000 	C:\Windows\System32\MMDevApi.dll
0x000007fefb090000 - 0x000007fefb0df000 	C:\Windows\system32\AUDIOSES.DLL
0x0000000069450000 - 0x000000006b297000 	C:\Windows\system32\nvoglv64.DLL
0x000007fefc8a0000 - 0x000007fefc8b1000 	C:\Windows\system32\WTSAPI32.dll
0x000007fef8d70000 - 0x000007fef8e95000 	C:\Windows\system32\dbghelp.dll
0x000007fefb240000 - 0x000007fefb26d000 	C:\Windows\system32\ntmarta.dll
0x000007fefda10000 - 0x000007fefda62000 	C:\Windows\system32\WLDAP32.dll
0x000007fefa430000 - 0x000007fefa4cc000 	C:\Windows\system32\mscms.dll
0x000007feee230000 - 0x000007feee272000 	C:\Windows\system32\icm32.dll
0x000007fefca10000 - 0x000007fefca4d000 	C:\Windows\system32\WINSTA.dll
0x0000000068900000 - 0x0000000068a54000 	C:\Users\Victor\AppData\Local\Temp\libgdxVictor\703c426f\gdx-controllers-desktop64.dll
0x000007fef1760000 - 0x000007fef179c000 	C:\Windows\system32\DINPUT8.dll
0x000007fefbf90000 - 0x000007fefbf9b000 	C:\Windows\system32\HID.DLL
0x0000000058680000 - 0x000000005872d000 	C:\Users\Victor\AppData\Local\Temp\libgdxVictor\6fb08ec8\gdx-freetype64.dll
0x000000006c9c0000 - 0x000000006cb58000 	C:\Program Files\Java\jre1.8.0_91\bin\awt.dll
0x0000000066bc0000 - 0x0000000066c7b000 	C:\Users\Victor\AppData\Local\Temp\libgdxVictor\ad04a22e\gdx-box2d64.dll

VM Arguments:
jvm_args: -Dfile.encoding=Cp1252 
java_command: com.mygdx.game.desktop.DesktopLauncher
java_class_path (initial): C:\Users\Victor\Games\Workspace\desktop\bin;C:\Users\Victor\.gradle\caches\modules-2\files-2.1\com.badlogicgames.gdx\gdx-backend-lwjgl\1.6.1\e3208559223c991f1db7220d5ddf3e5a12e5528f\gdx-backend-lwjgl-1.6.1.jar;C:\Users\Victor\.gradle\caches\modules-2\files-2.1\com.badlogicgames.gdx\gdx-platform\1.6.1\861f02e3f7f85423be6f9727ab12b03b40d39477\gdx-platform-1.6.1-natives-desktop.jar;C:\Users\Victor\.gradle\caches\modules-2\files-2.1\com.badlogicgames.gdx\gdx-box2d-platform\1.6.1\afe698dffa47134e4eeaaf674bd5ad3844e60ff0\gdx-box2d-platform-1.6.1-natives-desktop.jar;C:\Users\Victor\.gradle\caches\modules-2\files-2.1\com.badlogicgames.gdx\gdx-bullet-platform\1.6.1\e9a636bd871715f7e69c5e53f4cd2b4f0ef40a7d\gdx-bullet-platform-1.6.1-natives-desktop.jar;C:\Users\Victor\.gradle\caches\modules-2\files-2.1\com.badlogicgames.gdx\gdx-freetype-platform\1.6.1\a73fbc0f0873c7d30b8123371714f0cbcf32206e\gdx-freetype-platform-1.6.1-natives-desktop.jar;C:\Users\Victor\.gradle\caches\modules-2\files-2.1\com.badlogicgames.gdx\gdx-controllers-desktop\1.6.1\3fecf9edeb214d51e77cfd0d06923e90092d0ca8\gdx-controllers-desktop-1.6.1.jar;C:\Users\Victor\.gradle\caches\modules-2\files-2.1\com.badlogicgames.gdx\gdx-controllers-platform\1.6.1\758c616eb2c81f6043c5a73c22f8e2406bc6e750\gdx-controllers-platform-1.6.1-natives-desktop.jar;C:\Users\Victor\.gradle\caches\modules-2\files-2.1\com.badlogicgames.gdx\gdx-tools\1.6.1\f4fc6e4240d81c24b02a75c48f1685e6cf76435a\gdx-tools-1.6.1.jar;C:\Users\Victor\.gradle\caches\modules-2\files-2.1\com.badlogicgames.gdx\gdx\1.6.1\bb5fe9832bcfe4bbc1de6bd357085b8a2a845d9c\gdx-1.6.1.jar;C:\Users\Victor\.gradle\caches\modules-2\files-2.1\com.badlogicgames.gdx\gdx-bullet\1.6.1\24124f7e16583d2a4f973c1b0f360c52ab259acf\gdx-bullet-1.6.1.jar;C:\Users\Victor\.gradle\caches\modules-2\files-2.1\com.badlogicgames.gdx\gdx-controllers\1.6.1\8b4445a39fe5ba890beafb2d6f715e7e6ba0c0a6\gdx-controllers-1.6.1.jar;C:\Users\Victor\.gradle\caches\modules-2\files-2.1\or
Launcher Type: SUN_STANDARD

Environment Variables:
JAVA_HOME=C:\Program Files (x86)\Java\jdk1.7.0_55
CLASSPATH=.;.;C:\PROGRA~2\JMF21~1.1E\lib\sound.jar;C:\PROGRA~2\JMF21~1.1E\lib\jmf.jar;C:\PROGRA~2\JMF21~1.1E\lib;C:\Program Files (x86)\ant\bin
PATH=C:\ProgramData\Oracle\Java\javapath;C:\Windows\system32;C:\Windows;C:\Windows\System32\Wbem;C:\Windows\System32\WindowsPowerShell\v1.0\;C:\Program Files (x86)\NVIDIA Corporation\PhysX\Common;C:\Program Files (x86)\Windows Kits\8.1\Windows Performance Toolkit\;C:\Program Files\Microsoft SQL Server\110\Tools\Binn\;C:\Program Files (x86)\Microsoft SDKs\TypeScript\1.0\;C:\Program Files\Microsoft SQL Server\120\Tools\Binn\;C:\Program Files\Java\jre1.8.0_71\bin;C:\Program Files\Java\jdk1.8.0_71\bin;C:\Program Files (x86)\GtkSharp\2.12\bin;C:\Program Files\Microsoft SQL Server\130\Tools\Binn\;C:\Program Files\MATLAB\R2016a\bin;C:\Program Files\SDL2;C:\Program Files\apache-maven-3.3.9\bin;C:\Program Files\Git\cmd;C:\Program Files (x86)\ant\bin;C:\Program Files (x86)\QuickTime\QTSystem\;C:\Program Files (x86)\Skype\Phone\;C:\Program Files (x86)\CVSNT\
USERNAME=Victor
OS=Windows_NT
PROCESSOR_IDENTIFIER=Intel64 Family 6 Model 42 Stepping 7, GenuineIntel



---------------  S Y S T E M  ---------------

OS: Windows 7 , 64 bit Build 7601 (6.1.7601.23796)

CPU:total 4 (4 cores per cpu, 1 threads per core) family 6 model 42 stepping 7, cmov, cx8, fxsr, mmx, sse, sse2, sse3, ssse3, sse4.1, sse4.2, popcnt, avx, aes, clmul, tsc, tscinvbit

Memory: 4k page, physical 8370836k(1759372k free), swap 16739812k(8729904k free)

vm_info: Java HotSpot(TM) 64-Bit Server VM (25.91-b14) for windows-amd64 JRE (1.8.0_91-b14), built on Apr  1 2016 00:58:32 by "java_re" with MS VC++ 10.0 (VS2010)

time: Sun May 14 19:03:13 2017
elapsed time: 28 seconds (0d 0h 0m 28s)

