#
# A fatal error has been detected by the Java Runtime Environment:
#
#  EXCEPTION_ACCESS_VIOLATION (0xc0000005) at pc=0x000000006a74af55, pid=4280, tid=6964
#
# JRE version: Java(TM) SE Runtime Environment (8.0_91-b14) (build 1.8.0_91-b14)
# Java VM: Java HotSpot(TM) 64-Bit Server VM (25.91-b14 mixed mode windows-amd64 compressed oops)
# Problematic frame:
# C  [gdx-freetype64.dll+0xaf55]
#
# Failed to write core dump. Minidumps are not enabled by default on client versions of Windows
#
# If you would like to submit a bug report, please visit:
#   http://bugreport.java.com/bugreport/crash.jsp
# The crash happened outside the Java Virtual Machine in native code.
# See problematic frame for where to report the bug.
#

---------------  T H R E A D  ---------------

Current thread (0x000000005a8d9800):  JavaThread "LWJGL Application" [_thread_in_native, id=6964, stack(0x000000005f3c0000,0x000000005f4c0000)]

siginfo: ExceptionCode=0xc0000005, reading address 0xffffffffffffffff

Registers:
RAX=0x0000000000000000, RBX=0x0000000064730032, RCX=0x0000000064730032, RDX=0x00000000646b0400
RSP=0x000000005f4bea60, RBP=0x000000005f4beb80, RSI=0x0000000063c0f4c8, RDI=0x000000000000001b
R8 =0x00000000646b0400, R9 =0x0000000000000000, R10=0x0000000002757f08, R11=0x0000000058909d90
R12=0x00000000646b0400, R13=0x0000000000000010, R14=0x0000000064730032, R15=0x000000005a8d9800
RIP=0x000000006a74af55, EFLAGS=0x0000000000010246

Top of Stack: (sp=0x000000005f4bea60)
0x000000005f4bea60:   000000005a8d9800 000000005f4bec10
0x000000005f4bea70:   000000005e957280 0000000000000000
0x000000005f4bea80:   000000006a7af49c 0000000000000000
0x000000005f4bea90:   000000005f4bea90 0000000064730032
0x000000005f4beaa0:   0000000063c0f4c8 000000000000001b
0x000000005f4beab0:   000000005f4beb80 0000000000000000
0x000000005f4beac0:   00000000634309f8 000000005f4beba8
0x000000005f4bead0:   000000005a8d9800 000000006a7531a7
0x000000005f4beae0:   0000000000000020 0000000000000020
0x000000005f4beaf0:   0000000081371ce0 0000000000000000
0x000000005f4beb00:   00000000634309f8 0000000002757f34
0x000000005f4beb10:   0000000081371c88 000000000308a764
0x000000005f4beb20:   000000005e815060 0000000000000000
0x000000005f4beb30:   00000000000013c8 0000000180004ff7
0x000000005f4beb40:   000000005f4beb40 0000000000000000
0x000000005f4beb50:   000000005f4beba8 0000000063431208 

Instructions: (pc=0x000000006a74af55)
0x000000006a74af35:   56 10 49 c7 84 24 38 01 00 00 00 00 00 00 41 c7
0x000000006a74af45:   84 24 40 01 00 00 00 00 00 00 4c 89 e2 4c 89 f1
0x000000006a74af55:   41 ff 56 10 31 c0 e9 22 ff ff ff 83 e8 01 49 8b
0x000000006a74af65:   54 c4 18 48 85 d2 74 f6 4c 89 e1 e8 eb fa ff ff 


Register to memory mapping:

RAX=0x0000000000000000 is an unknown value
RBX=0x0000000064730032 is an unknown value
RCX=0x0000000064730032 is an unknown value
RDX=0x00000000646b0400 is an unknown value
RSP=0x000000005f4bea60 is pointing into the stack for thread: 0x000000005a8d9800
RBP=0x000000005f4beb80 is pointing into the stack for thread: 0x000000005a8d9800
RSI=0x0000000063c0f4c8 is pointing into metadata
RDI=0x000000000000001b is an unknown value
R8 =0x00000000646b0400 is an unknown value
R9 =0x0000000000000000 is an unknown value
R10=0x0000000002757f08 is at code_begin+840 in an Interpreter codelet
method entry point (kind = native)  [0x0000000002757bc0, 0x0000000002758520]  2400 bytes
R11=0x0000000058909d90 is an unknown value
R12=0x00000000646b0400 is an unknown value
R13=0x0000000000000010 is an unknown value
R14=0x0000000064730032 is an unknown value
R15=0x000000005a8d9800 is a thread


Stack: [0x000000005f3c0000,0x000000005f4c0000],  sp=0x000000005f4bea60,  free space=1018k
Native frames: (J=compiled Java code, j=interpreted, Vv=VM code, C=native code)
C  [gdx-freetype64.dll+0xaf55]
C  [gdx-freetype64.dll+0x131a7]
C  0x0000000002757f34

Java frames: (J=compiled Java code, j=interpreted, Vv=VM code)
j  com.badlogic.gdx.graphics.g2d.freetype.FreeType$Library.doneFreeType(J)V+0
j  com.badlogic.gdx.graphics.g2d.freetype.FreeType$Library.dispose()V+4
j  com.badlogic.gdx.graphics.g2d.freetype.FreeTypeFontGenerator.dispose()V+11
j  com.mygdx.game.objects.GamePause.dispose()V+4
j  com.mygdx.game.states.GameState.dispose()V+382
j  com.mygdx.game.Manager.dispose()V+14
j  com.mygdx.game.Manager.changeState(I)V+1
J 3864 C2 com.mygdx.game.states.GameState.update(F)V (2214 bytes) @ 0x0000000003374ad4 [0x0000000003371ae0+0x2ff4]
J 3827 C2 com.mygdx.game.KambojaMain.render()V (129 bytes) @ 0x0000000003140eb8 [0x0000000003140980+0x538]
j  com.badlogic.gdx.backends.lwjgl.LwjglApplication.mainLoop()V+684
j  com.badlogic.gdx.backends.lwjgl.LwjglApplication$1.run()V+27
v  ~StubRoutines::call_stub

---------------  P R O C E S S  ---------------

Java Threads: ( => current thread )
  0x000000006242b000 JavaThread "LWJGL Timer" daemon [_thread_blocked, id=6612, stack(0x0000000067450000,0x0000000067550000)]
  0x000000000209e800 JavaThread "DestroyJavaVM" [_thread_blocked, id=3960, stack(0x0000000002370000,0x0000000002470000)]
=>0x000000005a8d9800 JavaThread "LWJGL Application" [_thread_in_native, id=6964, stack(0x000000005f3c0000,0x000000005f4c0000)]
  0x000000005a404800 JavaThread "TimerQueue" daemon [_thread_blocked, id=6572, stack(0x000000005e620000,0x000000005e720000)]
  0x000000005a3ef000 JavaThread "D3D Screen Updater" daemon [_thread_blocked, id=6020, stack(0x000000005df70000,0x000000005e070000)]
  0x000000005a2cc800 JavaThread "AWT-Windows" daemon [_thread_in_native, id=5696, stack(0x000000005a980000,0x000000005aa80000)]
  0x000000005a2b1000 JavaThread "Java2D Disposer" daemon [_thread_blocked, id=6820, stack(0x000000005aa80000,0x000000005ab80000)]
  0x0000000059926800 JavaThread "Service Thread" daemon [_thread_blocked, id=6520, stack(0x00000000585d0000,0x00000000586d0000)]
  0x00000000598b0000 JavaThread "C1 CompilerThread2" daemon [_thread_blocked, id=4556, stack(0x0000000059ec0000,0x0000000059fc0000)]
  0x00000000598a3000 JavaThread "C2 CompilerThread1" daemon [_thread_blocked, id=4436, stack(0x0000000059cb0000,0x0000000059db0000)]
  0x00000000576eb800 JavaThread "C2 CompilerThread0" daemon [_thread_blocked, id=5244, stack(0x00000000597a0000,0x00000000598a0000)]
  0x00000000576e9000 JavaThread "Attach Listener" daemon [_thread_blocked, id=6944, stack(0x00000000595a0000,0x00000000596a0000)]
  0x00000000576e6000 JavaThread "Signal Dispatcher" daemon [_thread_blocked, id=7108, stack(0x0000000059460000,0x0000000059560000)]
  0x00000000576cb800 JavaThread "Finalizer" daemon [_thread_blocked, id=5960, stack(0x0000000059250000,0x0000000059350000)]
  0x0000000057684800 JavaThread "Reference Handler" daemon [_thread_blocked, id=6936, stack(0x0000000059150000,0x0000000059250000)]

Other Threads:
  0x000000005767d000 VMThread [stack: 0x0000000058f80000,0x0000000059080000] [id=2828]
  0x000000005993e000 WatcherThread [stack: 0x000000005a080000,0x000000005a180000] [id=5532]

VM state:not at safepoint (normal execution)

VM Mutex/Monitor currently owned by a thread: None

Heap:
 PSYoungGen      total 40960K, used 10292K [0x00000000d5700000, 0x00000000d8f80000, 0x0000000100000000)
  eden space 26112K, 36% used [0x00000000d5700000,0x00000000d6056240,0x00000000d7080000)
  from space 14848K, 4% used [0x00000000d8100000,0x00000000d81b7120,0x00000000d8f80000)
  to   space 15872K, 0% used [0x00000000d7080000,0x00000000d7080000,0x00000000d8000000)
 ParOldGen       total 87552K, used 38062K [0x0000000080400000, 0x0000000085980000, 0x00000000d5700000)
  object space 87552K, 43% used [0x0000000080400000,0x000000008292bbf8,0x0000000085980000)
 Metaspace       used 19225K, capacity 19495K, committed 19712K, reserved 1067008K
  class space    used 2171K, capacity 2235K, committed 2304K, reserved 1048576K

Card table byte_map: [0x0000000011b00000,0x0000000011f00000] byte_map_base: 0x00000000116fe000

Marking Bits: (ParMarkBitMap*) 0x0000000058ef2f70
 Begin Bits: [0x0000000012910000, 0x0000000014900000)
 End Bits:   [0x0000000014900000, 0x00000000168f0000)

Polling page: 0x0000000000550000

CodeCache: size=245760Kb used=13628Kb max_used=16531Kb free=232131Kb
 bounds [0x0000000002740000, 0x0000000003790000, 0x0000000011740000]
 total_blobs=3865 nmethods=3102 adapters=674
 compilation: enabled

Compilation events (10 events):
Event: 148.220 Thread 0x00000000598b0000 nmethod 3870 0x0000000002f6c890 code [0x0000000002f6ca00, 0x0000000002f6cc28]
Event: 148.653 Thread 0x00000000598b0000 3871       3       com.mygdx.game.objects.weapon.Molotov::endSound (1 bytes)
Event: 148.653 Thread 0x00000000598b0000 nmethod 3871 0x0000000002a74890 code [0x0000000002a749e0, 0x0000000002a74b30]
Event: 148.686 Thread 0x00000000598b0000 3872       3       java.util.ArrayList::addAll (54 bytes)
Event: 148.686 Thread 0x00000000598b0000 nmethod 3872 0x0000000002947ad0 code [0x0000000002947c80, 0x00000000029482c8]
Event: 148.687 Thread 0x00000000598b0000 3873       3       java.util.ArrayList::toArray (12 bytes)
Event: 148.687 Thread 0x00000000598b0000 nmethod 3873 0x0000000002bc9e10 code [0x0000000002bc9f80, 0x0000000002bca208]
Event: 151.006 Thread 0x00000000598a3000 3874       4       com.badlogic.gdx.utils.IntArray::clear (6 bytes)
Event: 151.006 Thread 0x00000000598a3000 nmethod 3874 0x0000000002d93890 code [0x0000000002d939c0, 0x0000000002d93a18]
Event: 151.007 Thread 0x00000000598b0000 3876       3       com.badlogic.gdx.graphics.g3d.Model::dispose (37 bytes)

GC Heap History (10 events):
Event: 123.609 GC heap before
{Heap before GC invocations=20 (full 3):
 PSYoungGen      total 45056K, used 28270K [0x00000000d5700000, 0x00000000d9600000, 0x0000000100000000)
  eden space 27648K, 100% used [0x00000000d5700000,0x00000000d7200000,0x00000000d7200000)
  from space 17408K, 3% used [0x00000000d8500000,0x00000000d859b890,0x00000000d9600000)
  to   space 18432K, 0% used [0x00000000d7200000,0x00000000d7200000,0x00000000d8400000)
 ParOldGen       total 87552K, used 38656K [0x0000000080400000, 0x0000000085980000, 0x00000000d5700000)
  object space 87552K, 44% used [0x0000000080400000,0x00000000829c01d0,0x0000000085980000)
 Metaspace       used 19216K, capacity 19495K, committed 19712K, reserved 1067008K
  class space    used 2171K, capacity 2235K, committed 2304K, reserved 1048576K
Event: 123.611 GC heap after
Heap after GC invocations=20 (full 3):
 PSYoungGen      total 28160K, used 622K [0x00000000d5700000, 0x00000000d9480000, 0x0000000100000000)
  eden space 27136K, 0% used [0x00000000d5700000,0x00000000d5700000,0x00000000d7180000)
  from space 1024K, 60% used [0x00000000d7200000,0x00000000d729b890,0x00000000d7300000)
  to   space 17920K, 0% used [0x00000000d8300000,0x00000000d8300000,0x00000000d9480000)
 ParOldGen       total 87552K, used 38696K [0x0000000080400000, 0x0000000085980000, 0x00000000d5700000)
  object space 87552K, 44% used [0x0000000080400000,0x00000000829ca1d0,0x0000000085980000)
 Metaspace       used 19216K, capacity 19495K, committed 19712K, reserved 1067008K
  class space    used 2171K, capacity 2235K, committed 2304K, reserved 1048576K
}
Event: 124.343 GC heap before
{Heap before GC invocations=21 (full 3):
 PSYoungGen      total 28160K, used 2916K [0x00000000d5700000, 0x00000000d9480000, 0x0000000100000000)
  eden space 27136K, 8% used [0x00000000d5700000,0x00000000d593d8b0,0x00000000d7180000)
  from space 1024K, 60% used [0x00000000d7200000,0x00000000d729b890,0x00000000d7300000)
  to   space 17920K, 0% used [0x00000000d8300000,0x00000000d8300000,0x00000000d9480000)
 ParOldGen       total 87552K, used 38696K [0x0000000080400000, 0x0000000085980000, 0x00000000d5700000)
  object space 87552K, 44% used [0x0000000080400000,0x00000000829ca1d0,0x0000000085980000)
 Metaspace       used 19216K, capacity 19495K, committed 19712K, reserved 1067008K
  class space    used 2171K, capacity 2235K, committed 2304K, reserved 1048576K
Event: 124.345 GC heap after
Heap after GC invocations=21 (full 3):
 PSYoungGen      total 44032K, used 160K [0x00000000d5700000, 0x00000000d9380000, 0x0000000100000000)
  eden space 27136K, 0% used [0x00000000d5700000,0x00000000d5700000,0x00000000d7180000)
  from space 16896K, 0% used [0x00000000d8300000,0x00000000d8328000,0x00000000d9380000)
  to   space 17408K, 0% used [0x00000000d7180000,0x00000000d7180000,0x00000000d8280000)
 ParOldGen       total 87552K, used 38952K [0x0000000080400000, 0x0000000085980000, 0x00000000d5700000)
  object space 87552K, 44% used [0x0000000080400000,0x0000000082a0a1d0,0x0000000085980000)
 Metaspace       used 19216K, capacity 19495K, committed 19712K, reserved 1067008K
  class space    used 2171K, capacity 2235K, committed 2304K, reserved 1048576K
}
Event: 124.345 GC heap before
{Heap before GC invocations=22 (full 4):
 PSYoungGen      total 44032K, used 160K [0x00000000d5700000, 0x00000000d9380000, 0x0000000100000000)
  eden space 27136K, 0% used [0x00000000d5700000,0x00000000d5700000,0x00000000d7180000)
  from space 16896K, 0% used [0x00000000d8300000,0x00000000d8328000,0x00000000d9380000)
  to   space 17408K, 0% used [0x00000000d7180000,0x00000000d7180000,0x00000000d8280000)
 ParOldGen       total 87552K, used 38952K [0x0000000080400000, 0x0000000085980000, 0x00000000d5700000)
  object space 87552K, 44% used [0x0000000080400000,0x0000000082a0a1d0,0x0000000085980000)
 Metaspace       used 19216K, capacity 19495K, committed 19712K, reserved 1067008K
  class space    used 2171K, capacity 2235K, committed 2304K, reserved 1048576K
Event: 124.406 GC heap after
Heap after GC invocations=22 (full 4):
 PSYoungGen      total 44032K, used 0K [0x00000000d5700000, 0x00000000d9380000, 0x0000000100000000)
  eden space 27136K, 0% used [0x00000000d5700000,0x00000000d5700000,0x00000000d7180000)
  from space 16896K, 0% used [0x00000000d8300000,0x00000000d8300000,0x00000000d9380000)
  to   space 17408K, 0% used [0x00000000d7180000,0x00000000d7180000,0x00000000d8280000)
 ParOldGen       total 87552K, used 37950K [0x0000000080400000, 0x0000000085980000, 0x00000000d5700000)
  object space 87552K, 43% used [0x0000000080400000,0x000000008290fbf8,0x0000000085980000)
 Metaspace       used 19216K, capacity 19495K, committed 19712K, reserved 1067008K
  class space    used 2171K, capacity 2235K, committed 2304K, reserved 1048576K
}
Event: 134.859 GC heap before
{Heap before GC invocations=23 (full 4):
 PSYoungGen      total 44032K, used 27136K [0x00000000d5700000, 0x00000000d9380000, 0x0000000100000000)
  eden space 27136K, 100% used [0x00000000d5700000,0x00000000d7180000,0x00000000d7180000)
  from space 16896K, 0% used [0x00000000d8300000,0x00000000d8300000,0x00000000d9380000)
  to   space 17408K, 0% used [0x00000000d7180000,0x00000000d7180000,0x00000000d8280000)
 ParOldGen       total 87552K, used 37950K [0x0000000080400000, 0x0000000085980000, 0x00000000d5700000)
  object space 87552K, 43% used [0x0000000080400000,0x000000008290fbf8,0x0000000085980000)
 Metaspace       used 19219K, capacity 19495K, committed 19712K, reserved 1067008K
  class space    used 2171K, capacity 2235K, committed 2304K, reserved 1048576K
Event: 134.861 GC heap after
Heap after GC invocations=23 (full 4):
 PSYoungGen      total 27648K, used 874K [0x00000000d5700000, 0x00000000d9100000, 0x0000000100000000)
  eden space 26624K, 0% used [0x00000000d5700000,0x00000000d5700000,0x00000000d7100000)
  from space 1024K, 85% used [0x00000000d7180000,0x00000000d725a9b0,0x00000000d7280000)
  to   space 16384K, 0% used [0x00000000d8100000,0x00000000d8100000,0x00000000d9100000)
 ParOldGen       total 87552K, used 37950K [0x0000000080400000, 0x0000000085980000, 0x00000000d5700000)
  object space 87552K, 43% used [0x0000000080400000,0x000000008290fbf8,0x0000000085980000)
 Metaspace       used 19219K, capacity 19495K, committed 19712K, reserved 1067008K
  class space    used 2171K, capacity 2235K, committed 2304K, reserved 1048576K
}
Event: 144.892 GC heap before
{Heap before GC invocations=24 (full 4):
 PSYoungGen      total 27648K, used 27498K [0x00000000d5700000, 0x00000000d9100000, 0x0000000100000000)
  eden space 26624K, 100% used [0x00000000d5700000,0x00000000d7100000,0x00000000d7100000)
  from space 1024K, 85% used [0x00000000d7180000,0x00000000d725a9b0,0x00000000d7280000)
  to   space 16384K, 0% used [0x00000000d8100000,0x00000000d8100000,0x00000000d9100000)
 ParOldGen       total 87552K, used 37950K [0x0000000080400000, 0x0000000085980000, 0x00000000d5700000)
  object space 87552K, 43% used [0x0000000080400000,0x000000008290fbf8,0x0000000085980000)
 Metaspace       used 19222K, capacity 19495K, committed 19712K, reserved 1067008K
  class space    used 2171K, capacity 2235K, committed 2304K, reserved 1048576K
Event: 144.894 GC heap after
Heap after GC invocations=24 (full 4):
 PSYoungGen      total 40960K, used 732K [0x00000000d5700000, 0x00000000d8f80000, 0x0000000100000000)
  eden space 26112K, 0% used [0x00000000d5700000,0x00000000d5700000,0x00000000d7080000)
  from space 14848K, 4% used [0x00000000d8100000,0x00000000d81b7120,0x00000000d8f80000)
  to   space 15872K, 0% used [0x00000000d7080000,0x00000000d7080000,0x00000000d8000000)
 ParOldGen       total 87552K, used 38062K [0x0000000080400000, 0x0000000085980000, 0x00000000d5700000)
  object space 87552K, 43% used [0x0000000080400000,0x000000008292bbf8,0x0000000085980000)
 Metaspace       used 19222K, capacity 19495K, committed 19712K, reserved 1067008K
  class space    used 2171K, capacity 2235K, committed 2304K, reserved 1048576K
}

Deoptimization events (10 events):
Event: 103.376 Thread 0x000000005a8d9800 Uncommon trap: reason=unstable_if action=reinterpret pc=0x0000000002b97db4 method=com.mygdx.game.objects.weapon.Laser.render(Lcom/badlogic/gdx/graphics/g2d/SpriteBatch;)V @ 60
Event: 106.837 Thread 0x000000005a8d9800 Uncommon trap: reason=unstable_if action=reinterpret pc=0x000000000375b3d4 method=org.lwjgl.opengl.WindowsKeyboard.flushRetained()V @ 4
Event: 106.837 Thread 0x000000005a8d9800 Uncommon trap: reason=unstable_if action=reinterpret pc=0x00000000033f62e8 method=org.lwjgl.input.Keyboard.readNext(Lorg/lwjgl/input/Keyboard$KeyEvent;)Z @ 6
Event: 106.874 Thread 0x000000005a8d9800 Uncommon trap: reason=unstable_if action=reinterpret pc=0x0000000002862494 method=org.lwjgl.opengl.WindowsDisplay.shouldGrab()Z @ 11
Event: 106.875 Thread 0x000000005a8d9800 Uncommon trap: reason=unstable_if action=reinterpret pc=0x0000000002f242d4 method=org.lwjgl.opengl.WindowsKeyboard.flushRetained()V @ 4
Event: 106.875 Thread 0x000000005a8d9800 Uncommon trap: reason=unstable_if action=reinterpret pc=0x0000000002865a90 method=org.lwjgl.opengl.WindowsDisplay.shouldGrab()Z @ 11
Event: 108.353 Thread 0x000000005a8d9800 Uncommon trap: reason=unstable_if action=reinterpret pc=0x0000000003398fac method=com.mygdx.game.objects.BotPlayer.update(F)V @ 1086
Event: 108.354 Thread 0x000000005a8d9800 Uncommon trap: reason=unstable_if action=reinterpret pc=0x0000000002ce918c method=com.mygdx.game.objects.BotPlayer.update(F)V @ 1049
Event: 136.276 Thread 0x000000005a8d9800 Uncommon trap: reason=unstable_if action=reinterpret pc=0x00000000036b96e4 method=sun.misc.FloatingDecimal$BinaryToASCIIBuffer.dtoa(IJIZ)V @ 859
Event: 138.386 Thread 0x000000005a8d9800 Uncommon trap: reason=unstable_if action=reinterpret pc=0x000000000323f854 method=com.mygdx.game.states.GameState.update(F)V @ 74

Internal exceptions (10 events):
Event: 15.175 Thread 0x000000005a8d9800 Exception <a 'java/lang/ArrayIndexOutOfBoundsException': 18> (0x00000000d68bae88) thrown at [C:\re\workspace\8-2-build-windows-amd64-cygwin\jdk8u91\6644\hotspot\src\share\vm\interpreter\interpreterRuntime.cpp, line 366]
Event: 15.427 Thread 0x000000005a8d9800 Implicit null exception at 0x0000000002cb1846 to 0x0000000002cb1a69
Event: 15.427 Thread 0x000000005a8d9800 Implicit null exception at 0x0000000002c9fc54 to 0x0000000002c9fe21
Event: 15.428 Thread 0x000000005a8d9800 Implicit null exception at 0x0000000002cfab05 to 0x0000000002cfacb5
Event: 15.436 Thread 0x000000005a8d9800 Implicit null exception at 0x00000000030451fe to 0x00000000030455dd
Event: 15.524 Thread 0x000000005a8d9800 Implicit null exception at 0x0000000003075349 to 0x0000000003075c29
Event: 15.585 Thread 0x000000005a8d9800 Implicit null exception at 0x0000000003094716 to 0x0000000003094ded
Event: 15.597 Thread 0x000000005a8d9800 Implicit null exception at 0x00000000030920c5 to 0x0000000003092781
Event: 15.632 Thread 0x000000005a8d9800 Implicit null exception at 0x000000000309687d to 0x0000000003096f01
Event: 84.132 Thread 0x000000005a8d9800 Implicit null exception at 0x00000000030d9c49 to 0x00000000030d9f1d

Events (10 events):
Event: 151.006 Thread 0x00000000598a3000 flushing nmethod 0x0000000002f52290
Event: 151.006 Thread 0x00000000598a3000 flushing nmethod 0x0000000002f52d90
Event: 151.006 Thread 0x00000000598a3000 flushing nmethod 0x0000000002f55390
Event: 151.006 Thread 0x00000000598a3000 flushing nmethod 0x0000000002f56510
Event: 151.006 Thread 0x00000000598a3000 flushing nmethod 0x0000000002f57590
Event: 151.006 Thread 0x00000000598a3000 flushing nmethod 0x0000000002f58ed0
Event: 151.006 Thread 0x00000000598a3000 flushing nmethod 0x0000000002f5a390
Event: 151.006 Thread 0x00000000598a3000 flushing nmethod 0x0000000002f5b210
Event: 151.006 Thread 0x00000000598a3000 flushing nmethod 0x0000000002f60390
Event: 151.006 Thread 0x00000000598a3000 flushing nmethod 0x0000000002f61710


Dynamic libraries:
0x000000013ff60000 - 0x000000013ff97000 	C:\Program Files\Java\jre1.8.0_91\bin\javaw.exe
0x00000000776d0000 - 0x000000007787a000 	C:\Windows\SYSTEM32\ntdll.dll
0x000007fefa7a0000 - 0x000007fefa7d3000 	C:\Program Files\AVAST Software\Avast\x64\aswhooka.dll
0x00000000774b0000 - 0x00000000775cf000 	C:\Windows\system32\kernel32.dll
0x000007fefd550000 - 0x000007fefd5ba000 	C:\Windows\system32\KERNELBASE.dll
0x000007fefd980000 - 0x000007fefda5b000 	C:\Windows\system32\ADVAPI32.dll
0x000007fefd8e0000 - 0x000007fefd97f000 	C:\Windows\system32\msvcrt.dll
0x000007fefe1f0000 - 0x000007fefe20f000 	C:\Windows\SYSTEM32\sechost.dll
0x000007fefdd30000 - 0x000007fefde5d000 	C:\Windows\system32\RPCRT4.dll
0x00000000775d0000 - 0x00000000776ca000 	C:\Windows\system32\USER32.dll
0x000007feff890000 - 0x000007feff8f7000 	C:\Windows\system32\GDI32.dll
0x000007fefd820000 - 0x000007fefd82e000 	C:\Windows\system32\LPK.dll
0x000007feff4f0000 - 0x000007feff5bb000 	C:\Windows\system32\USP10.dll
0x000007fefbdc0000 - 0x000007fefbfb4000 	C:\Windows\WinSxS\amd64_microsoft.windows.common-controls_6595b64144ccf1df_6.0.7601.18837_none_fa3b1e3d17594757\COMCTL32.dll
0x000007fefd860000 - 0x000007fefd8d1000 	C:\Windows\system32\SHLWAPI.dll
0x000007fefd830000 - 0x000007fefd85e000 	C:\Windows\system32\IMM32.DLL
0x000007feff3c0000 - 0x000007feff4c9000 	C:\Windows\system32\MSCTF.dll
0x0000000069d50000 - 0x0000000069e22000 	C:\Program Files\Java\jre1.8.0_91\bin\msvcr100.dll
0x00000000586e0000 - 0x0000000058f73000 	C:\Program Files\Java\jre1.8.0_91\bin\server\jvm.dll
0x000007feed210000 - 0x000007feed219000 	C:\Windows\system32\WSOCK32.dll
0x000007fefefa0000 - 0x000007fefefed000 	C:\Windows\system32\WS2_32.dll
0x000007fefda60000 - 0x000007fefda68000 	C:\Windows\system32\NSI.dll
0x000007fefb110000 - 0x000007fefb14b000 	C:\Windows\system32\WINMM.dll
0x000007fefc480000 - 0x000007fefc48c000 	C:\Windows\system32\VERSION.dll
0x00000000778a0000 - 0x00000000778a7000 	C:\Windows\system32\PSAPI.DLL
0x0000000071e90000 - 0x0000000071e9f000 	C:\Program Files\Java\jre1.8.0_91\bin\verify.dll
0x000000006a0e0000 - 0x000000006a109000 	C:\Program Files\Java\jre1.8.0_91\bin\java.dll
0x00000000712e0000 - 0x00000000712f6000 	C:\Program Files\Java\jre1.8.0_91\bin\zip.dll
0x000007fefe210000 - 0x000007fefef9b000 	C:\Windows\system32\SHELL32.dll
0x000007fefde60000 - 0x000007fefe05c000 	C:\Windows\system32\ole32.dll
0x000007fefd3c0000 - 0x000007fefd3cf000 	C:\Windows\system32\profapi.dll
0x00000000720c0000 - 0x0000000072258000 	C:\Program Files\Java\jre1.8.0_91\bin\awt.dll
0x000007fefdc50000 - 0x000007fefdd2a000 	C:\Windows\system32\OLEAUT32.dll
0x000007fefb9b0000 - 0x000007fefba06000 	C:\Windows\system32\uxtheme.dll
0x000007fefb5a0000 - 0x000007fefb5b8000 	C:\Windows\system32\dwmapi.dll
0x000007fefd220000 - 0x000007fefd22f000 	C:\Windows\system32\CRYPTBASE.dll
0x000007fee1520000 - 0x000007fee171f000 	C:\Windows\system32\d3d9.dll
0x000007fefbbd0000 - 0x000007fefbbd7000 	C:\Windows\system32\d3d8thk.dll
0x000007fedd440000 - 0x000007fede4ab000 	C:\Windows\system32\nvd3dumx.dll
0x000007fefbfc0000 - 0x000007fefbfec000 	C:\Windows\system32\powrprof.dll
0x000007fefda70000 - 0x000007fefdc47000 	C:\Windows\system32\SETUPAPI.dll
0x000007fefd690000 - 0x000007fefd6c6000 	C:\Windows\system32\CFGMGR32.dll
0x000007fefd630000 - 0x000007fefd64a000 	C:\Windows\system32\DEVOBJ.dll
0x000007fee3720000 - 0x000007fee3801000 	C:\Program Files (x86)\NVIDIA Corporation\3D Vision\nvSCPAPI64.dll
0x000007fee0e60000 - 0x000007fee1036000 	C:\Windows\system32\nvspcap64.dll
0x000007fef9270000 - 0x000007fef92e1000 	C:\Windows\system32\WINHTTP.dll
0x000007fef9200000 - 0x000007fef9265000 	C:\Windows\system32\webio.dll
0x000007fef9cc0000 - 0x000007fefa075000 	C:\Windows\system32\nvapi64.dll
0x000007fefd190000 - 0x000007fefd1b5000 	C:\Windows\system32\SspiCli.dll
0x0000000071a20000 - 0x0000000071a67000 	C:\Program Files\Java\jre1.8.0_91\bin\fontmanager.dll
0x0000000072300000 - 0x000000007231a000 	C:\Program Files\Java\jre1.8.0_91\bin\net.dll
0x000007fefcb50000 - 0x000007fefcba5000 	C:\Windows\system32\mswsock.dll
0x000007fefcb40000 - 0x000007fefcb47000 	C:\Windows\System32\wship6.dll
0x00000000722e0000 - 0x00000000722f1000 	C:\Program Files\Java\jre1.8.0_91\bin\nio.dll
0x0000000071950000 - 0x0000000071992000 	C:\Program Files\Java\jre1.8.0_91\bin\t2k.dll
0x0000000065580000 - 0x0000000065616000 	C:\Users\Victor\AppData\Local\Temp\libgdxVictor\40f0d13c\gdx64.dll
0x000007fefcbb0000 - 0x000007fefcbc8000 	C:\Windows\system32\CRYPTSP.dll
0x000007fefc8b0000 - 0x000007fefc8f7000 	C:\Windows\system32\rsaenh.dll
0x000007fefd5c0000 - 0x000007fefd5de000 	C:\Windows\system32\USERENV.dll
0x000007fefae20000 - 0x000007fefae47000 	C:\Windows\system32\IPHLPAPI.DLL
0x000007fefae10000 - 0x000007fefae1b000 	C:\Windows\system32\WINNSI.DLL
0x000007fefad40000 - 0x000007fefad51000 	C:\Windows\system32\dhcpcsvc6.DLL
0x000007fefad20000 - 0x000007fefad38000 	C:\Windows\system32\dhcpcsvc.DLL
0x0000000180000000 - 0x0000000180053000 	C:\Users\Victor\AppData\Local\Temp\libgdxVictor\dc0f0009\lwjgl64.dll
0x000007fee1100000 - 0x000007fee121d000 	C:\Windows\system32\OPENGL32.dll
0x000007fef7e00000 - 0x000007fef7e2d000 	C:\Windows\system32\GLU32.dll
0x000007fee3620000 - 0x000007fee3711000 	C:\Windows\system32\DDRAW.dll
0x000007fefa960000 - 0x000007fefa968000 	C:\Windows\system32\DCIMAN32.dll
0x0000000012790000 - 0x00000000127f4000 	C:\Users\Victor\AppData\Local\Temp\libgdxVictor\dc0f0009\OpenAL64.dll
0x000007fefd780000 - 0x000007fefd819000 	C:\Windows\system32\CLBCatQ.DLL
0x000007fefbb70000 - 0x000007fefbbbb000 	C:\Windows\System32\MMDevApi.dll
0x000007fefba30000 - 0x000007fefbb5c000 	C:\Windows\System32\PROPSYS.dll
0x000007feeaae0000 - 0x000007feeab68000 	C:\Windows\system32\dsound.dll
0x000007fefacd0000 - 0x000007fefad1f000 	C:\Windows\system32\AUDIOSES.DLL
0x000000005f4c0000 - 0x0000000061307000 	C:\Windows\system32\nvoglv64.DLL
0x000007fefc610000 - 0x000007fefc621000 	C:\Windows\system32\WTSAPI32.dll
0x000007fef7e30000 - 0x000007fef7f55000 	C:\Windows\system32\dbghelp.dll
0x000007fefd5f0000 - 0x000007fefd62b000 	C:\Windows\system32\WINTRUST.dll
0x000007fefd3e0000 - 0x000007fefd54d000 	C:\Windows\system32\CRYPT32.dll
0x000007fefd3d0000 - 0x000007fefd3df000 	C:\Windows\system32\MSASN1.dll
0x000007fefb530000 - 0x000007fefb55d000 	C:\Windows\system32\ntmarta.dll
0x000007feff900000 - 0x000007feff952000 	C:\Windows\system32\WLDAP32.dll
0x000007fefa2d0000 - 0x000007fefa36c000 	C:\Windows\system32\mscms.dll
0x000007feeaa40000 - 0x000007feeaa82000 	C:\Windows\system32\icm32.dll
0x000007fefd2d0000 - 0x000007fefd30d000 	C:\Windows\system32\WINSTA.dll
0x0000000068900000 - 0x0000000068a54000 	C:\Users\Victor\AppData\Local\Temp\libgdxVictor\703c426f\gdx-controllers-desktop64.dll
0x000007fef7d80000 - 0x000007fef7dbc000 	C:\Windows\system32\DINPUT8.dll
0x000007fefb5c0000 - 0x000007fefb5cb000 	C:\Windows\system32\HID.DLL
0x000000006a740000 - 0x000000006a7ed000 	C:\Users\Victor\AppData\Local\Temp\libgdxVictor\6fb08ec8\gdx-freetype64.dll
0x0000000059350000 - 0x000000005940b000 	C:\Users\Victor\AppData\Local\Temp\libgdxVictor\ad04a22e\gdx-box2d64.dll

VM Arguments:
jvm_args: -Djava.library.path=D:\LIBGDX\libgdx\extensions\gdx-controllers\gdx-controllers-desktop-natives;D:\LIBGDX\libgdx\gdx-natives;D:\LIBGDX\libgdx\gdx-natives -Dfile.encoding=Cp1252 
java_command: com.mygdx.game.desktop.DesktopLauncher -Xmx4048m
java_class_path (initial): C:\Users\Victor\Games\Workspace\desktop\bin;C:\Users\Victor\.gradle\caches\modules-2\files-2.1\com.badlogicgames.gdx\gdx-backend-lwjgl\1.6.1\e3208559223c991f1db7220d5ddf3e5a12e5528f\gdx-backend-lwjgl-1.6.1.jar;C:\Users\Victor\.gradle\caches\modules-2\files-2.1\com.badlogicgames.gdx\gdx-platform\1.6.1\861f02e3f7f85423be6f9727ab12b03b40d39477\gdx-platform-1.6.1-natives-desktop.jar;C:\Users\Victor\.gradle\caches\modules-2\files-2.1\com.badlogicgames.gdx\gdx-box2d-platform\1.6.1\afe698dffa47134e4eeaaf674bd5ad3844e60ff0\gdx-box2d-platform-1.6.1-natives-desktop.jar;C:\Users\Victor\.gradle\caches\modules-2\files-2.1\com.badlogicgames.gdx\gdx-bullet-platform\1.6.1\e9a636bd871715f7e69c5e53f4cd2b4f0ef40a7d\gdx-bullet-platform-1.6.1-natives-desktop.jar;C:\Users\Victor\.gradle\caches\modules-2\files-2.1\com.badlogicgames.gdx\gdx-freetype-platform\1.6.1\a73fbc0f0873c7d30b8123371714f0cbcf32206e\gdx-freetype-platform-1.6.1-natives-desktop.jar;D:\LIBGDX\libgdx\extensions\gdx-controllers\gdx-controllers-desktop.jar;C:\Users\Victor\.gradle\caches\modules-2\files-2.1\com.badlogicgames.gdx\gdx-controllers-platform\1.6.1\758c616eb2c81f6043c5a73c22f8e2406bc6e750\gdx-controllers-platform-1.6.1-natives-desktop.jar;C:\Users\Victor\.gradle\caches\modules-2\files-2.1\com.badlogicgames.gdx\gdx-tools\1.6.1\f4fc6e4240d81c24b02a75c48f1685e6cf76435a\gdx-tools-1.6.1.jar;D:\LIBGDX\libgdx\gdx.jar;C:\Users\Victor\.gradle\caches\modules-2\files-2.1\com.badlogicgames.gdx\gdx-bullet\1.6.1\24124f7e16583d2a4f973c1b0f360c52ab259acf\gdx-bullet-1.6.1.jar;D:\LIBGDX\libgdx\extensions\gdx-controllers\gdx-controllers.jar;C:\Users\Victor\.gradle\caches\modules-2\files-2.1\org.lwjgl.lwjgl\lwjgl\2.9.2\a9d80fe5935c7a9149f6584d9777cfd471f65489\lwjgl-2.9.2.jar;C:\Users\Victor\.gradle\caches\modules-2\files-2.1\org.lwjgl.lwjgl\lwjgl_util\2.9.2\4b9e37300a87799856e0bd15ed81663cdb6b0947\lwjgl_util-2.9.2.jar;C:\Users\Victor\.gradle\caches\modules-2\files-2.1\com.badlogicgames.jlayer\jlayer\1.0.1
Launcher Type: SUN_STANDARD

Environment Variables:
JAVA_HOME=C:\Program Files (x86)\Java\jdk1.7.0_55
CLASSPATH=.;.;C:\PROGRA~2\JMF21~1.1E\lib\sound.jar;C:\PROGRA~2\JMF21~1.1E\lib\jmf.jar;C:\PROGRA~2\JMF21~1.1E\lib;C:\Program Files (x86)\ant\bin
PATH=C:\ProgramData\Oracle\Java\javapath;C:\Windows\system32;C:\Windows;C:\Windows\System32\Wbem;C:\Windows\System32\WindowsPowerShell\v1.0\;C:\Program Files (x86)\NVIDIA Corporation\PhysX\Common;C:\Program Files (x86)\Windows Kits\8.1\Windows Performance Toolkit\;C:\Program Files\Microsoft SQL Server\110\Tools\Binn\;C:\Program Files (x86)\Microsoft SDKs\TypeScript\1.0\;C:\Program Files\Microsoft SQL Server\120\Tools\Binn\;C:\Program Files\Java\jre1.8.0_71\bin;C:\Program Files\Java\jdk1.8.0_71\bin;C:\Program Files (x86)\GtkSharp\2.12\bin;C:\Program Files\Microsoft SQL Server\130\Tools\Binn\;C:\Program Files\MATLAB\R2016a\bin;C:\Program Files\SDL2;C:\Program Files\apache-maven-3.3.9\bin;C:\Program Files\Git\cmd;C:\Program Files (x86)\ant\bin;C:\Program Files (x86)\QuickTime\QTSystem\;C:\Program Files (x86)\Skype\Phone;C:\Program Files (x86)\Gradle\bin;C:\Program Files (x86)\CVSNT\
USERNAME=Victor
OS=Windows_NT
PROCESSOR_IDENTIFIER=Intel64 Family 6 Model 42 Stepping 7, GenuineIntel



---------------  S Y S T E M  ---------------

OS: Windows 7 , 64 bit Build 7601 (6.1.7601.23807)

CPU:total 4 (4 cores per cpu, 1 threads per core) family 6 model 42 stepping 7, cmov, cx8, fxsr, mmx, sse, sse2, sse3, ssse3, sse4.1, sse4.2, popcnt, avx, aes, clmul, tsc, tscinvbit

Memory: 4k page, physical 8370836k(5886072k free), swap 33424140k(29233460k free)

vm_info: Java HotSpot(TM) 64-Bit Server VM (25.91-b14) for windows-amd64 JRE (1.8.0_91-b14), built on Apr  1 2016 00:58:32 by "java_re" with MS VC++ 10.0 (VS2010)

time: Fri Jul 21 14:47:46 2017
elapsed time: 151 seconds (0d 0h 2m 31s)

