#
# A fatal error has been detected by the Java Runtime Environment:
#
#  EXCEPTION_ACCESS_VIOLATION (0xc0000005) at pc=0x0000000066bcbd0d, pid=5364, tid=4196
#
# JRE version: Java(TM) SE Runtime Environment (8.0_91-b14) (build 1.8.0_91-b14)
# Java VM: Java HotSpot(TM) 64-Bit Server VM (25.91-b14 mixed mode windows-amd64 compressed oops)
# Problematic frame:
# C  [gdx-box2d64.dll+0xbd0d]
#
# Failed to write core dump. Minidumps are not enabled by default on client versions of Windows
#
# If you would like to submit a bug report, please visit:
#   http://bugreport.java.com/bugreport/crash.jsp
# The crash happened outside the Java Virtual Machine in native code.
# See problematic frame for where to report the bug.
#

---------------  T H R E A D  ---------------

Current thread (0x0000000019c99800):  JavaThread "LWJGL Application" [_thread_in_native, id=4196, stack(0x000000001b400000,0x000000001b500000)]

siginfo: ExceptionCode=0xc0000005, reading address 0x00000002244e0da0

Registers:
RAX=0x00000002244e0da0, RBX=0x000000001fb58f10, RCX=0x000000001fb58ee0, RDX=0x00000000000000b8
RSP=0x000000001b4fe630, RBP=0x0000000000000006, RSI=0x000000001fb58ee0, RDI=0x000000001b4fe6f0
R8 =0x000000001fb58ee0, R9 =0x0000000000000000, R10=0x0000000000000000, R11=0x0000000000000001
R12=0x0000000000000000, R13=0x0000000020a58650, R14=0x000000001b4fe9a8, R15=0x0000000019c99800
RIP=0x0000000066bcbd0d, EFLAGS=0x0000000000010206

Top of Stack: (sp=0x000000001b4fe630)
0x000000001b4fe630:   0000000000000000 000000000043f860
0x000000001b4fe640:   000000001b4fe6d0 0000000002c48ddc
0x000000001b4fe650:   00000000d6172460 000000001fb58ee0
0x000000001b4fe660:   0000000000000001 000000001b4fe6f0
0x000000001b4fe670:   000000001b4fe810 0000000000000000
0x000000001b4fe680:   0000000020a58650 0000000066be2483
0x000000001b4fe690:   d61004b800000003 0000000000000002
0x000000001b4fe6a0:   000000001b4fe720 0000000002b8510a
0x000000001b4fe6b0:   0000000000000001 0000000000000001
0x000000001b4fe6c0:   0000000000000001 0000000066be8616
0x000000001b4fe6d0:   0000000000001770 0000000002fe9c94
0x000000001b4fe6e0:   0000000000000000 00000000d60fb248
0x000000001b4fe6f0:   410c3d8800000000 0000000040bbbfd9
0x000000001b4fe700:   0000000000000000 0000000000000000
0x000000001b4fe710:   0000010100000000 0000000000000001
0x000000001b4fe720:   0000000000000000 000000003f800000 

Instructions: (pc=0x0000000066bcbd0d)
0x0000000066bcbced:   48 8d 05 6c a3 05 00 0f b6 1c 18 80 fb 0d 0f b6
0x0000000066bcbcfd:   eb 77 21 48 8d 1c de 48 8b 43 10 48 85 c0 74 3a
0x0000000066bcbd0d:   48 8b 10 48 89 53 10 48 83 c4 28 5b 5e 5f 5d 41
0x0000000066bcbd1d:   5c 41 5d c3 48 8d 15 18 9e 04 00 48 8d 0d 99 9e 


Register to memory mapping:

RAX=0x00000002244e0da0 is an unknown value
RBX=0x000000001fb58f10 is an unknown value
RCX=0x000000001fb58ee0 is an unknown value
RDX=0x00000000000000b8 is an unknown value
RSP=0x000000001b4fe630 is pointing into the stack for thread: 0x0000000019c99800
RBP=0x0000000000000006 is an unknown value
RSI=0x000000001fb58ee0 is an unknown value
RDI=0x000000001b4fe6f0 is pointing into the stack for thread: 0x0000000019c99800
R8 =0x000000001fb58ee0 is an unknown value
R9 =0x0000000000000000 is an unknown value
R10=0x0000000000000000 is an unknown value
R11=0x0000000000000001 is an unknown value
R12=0x0000000000000000 is an unknown value
R13=0x0000000020a58650 is pointing into metadata
R14=0x000000001b4fe9a8 is pointing into the stack for thread: 0x0000000019c99800
R15=0x0000000019c99800 is a thread


Stack: [0x000000001b400000,0x000000001b500000],  sp=0x000000001b4fe630,  free space=1017k
Native frames: (J=compiled Java code, j=interpreted, Vv=VM code, C=native code)
C  [gdx-box2d64.dll+0xbd0d]
C  [gdx-box2d64.dll+0x22483]
C  [gdx-box2d64.dll+0x28616]
C  0x0000000002e74324

Java frames: (J=compiled Java code, j=interpreted, Vv=VM code)
J 1305  com.badlogic.gdx.physics.box2d.World.jniCreateBody(JIFFFFFFFFZZZZZF)J (0 bytes) @ 0x0000000002e742a6 [0x0000000002e74200+0xa6]
J 1304 C1 com.badlogic.gdx.physics.box2d.World.createBody(Lcom/badlogic/gdx/physics/box2d/BodyDef;)Lcom/badlogic/gdx/physics/box2d/Body; (120 bytes) @ 0x0000000002e73a9c [0x0000000002e73900+0x19c]
j  com.mygdx.game.states.GameState.addMolotovPool(Lcom/badlogic/gdx/math/Vector2;I)V+29
J 1528 C1 com.mygdx.game.objects.weapon.Molotov.render(Lcom/badlogic/gdx/graphics/g2d/SpriteBatch;)V (155 bytes) @ 0x000000000303693c [0x0000000003035ce0+0xc5c]
J 1476 C1 com.mygdx.game.objects.Player.render(Lcom/badlogic/gdx/graphics/g2d/SpriteBatch;)V (181 bytes) @ 0x0000000002f73ccc [0x0000000002f73300+0x9cc]
J 1590 C1 com.mygdx.game.states.GameState.render(Lcom/badlogic/gdx/graphics/g2d/SpriteBatch;)V (1335 bytes) @ 0x0000000003137784 [0x0000000003134080+0x3704]
J 1139 C1 com.mygdx.game.KambojaMain.render()V (84 bytes) @ 0x0000000002d61e84 [0x0000000002d603e0+0x1aa4]
j  com.badlogic.gdx.backends.lwjgl.LwjglApplication.mainLoop()V+684
j  com.badlogic.gdx.backends.lwjgl.LwjglApplication$1.run()V+27
v  ~StubRoutines::call_stub

---------------  P R O C E S S  ---------------

Java Threads: ( => current thread )
  0x000000001a0ca800 JavaThread "LWJGL Timer" daemon [_thread_blocked, id=6332, stack(0x0000000020be0000,0x0000000020ce0000)]
  0x0000000019f6c000 JavaThread "AWT-Windows" daemon [_thread_in_native, id=6720, stack(0x000000001e840000,0x000000001e940000)]
  0x000000001a12c800 JavaThread "Java2D Disposer" daemon [_thread_blocked, id=6800, stack(0x000000001e470000,0x000000001e570000)]
  0x000000000226e800 JavaThread "DestroyJavaVM" [_thread_blocked, id=6656, stack(0x00000000024d0000,0x00000000025d0000)]
=>0x0000000019c99800 JavaThread "LWJGL Application" [_thread_in_native, id=4196, stack(0x000000001b400000,0x000000001b500000)]
  0x0000000018df0000 JavaThread "Service Thread" daemon [_thread_blocked, id=6492, stack(0x00000000195d0000,0x00000000196d0000)]
  0x0000000018d72000 JavaThread "C1 CompilerThread2" daemon [_thread_blocked, id=6804, stack(0x00000000194d0000,0x00000000195d0000)]
  0x0000000018d71000 JavaThread "C2 CompilerThread1" daemon [_thread_blocked, id=5024, stack(0x0000000019220000,0x0000000019320000)]
  0x0000000017729800 JavaThread "C2 CompilerThread0" daemon [_thread_in_native, id=6728, stack(0x0000000018c70000,0x0000000018d70000)]
  0x0000000017726800 JavaThread "Attach Listener" daemon [_thread_blocked, id=3752, stack(0x00000000189b0000,0x0000000018ab0000)]
  0x0000000017723800 JavaThread "Signal Dispatcher" daemon [_thread_blocked, id=2076, stack(0x00000000187a0000,0x00000000188a0000)]
  0x000000001770c000 JavaThread "Finalizer" daemon [_thread_blocked, id=6860, stack(0x0000000018b00000,0x0000000018c00000)]
  0x00000000176c4800 JavaThread "Reference Handler" daemon [_thread_blocked, id=5492, stack(0x00000000188b0000,0x00000000189b0000)]

Other Threads:
  0x00000000176bd000 VMThread [stack: 0x00000000186a0000,0x00000000187a0000] [id=3384]
  0x0000000018e14000 WatcherThread [stack: 0x00000000197f0000,0x00000000198f0000] [id=4976]

VM state:not at safepoint (normal execution)

VM Mutex/Monitor currently owned by a thread: None

Heap:
 PSYoungGen      total 38400K, used 27717K [0x00000000d5700000, 0x00000000d8180000, 0x0000000100000000)
  eden space 33280K, 83% used [0x00000000d5700000,0x00000000d72115b8,0x00000000d7780000)
  from space 5120K, 0% used [0x00000000d7c80000,0x00000000d7c80000,0x00000000d8180000)
  to   space 5120K, 0% used [0x00000000d7780000,0x00000000d7780000,0x00000000d7c80000)
 ParOldGen       total 87552K, used 0K [0x0000000080400000, 0x0000000085980000, 0x00000000d5700000)
  object space 87552K, 0% used [0x0000000080400000,0x0000000080400000,0x0000000085980000)
 Metaspace       used 10255K, capacity 10431K, committed 10624K, reserved 1058816K
  class space    used 989K, capacity 1056K, committed 1152K, reserved 1048576K

Card table byte_map: [0x0000000011c60000,0x0000000012060000] byte_map_base: 0x000000001185e000

Marking Bits: (ParMarkBitMap*) 0x0000000077ce2f70
 Begin Bits: [0x0000000012950000, 0x0000000014940000)
 End Bits:   [0x0000000014940000, 0x0000000016930000)

Polling page: 0x0000000000250000

CodeCache: size=245760Kb used=9110Kb max_used=9146Kb free=236649Kb
 bounds [0x00000000028a0000, 0x00000000031a0000, 0x00000000118a0000]
 total_blobs=2151 nmethods=1588 adapters=476
 compilation: enabled

Compilation events (10 events):
Event: 29.756 Thread 0x0000000018d71000 nmethod 1592 0x00000000030e0690 code [0x00000000030e0820, 0x00000000030e09e8]
Event: 30.138 Thread 0x0000000017729800 1593       4       java.util.ArrayList$Itr::hasNext (20 bytes)
Event: 30.139 Thread 0x0000000017729800 nmethod 1593 0x00000000030de890 code [0x00000000030de9c0, 0x00000000030dea58]
Event: 30.351 Thread 0x0000000018d71000 1594 %     4       com.mygdx.game.states.GameState::render @ 119 (1335 bytes)
Event: 30.416 Thread 0x0000000018d72000 1596       3       com.badlogic.gdx.controllers.desktop.OisControllers$OisController$1::axisMoved (116 bytes)
Event: 30.417 Thread 0x0000000018d72000 nmethod 1596 0x0000000003174050 code [0x0000000003174300, 0x0000000003175398]
Event: 30.417 Thread 0x0000000018d72000 1595       3       com.badlogic.gdx.controllers.desktop.ois.OisJoystick::axisMoved (44 bytes)
Event: 30.417 Thread 0x0000000018d72000 nmethod 1595 0x00000000030e5190 code [0x00000000030e5340, 0x00000000030e55c8]
Event: 30.614 Thread 0x0000000018d71000 nmethod 1594% 0x000000000317f190 code [0x000000000317fdc0, 0x0000000003188260]
Event: 30.666 Thread 0x0000000017729800 1597       4       com.mygdx.game.states.GameState::render (1335 bytes)

GC Heap History (0 events):
No events

Deoptimization events (10 events):
Event: 22.116 Thread 0x0000000019c99800 Uncommon trap: reason=unstable_if action=reinterpret pc=0x000000000301f190 method=com.mygdx.game.states.GameState.update(F)V @ 369
Event: 23.082 Thread 0x0000000019c99800 Uncommon trap: reason=unstable_if action=reinterpret pc=0x0000000002fa6a18 method=com.mygdx.game.states.GameState.render(Lcom/badlogic/gdx/graphics/g2d/SpriteBatch;)V @ 1110
Event: 23.917 Thread 0x0000000019c99800 Uncommon trap: reason=unstable_if action=reinterpret pc=0x0000000002ff7364 method=com.badlogic.gdx.physics.box2d.Box2DDebugRenderer.renderBodies(Lcom/badlogic/gdx/physics/box2d/World;)V @ 165
Event: 23.949 Thread 0x0000000019c99800 Uncommon trap: reason=unstable_if action=reinterpret pc=0x0000000002fe0280 method=com.badlogic.gdx.physics.box2d.Box2DDebugRenderer.renderBodies(Lcom/badlogic/gdx/physics/box2d/World;)V @ 165
Event: 24.534 Thread 0x0000000019c99800 Uncommon trap: reason=null_check action=make_not_entrant pc=0x00000000030abe6c method=com.mygdx.game.states.GameState.update(F)V @ 718
Event: 24.538 Thread 0x0000000019c99800 Uncommon trap: reason=unstable_if action=reinterpret pc=0x0000000003091ac0 method=com.mygdx.game.states.GameState.render(Lcom/badlogic/gdx/graphics/g2d/SpriteBatch;)V @ 349
Event: 24.555 Thread 0x0000000019c99800 Uncommon trap: reason=null_assert action=make_not_entrant pc=0x0000000002f79f54 method=com.mygdx.game.states.GameState.render(Lcom/badlogic/gdx/graphics/g2d/SpriteBatch;)V @ 312
Event: 29.538 Thread 0x0000000019c99800 Uncommon trap: reason=unstable_if action=reinterpret pc=0x0000000003106714 method=com.mygdx.game.states.GameState.render(Lcom/badlogic/gdx/graphics/g2d/SpriteBatch;)V @ 323
Event: 29.538 Thread 0x0000000019c99800 Uncommon trap: reason=unstable_if action=reinterpret pc=0x0000000002ee6460 method=com.mygdx.game.objects.Block.render(Lcom/badlogic/gdx/graphics/g2d/SpriteBatch;)Z @ 23
Event: 29.855 Thread 0x0000000019c99800 Uncommon trap: reason=unstable_if action=reinterpret pc=0x00000000030ec238 method=com.mygdx.game.objects.Block.render(Lcom/badlogic/gdx/graphics/g2d/SpriteBatch;)Z @ 23

Internal exceptions (10 events):
Event: 0.313 Thread 0x000000000226e800 Exception <a 'java/security/PrivilegedActionException'> (0x00000000d5b5b960) thrown at [C:\re\workspace\8-2-build-windows-amd64-cygwin\jdk8u91\6644\hotspot\src\share\vm\prims\jvm.cpp, line 1386]
Event: 0.313 Thread 0x000000000226e800 Exception <a 'java/security/PrivilegedActionException'> (0x00000000d5b60ac8) thrown at [C:\re\workspace\8-2-build-windows-amd64-cygwin\jdk8u91\6644\hotspot\src\share\vm\prims\jvm.cpp, line 1386]
Event: 0.313 Thread 0x000000000226e800 Exception <a 'java/security/PrivilegedActionException'> (0x00000000d5b61720) thrown at [C:\re\workspace\8-2-build-windows-amd64-cygwin\jdk8u91\6644\hotspot\src\share\vm\prims\jvm.cpp, line 1386]
Event: 0.313 Thread 0x000000000226e800 Exception <a 'java/security/PrivilegedActionException'> (0x00000000d5b62348) thrown at [C:\re\workspace\8-2-build-windows-amd64-cygwin\jdk8u91\6644\hotspot\src\share\vm\prims\jvm.cpp, line 1386]
Event: 0.759 Thread 0x0000000019c99800 Exception <a 'java/io/FileNotFoundException'> (0x00000000d6347438) thrown at [C:\re\workspace\8-2-build-windows-amd64-cygwin\jdk8u91\6644\hotspot\src\share\vm\prims\jni.cpp, line 709]
Event: 0.790 Thread 0x0000000019c99800 Exception <a 'java/lang/NoSuchFieldError': method resolution failed> (0x00000000d64145b0) thrown at [C:\re\workspace\8-2-build-windows-amd64-cygwin\jdk8u91\6644\hotspot\src\share\vm\prims\methodHandles.cpp, line 1146]
Event: 0.791 Thread 0x0000000019c99800 Exception <a 'java/lang/NoSuchFieldError': method resolution failed> (0x00000000d64218a0) thrown at [C:\re\workspace\8-2-build-windows-amd64-cygwin\jdk8u91\6644\hotspot\src\share\vm\prims\methodHandles.cpp, line 1146]
Event: 0.825 Thread 0x0000000019c99800 Exception <a 'java/io/FileNotFoundException'> (0x00000000d64b2db0) thrown at [C:\re\workspace\8-2-build-windows-amd64-cygwin\jdk8u91\6644\hotspot\src\share\vm\prims\jni.cpp, line 709]
Event: 10.796 Thread 0x0000000019c99800 Implicit null exception at 0x0000000002c8b072 to 0x0000000002c8b9c5
Event: 24.534 Thread 0x0000000019c99800 Implicit null exception at 0x00000000030a96c7 to 0x00000000030abe5c

Events (10 events):
Event: 29.849 Thread 0x0000000019c99800 DEOPT UNPACKING pc=0x00000000028e787f sp=0x000000001b4fec20 mode 0
Event: 29.855 Thread 0x0000000019c99800 Uncommon trap: trap_request=0xffffff65 fr.pc=0x00000000030ec238
Event: 29.855 Thread 0x0000000019c99800 DEOPT PACKING pc=0x00000000030ec238 sp=0x000000001b4feed0
Event: 29.855 Thread 0x0000000019c99800 DEOPT UNPACKING pc=0x00000000028e582a sp=0x000000001b4fee58 mode 2
Event: 30.666 Thread 0x0000000019c99800 DEOPT PACKING pc=0x0000000003141e60 sp=0x000000001b4fec50
Event: 30.666 Thread 0x0000000019c99800 DEOPT UNPACKING pc=0x00000000028e787f sp=0x000000001b4fec20 mode 0
Event: 30.749 Thread 0x0000000019c99800 DEOPT PACKING pc=0x0000000003141e60 sp=0x000000001b4fec50
Event: 30.749 Thread 0x0000000019c99800 DEOPT UNPACKING pc=0x00000000028e787f sp=0x000000001b4fec20 mode 0
Event: 30.833 Thread 0x0000000019c99800 DEOPT PACKING pc=0x0000000003141e60 sp=0x000000001b4fec50
Event: 30.833 Thread 0x0000000019c99800 DEOPT UNPACKING pc=0x00000000028e787f sp=0x000000001b4fec20 mode 0


Dynamic libraries:
0x000000013f290000 - 0x000000013f2c7000 	C:\Program Files\Java\jre1.8.0_91\bin\javaw.exe
0x0000000076cb0000 - 0x0000000076e5a000 	C:\Windows\SYSTEM32\ntdll.dll
0x000007fef3b30000 - 0x000007fef3b63000 	C:\Program Files\AVAST Software\Avast\x64\aswhooka.dll
0x0000000076a90000 - 0x0000000076baf000 	C:\Windows\system32\kernel32.dll
0x000007fefc9f0000 - 0x000007fefca5a000 	C:\Windows\system32\KERNELBASE.dll
0x000007fefce00000 - 0x000007fefcedb000 	C:\Windows\system32\ADVAPI32.dll
0x000007fefcd60000 - 0x000007fefcdff000 	C:\Windows\system32\msvcrt.dll
0x000007fefe890000 - 0x000007fefe8af000 	C:\Windows\SYSTEM32\sechost.dll
0x000007fefea00000 - 0x000007fefeb2d000 	C:\Windows\system32\RPCRT4.dll
0x0000000076bb0000 - 0x0000000076caa000 	C:\Windows\system32\USER32.dll
0x000007fefded0000 - 0x000007fefdf37000 	C:\Windows\system32\GDI32.dll
0x000007fefd0e0000 - 0x000007fefd0ee000 	C:\Windows\system32\LPK.dll
0x000007fefe930000 - 0x000007fefe9fa000 	C:\Windows\system32\USP10.dll
0x000007fefbb70000 - 0x000007fefbd64000 	C:\Windows\WinSxS\amd64_microsoft.windows.common-controls_6595b64144ccf1df_6.0.7601.18837_none_fa3b1e3d17594757\COMCTL32.dll
0x000007fefe5a0000 - 0x000007fefe611000 	C:\Windows\system32\SHLWAPI.dll
0x000007fefe860000 - 0x000007fefe88e000 	C:\Windows\system32\IMM32.DLL
0x000007fefebe0000 - 0x000007fefece9000 	C:\Windows\system32\MSCTF.dll
0x00000000500c0000 - 0x0000000050192000 	C:\Program Files\Java\jre1.8.0_91\bin\msvcr100.dll
0x00000000774d0000 - 0x0000000077d63000 	C:\Program Files\Java\jre1.8.0_91\bin\server\jvm.dll
0x000007fef2820000 - 0x000007fef2829000 	C:\Windows\system32\WSOCK32.dll
0x000007fefde80000 - 0x000007fefdecd000 	C:\Windows\system32\WS2_32.dll
0x000007fefeb30000 - 0x000007fefeb38000 	C:\Windows\system32\NSI.dll
0x000007fef9f10000 - 0x000007fef9f4b000 	C:\Windows\system32\WINMM.dll
0x000007fefb480000 - 0x000007fefb48c000 	C:\Windows\system32\VERSION.dll
0x0000000076e80000 - 0x0000000076e87000 	C:\Windows\system32\PSAPI.DLL
0x00000000514a0000 - 0x00000000514af000 	C:\Program Files\Java\jre1.8.0_91\bin\verify.dll
0x0000000051470000 - 0x0000000051499000 	C:\Program Files\Java\jre1.8.0_91\bin\java.dll
0x0000000050260000 - 0x0000000050276000 	C:\Program Files\Java\jre1.8.0_91\bin\zip.dll
0x000007fefd0f0000 - 0x000007fefde7a000 	C:\Windows\system32\SHELL32.dll
0x000007fefcee0000 - 0x000007fefd0dc000 	C:\Windows\system32\ole32.dll
0x000007fefc9a0000 - 0x000007fefc9af000 	C:\Windows\system32\profapi.dll
0x0000000065580000 - 0x0000000065616000 	C:\Users\Victor\AppData\Local\Temp\libgdxVictor\40f0d13c\gdx64.dll
0x000007fefc1d0000 - 0x000007fefc1e8000 	C:\Windows\system32\CRYPTSP.dll
0x000007fefbe50000 - 0x000007fefbe97000 	C:\Windows\system32\rsaenh.dll
0x000007fefc9c0000 - 0x000007fefc9de000 	C:\Windows\system32\USERENV.dll
0x000007fefc840000 - 0x000007fefc84f000 	C:\Windows\system32\CRYPTBASE.dll
0x0000000050240000 - 0x000000005025a000 	C:\Program Files\Java\jre1.8.0_91\bin\net.dll
0x000007fefc170000 - 0x000007fefc1c5000 	C:\Windows\system32\mswsock.dll
0x000007fefc160000 - 0x000007fefc167000 	C:\Windows\System32\wship6.dll
0x000007fef9a30000 - 0x000007fef9a57000 	C:\Windows\system32\IPHLPAPI.DLL
0x000007fef9a20000 - 0x000007fef9a2b000 	C:\Windows\system32\WINNSI.DLL
0x000007fef98d0000 - 0x000007fef98e1000 	C:\Windows\system32\dhcpcsvc6.DLL
0x000007fef98b0000 - 0x000007fef98c8000 	C:\Windows\system32\dhcpcsvc.DLL
0x0000000050220000 - 0x0000000050231000 	C:\Program Files\Java\jre1.8.0_91\bin\nio.dll
0x0000000180000000 - 0x0000000180053000 	C:\Users\Victor\AppData\Local\Temp\libgdxVictor\dc0f0009\lwjgl64.dll
0x000007fed9170000 - 0x000007fed928d000 	C:\Windows\system32\OPENGL32.dll
0x000007feef4f0000 - 0x000007feef51d000 	C:\Windows\system32\GLU32.dll
0x000007fed92b0000 - 0x000007fed93a1000 	C:\Windows\system32\DDRAW.dll
0x000007fef9780000 - 0x000007fef9788000 	C:\Windows\system32\DCIMAN32.dll
0x000007fefe620000 - 0x000007fefe7f7000 	C:\Windows\system32\SETUPAPI.dll
0x000007fefcd10000 - 0x000007fefcd46000 	C:\Windows\system32\CFGMGR32.dll
0x000007fefdf40000 - 0x000007fefe01a000 	C:\Windows\system32\OLEAUT32.dll
0x000007fefcca0000 - 0x000007fefccba000 	C:\Windows\system32\DEVOBJ.dll
0x000007fefa800000 - 0x000007fefa818000 	C:\Windows\system32\dwmapi.dll
0x00000000004f0000 - 0x0000000000554000 	C:\Users\Victor\AppData\Local\Temp\libgdxVictor\dc0f0009\OpenAL64.dll
0x000007fefac30000 - 0x000007fefac86000 	C:\Windows\system32\uxtheme.dll
0x000007fefe020000 - 0x000007fefe0b9000 	C:\Windows\system32\CLBCatQ.DLL
0x000007fefac90000 - 0x000007fefadbc000 	C:\Windows\System32\PROPSYS.dll
0x000007fefccd0000 - 0x000007fefcd0b000 	C:\Windows\system32\WINTRUST.dll
0x000007fefca90000 - 0x000007fefcbfd000 	C:\Windows\system32\CRYPT32.dll
0x000007fefc9b0000 - 0x000007fefc9bf000 	C:\Windows\system32\MSASN1.dll
0x000007feef460000 - 0x000007feef4e8000 	C:\Windows\system32\dsound.dll
0x000007fefa570000 - 0x000007fefa59c000 	C:\Windows\system32\POWRPROF.dll
0x000007fefa820000 - 0x000007fefa86b000 	C:\Windows\System32\MMDevApi.dll
0x000007fef9e50000 - 0x000007fef9e9f000 	C:\Windows\system32\AUDIOSES.DLL
0x00000000686b0000 - 0x000000006a4f7000 	C:\Windows\system32\nvoglv64.DLL
0x000007fefb420000 - 0x000007fefb431000 	C:\Windows\system32\WTSAPI32.dll
0x000007fef8410000 - 0x000007fef8535000 	C:\Windows\system32\dbghelp.dll
0x000007fefa000000 - 0x000007fefa02d000 	C:\Windows\system32\ntmarta.dll
0x000007fefe800000 - 0x000007fefe852000 	C:\Windows\system32\WLDAP32.dll
0x000007fefb5b0000 - 0x000007fefb64c000 	C:\Windows\system32\mscms.dll
0x000007feeeed0000 - 0x000007feeef12000 	C:\Windows\system32\icm32.dll
0x000007fefba60000 - 0x000007fefba9d000 	C:\Windows\system32\WINSTA.dll
0x000000001dfd0000 - 0x000000001e124000 	C:\Users\Victor\AppData\Local\Temp\libgdxVictor\703c426f\gdx-controllers-desktop64.dll
0x000007feeef30000 - 0x000007feeef6c000 	C:\Windows\system32\DINPUT8.dll
0x000007fefa870000 - 0x000007fefa87b000 	C:\Windows\system32\HID.DLL
0x000000006a740000 - 0x000000006a7ed000 	C:\Users\Victor\AppData\Local\Temp\libgdxVictor\6fb08ec8\gdx-freetype64.dll
0x0000000053040000 - 0x00000000531d8000 	C:\Program Files\Java\jre1.8.0_91\bin\awt.dll
0x0000000066bc0000 - 0x0000000066c7b000 	C:\Users\Victor\AppData\Local\Temp\libgdxVictor\ad04a22e\gdx-box2d64.dll

VM Arguments:
jvm_args: -Dfile.encoding=Cp1252 
java_command: com.mygdx.game.desktop.DesktopLauncher
java_class_path (initial): C:\Users\Victor\Games\Workspace\desktop\bin;C:\Users\Victor\.gradle\caches\modules-2\files-2.1\com.badlogicgames.gdx\gdx-backend-lwjgl\1.6.1\e3208559223c991f1db7220d5ddf3e5a12e5528f\gdx-backend-lwjgl-1.6.1.jar;C:\Users\Victor\.gradle\caches\modules-2\files-2.1\com.badlogicgames.gdx\gdx-platform\1.6.1\861f02e3f7f85423be6f9727ab12b03b40d39477\gdx-platform-1.6.1-natives-desktop.jar;C:\Users\Victor\.gradle\caches\modules-2\files-2.1\com.badlogicgames.gdx\gdx-box2d-platform\1.6.1\afe698dffa47134e4eeaaf674bd5ad3844e60ff0\gdx-box2d-platform-1.6.1-natives-desktop.jar;C:\Users\Victor\.gradle\caches\modules-2\files-2.1\com.badlogicgames.gdx\gdx-bullet-platform\1.6.1\e9a636bd871715f7e69c5e53f4cd2b4f0ef40a7d\gdx-bullet-platform-1.6.1-natives-desktop.jar;C:\Users\Victor\.gradle\caches\modules-2\files-2.1\com.badlogicgames.gdx\gdx-freetype-platform\1.6.1\a73fbc0f0873c7d30b8123371714f0cbcf32206e\gdx-freetype-platform-1.6.1-natives-desktop.jar;C:\Users\Victor\.gradle\caches\modules-2\files-2.1\com.badlogicgames.gdx\gdx-controllers-desktop\1.6.1\3fecf9edeb214d51e77cfd0d06923e90092d0ca8\gdx-controllers-desktop-1.6.1.jar;C:\Users\Victor\.gradle\caches\modules-2\files-2.1\com.badlogicgames.gdx\gdx-controllers-platform\1.6.1\758c616eb2c81f6043c5a73c22f8e2406bc6e750\gdx-controllers-platform-1.6.1-natives-desktop.jar;C:\Users\Victor\.gradle\caches\modules-2\files-2.1\com.badlogicgames.gdx\gdx-tools\1.6.1\f4fc6e4240d81c24b02a75c48f1685e6cf76435a\gdx-tools-1.6.1.jar;C:\Users\Victor\.gradle\caches\modules-2\files-2.1\com.badlogicgames.gdx\gdx\1.6.1\bb5fe9832bcfe4bbc1de6bd357085b8a2a845d9c\gdx-1.6.1.jar;C:\Users\Victor\.gradle\caches\modules-2\files-2.1\com.badlogicgames.gdx\gdx-bullet\1.6.1\24124f7e16583d2a4f973c1b0f360c52ab259acf\gdx-bullet-1.6.1.jar;C:\Users\Victor\.gradle\caches\modules-2\files-2.1\com.badlogicgames.gdx\gdx-controllers\1.6.1\8b4445a39fe5ba890beafb2d6f715e7e6ba0c0a6\gdx-controllers-1.6.1.jar;C:\Users\Victor\.gradle\caches\modules-2\files-2.1\or
Launcher Type: SUN_STANDARD

Environment Variables:
JAVA_HOME=C:\Program Files (x86)\Java\jdk1.7.0_55
CLASSPATH=.;.;C:\PROGRA~2\JMF21~1.1E\lib\sound.jar;C:\PROGRA~2\JMF21~1.1E\lib\jmf.jar;C:\PROGRA~2\JMF21~1.1E\lib;C:\Program Files (x86)\ant\bin
PATH=C:\ProgramData\Oracle\Java\javapath;C:\Windows\system32;C:\Windows;C:\Windows\System32\Wbem;C:\Windows\System32\WindowsPowerShell\v1.0\;C:\Program Files (x86)\NVIDIA Corporation\PhysX\Common;C:\Program Files (x86)\Windows Kits\8.1\Windows Performance Toolkit\;C:\Program Files\Microsoft SQL Server\110\Tools\Binn\;C:\Program Files (x86)\Microsoft SDKs\TypeScript\1.0\;C:\Program Files\Microsoft SQL Server\120\Tools\Binn\;C:\Program Files\Java\jre1.8.0_71\bin;C:\Program Files\Java\jdk1.8.0_71\bin;C:\Program Files (x86)\GtkSharp\2.12\bin;C:\Program Files\Microsoft SQL Server\130\Tools\Binn\;C:\Program Files\MATLAB\R2016a\bin;C:\Program Files\SDL2;C:\Program Files\apache-maven-3.3.9\bin;C:\Program Files\Git\cmd;C:\Program Files (x86)\ant\bin;C:\Program Files (x86)\QuickTime\QTSystem\;C:\Program Files (x86)\Skype\Phone\;C:\Program Files (x86)\CVSNT\
USERNAME=Victor
OS=Windows_NT
PROCESSOR_IDENTIFIER=Intel64 Family 6 Model 42 Stepping 7, GenuineIntel



---------------  S Y S T E M  ---------------

OS: Windows 7 , 64 bit Build 7601 (6.1.7601.23796)

CPU:total 4 (4 cores per cpu, 1 threads per core) family 6 model 42 stepping 7, cmov, cx8, fxsr, mmx, sse, sse2, sse3, ssse3, sse4.1, sse4.2, popcnt, avx, aes, clmul, tsc, tscinvbit

Memory: 4k page, physical 8370836k(3547508k free), swap 16739812k(10797932k free)

vm_info: Java HotSpot(TM) 64-Bit Server VM (25.91-b14) for windows-amd64 JRE (1.8.0_91-b14), built on Apr  1 2016 00:58:32 by "java_re" with MS VC++ 10.0 (VS2010)

time: Sun May 14 20:39:05 2017
elapsed time: 30 seconds (0d 0h 0m 30s)

