#
# A fatal error has been detected by the Java Runtime Environment:
#
#  EXCEPTION_ACCESS_VIOLATION (0xc0000005) at pc=0x000000006a749683, pid=5208, tid=4148
#
# JRE version: Java(TM) SE Runtime Environment (8.0_91-b14) (build 1.8.0_91-b14)
# Java VM: Java HotSpot(TM) 64-Bit Server VM (25.91-b14 mixed mode windows-amd64 compressed oops)
# Problematic frame:
# C  [gdx-freetype64.dll+0x9683]
#
# Failed to write core dump. Minidumps are not enabled by default on client versions of Windows
#
# If you would like to submit a bug report, please visit:
#   http://bugreport.java.com/bugreport/crash.jsp
# The crash happened outside the Java Virtual Machine in native code.
# See problematic frame for where to report the bug.
#

---------------  T H R E A D  ---------------

Current thread (0x000000005a8ff000):  JavaThread "LWJGL Application" [_thread_in_native, id=4148, stack(0x000000005f6b0000,0x000000005f7b0000)]

siginfo: ExceptionCode=0xc0000005, reading address 0x0000000000000054

Registers:
RAX=0x0000000000000000, RBX=0x0000000063953288, RCX=0x0000000064c59920, RDX=0x000000005f7af138
RSP=0x000000005f7af060, RBP=0x000000005f7af128, RSI=0x0000000064c59920, RDI=0x00000000003db5a0
R8 =0x0000000064c59920, R9 =0x00000000000000de, R10=0x0000000002747f08, R11=0x0000000058909d90
R12=0x0000000000000000, R13=0x0000000063953288, R14=0x000000005f7af150, R15=0x000000005a8ff000
RIP=0x000000006a749683, EFLAGS=0x0000000000010206

Top of Stack: (sp=0x000000005f7af060)
0x000000005f7af060:   0000000056e26700 0000000000000000
0x000000005f7af070:   0000000056e263a0 0000000000000000
0x000000005f7af080:   000000005f7af098 0000000063953288
0x000000005f7af090:   0000000000000002 0000000002738331
0x000000005f7af0a0:   000000005f7af128 0000000002747f34
0x000000005f7af0b0:   000000005f7af0b0 0000000056e0bb00
0x000000005f7af0c0:   000000005f7af100 0000000056e0bc28
0x000000005f7af0d0:   0000000000000000 0000000056e0bb08
0x000000005f7af0e0:   0000000000000000 000000005f7af0e8
0x000000005f7af0f0:   0000000000000000 000000005f7af150
0x000000005f7af100:   0000000063954ce8 0000000000000000
0x000000005f7af110:   0000000063953288 0000000000000000
0x000000005f7af120:   000000005f7af148 000000005f7af198
0x000000005f7af130:   0000000002738331 00000000804006c8
0x000000005f7af140:   00000000027419b8 0000000064c59920
0x000000005f7af150:   000000005f7af168 000000005f7af158 

Instructions: (pc=0x000000006a749683)
0x000000006a749663:   53 48 83 ec 28 48 85 c9 48 89 ce 74 30 48 8b b9
0x000000006a749673:   90 00 00 00 48 85 ff 74 24 48 8b 81 d0 00 00 00
0x000000006a749683:   8b 48 54 8d 51 ff 89 50 54 31 c0 85 d2 7e 1e 48
0x000000006a749693:   83 c4 28 5b 5e 5f 5d c3 0f 1f 44 00 00 b8 23 00 


Register to memory mapping:

RAX=0x0000000000000000 is an unknown value
RBX={method} {0x0000000063953290} 'doneFace' '(J)V' in 'com/badlogic/gdx/graphics/g2d/freetype/FreeType$Face'
RCX=0x0000000064c59920 is an unknown value
RDX=0x000000005f7af138 is pointing into the stack for thread: 0x000000005a8ff000
RSP=0x000000005f7af060 is pointing into the stack for thread: 0x000000005a8ff000
RBP=0x000000005f7af128 is pointing into the stack for thread: 0x000000005a8ff000
RSI=0x0000000064c59920 is an unknown value
RDI=0x00000000003db5a0 is an unknown value
R8 =0x0000000064c59920 is an unknown value
R9 =0x00000000000000de is an unknown value
R10=0x0000000002747f08 is at code_begin+840 in an Interpreter codelet
method entry point (kind = native)  [0x0000000002747bc0, 0x0000000002748520]  2400 bytes
R11=0x0000000058909d90 is an unknown value
R12=0x0000000000000000 is an unknown value
R13={method} {0x0000000063953290} 'doneFace' '(J)V' in 'com/badlogic/gdx/graphics/g2d/freetype/FreeType$Face'
R14=0x000000005f7af150 is pointing into the stack for thread: 0x000000005a8ff000
R15=0x000000005a8ff000 is a thread


Stack: [0x000000005f6b0000,0x000000005f7b0000],  sp=0x000000005f7af060,  free space=1020k
Native frames: (J=compiled Java code, j=interpreted, Vv=VM code, C=native code)
C  [gdx-freetype64.dll+0x9683]
C  0x0000000002747f34

Java frames: (J=compiled Java code, j=interpreted, Vv=VM code)
j  com.badlogic.gdx.graphics.g2d.freetype.FreeType$Face.doneFace(J)V+0
j  com.badlogic.gdx.graphics.g2d.freetype.FreeType$Face.dispose()V+4
j  com.badlogic.gdx.graphics.g2d.freetype.FreeTypeFontGenerator.dispose()V+4
j  com.mygdx.game.objects.GamePause.dispose()V+4
j  com.mygdx.game.states.GameState.dispose()V+391
j  com.mygdx.game.Manager.dispose()V+14
j  com.mygdx.game.Manager.changeState(I)V+1
J 3591 C2 com.mygdx.game.states.GameState.update(F)V (2214 bytes) @ 0x0000000003590870 [0x000000000358d600+0x3270]
J 3789 C2 com.mygdx.game.KambojaMain.render()V (129 bytes) @ 0x00000000033c5738 [0x00000000033c5220+0x518]
j  com.badlogic.gdx.backends.lwjgl.LwjglApplication.mainLoop()V+684
j  com.badlogic.gdx.backends.lwjgl.LwjglApplication$1.run()V+27
v  ~StubRoutines::call_stub

---------------  P R O C E S S  ---------------

Java Threads: ( => current thread )
  0x000000006297d000 JavaThread "LWJGL Timer" daemon [_thread_blocked, id=3144, stack(0x00000000666d0000,0x00000000667d0000)]
  0x00000000021ce800 JavaThread "DestroyJavaVM" [_thread_blocked, id=4328, stack(0x0000000002360000,0x0000000002460000)]
=>0x000000005a8ff000 JavaThread "LWJGL Application" [_thread_in_native, id=4148, stack(0x000000005f6b0000,0x000000005f7b0000)]
  0x000000005a455000 JavaThread "TimerQueue" daemon [_thread_blocked, id=3196, stack(0x000000005e820000,0x000000005e920000)]
  0x000000005a447800 JavaThread "D3D Screen Updater" daemon [_thread_blocked, id=3604, stack(0x000000005e2d0000,0x000000005e3d0000)]
  0x000000005a31e800 JavaThread "AWT-Windows" daemon [_thread_in_native, id=3288, stack(0x000000005aad0000,0x000000005abd0000)]
  0x000000005a31b000 JavaThread "Java2D Disposer" daemon [_thread_blocked, id=6148, stack(0x000000005a9d0000,0x000000005aad0000)]
  0x0000000059912800 JavaThread "Service Thread" daemon [_thread_blocked, id=3792, stack(0x0000000059f80000,0x000000005a080000)]
  0x000000005989b800 JavaThread "C1 CompilerThread2" daemon [_thread_blocked, id=5244, stack(0x0000000059d40000,0x0000000059e40000)]
  0x0000000059896800 JavaThread "C2 CompilerThread1" daemon [_thread_blocked, id=6536, stack(0x00000000594f0000,0x00000000595f0000)]
  0x000000005770b000 JavaThread "C2 CompilerThread0" daemon [_thread_blocked, id=2344, stack(0x0000000059790000,0x0000000059890000)]
  0x0000000057708800 JavaThread "Attach Listener" daemon [_thread_blocked, id=6724, stack(0x0000000059630000,0x0000000059730000)]
  0x0000000057705000 JavaThread "Signal Dispatcher" daemon [_thread_blocked, id=7104, stack(0x00000000593d0000,0x00000000594d0000)]
  0x00000000576ed800 JavaThread "Finalizer" daemon [_thread_blocked, id=3780, stack(0x00000000592b0000,0x00000000593b0000)]
  0x00000000576a4800 JavaThread "Reference Handler" daemon [_thread_blocked, id=4964, stack(0x0000000059170000,0x0000000059270000)]

Other Threads:
  0x000000005769d000 VMThread [stack: 0x0000000059030000,0x0000000059130000] [id=6072]
  0x0000000059931800 WatcherThread [stack: 0x000000005a0c0000,0x000000005a1c0000] [id=6936]

VM state:not at safepoint (normal execution)

VM Mutex/Monitor currently owned by a thread: None

Heap:
 PSYoungGen      total 26624K, used 13549K [0x00000000d5700000, 0x00000000d7f80000, 0x0000000100000000)
  eden space 24064K, 45% used [0x00000000d5700000,0x00000000d61c30b8,0x00000000d6e80000)
  from space 2560K, 98% used [0x00000000d6e80000,0x00000000d70f8610,0x00000000d7100000)
  to   space 8704K, 0% used [0x00000000d7700000,0x00000000d7700000,0x00000000d7f80000)
 ParOldGen       total 87552K, used 24984K [0x0000000080400000, 0x0000000085980000, 0x00000000d5700000)
  object space 87552K, 28% used [0x0000000080400000,0x0000000081c66320,0x0000000085980000)
 Metaspace       used 19177K, capacity 19431K, committed 19712K, reserved 1067008K
  class space    used 2172K, capacity 2235K, committed 2304K, reserved 1048576K

Card table byte_map: [0x0000000011af0000,0x0000000011ef0000] byte_map_base: 0x00000000116ee000

Marking Bits: (ParMarkBitMap*) 0x0000000058ef2f70
 Begin Bits: [0x0000000012930000, 0x0000000014920000)
 End Bits:   [0x0000000014920000, 0x0000000016910000)

Polling page: 0x0000000000450000

CodeCache: size=245760Kb used=13622Kb max_used=15550Kb free=232137Kb
 bounds [0x0000000002730000, 0x00000000036d0000, 0x0000000011730000]
 total_blobs=3795 nmethods=3031 adapters=676
 compilation: enabled

Compilation events (10 events):
Event: 150.151 Thread 0x000000005989b800 3809       3       com.mygdx.game.objects.weapon.Molotov::endSound (1 bytes)
Event: 150.151 Thread 0x000000005989b800 nmethod 3809 0x00000000031a8c90 code [0x00000000031a8de0, 0x00000000031a8f30]
Event: 150.317 Thread 0x000000005989b800 3810       3       com.mygdx.game.objects.weapon.Shotgun::endSound (1 bytes)
Event: 150.318 Thread 0x000000005989b800 nmethod 3810 0x00000000031a7d90 code [0x00000000031a7ee0, 0x00000000031a8030]
Event: 150.884 Thread 0x0000000059896800 3811       4       java.util.Arrays::copyOf (46 bytes)
Event: 150.887 Thread 0x0000000059896800 nmethod 3811 0x00000000028c7190 code [0x00000000028c72e0, 0x00000000028c7638]
Event: 151.903 Thread 0x000000005989b800 3813       3       com.badlogic.gdx.utils.IntArray::clear (6 bytes)
Event: 151.904 Thread 0x000000005989b800 nmethod 3813 0x0000000003490cd0 code [0x0000000003490e20, 0x0000000003490f70]
Event: 151.904 Thread 0x000000005989b800 3814       1       com.badlogic.gdx.utils.IntArray::clear (6 bytes)
Event: 151.904 Thread 0x000000005989b800 nmethod 3814 0x00000000030fba50 code [0x00000000030fbba0, 0x00000000030fbcb0]

GC Heap History (10 events):
Event: 135.831 GC heap before
{Heap before GC invocations=29 (full 4):
 PSYoungGen      total 34816K, used 27360K [0x00000000d5700000, 0x00000000d8480000, 0x0000000100000000)
  eden space 24064K, 100% used [0x00000000d5700000,0x00000000d6e80000,0x00000000d6e80000)
  from space 10752K, 30% used [0x00000000d7a00000,0x00000000d7d38320,0x00000000d8480000)
  to   space 11264K, 0% used [0x00000000d6e80000,0x00000000d6e80000,0x00000000d7980000)
 ParOldGen       total 87552K, used 24320K [0x0000000080400000, 0x0000000085980000, 0x00000000d5700000)
  object space 87552K, 27% used [0x0000000080400000,0x0000000081bc0320,0x0000000085980000)
 Metaspace       used 19173K, capacity 19431K, committed 19712K, reserved 1067008K
  class space    used 2172K, capacity 2235K, committed 2304K, reserved 1048576K
Event: 135.833 GC heap after
Heap after GC invocations=29 (full 4):
 PSYoungGen      total 27136K, used 2593K [0x00000000d5700000, 0x00000000d8380000, 0x0000000100000000)
  eden space 24064K, 0% used [0x00000000d5700000,0x00000000d5700000,0x00000000d6e80000)
  from space 3072K, 84% used [0x00000000d6e80000,0x00000000d7108610,0x00000000d7180000)
  to   space 10752K, 0% used [0x00000000d7900000,0x00000000d7900000,0x00000000d8380000)
 ParOldGen       total 87552K, used 24464K [0x0000000080400000, 0x0000000085980000, 0x00000000d5700000)
  object space 87552K, 27% used [0x0000000080400000,0x0000000081be4320,0x0000000085980000)
 Metaspace       used 19173K, capacity 19431K, committed 19712K, reserved 1067008K
  class space    used 2172K, capacity 2235K, committed 2304K, reserved 1048576K
}
Event: 138.856 GC heap before
{Heap before GC invocations=30 (full 4):
 PSYoungGen      total 27136K, used 26657K [0x00000000d5700000, 0x00000000d8380000, 0x0000000100000000)
  eden space 24064K, 100% used [0x00000000d5700000,0x00000000d6e80000,0x00000000d6e80000)
  from space 3072K, 84% used [0x00000000d6e80000,0x00000000d7108610,0x00000000d7180000)
  to   space 10752K, 0% used [0x00000000d7900000,0x00000000d7900000,0x00000000d8380000)
 ParOldGen       total 87552K, used 24464K [0x0000000080400000, 0x0000000085980000, 0x00000000d5700000)
  object space 87552K, 27% used [0x0000000080400000,0x0000000081be4320,0x0000000085980000)
 Metaspace       used 19173K, capacity 19431K, committed 19712K, reserved 1067008K
  class space    used 2172K, capacity 2235K, committed 2304K, reserved 1048576K
Event: 138.858 GC heap after
Heap after GC invocations=30 (full 4):
 PSYoungGen      total 33792K, used 1904K [0x00000000d5700000, 0x00000000d8280000, 0x0000000100000000)
  eden space 24064K, 0% used [0x00000000d5700000,0x00000000d5700000,0x00000000d6e80000)
  from space 9728K, 19% used [0x00000000d7900000,0x00000000d7adc190,0x00000000d8280000)
  to   space 10240K, 0% used [0x00000000d6e80000,0x00000000d6e80000,0x00000000d7880000)
 ParOldGen       total 87552K, used 24608K [0x0000000080400000, 0x0000000085980000, 0x00000000d5700000)
  object space 87552K, 28% used [0x0000000080400000,0x0000000081c08320,0x0000000085980000)
 Metaspace       used 19173K, capacity 19431K, committed 19712K, reserved 1067008K
  class space    used 2172K, capacity 2235K, committed 2304K, reserved 1048576K
}
Event: 141.886 GC heap before
{Heap before GC invocations=31 (full 4):
 PSYoungGen      total 33792K, used 25968K [0x00000000d5700000, 0x00000000d8280000, 0x0000000100000000)
  eden space 24064K, 100% used [0x00000000d5700000,0x00000000d6e80000,0x00000000d6e80000)
  from space 9728K, 19% used [0x00000000d7900000,0x00000000d7adc190,0x00000000d8280000)
  to   space 10240K, 0% used [0x00000000d6e80000,0x00000000d6e80000,0x00000000d7880000)
 ParOldGen       total 87552K, used 24608K [0x0000000080400000, 0x0000000085980000, 0x00000000d5700000)
  object space 87552K, 28% used [0x0000000080400000,0x0000000081c08320,0x0000000085980000)
 Metaspace       used 19176K, capacity 19431K, committed 19712K, reserved 1067008K
  class space    used 2172K, capacity 2235K, committed 2304K, reserved 1048576K
Event: 141.888 GC heap after
Heap after GC invocations=31 (full 4):
 PSYoungGen      total 25600K, used 1481K [0x00000000d5700000, 0x00000000d8180000, 0x0000000100000000)
  eden space 24064K, 0% used [0x00000000d5700000,0x00000000d5700000,0x00000000d6e80000)
  from space 1536K, 96% used [0x00000000d6e80000,0x00000000d6ff26c0,0x00000000d7000000)
  to   space 9728K, 0% used [0x00000000d7800000,0x00000000d7800000,0x00000000d8180000)
 ParOldGen       total 87552K, used 24720K [0x0000000080400000, 0x0000000085980000, 0x00000000d5700000)
  object space 87552K, 28% used [0x0000000080400000,0x0000000081c24320,0x0000000085980000)
 Metaspace       used 19176K, capacity 19431K, committed 19712K, reserved 1067008K
  class space    used 2172K, capacity 2235K, committed 2304K, reserved 1048576K
}
Event: 144.421 GC heap before
{Heap before GC invocations=32 (full 4):
 PSYoungGen      total 25600K, used 25545K [0x00000000d5700000, 0x00000000d8180000, 0x0000000100000000)
  eden space 24064K, 100% used [0x00000000d5700000,0x00000000d6e80000,0x00000000d6e80000)
  from space 1536K, 96% used [0x00000000d6e80000,0x00000000d6ff26c0,0x00000000d7000000)
  to   space 9728K, 0% used [0x00000000d7800000,0x00000000d7800000,0x00000000d8180000)
 ParOldGen       total 87552K, used 24720K [0x0000000080400000, 0x0000000085980000, 0x00000000d5700000)
  object space 87552K, 28% used [0x0000000080400000,0x0000000081c24320,0x0000000085980000)
 Metaspace       used 19176K, capacity 19431K, committed 19712K, reserved 1067008K
  class space    used 2172K, capacity 2235K, committed 2304K, reserved 1048576K
Event: 144.423 GC heap after
Heap after GC invocations=32 (full 4):
 PSYoungGen      total 32768K, used 3406K [0x00000000d5700000, 0x00000000d8080000, 0x0000000100000000)
  eden space 24064K, 0% used [0x00000000d5700000,0x00000000d5700000,0x00000000d6e80000)
  from space 8704K, 39% used [0x00000000d7800000,0x00000000d7b53bb0,0x00000000d8080000)
  to   space 9216K, 0% used [0x00000000d6e80000,0x00000000d6e80000,0x00000000d7780000)
 ParOldGen       total 87552K, used 24856K [0x0000000080400000, 0x0000000085980000, 0x00000000d5700000)
  object space 87552K, 28% used [0x0000000080400000,0x0000000081c46320,0x0000000085980000)
 Metaspace       used 19176K, capacity 19431K, committed 19712K, reserved 1067008K
  class space    used 2172K, capacity 2235K, committed 2304K, reserved 1048576K
}
Event: 147.446 GC heap before
{Heap before GC invocations=33 (full 4):
 PSYoungGen      total 32768K, used 27470K [0x00000000d5700000, 0x00000000d8080000, 0x0000000100000000)
  eden space 24064K, 100% used [0x00000000d5700000,0x00000000d6e80000,0x00000000d6e80000)
  from space 8704K, 39% used [0x00000000d7800000,0x00000000d7b53bb0,0x00000000d8080000)
  to   space 9216K, 0% used [0x00000000d6e80000,0x00000000d6e80000,0x00000000d7780000)
 ParOldGen       total 87552K, used 24856K [0x0000000080400000, 0x0000000085980000, 0x00000000d5700000)
  object space 87552K, 28% used [0x0000000080400000,0x0000000081c46320,0x0000000085980000)
 Metaspace       used 19176K, capacity 19431K, committed 19712K, reserved 1067008K
  class space    used 2172K, capacity 2235K, committed 2304K, reserved 1048576K
Event: 147.448 GC heap after
Heap after GC invocations=33 (full 4):
 PSYoungGen      total 26624K, used 2529K [0x00000000d5700000, 0x00000000d7f80000, 0x0000000100000000)
  eden space 24064K, 0% used [0x00000000d5700000,0x00000000d5700000,0x00000000d6e80000)
  from space 2560K, 98% used [0x00000000d6e80000,0x00000000d70f8610,0x00000000d7100000)
  to   space 8704K, 0% used [0x00000000d7700000,0x00000000d7700000,0x00000000d7f80000)
 ParOldGen       total 87552K, used 24984K [0x0000000080400000, 0x0000000085980000, 0x00000000d5700000)
  object space 87552K, 28% used [0x0000000080400000,0x0000000081c66320,0x0000000085980000)
 Metaspace       used 19176K, capacity 19431K, committed 19712K, reserved 1067008K
  class space    used 2172K, capacity 2235K, committed 2304K, reserved 1048576K
}

Deoptimization events (10 events):
Event: 92.319 Thread 0x000000005a8ff000 Uncommon trap: reason=unstable_if action=reinterpret pc=0x00000000034b1230 method=com.mygdx.game.states.GameState.render(Lcom/badlogic/gdx/graphics/g2d/SpriteBatch;)V @ 719
Event: 92.746 Thread 0x000000005a8ff000 Uncommon trap: reason=unstable_if action=reinterpret pc=0x0000000002deedb4 method=com.mygdx.game.objects.CollisionListener.preSolve(Lcom/badlogic/gdx/physics/box2d/Contact;Lcom/badlogic/gdx/physics/box2d/Manifold;)V @ 663
Event: 97.403 Thread 0x000000005a8ff000 Uncommon trap: reason=class_check action=maybe_recompile pc=0x00000000035c6aac method=com.mygdx.game.objects.CollisionListener.beginContact(Lcom/badlogic/gdx/physics/box2d/Contact;)V @ 954
Event: 101.009 Thread 0x000000005a8ff000 Uncommon trap: reason=class_check action=maybe_recompile pc=0x00000000035c6aac method=com.mygdx.game.objects.CollisionListener.beginContact(Lcom/badlogic/gdx/physics/box2d/Contact;)V @ 954
Event: 107.686 Thread 0x000000005a8ff000 Uncommon trap: reason=unstable_if action=reinterpret pc=0x0000000003277878 method=java.nio.Bits.tryReserveMemory(JI)Z @ 29
Event: 121.433 Thread 0x000000005a8ff000 Uncommon trap: reason=unstable_if action=reinterpret pc=0x0000000003087874 method=com.mygdx.game.objects.BotPlayer.update(F)V @ 1060
Event: 124.168 Thread 0x000000005a8ff000 Uncommon trap: reason=unstable_if action=reinterpret pc=0x00000000035a44d0 method=com.mygdx.game.states.GameState.render(Lcom/badlogic/gdx/graphics/g2d/SpriteBatch;)V @ 544
Event: 124.168 Thread 0x000000005a8ff000 Uncommon trap: reason=unstable_if action=reinterpret pc=0x0000000002b7d800 method=com.mygdx.game.objects.BotPlayer.update(F)V @ 531
Event: 124.169 Thread 0x000000005a8ff000 Uncommon trap: reason=unstable_if action=reinterpret pc=0x00000000031bbb9c method=com.mygdx.game.objects.BotPlayer.update(F)V @ 1060
Event: 124.169 Thread 0x000000005a8ff000 Uncommon trap: reason=unstable_if action=reinterpret pc=0x0000000002850508 method=com.mygdx.game.objects.Player.update(F)V @ 617

Internal exceptions (10 events):
Event: 84.981 Thread 0x000000005a8ff000 Implicit null exception at 0x0000000002d983eb to 0x0000000002d986b1
Event: 85.369 Thread 0x000000005a8ff000 Implicit null exception at 0x0000000002cba546 to 0x0000000002cba769
Event: 85.369 Thread 0x000000005a8ff000 Implicit null exception at 0x0000000002ca2f14 to 0x0000000002ca30e1
Event: 85.379 Thread 0x000000005a8ff000 Implicit null exception at 0x00000000030c91ac to 0x00000000030c9599
Event: 85.387 Thread 0x000000005a8ff000 Implicit null exception at 0x00000000030b3738 to 0x00000000030b3929
Event: 85.393 Thread 0x000000005a8ff000 Implicit null exception at 0x00000000030b4be2 to 0x00000000030b4ff7
Event: 85.486 Thread 0x000000005a8ff000 Implicit null exception at 0x0000000003279696 to 0x0000000003279d6d
Event: 85.498 Thread 0x000000005a8ff000 Implicit null exception at 0x0000000003271685 to 0x0000000003271d35
Event: 85.513 Thread 0x000000005a8ff000 Implicit null exception at 0x00000000032665fd to 0x0000000003266c75
Event: 85.553 Thread 0x000000005a8ff000 Implicit null exception at 0x000000000325f0a3 to 0x000000000325f4d5

Events (10 events):
Event: 135.831 Executing VM operation: ParallelGCFailedAllocation
Event: 135.833 Executing VM operation: ParallelGCFailedAllocation done
Event: 138.856 Executing VM operation: ParallelGCFailedAllocation
Event: 138.858 Executing VM operation: ParallelGCFailedAllocation done
Event: 141.886 Executing VM operation: ParallelGCFailedAllocation
Event: 141.888 Executing VM operation: ParallelGCFailedAllocation done
Event: 144.421 Executing VM operation: ParallelGCFailedAllocation
Event: 144.423 Executing VM operation: ParallelGCFailedAllocation done
Event: 147.446 Executing VM operation: ParallelGCFailedAllocation
Event: 147.448 Executing VM operation: ParallelGCFailedAllocation done


Dynamic libraries:
0x000000013ff60000 - 0x000000013ff97000 	C:\Program Files\Java\jre1.8.0_91\bin\javaw.exe
0x00000000776d0000 - 0x000000007787a000 	C:\Windows\SYSTEM32\ntdll.dll
0x000007fefa7a0000 - 0x000007fefa7d3000 	C:\Program Files\AVAST Software\Avast\x64\aswhooka.dll
0x00000000774b0000 - 0x00000000775cf000 	C:\Windows\system32\kernel32.dll
0x000007fefd550000 - 0x000007fefd5ba000 	C:\Windows\system32\KERNELBASE.dll
0x000007fefd980000 - 0x000007fefda5b000 	C:\Windows\system32\ADVAPI32.dll
0x000007fefd8e0000 - 0x000007fefd97f000 	C:\Windows\system32\msvcrt.dll
0x000007fefe1f0000 - 0x000007fefe20f000 	C:\Windows\SYSTEM32\sechost.dll
0x000007fefdd30000 - 0x000007fefde5d000 	C:\Windows\system32\RPCRT4.dll
0x00000000775d0000 - 0x00000000776ca000 	C:\Windows\system32\USER32.dll
0x000007feff890000 - 0x000007feff8f7000 	C:\Windows\system32\GDI32.dll
0x000007fefd820000 - 0x000007fefd82e000 	C:\Windows\system32\LPK.dll
0x000007feff4f0000 - 0x000007feff5bb000 	C:\Windows\system32\USP10.dll
0x000007fefbdc0000 - 0x000007fefbfb4000 	C:\Windows\WinSxS\amd64_microsoft.windows.common-controls_6595b64144ccf1df_6.0.7601.18837_none_fa3b1e3d17594757\COMCTL32.dll
0x000007fefd860000 - 0x000007fefd8d1000 	C:\Windows\system32\SHLWAPI.dll
0x000007fefd830000 - 0x000007fefd85e000 	C:\Windows\system32\IMM32.DLL
0x000007feff3c0000 - 0x000007feff4c9000 	C:\Windows\system32\MSCTF.dll
0x0000000069d50000 - 0x0000000069e22000 	C:\Program Files\Java\jre1.8.0_91\bin\msvcr100.dll
0x00000000586e0000 - 0x0000000058f73000 	C:\Program Files\Java\jre1.8.0_91\bin\server\jvm.dll
0x000007feed210000 - 0x000007feed219000 	C:\Windows\system32\WSOCK32.dll
0x000007fefefa0000 - 0x000007fefefed000 	C:\Windows\system32\WS2_32.dll
0x000007fefda60000 - 0x000007fefda68000 	C:\Windows\system32\NSI.dll
0x000007fefb110000 - 0x000007fefb14b000 	C:\Windows\system32\WINMM.dll
0x000007fefc480000 - 0x000007fefc48c000 	C:\Windows\system32\VERSION.dll
0x00000000778a0000 - 0x00000000778a7000 	C:\Windows\system32\PSAPI.DLL
0x0000000071e90000 - 0x0000000071e9f000 	C:\Program Files\Java\jre1.8.0_91\bin\verify.dll
0x000000006a0e0000 - 0x000000006a109000 	C:\Program Files\Java\jre1.8.0_91\bin\java.dll
0x00000000712e0000 - 0x00000000712f6000 	C:\Program Files\Java\jre1.8.0_91\bin\zip.dll
0x000007fefe210000 - 0x000007fefef9b000 	C:\Windows\system32\SHELL32.dll
0x000007fefde60000 - 0x000007fefe05c000 	C:\Windows\system32\ole32.dll
0x000007fefd3c0000 - 0x000007fefd3cf000 	C:\Windows\system32\profapi.dll
0x00000000720c0000 - 0x0000000072258000 	C:\Program Files\Java\jre1.8.0_91\bin\awt.dll
0x000007fefdc50000 - 0x000007fefdd2a000 	C:\Windows\system32\OLEAUT32.dll
0x000007fefb9b0000 - 0x000007fefba06000 	C:\Windows\system32\uxtheme.dll
0x000007fefb5a0000 - 0x000007fefb5b8000 	C:\Windows\system32\dwmapi.dll
0x000007fefd220000 - 0x000007fefd22f000 	C:\Windows\system32\CRYPTBASE.dll
0x000007fee1520000 - 0x000007fee171f000 	C:\Windows\system32\d3d9.dll
0x000007fefa960000 - 0x000007fefa967000 	C:\Windows\system32\d3d8thk.dll
0x000007fedc3d0000 - 0x000007fedd43b000 	C:\Windows\system32\nvd3dumx.dll
0x000007fefbfc0000 - 0x000007fefbfec000 	C:\Windows\system32\powrprof.dll
0x000007fefda70000 - 0x000007fefdc47000 	C:\Windows\system32\SETUPAPI.dll
0x000007fefd690000 - 0x000007fefd6c6000 	C:\Windows\system32\CFGMGR32.dll
0x000007fefd630000 - 0x000007fefd64a000 	C:\Windows\system32\DEVOBJ.dll
0x000007fee3870000 - 0x000007fee3951000 	C:\Program Files (x86)\NVIDIA Corporation\3D Vision\nvSCPAPI64.dll
0x000007fee3690000 - 0x000007fee3866000 	C:\Windows\system32\nvspcap64.dll
0x000007fef9270000 - 0x000007fef92e1000 	C:\Windows\system32\WINHTTP.dll
0x000007fef9200000 - 0x000007fef9265000 	C:\Windows\system32\webio.dll
0x000007fef9cc0000 - 0x000007fefa075000 	C:\Windows\system32\nvapi64.dll
0x000007fefd190000 - 0x000007fefd1b5000 	C:\Windows\system32\SspiCli.dll
0x0000000071a20000 - 0x0000000071a67000 	C:\Program Files\Java\jre1.8.0_91\bin\fontmanager.dll
0x0000000072300000 - 0x000000007231a000 	C:\Program Files\Java\jre1.8.0_91\bin\net.dll
0x000007fefcb50000 - 0x000007fefcba5000 	C:\Windows\system32\mswsock.dll
0x000007fefcb40000 - 0x000007fefcb47000 	C:\Windows\System32\wship6.dll
0x00000000722e0000 - 0x00000000722f1000 	C:\Program Files\Java\jre1.8.0_91\bin\nio.dll
0x0000000071950000 - 0x0000000071992000 	C:\Program Files\Java\jre1.8.0_91\bin\t2k.dll
0x0000000065580000 - 0x0000000065616000 	C:\Users\Victor\AppData\Local\Temp\libgdxVictor\40f0d13c\gdx64.dll
0x000007fefcbb0000 - 0x000007fefcbc8000 	C:\Windows\system32\CRYPTSP.dll
0x000007fefc8b0000 - 0x000007fefc8f7000 	C:\Windows\system32\rsaenh.dll
0x000007fefd5c0000 - 0x000007fefd5de000 	C:\Windows\system32\USERENV.dll
0x000007fefae20000 - 0x000007fefae47000 	C:\Windows\system32\IPHLPAPI.DLL
0x000007fefae10000 - 0x000007fefae1b000 	C:\Windows\system32\WINNSI.DLL
0x000007fefad40000 - 0x000007fefad51000 	C:\Windows\system32\dhcpcsvc6.DLL
0x000007fefad20000 - 0x000007fefad38000 	C:\Windows\system32\dhcpcsvc.DLL
0x0000000180000000 - 0x0000000180053000 	C:\Users\Victor\AppData\Local\Temp\libgdxVictor\dc0f0009\lwjgl64.dll
0x000007fee1100000 - 0x000007fee121d000 	C:\Windows\system32\OPENGL32.dll
0x000007fef7d90000 - 0x000007fef7dbd000 	C:\Windows\system32\GLU32.dll
0x000007fee1000000 - 0x000007fee10f1000 	C:\Windows\system32\DDRAW.dll
0x000007fefbbd0000 - 0x000007fefbbd8000 	C:\Windows\system32\DCIMAN32.dll
0x0000000058f80000 - 0x0000000058fe4000 	C:\Users\Victor\AppData\Local\Temp\libgdxVictor\dc0f0009\OpenAL64.dll
0x000007fefd780000 - 0x000007fefd819000 	C:\Windows\system32\CLBCatQ.DLL
0x000007fefbb70000 - 0x000007fefbbbb000 	C:\Windows\System32\MMDevApi.dll
0x000007fefba30000 - 0x000007fefbb5c000 	C:\Windows\System32\PROPSYS.dll
0x000007fee3600000 - 0x000007fee3688000 	C:\Windows\system32\dsound.dll
0x000007fefacd0000 - 0x000007fefad1f000 	C:\Windows\system32\AUDIOSES.DLL
0x000000005f7b0000 - 0x00000000615f7000 	C:\Windows\system32\nvoglv64.DLL
0x000007fefc610000 - 0x000007fefc621000 	C:\Windows\system32\WTSAPI32.dll
0x000007fef7e30000 - 0x000007fef7f55000 	C:\Windows\system32\dbghelp.dll
0x000007fefd5f0000 - 0x000007fefd62b000 	C:\Windows\system32\WINTRUST.dll
0x000007fefd3e0000 - 0x000007fefd54d000 	C:\Windows\system32\CRYPT32.dll
0x000007fefd3d0000 - 0x000007fefd3df000 	C:\Windows\system32\MSASN1.dll
0x000007fefb530000 - 0x000007fefb55d000 	C:\Windows\system32\ntmarta.dll
0x000007feff900000 - 0x000007feff952000 	C:\Windows\system32\WLDAP32.dll
0x000007fefa2d0000 - 0x000007fefa36c000 	C:\Windows\system32\mscms.dll
0x000007feeab20000 - 0x000007feeab62000 	C:\Windows\system32\icm32.dll
0x000007fefd2d0000 - 0x000007fefd30d000 	C:\Windows\system32\WINSTA.dll
0x0000000068900000 - 0x0000000068a54000 	C:\Users\Victor\AppData\Local\Temp\libgdxVictor\703c426f\gdx-controllers-desktop64.dll
0x000007feeaae0000 - 0x000007feeab1c000 	C:\Windows\system32\DINPUT8.dll
0x000007fefb5c0000 - 0x000007fefb5cb000 	C:\Windows\system32\HID.DLL
0x000000006a740000 - 0x000000006a7ed000 	C:\Users\Victor\AppData\Local\Temp\libgdxVictor\6fb08ec8\gdx-freetype64.dll
0x0000000059e40000 - 0x0000000059efb000 	C:\Users\Victor\AppData\Local\Temp\libgdxVictor\ad04a22e\gdx-box2d64.dll

VM Arguments:
jvm_args: -Djava.library.path=D:\LIBGDX\libgdx\extensions\gdx-controllers\gdx-controllers-desktop-natives;D:\LIBGDX\libgdx\gdx-natives;D:\LIBGDX\libgdx\gdx-natives -Dfile.encoding=Cp1252 
java_command: com.mygdx.game.desktop.DesktopLauncher -Xmx4048m
java_class_path (initial): C:\Users\Victor\Games\Workspace\desktop\bin;C:\Users\Victor\.gradle\caches\modules-2\files-2.1\com.badlogicgames.gdx\gdx-backend-lwjgl\1.6.1\e3208559223c991f1db7220d5ddf3e5a12e5528f\gdx-backend-lwjgl-1.6.1.jar;C:\Users\Victor\.gradle\caches\modules-2\files-2.1\com.badlogicgames.gdx\gdx-platform\1.6.1\861f02e3f7f85423be6f9727ab12b03b40d39477\gdx-platform-1.6.1-natives-desktop.jar;C:\Users\Victor\.gradle\caches\modules-2\files-2.1\com.badlogicgames.gdx\gdx-box2d-platform\1.6.1\afe698dffa47134e4eeaaf674bd5ad3844e60ff0\gdx-box2d-platform-1.6.1-natives-desktop.jar;C:\Users\Victor\.gradle\caches\modules-2\files-2.1\com.badlogicgames.gdx\gdx-bullet-platform\1.6.1\e9a636bd871715f7e69c5e53f4cd2b4f0ef40a7d\gdx-bullet-platform-1.6.1-natives-desktop.jar;C:\Users\Victor\.gradle\caches\modules-2\files-2.1\com.badlogicgames.gdx\gdx-freetype-platform\1.6.1\a73fbc0f0873c7d30b8123371714f0cbcf32206e\gdx-freetype-platform-1.6.1-natives-desktop.jar;D:\LIBGDX\libgdx\extensions\gdx-controllers\gdx-controllers-desktop.jar;C:\Users\Victor\.gradle\caches\modules-2\files-2.1\com.badlogicgames.gdx\gdx-controllers-platform\1.6.1\758c616eb2c81f6043c5a73c22f8e2406bc6e750\gdx-controllers-platform-1.6.1-natives-desktop.jar;C:\Users\Victor\.gradle\caches\modules-2\files-2.1\com.badlogicgames.gdx\gdx-tools\1.6.1\f4fc6e4240d81c24b02a75c48f1685e6cf76435a\gdx-tools-1.6.1.jar;D:\LIBGDX\libgdx\gdx.jar;C:\Users\Victor\.gradle\caches\modules-2\files-2.1\com.badlogicgames.gdx\gdx-bullet\1.6.1\24124f7e16583d2a4f973c1b0f360c52ab259acf\gdx-bullet-1.6.1.jar;D:\LIBGDX\libgdx\extensions\gdx-controllers\gdx-controllers.jar;C:\Users\Victor\.gradle\caches\modules-2\files-2.1\org.lwjgl.lwjgl\lwjgl\2.9.2\a9d80fe5935c7a9149f6584d9777cfd471f65489\lwjgl-2.9.2.jar;C:\Users\Victor\.gradle\caches\modules-2\files-2.1\org.lwjgl.lwjgl\lwjgl_util\2.9.2\4b9e37300a87799856e0bd15ed81663cdb6b0947\lwjgl_util-2.9.2.jar;C:\Users\Victor\.gradle\caches\modules-2\files-2.1\com.badlogicgames.jlayer\jlayer\1.0.1
Launcher Type: SUN_STANDARD

Environment Variables:
JAVA_HOME=C:\Program Files (x86)\Java\jdk1.7.0_55
CLASSPATH=.;.;C:\PROGRA~2\JMF21~1.1E\lib\sound.jar;C:\PROGRA~2\JMF21~1.1E\lib\jmf.jar;C:\PROGRA~2\JMF21~1.1E\lib;C:\Program Files (x86)\ant\bin
PATH=C:\ProgramData\Oracle\Java\javapath;C:\Windows\system32;C:\Windows;C:\Windows\System32\Wbem;C:\Windows\System32\WindowsPowerShell\v1.0\;C:\Program Files (x86)\NVIDIA Corporation\PhysX\Common;C:\Program Files (x86)\Windows Kits\8.1\Windows Performance Toolkit\;C:\Program Files\Microsoft SQL Server\110\Tools\Binn\;C:\Program Files (x86)\Microsoft SDKs\TypeScript\1.0\;C:\Program Files\Microsoft SQL Server\120\Tools\Binn\;C:\Program Files\Java\jre1.8.0_71\bin;C:\Program Files\Java\jdk1.8.0_71\bin;C:\Program Files (x86)\GtkSharp\2.12\bin;C:\Program Files\Microsoft SQL Server\130\Tools\Binn\;C:\Program Files\MATLAB\R2016a\bin;C:\Program Files\SDL2;C:\Program Files\apache-maven-3.3.9\bin;C:\Program Files\Git\cmd;C:\Program Files (x86)\ant\bin;C:\Program Files (x86)\QuickTime\QTSystem\;C:\Program Files (x86)\Skype\Phone;C:\Program Files (x86)\Gradle\bin;C:\Program Files (x86)\CVSNT\
USERNAME=Victor
OS=Windows_NT
PROCESSOR_IDENTIFIER=Intel64 Family 6 Model 42 Stepping 7, GenuineIntel



---------------  S Y S T E M  ---------------

OS: Windows 7 , 64 bit Build 7601 (6.1.7601.23807)

CPU:total 4 (4 cores per cpu, 1 threads per core) family 6 model 42 stepping 7, cmov, cx8, fxsr, mmx, sse, sse2, sse3, ssse3, sse4.1, sse4.2, popcnt, avx, aes, clmul, tsc, tscinvbit

Memory: 4k page, physical 8370836k(5921140k free), swap 33424140k(29298420k free)

vm_info: Java HotSpot(TM) 64-Bit Server VM (25.91-b14) for windows-amd64 JRE (1.8.0_91-b14), built on Apr  1 2016 00:58:32 by "java_re" with MS VC++ 10.0 (VS2010)

time: Fri Jul 21 15:17:27 2017
elapsed time: 151 seconds (0d 0h 2m 31s)

