#
# A fatal error has been detected by the Java Runtime Environment:
#
#  EXCEPTION_ACCESS_VIOLATION (0xc0000005) at pc=0x000000006a749683, pid=4712, tid=3796
#
# JRE version: Java(TM) SE Runtime Environment (8.0_91-b14) (build 1.8.0_91-b14)
# Java VM: Java HotSpot(TM) 64-Bit Server VM (25.91-b14 mixed mode windows-amd64 compressed oops)
# Problematic frame:
# C  [gdx-freetype64.dll+0x9683]
#
# Failed to write core dump. Minidumps are not enabled by default on client versions of Windows
#
# If you would like to submit a bug report, please visit:
#   http://bugreport.java.com/bugreport/crash.jsp
# The crash happened outside the Java Virtual Machine in native code.
# See problematic frame for where to report the bug.
#

---------------  T H R E A D  ---------------

Current thread (0x000000005a969000):  JavaThread "LWJGL Application" [_thread_in_native, id=3796, stack(0x000000005f780000,0x000000005f880000)]

siginfo: ExceptionCode=0xc0000005, reading address 0x0000000000000054

Registers:
RAX=0x0000000000000000, RBX=0x00000000638b3288, RCX=0x0000000064baf690, RDX=0x000000005f87ee98
RSP=0x000000005f87edc0, RBP=0x000000005f87ee88, RSI=0x0000000064baf690, RDI=0x000000000041e760
R8 =0x0000000064baf690, R9 =0x00000000000000de, R10=0x0000000002607f08, R11=0x0000000058909d90
R12=0x0000000000000000, R13=0x00000000638b3288, R14=0x000000005f87eeb0, R15=0x000000005a969000
RIP=0x000000006a749683, EFLAGS=0x0000000000010206

Top of Stack: (sp=0x000000005f87edc0)
0x000000005f87edc0:   0000000000000000 00000000585049f8
0x000000005f87edd0:   000000000000002a 0000000000000001
0x000000005f87ede0:   0000000000001009 00000000638b3288
0x000000005f87edf0:   00000000d60006c8 00000000025f8331
0x000000005f87ee00:   000000005f87ee88 0000000002607f34
0x000000005f87ee10:   0000000000000001 0000000000000000
0x000000005f87ee20:   000000005ec05060 0000000000000000
0x000000005f87ee30:   00000000025f8331 0000000180004ff7
0x000000005f87ee40:   000000005ec05060 000000005f87ee48
0x000000005f87ee50:   0000000000000000 000000005f87eeb0
0x000000005f87ee60:   00000000638b4ce8 0000000000000000
0x000000005f87ee70:   00000000638b3288 0000000000000000
0x000000005f87ee80:   000000005f87eea8 000000005f87eef8
0x000000005f87ee90:   00000000025f8331 00000000815c09a0
0x000000005f87eea0:   00000000026019b8 0000000064baf690
0x000000005f87eeb0:   0000000000000000 000000005f87eeb8 

Instructions: (pc=0x000000006a749683)
0x000000006a749663:   53 48 83 ec 28 48 85 c9 48 89 ce 74 30 48 8b b9
0x000000006a749673:   90 00 00 00 48 85 ff 74 24 48 8b 81 d0 00 00 00
0x000000006a749683:   8b 48 54 8d 51 ff 89 50 54 31 c0 85 d2 7e 1e 48
0x000000006a749693:   83 c4 28 5b 5e 5f 5d c3 0f 1f 44 00 00 b8 23 00 


Register to memory mapping:

RAX=0x0000000000000000 is an unknown value
RBX={method} {0x00000000638b3290} 'doneFace' '(J)V' in 'com/badlogic/gdx/graphics/g2d/freetype/FreeType$Face'
RCX=0x0000000064baf690 is an unknown value
RDX=0x000000005f87ee98 is pointing into the stack for thread: 0x000000005a969000
RSP=0x000000005f87edc0 is pointing into the stack for thread: 0x000000005a969000
RBP=0x000000005f87ee88 is pointing into the stack for thread: 0x000000005a969000
RSI=0x0000000064baf690 is an unknown value
RDI=0x000000000041e760 is an unknown value
R8 =0x0000000064baf690 is an unknown value
R9 =0x00000000000000de is an unknown value
R10=0x0000000002607f08 is at code_begin+840 in an Interpreter codelet
method entry point (kind = native)  [0x0000000002607bc0, 0x0000000002608520]  2400 bytes
R11=0x0000000058909d90 is an unknown value
R12=0x0000000000000000 is an unknown value
R13={method} {0x00000000638b3290} 'doneFace' '(J)V' in 'com/badlogic/gdx/graphics/g2d/freetype/FreeType$Face'
R14=0x000000005f87eeb0 is pointing into the stack for thread: 0x000000005a969000
R15=0x000000005a969000 is a thread


Stack: [0x000000005f780000,0x000000005f880000],  sp=0x000000005f87edc0,  free space=1019k
Native frames: (J=compiled Java code, j=interpreted, Vv=VM code, C=native code)
C  [gdx-freetype64.dll+0x9683]
C  0x0000000002607f34

Java frames: (J=compiled Java code, j=interpreted, Vv=VM code)
j  com.badlogic.gdx.graphics.g2d.freetype.FreeType$Face.doneFace(J)V+0
j  com.badlogic.gdx.graphics.g2d.freetype.FreeType$Face.dispose()V+4
j  com.badlogic.gdx.graphics.g2d.freetype.FreeTypeFontGenerator.dispose()V+4
j  com.mygdx.game.objects.GamePause.dispose()V+4
j  com.mygdx.game.states.GameState.dispose()V+382
j  com.mygdx.game.Manager.dispose()V+14
j  com.mygdx.game.Manager.changeState(I)V+1
J 3632 C2 com.mygdx.game.states.GameState.update(F)V (2214 bytes) @ 0x00000000034e83cc [0x00000000034e5280+0x314c]
J 3710 C2 com.mygdx.game.KambojaMain.render()V (129 bytes) @ 0x00000000031392b8 [0x0000000003138da0+0x518]
j  com.badlogic.gdx.backends.lwjgl.LwjglApplication.mainLoop()V+684
j  com.badlogic.gdx.backends.lwjgl.LwjglApplication$1.run()V+27
v  ~StubRoutines::call_stub

---------------  P R O C E S S  ---------------

Java Threads: ( => current thread )
  0x000000005fd10800 JavaThread "LWJGL Timer" daemon [_thread_blocked, id=5552, stack(0x00000000679d0000,0x0000000067ad0000)]
  0x000000000020e800 JavaThread "DestroyJavaVM" [_thread_blocked, id=4624, stack(0x0000000002190000,0x0000000002290000)]
=>0x000000005a969000 JavaThread "LWJGL Application" [_thread_in_native, id=3796, stack(0x000000005f780000,0x000000005f880000)]
  0x000000005a486800 JavaThread "TimerQueue" daemon [_thread_blocked, id=4664, stack(0x000000005ea10000,0x000000005eb10000)]
  0x000000005a46c000 JavaThread "D3D Screen Updater" daemon [_thread_blocked, id=3676, stack(0x000000005e3d0000,0x000000005e4d0000)]
  0x000000005a29b800 JavaThread "AWT-Windows" daemon [_thread_in_native, id=4220, stack(0x000000005acd0000,0x000000005add0000)]
  0x000000005a29a000 JavaThread "Java2D Disposer" daemon [_thread_blocked, id=7020, stack(0x0000000059ef0000,0x0000000059ff0000)]
  0x00000000595df000 JavaThread "Service Thread" daemon [_thread_blocked, id=4560, stack(0x0000000059de0000,0x0000000059ee0000)]
  0x00000000574bf800 JavaThread "C1 CompilerThread2" daemon [_thread_blocked, id=5892, stack(0x0000000059c00000,0x0000000059d00000)]
  0x00000000574be800 JavaThread "C2 CompilerThread1" daemon [_thread_blocked, id=3596, stack(0x0000000059b00000,0x0000000059c00000)]
  0x00000000574bb800 JavaThread "C2 CompilerThread0" daemon [_thread_blocked, id=6080, stack(0x0000000059940000,0x0000000059a40000)]
  0x00000000574b9000 JavaThread "Attach Listener" daemon [_thread_blocked, id=308, stack(0x0000000059440000,0x0000000059540000)]
  0x00000000574b6000 JavaThread "Signal Dispatcher" daemon [_thread_blocked, id=5368, stack(0x00000000592f0000,0x00000000593f0000)]
  0x000000005749b800 JavaThread "Finalizer" daemon [_thread_blocked, id=1492, stack(0x0000000059170000,0x0000000059270000)]
  0x0000000057454800 JavaThread "Reference Handler" daemon [_thread_blocked, id=2408, stack(0x0000000059060000,0x0000000059160000)]

Other Threads:
  0x000000005744d000 VMThread [stack: 0x0000000058550000,0x0000000058650000] [id=1468]
  0x00000000595ef000 WatcherThread [stack: 0x000000005a0b0000,0x000000005a1b0000] [id=7120]

VM state:not at safepoint (normal execution)

VM Mutex/Monitor currently owned by a thread: None

Heap:
 PSYoungGen      total 31232K, used 10552K [0x00000000d5700000, 0x00000000d9300000, 0x0000000100000000)
  eden space 29696K, 31% used [0x00000000d5700000,0x00000000d6046048,0x00000000d7400000)
  from space 1536K, 68% used [0x00000000d7480000,0x00000000d7588200,0x00000000d7600000)
  to   space 15872K, 0% used [0x00000000d8380000,0x00000000d8380000,0x00000000d9300000)
 ParOldGen       total 87552K, used 22197K [0x0000000080400000, 0x0000000085980000, 0x00000000d5700000)
  object space 87552K, 25% used [0x0000000080400000,0x00000000819ad698,0x0000000085980000)
 Metaspace       used 19180K, capacity 19491K, committed 19712K, reserved 1067008K
  class space    used 2172K, capacity 2235K, committed 2304K, reserved 1048576K

Card table byte_map: [0x00000000119b0000,0x0000000011db0000] byte_map_base: 0x00000000115ae000

Marking Bits: (ParMarkBitMap*) 0x0000000058ef2f70
 Begin Bits: [0x00000000126e0000, 0x00000000146d0000)
 End Bits:   [0x00000000146d0000, 0x00000000166c0000)

Polling page: 0x00000000001d0000

CodeCache: size=245760Kb used=14352Kb max_used=14994Kb free=231407Kb
 bounds [0x00000000025f0000, 0x0000000003500000, 0x00000000115f0000]
 total_blobs=3787 nmethods=3023 adapters=676
 compilation: enabled

Compilation events (10 events):
Event: 149.408 Thread 0x00000000574bf800 3716       3       java.util.ArrayList::addAll (54 bytes)
Event: 149.408 Thread 0x00000000574bf800 nmethod 3716 0x0000000003138090 code [0x0000000003138240, 0x0000000003138888]
Event: 149.409 Thread 0x00000000574bf800 3717       3       java.util.ArrayList::toArray (12 bytes)
Event: 149.409 Thread 0x00000000574bf800 nmethod 3717 0x00000000032ba0d0 code [0x00000000032ba240, 0x00000000032ba4c8]
Event: 149.858 Thread 0x00000000574bf800 3718       3       com.badlogic.gdx.backends.lwjgl.audio.OpenALMusic::stop (64 bytes)
Event: 149.858 Thread 0x00000000574bf800 nmethod 3718 0x0000000003321410 code [0x00000000033215a0, 0x0000000003321908]
Event: 150.008 Thread 0x00000000574bf800 3719       3       com.mygdx.game.objects.weapon.Flamethrower::endSound (9 bytes)
Event: 150.008 Thread 0x00000000574bf800 nmethod 3719 0x000000000313c710 code [0x000000000313c880, 0x000000000313cac8]
Event: 150.008 Thread 0x00000000574bf800 3720       3       com.mygdx.game.objects.weapon.Pistol::endSound (1 bytes)
Event: 150.008 Thread 0x00000000574bf800 nmethod 3720 0x0000000002cc5450 code [0x0000000002cc55a0, 0x0000000002cc56f0]

GC Heap History (10 events):
Event: 94.554 GC heap before
{Heap before GC invocations=15 (full 3):
 PSYoungGen      total 47616K, used 2365K [0x00000000d5700000, 0x00000000d9800000, 0x0000000100000000)
  eden space 30720K, 0% used [0x00000000d5700000,0x00000000d5700000,0x00000000d7500000)
  from space 16896K, 13% used [0x00000000d8780000,0x00000000d89cf580,0x00000000d9800000)
  to   space 17920K, 0% used [0x00000000d7500000,0x00000000d7500000,0x00000000d8680000)
 ParOldGen       total 87552K, used 21983K [0x0000000080400000, 0x0000000085980000, 0x00000000d5700000)
  object space 87552K, 25% used [0x0000000080400000,0x0000000081977ca8,0x0000000085980000)
 Metaspace       used 19167K, capacity 19427K, committed 19712K, reserved 1067008K
  class space    used 2172K, capacity 2235K, committed 2304K, reserved 1048576K
Event: 94.603 GC heap after
Heap after GC invocations=15 (full 3):
 PSYoungGen      total 47616K, used 0K [0x00000000d5700000, 0x00000000d9800000, 0x0000000100000000)
  eden space 30720K, 0% used [0x00000000d5700000,0x00000000d5700000,0x00000000d7500000)
  from space 16896K, 0% used [0x00000000d8780000,0x00000000d8780000,0x00000000d9800000)
  to   space 17920K, 0% used [0x00000000d7500000,0x00000000d7500000,0x00000000d8680000)
 ParOldGen       total 87552K, used 22089K [0x0000000080400000, 0x0000000085980000, 0x00000000d5700000)
  object space 87552K, 25% used [0x0000000080400000,0x00000000819925d0,0x0000000085980000)
 Metaspace       used 19167K, capacity 19427K, committed 19712K, reserved 1067008K
  class space    used 2172K, capacity 2235K, committed 2304K, reserved 1048576K
}
Event: 118.125 GC heap before
{Heap before GC invocations=16 (full 3):
 PSYoungGen      total 47616K, used 30720K [0x00000000d5700000, 0x00000000d9800000, 0x0000000100000000)
  eden space 30720K, 100% used [0x00000000d5700000,0x00000000d7500000,0x00000000d7500000)
  from space 16896K, 0% used [0x00000000d8780000,0x00000000d8780000,0x00000000d9800000)
  to   space 17920K, 0% used [0x00000000d7500000,0x00000000d7500000,0x00000000d8680000)
 ParOldGen       total 87552K, used 22089K [0x0000000080400000, 0x0000000085980000, 0x00000000d5700000)
  object space 87552K, 25% used [0x0000000080400000,0x00000000819925d0,0x0000000085980000)
 Metaspace       used 19175K, capacity 19491K, committed 19712K, reserved 1067008K
  class space    used 2172K, capacity 2235K, committed 2304K, reserved 1048576K
Event: 118.126 GC heap after
Heap after GC invocations=16 (full 3):
 PSYoungGen      total 31744K, used 1052K [0x00000000d5700000, 0x00000000d9680000, 0x0000000100000000)
  eden space 30208K, 0% used [0x00000000d5700000,0x00000000d5700000,0x00000000d7480000)
  from space 1536K, 68% used [0x00000000d7500000,0x00000000d7607070,0x00000000d7680000)
  to   space 17408K, 0% used [0x00000000d8580000,0x00000000d8580000,0x00000000d9680000)
 ParOldGen       total 87552K, used 22089K [0x0000000080400000, 0x0000000085980000, 0x00000000d5700000)
  object space 87552K, 25% used [0x0000000080400000,0x00000000819925d0,0x0000000085980000)
 Metaspace       used 19175K, capacity 19491K, committed 19712K, reserved 1067008K
  class space    used 2172K, capacity 2235K, committed 2304K, reserved 1048576K
}
Event: 124.558 GC heap before
{Heap before GC invocations=17 (full 3):
 PSYoungGen      total 31744K, used 9444K [0x00000000d5700000, 0x00000000d9680000, 0x0000000100000000)
  eden space 30208K, 27% used [0x00000000d5700000,0x00000000d5f322f0,0x00000000d7480000)
  from space 1536K, 68% used [0x00000000d7500000,0x00000000d7607070,0x00000000d7680000)
  to   space 17408K, 0% used [0x00000000d8580000,0x00000000d8580000,0x00000000d9680000)
 ParOldGen       total 87552K, used 22089K [0x0000000080400000, 0x0000000085980000, 0x00000000d5700000)
  object space 87552K, 25% used [0x0000000080400000,0x00000000819925d0,0x0000000085980000)
 Metaspace       used 19176K, capacity 19491K, committed 19712K, reserved 1067008K
  class space    used 2172K, capacity 2235K, committed 2304K, reserved 1048576K
Event: 124.559 GC heap after
Heap after GC invocations=17 (full 3):
 PSYoungGen      total 46592K, used 1096K [0x00000000d5700000, 0x00000000d9580000, 0x0000000100000000)
  eden space 30208K, 0% used [0x00000000d5700000,0x00000000d5700000,0x00000000d7480000)
  from space 16384K, 6% used [0x00000000d8580000,0x00000000d8692180,0x00000000d9580000)
  to   space 16896K, 0% used [0x00000000d7480000,0x00000000d7480000,0x00000000d8500000)
 ParOldGen       total 87552K, used 22177K [0x0000000080400000, 0x0000000085980000, 0x00000000d5700000)
  object space 87552K, 25% used [0x0000000080400000,0x00000000819a85d0,0x0000000085980000)
 Metaspace       used 19176K, capacity 19491K, committed 19712K, reserved 1067008K
  class space    used 2172K, capacity 2235K, committed 2304K, reserved 1048576K
}
Event: 124.560 GC heap before
{Heap before GC invocations=18 (full 4):
 PSYoungGen      total 46592K, used 1096K [0x00000000d5700000, 0x00000000d9580000, 0x0000000100000000)
  eden space 30208K, 0% used [0x00000000d5700000,0x00000000d5700000,0x00000000d7480000)
  from space 16384K, 6% used [0x00000000d8580000,0x00000000d8692180,0x00000000d9580000)
  to   space 16896K, 0% used [0x00000000d7480000,0x00000000d7480000,0x00000000d8500000)
 ParOldGen       total 87552K, used 22177K [0x0000000080400000, 0x0000000085980000, 0x00000000d5700000)
  object space 87552K, 25% used [0x0000000080400000,0x00000000819a85d0,0x0000000085980000)
 Metaspace       used 19176K, capacity 19491K, committed 19712K, reserved 1067008K
  class space    used 2172K, capacity 2235K, committed 2304K, reserved 1048576K
Event: 124.586 GC heap after
Heap after GC invocations=18 (full 4):
 PSYoungGen      total 46592K, used 0K [0x00000000d5700000, 0x00000000d9580000, 0x0000000100000000)
  eden space 30208K, 0% used [0x00000000d5700000,0x00000000d5700000,0x00000000d7480000)
  from space 16384K, 0% used [0x00000000d8580000,0x00000000d8580000,0x00000000d9580000)
  to   space 16896K, 0% used [0x00000000d7480000,0x00000000d7480000,0x00000000d8500000)
 ParOldGen       total 87552K, used 22197K [0x0000000080400000, 0x0000000085980000, 0x00000000d5700000)
  object space 87552K, 25% used [0x0000000080400000,0x00000000819ad698,0x0000000085980000)
 Metaspace       used 19176K, capacity 19491K, committed 19712K, reserved 1067008K
  class space    used 2172K, capacity 2235K, committed 2304K, reserved 1048576K
}
Event: 143.678 GC heap before
{Heap before GC invocations=19 (full 4):
 PSYoungGen      total 46592K, used 30208K [0x00000000d5700000, 0x00000000d9580000, 0x0000000100000000)
  eden space 30208K, 100% used [0x00000000d5700000,0x00000000d7480000,0x00000000d7480000)
  from space 16384K, 0% used [0x00000000d8580000,0x00000000d8580000,0x00000000d9580000)
  to   space 16896K, 0% used [0x00000000d7480000,0x00000000d7480000,0x00000000d8500000)
 ParOldGen       total 87552K, used 22197K [0x0000000080400000, 0x0000000085980000, 0x00000000d5700000)
  object space 87552K, 25% used [0x0000000080400000,0x00000000819ad698,0x0000000085980000)
 Metaspace       used 19178K, capacity 19491K, committed 19712K, reserved 1067008K
  class space    used 2172K, capacity 2235K, committed 2304K, reserved 1048576K
Event: 143.679 GC heap after
Heap after GC invocations=19 (full 4):
 PSYoungGen      total 31232K, used 1056K [0x00000000d5700000, 0x00000000d9300000, 0x0000000100000000)
  eden space 29696K, 0% used [0x00000000d5700000,0x00000000d5700000,0x00000000d7400000)
  from space 1536K, 68% used [0x00000000d7480000,0x00000000d7588200,0x00000000d7600000)
  to   space 15872K, 0% used [0x00000000d8380000,0x00000000d8380000,0x00000000d9300000)
 ParOldGen       total 87552K, used 22197K [0x0000000080400000, 0x0000000085980000, 0x00000000d5700000)
  object space 87552K, 25% used [0x0000000080400000,0x00000000819ad698,0x0000000085980000)
 Metaspace       used 19178K, capacity 19491K, committed 19712K, reserved 1067008K
  class space    used 2172K, capacity 2235K, committed 2304K, reserved 1048576K
}

Deoptimization events (10 events):
Event: 89.752 Thread 0x000000005a969000 Uncommon trap: reason=array_check action=maybe_recompile pc=0x0000000002ba0ffc method=com.badlogic.gdx.utils.Array.add(Ljava/lang/Object;)V @ 46
Event: 89.760 Thread 0x000000005a969000 Uncommon trap: reason=array_check action=maybe_recompile pc=0x0000000002ba0ffc method=com.badlogic.gdx.utils.Array.add(Ljava/lang/Object;)V @ 46
Event: 89.785 Thread 0x000000005a969000 Uncommon trap: reason=unstable_if action=reinterpret pc=0x0000000002990874 method=com.badlogic.gdx.utils.LongMap.get(J)Ljava/lang/Object; @ 71
Event: 89.785 Thread 0x000000005a969000 Uncommon trap: reason=unstable_if action=reinterpret pc=0x000000000325d490 method=com.badlogic.gdx.utils.LongMap.get(J)Ljava/lang/Object; @ 71
Event: 89.785 Thread 0x000000005a969000 Uncommon trap: reason=unstable_if action=reinterpret pc=0x0000000003366fd4 method=com.badlogic.gdx.utils.LongMap.get(J)Ljava/lang/Object; @ 71
Event: 89.785 Thread 0x000000005a969000 Uncommon trap: reason=unstable_if action=reinterpret pc=0x0000000002db6724 method=com.badlogic.gdx.utils.LongMap.get(J)Ljava/lang/Object; @ 71
Event: 89.785 Thread 0x000000005a969000 Uncommon trap: reason=unstable_if action=reinterpret pc=0x0000000002cb67d4 method=com.badlogic.gdx.utils.LongMap.get(J)Ljava/lang/Object; @ 71
Event: 89.802 Thread 0x000000005a969000 Uncommon trap: reason=unstable_if action=reinterpret pc=0x0000000003301024 method=com.badlogic.gdx.utils.LongMap.get(J)Ljava/lang/Object; @ 71
Event: 122.475 Thread 0x000000005a969000 Uncommon trap: reason=array_check action=maybe_recompile pc=0x0000000002ba0ffc method=com.badlogic.gdx.utils.Array.add(Ljava/lang/Object;)V @ 46
Event: 134.575 Thread 0x000000005a969000 Uncommon trap: reason=unstable_if action=reinterpret pc=0x000000000312081c method=com.mygdx.game.objects.BotPlayer.update(F)V @ 531

Internal exceptions (10 events):
Event: 15.344 Thread 0x000000005a969000 Implicit null exception at 0x0000000002b55fd4 to 0x0000000002b561a1
Event: 15.388 Thread 0x000000005a969000 Implicit null exception at 0x0000000002ef5676 to 0x0000000002ef5a99
Event: 15.398 Thread 0x000000005a969000 Implicit null exception at 0x0000000002efd87d to 0x0000000002efdb71
Event: 15.476 Thread 0x000000005a969000 Implicit null exception at 0x0000000002f2485f to 0x0000000002f25143
Event: 15.477 Thread 0x000000005a969000 Implicit null exception at 0x0000000002f205f6 to 0x0000000002f20939
Event: 15.530 Thread 0x000000005a969000 Implicit null exception at 0x0000000002f2ed16 to 0x0000000002f2f3ed
Event: 15.541 Thread 0x000000005a969000 Implicit null exception at 0x0000000002f44685 to 0x0000000002f44d41
Event: 15.555 Thread 0x000000005a969000 Implicit null exception at 0x0000000002f45a7d to 0x0000000002f46101
Event: 24.562 Thread 0x000000005a969000 Implicit null exception at 0x0000000002ab7e5b to 0x0000000002abae59
Event: 84.850 Thread 0x000000005a969000 Implicit null exception at 0x0000000002e8f249 to 0x0000000002e8f51d

Events (10 events):
Event: 134.908 Thread 0x000000005a969000 DEOPT PACKING pc=0x000000000324a913 sp=0x000000005f87ee10
Event: 134.908 Thread 0x000000005a969000 DEOPT UNPACKING pc=0x000000000263787f sp=0x000000005f87ec60 mode 0
Event: 135.192 Thread 0x000000005a969000 DEOPT PACKING pc=0x000000000324a913 sp=0x000000005f87ee10
Event: 135.192 Thread 0x000000005a969000 DEOPT UNPACKING pc=0x000000000263787f sp=0x000000005f87ec60 mode 0
Event: 135.458 Thread 0x000000005a969000 DEOPT PACKING pc=0x000000000324a913 sp=0x000000005f87ee10
Event: 135.458 Thread 0x000000005a969000 DEOPT UNPACKING pc=0x000000000263787f sp=0x000000005f87ec60 mode 0
Event: 136.008 Thread 0x000000005a969000 DEOPT PACKING pc=0x000000000324a913 sp=0x000000005f87ee10
Event: 136.008 Thread 0x000000005a969000 DEOPT UNPACKING pc=0x000000000263787f sp=0x000000005f87ec60 mode 0
Event: 143.678 Executing VM operation: ParallelGCFailedAllocation
Event: 143.679 Executing VM operation: ParallelGCFailedAllocation done


Dynamic libraries:
0x000000013ff60000 - 0x000000013ff97000 	C:\Program Files\Java\jre1.8.0_91\bin\javaw.exe
0x00000000776d0000 - 0x000000007787a000 	C:\Windows\SYSTEM32\ntdll.dll
0x000007fefa7a0000 - 0x000007fefa7d3000 	C:\Program Files\AVAST Software\Avast\x64\aswhooka.dll
0x00000000774b0000 - 0x00000000775cf000 	C:\Windows\system32\kernel32.dll
0x000007fefd550000 - 0x000007fefd5ba000 	C:\Windows\system32\KERNELBASE.dll
0x000007fefd980000 - 0x000007fefda5b000 	C:\Windows\system32\ADVAPI32.dll
0x000007fefd8e0000 - 0x000007fefd97f000 	C:\Windows\system32\msvcrt.dll
0x000007fefe1f0000 - 0x000007fefe20f000 	C:\Windows\SYSTEM32\sechost.dll
0x000007fefdd30000 - 0x000007fefde5d000 	C:\Windows\system32\RPCRT4.dll
0x00000000775d0000 - 0x00000000776ca000 	C:\Windows\system32\USER32.dll
0x000007feff890000 - 0x000007feff8f7000 	C:\Windows\system32\GDI32.dll
0x000007fefd820000 - 0x000007fefd82e000 	C:\Windows\system32\LPK.dll
0x000007feff4f0000 - 0x000007feff5bb000 	C:\Windows\system32\USP10.dll
0x000007fefbdc0000 - 0x000007fefbfb4000 	C:\Windows\WinSxS\amd64_microsoft.windows.common-controls_6595b64144ccf1df_6.0.7601.18837_none_fa3b1e3d17594757\COMCTL32.dll
0x000007fefd860000 - 0x000007fefd8d1000 	C:\Windows\system32\SHLWAPI.dll
0x000007fefd830000 - 0x000007fefd85e000 	C:\Windows\system32\IMM32.DLL
0x000007feff3c0000 - 0x000007feff4c9000 	C:\Windows\system32\MSCTF.dll
0x0000000069d50000 - 0x0000000069e22000 	C:\Program Files\Java\jre1.8.0_91\bin\msvcr100.dll
0x00000000586e0000 - 0x0000000058f73000 	C:\Program Files\Java\jre1.8.0_91\bin\server\jvm.dll
0x000007feed210000 - 0x000007feed219000 	C:\Windows\system32\WSOCK32.dll
0x000007fefefa0000 - 0x000007fefefed000 	C:\Windows\system32\WS2_32.dll
0x000007fefda60000 - 0x000007fefda68000 	C:\Windows\system32\NSI.dll
0x000007fefb110000 - 0x000007fefb14b000 	C:\Windows\system32\WINMM.dll
0x000007fefc480000 - 0x000007fefc48c000 	C:\Windows\system32\VERSION.dll
0x00000000778a0000 - 0x00000000778a7000 	C:\Windows\system32\PSAPI.DLL
0x0000000071e90000 - 0x0000000071e9f000 	C:\Program Files\Java\jre1.8.0_91\bin\verify.dll
0x000000006a0e0000 - 0x000000006a109000 	C:\Program Files\Java\jre1.8.0_91\bin\java.dll
0x00000000712e0000 - 0x00000000712f6000 	C:\Program Files\Java\jre1.8.0_91\bin\zip.dll
0x000007fefe210000 - 0x000007fefef9b000 	C:\Windows\system32\SHELL32.dll
0x000007fefde60000 - 0x000007fefe05c000 	C:\Windows\system32\ole32.dll
0x000007fefd3c0000 - 0x000007fefd3cf000 	C:\Windows\system32\profapi.dll
0x00000000720c0000 - 0x0000000072258000 	C:\Program Files\Java\jre1.8.0_91\bin\awt.dll
0x000007fefdc50000 - 0x000007fefdd2a000 	C:\Windows\system32\OLEAUT32.dll
0x000007fefb9b0000 - 0x000007fefba06000 	C:\Windows\system32\uxtheme.dll
0x000007fefb5a0000 - 0x000007fefb5b8000 	C:\Windows\system32\dwmapi.dll
0x000007fefd220000 - 0x000007fefd22f000 	C:\Windows\system32\CRYPTBASE.dll
0x000007fee1520000 - 0x000007fee171f000 	C:\Windows\system32\d3d9.dll
0x000007fefbbd0000 - 0x000007fefbbd7000 	C:\Windows\system32\d3d8thk.dll
0x000007fedd440000 - 0x000007fede4ab000 	C:\Windows\system32\nvd3dumx.dll
0x000007fefbfc0000 - 0x000007fefbfec000 	C:\Windows\system32\powrprof.dll
0x000007fefda70000 - 0x000007fefdc47000 	C:\Windows\system32\SETUPAPI.dll
0x000007fefd690000 - 0x000007fefd6c6000 	C:\Windows\system32\CFGMGR32.dll
0x000007fefd630000 - 0x000007fefd64a000 	C:\Windows\system32\DEVOBJ.dll
0x000007fee3720000 - 0x000007fee3801000 	C:\Program Files (x86)\NVIDIA Corporation\3D Vision\nvSCPAPI64.dll
0x000007fee1040000 - 0x000007fee1216000 	C:\Windows\system32\nvspcap64.dll
0x000007fef9270000 - 0x000007fef92e1000 	C:\Windows\system32\WINHTTP.dll
0x000007fef9200000 - 0x000007fef9265000 	C:\Windows\system32\webio.dll
0x000007fef9cc0000 - 0x000007fefa075000 	C:\Windows\system32\nvapi64.dll
0x000007fefd190000 - 0x000007fefd1b5000 	C:\Windows\system32\SspiCli.dll
0x0000000071a20000 - 0x0000000071a67000 	C:\Program Files\Java\jre1.8.0_91\bin\fontmanager.dll
0x0000000072300000 - 0x000000007231a000 	C:\Program Files\Java\jre1.8.0_91\bin\net.dll
0x000007fefcb50000 - 0x000007fefcba5000 	C:\Windows\system32\mswsock.dll
0x000007fefcb40000 - 0x000007fefcb47000 	C:\Windows\System32\wship6.dll
0x00000000722e0000 - 0x00000000722f1000 	C:\Program Files\Java\jre1.8.0_91\bin\nio.dll
0x0000000071950000 - 0x0000000071992000 	C:\Program Files\Java\jre1.8.0_91\bin\t2k.dll
0x0000000065580000 - 0x0000000065616000 	C:\Users\Victor\AppData\Local\Temp\libgdxVictor\40f0d13c\gdx64.dll
0x000007fefcbb0000 - 0x000007fefcbc8000 	C:\Windows\system32\CRYPTSP.dll
0x000007fefc8b0000 - 0x000007fefc8f7000 	C:\Windows\system32\rsaenh.dll
0x000007fefd5c0000 - 0x000007fefd5de000 	C:\Windows\system32\USERENV.dll
0x000007fefae20000 - 0x000007fefae47000 	C:\Windows\system32\IPHLPAPI.DLL
0x000007fefae10000 - 0x000007fefae1b000 	C:\Windows\system32\WINNSI.DLL
0x000007fefad40000 - 0x000007fefad51000 	C:\Windows\system32\dhcpcsvc6.DLL
0x000007fefad20000 - 0x000007fefad38000 	C:\Windows\system32\dhcpcsvc.DLL
0x0000000180000000 - 0x0000000180053000 	C:\Users\Victor\AppData\Local\Temp\libgdxVictor\dc0f0009\lwjgl64.dll
0x000007fee3600000 - 0x000007fee371d000 	C:\Windows\system32\OPENGL32.dll
0x000007fef7e00000 - 0x000007fef7e2d000 	C:\Windows\system32\GLU32.dll
0x000007fee8920000 - 0x000007fee8a11000 	C:\Windows\system32\DDRAW.dll
0x000007fefa960000 - 0x000007fefa968000 	C:\Windows\system32\DCIMAN32.dll
0x00000000584e0000 - 0x0000000058544000 	C:\Users\Victor\AppData\Local\Temp\libgdxVictor\dc0f0009\OpenAL64.dll
0x000007fefd780000 - 0x000007fefd819000 	C:\Windows\system32\CLBCatQ.DLL
0x000007fefbb70000 - 0x000007fefbbbb000 	C:\Windows\System32\MMDevApi.dll
0x000007fefba30000 - 0x000007fefbb5c000 	C:\Windows\System32\PROPSYS.dll
0x000007fee0fb0000 - 0x000007fee1038000 	C:\Windows\system32\dsound.dll
0x000007fefacd0000 - 0x000007fefad1f000 	C:\Windows\system32\AUDIOSES.DLL
0x0000000060850000 - 0x0000000062697000 	C:\Windows\system32\nvoglv64.DLL
0x000007fefc610000 - 0x000007fefc621000 	C:\Windows\system32\WTSAPI32.dll
0x000007fef7e30000 - 0x000007fef7f55000 	C:\Windows\system32\dbghelp.dll
0x000007fefd5f0000 - 0x000007fefd62b000 	C:\Windows\system32\WINTRUST.dll
0x000007fefd3e0000 - 0x000007fefd54d000 	C:\Windows\system32\CRYPT32.dll
0x000007fefd3d0000 - 0x000007fefd3df000 	C:\Windows\system32\MSASN1.dll
0x000007fefb530000 - 0x000007fefb55d000 	C:\Windows\system32\ntmarta.dll
0x000007feff900000 - 0x000007feff952000 	C:\Windows\system32\WLDAP32.dll
0x000007fefa2d0000 - 0x000007fefa36c000 	C:\Windows\system32\mscms.dll
0x000007fef7d70000 - 0x000007fef7db2000 	C:\Windows\system32\icm32.dll
0x000007fefd2d0000 - 0x000007fefd30d000 	C:\Windows\system32\WINSTA.dll
0x0000000068900000 - 0x0000000068a54000 	C:\Users\Victor\AppData\Local\Temp\libgdxVictor\703c426f\gdx-controllers-desktop64.dll
0x000007feeaab0000 - 0x000007feeaaec000 	C:\Windows\system32\DINPUT8.dll
0x000007fefb5c0000 - 0x000007fefb5cb000 	C:\Windows\system32\HID.DLL
0x000000006a740000 - 0x000000006a7ed000 	C:\Users\Victor\AppData\Local\Temp\libgdxVictor\6fb08ec8\gdx-freetype64.dll
0x000000005a9b0000 - 0x000000005aa6b000 	C:\Users\Victor\AppData\Local\Temp\libgdxVictor\ad04a22e\gdx-box2d64.dll

VM Arguments:
jvm_args: -Djava.library.path=D:\LIBGDX\libgdx\extensions\gdx-controllers\gdx-controllers-desktop-natives;D:\LIBGDX\libgdx\gdx-natives;D:\LIBGDX\libgdx\gdx-natives -Dfile.encoding=Cp1252 
java_command: com.mygdx.game.desktop.DesktopLauncher -Xmx4048m
java_class_path (initial): C:\Users\Victor\Games\Workspace\desktop\bin;C:\Users\Victor\.gradle\caches\modules-2\files-2.1\com.badlogicgames.gdx\gdx-backend-lwjgl\1.6.1\e3208559223c991f1db7220d5ddf3e5a12e5528f\gdx-backend-lwjgl-1.6.1.jar;C:\Users\Victor\.gradle\caches\modules-2\files-2.1\com.badlogicgames.gdx\gdx-platform\1.6.1\861f02e3f7f85423be6f9727ab12b03b40d39477\gdx-platform-1.6.1-natives-desktop.jar;C:\Users\Victor\.gradle\caches\modules-2\files-2.1\com.badlogicgames.gdx\gdx-box2d-platform\1.6.1\afe698dffa47134e4eeaaf674bd5ad3844e60ff0\gdx-box2d-platform-1.6.1-natives-desktop.jar;C:\Users\Victor\.gradle\caches\modules-2\files-2.1\com.badlogicgames.gdx\gdx-bullet-platform\1.6.1\e9a636bd871715f7e69c5e53f4cd2b4f0ef40a7d\gdx-bullet-platform-1.6.1-natives-desktop.jar;C:\Users\Victor\.gradle\caches\modules-2\files-2.1\com.badlogicgames.gdx\gdx-freetype-platform\1.6.1\a73fbc0f0873c7d30b8123371714f0cbcf32206e\gdx-freetype-platform-1.6.1-natives-desktop.jar;D:\LIBGDX\libgdx\extensions\gdx-controllers\gdx-controllers-desktop.jar;C:\Users\Victor\.gradle\caches\modules-2\files-2.1\com.badlogicgames.gdx\gdx-controllers-platform\1.6.1\758c616eb2c81f6043c5a73c22f8e2406bc6e750\gdx-controllers-platform-1.6.1-natives-desktop.jar;C:\Users\Victor\.gradle\caches\modules-2\files-2.1\com.badlogicgames.gdx\gdx-tools\1.6.1\f4fc6e4240d81c24b02a75c48f1685e6cf76435a\gdx-tools-1.6.1.jar;D:\LIBGDX\libgdx\gdx.jar;C:\Users\Victor\.gradle\caches\modules-2\files-2.1\com.badlogicgames.gdx\gdx-bullet\1.6.1\24124f7e16583d2a4f973c1b0f360c52ab259acf\gdx-bullet-1.6.1.jar;D:\LIBGDX\libgdx\extensions\gdx-controllers\gdx-controllers.jar;C:\Users\Victor\.gradle\caches\modules-2\files-2.1\org.lwjgl.lwjgl\lwjgl\2.9.2\a9d80fe5935c7a9149f6584d9777cfd471f65489\lwjgl-2.9.2.jar;C:\Users\Victor\.gradle\caches\modules-2\files-2.1\org.lwjgl.lwjgl\lwjgl_util\2.9.2\4b9e37300a87799856e0bd15ed81663cdb6b0947\lwjgl_util-2.9.2.jar;C:\Users\Victor\.gradle\caches\modules-2\files-2.1\com.badlogicgames.jlayer\jlayer\1.0.1
Launcher Type: SUN_STANDARD

Environment Variables:
JAVA_HOME=C:\Program Files (x86)\Java\jdk1.7.0_55
CLASSPATH=.;.;C:\PROGRA~2\JMF21~1.1E\lib\sound.jar;C:\PROGRA~2\JMF21~1.1E\lib\jmf.jar;C:\PROGRA~2\JMF21~1.1E\lib;C:\Program Files (x86)\ant\bin
PATH=C:\ProgramData\Oracle\Java\javapath;C:\Windows\system32;C:\Windows;C:\Windows\System32\Wbem;C:\Windows\System32\WindowsPowerShell\v1.0\;C:\Program Files (x86)\NVIDIA Corporation\PhysX\Common;C:\Program Files (x86)\Windows Kits\8.1\Windows Performance Toolkit\;C:\Program Files\Microsoft SQL Server\110\Tools\Binn\;C:\Program Files (x86)\Microsoft SDKs\TypeScript\1.0\;C:\Program Files\Microsoft SQL Server\120\Tools\Binn\;C:\Program Files\Java\jre1.8.0_71\bin;C:\Program Files\Java\jdk1.8.0_71\bin;C:\Program Files (x86)\GtkSharp\2.12\bin;C:\Program Files\Microsoft SQL Server\130\Tools\Binn\;C:\Program Files\MATLAB\R2016a\bin;C:\Program Files\SDL2;C:\Program Files\apache-maven-3.3.9\bin;C:\Program Files\Git\cmd;C:\Program Files (x86)\ant\bin;C:\Program Files (x86)\QuickTime\QTSystem\;C:\Program Files (x86)\Skype\Phone;C:\Program Files (x86)\Gradle\bin;C:\Program Files (x86)\CVSNT\
USERNAME=Victor
OS=Windows_NT
PROCESSOR_IDENTIFIER=Intel64 Family 6 Model 42 Stepping 7, GenuineIntel



---------------  S Y S T E M  ---------------

OS: Windows 7 , 64 bit Build 7601 (6.1.7601.23807)

CPU:total 4 (4 cores per cpu, 1 threads per core) family 6 model 42 stepping 7, cmov, cx8, fxsr, mmx, sse, sse2, sse3, ssse3, sse4.1, sse4.2, popcnt, avx, aes, clmul, tsc, tscinvbit

Memory: 4k page, physical 8370836k(5919092k free), swap 33424140k(29280672k free)

vm_info: Java HotSpot(TM) 64-Bit Server VM (25.91-b14) for windows-amd64 JRE (1.8.0_91-b14), built on Apr  1 2016 00:58:32 by "java_re" with MS VC++ 10.0 (VS2010)

time: Fri Jul 21 14:58:39 2017
elapsed time: 151 seconds (0d 0h 2m 31s)

